Running on ailab-l4-07
Start time: Wed Dec 17 14:26:19 CET 2025
Activating virtual environment...
Python path: /ceph/home/student.aau.dk/vo55zp/projects/P5/venv/bin/python3
Python version: Python 3.10.12
Running on ailab-l4-07
Start time: Wed Dec 17 14:26:19 CET 2025
Starting pipeline...

=== Running pipeline with weights: relevance=0.0, diversity=1.0 ===
Starting pipeline for movies train
Train matrix: (671, 1242), Val matrix: (610, 1242)
Training complete. Best epoch: 3, Best train RMSE: 0.9024, Best val RMSE: 1.0280
Training complete. Best epoch: 4, Best train RMSE: 0.8871, Best val RMSE: 1.0271
Training complete. Best epoch: 4, Best train RMSE: 0.8890, Best val RMSE: 1.0262
Training complete. Best epoch: 2, Best train RMSE: 0.8987, Best val RMSE: 1.0286
Training complete. Best epoch: 2, Best train RMSE: 0.8998, Best val RMSE: 1.0277
Training complete. Best epoch: 2, Best train RMSE: 0.9013, Best val RMSE: 1.0268
Training complete. Best epoch: 1, Best train RMSE: 0.9405, Best val RMSE: 1.0287
Training complete. Best epoch: 1, Best train RMSE: 0.9410, Best val RMSE: 1.0278
Training complete. Best epoch: 1, Best train RMSE: 0.9416, Best val RMSE: 1.0269
Best (alpha, lambda) from Stage 1: {'alpha': 0.005, 'lambda_': 0.1}, RMSE=1.0262
Training complete. Best epoch: 4, Best train RMSE: 0.8890, Best val RMSE: 1.0262
Training complete. Best epoch: 4, Best train RMSE: 0.8858, Best val RMSE: 1.0265
Training complete. Best epoch: 4, Best train RMSE: 0.8824, Best val RMSE: 1.0281
Best k from Stage 2: 20, RMSE=1.0262
Best MF params: {'alpha': 0.005, 'lambda_': 0.1, 'k': 20}, RMSE=1.0262
Training complete. Best epoch: 4, Best train RMSE: 0.8890, Best val RMSE: 1.0262
Validation data: 4394 ratings
Item IDs length: 1242
Max column index: 1241
Best lambda: 0.35000000000000003 with score 1.0000
Validation data: 4394 ratings
Item IDs length: 1242
Max column index: 1241
Best lambda: 0.25 with score 1.0000
Logged experiment to /ceph/home/student.aau.dk/vo55zp/projects/P5/src/MMR/../datasets/mmr_data/movies/mf_train_experiment_log.csv
Logged experiment to /ceph/home/student.aau.dk/vo55zp/projects/P5/src/MMR/../datasets/mmr_data/movies/2025-12-17_14-26-42/mf_train_100000_loss_history.csv
Logged experiment to /ceph/home/student.aau.dk/vo55zp/projects/P5/src/MMR/../datasets/mmr_data/movies/mmr_train_experiment_log.csv
Logged experiment to /ceph/home/student.aau.dk/vo55zp/projects/P5/src/MMR/../datasets/mmr_data/movies/mmr_train_experiment_log.csv
Pipeline for movies train finished successfully!
Start movies test pipeline 
[DEBUG] Filtered users: 613
[DEBUG] Filtered items: 1242
[DEBUG] Sample users: [2, 3, 4, 5, 6]
[DEBUG] Sample items: ['101', '101362', '1018', '102', '1023']
[DEBUG] Predicted ratings shape: (613, 1242)
[DEBUG] Min/max predicted rating: 1.9010127210592536/5.112896117768185
predicted_ratings.shape: (613, 1242)
R_filtered.shape: (613, 1178)
MF predictions saved: /ceph/home/student.aau.dk/vo55zp/projects/P5/src/MMR/../datasets/mmr_data/movies/2025-12-17_14-26-42/mf_test_100000_top_50.csv
[DEBUG] Top-N CSV rows: 30650
[DEBUG] Unique users in CSV: 613
[DEBUG] Unique items in CSV: 102
[DEBUG] Sample rows:
   userId  rank  itemId  predictedRating
0       2     1     318         4.405279
1       2     2     858         4.384709
2       2     3     527         4.208042
3       2     4     608         4.200962
4       2     5     260         4.193586
[DEBUG] Number of candidate items: 102
[DEBUG] Sample candidate items: ['318', '858', '527', '608', '260']
[DEBUG] predicted_ratings_top_n shape: (613, 102)
[DEBUG] Non-zero entries: 30650
[DEBUG] Max predicted rating: 5.112896117768185
Missing items: {'1892', '5927', '36401', '1875', '818', '47099', '4709', '67087', '1999', '3176', '1375', '4191', '4443', '2787', '1792', '3511', '5051', '53000', '2287', '2046', '3060', '2282', '33495', '4464', '3638', '1059', '881', '653', '948', '1441', '39446', '586', '4034', '104', '2141', '1717', '4956', '3397', '5064', '833', '938', '911', '8968', '1541', '1687', '393', '56801', '383', '2054', '2118', '8984', '1694', '2912', '3035', '349', '931', '8617', '26680', '252', '93855', '6058', '4519', '1833', '1917', '98491', '2924', '805', '74458', '88812', '2002', '637', '539', '1887', '592', '407', '609', '5121', '3118', '46976', '5729', '2259', '1965', '8008', '428', '312', '4552', '891', '2161', '1093', '1641', '1127', '1701', '1633', '2721', '74944', '633', '465', '902', '107406', '982', '8464', '89', '53519', '2143', '3090', '1835', '2699', '1956', '513', '70', '434', '1997', '3160', '3175', '892', '2610', '4958', '132', '1636', '2010', '4643', '54001', '3110', '3210', '1405', '635', '2639', '3577', '364', '101362', '94959', '89492', '1378', '4351', '45722', '2605', '145', '547', '39414', '2791', '4614', '69406', '88744', '1888', '647', '2348', '2469', '824', '1587', '88', '62956', '742', '1255', '2166', '508', '2748', '1616', '2099', '81', '4734', '2900', '2253', '6609', '4992', '3581', '58306', '8827', '4232', '929', '2133', '671', '841', '215', '1597', '280', '2312', '1995', '72733', '3483', '709', '4974', '31522', '44694', '426', '2059', '31410', '4889', '79', '650', '1772', '2575', '340', '1620', '6003', '1735', '6957', '2349', '1895', '950', '1414', '1949', '115210', '1584', '4255', '26712', '47610', '544', '2266', '1499', '378', '248', '1834', '2613', '480', '345', '2097', '5991', '1556', '2648', '1951', '691', '8987', '64983', '7091', '540', '1909', '613', '2759', '2577', '56949', '84944', '32582', '85', '8373', '2043', '1377', '1985', '2701', '74948', '6641', '5876', '1629', '2322', '1619', '3469', '3057', '490', '909', '62999', '2892', '1266', '2527', '1831', '8194', '2288', '3004', '1271', '46335', '1836', '1125', '2640', '4723', '2761', '2567', '429', '1023', '1599', '2001', '2668', '4441', '40629', '42734', '4837', '24', '1611', '15', '2013', '28', '2752', '74510', '2616', '832', '5061', '3547', '5816', '34334', '8016', '1103', '595', '6934', '59', '5528', '605', '784', '4043', '2371', '26614', '1639', '662', '267', '2302', '442', '1257', '144', '1246', '2788', '3037', '8908', '3565', '3549', '52767', '2155', '2135', '590', '594', '471', '45431', '836', '2139', '4676', '1092', '55721', '3112', '2000', '1927', '916', '3635', '2018', '1924', '2012', '1537', '596', '7300', '180', '236', '7451', '780', '628', '3079', '1885', '534', '41569', '1391', '1497', '1281', '1479', '2690', '3178', '7454', '3786', '1957', '3701', '460', '39183', '44004', '8665', '2890', '1588', '52885', '6643', '122924', '2067', '35957', '3063', '177', '2617', '1721', '8833', '63876', '2805', '45726', '2728', '47518', '1372', '4979', '32029', '4482', '71282', '97938', '90374', '338', '1783', '2134', '1702', '2694', '48385', '2262', '8014', '262', '2989', '5956', '4480', '1777', '11', '762', '1667', '47721', '588', '123', '2882', '1779', '648', '1407', '2160', '175', '2841', '78041', '917', '6440', '670', '1586', '2966', '6283', '1627', '2125', '1921', '231', '2383', '247', '2574', '455', '51540', '25', '41571', '61123', '587', '81229', '1873', '380', '2662', '86', '1615', '849', '955', '1978', '84152', '289', '95', '33660', '14', '225', '550', '2926', '8970', '1645', '25753', '8366', '85414', '107', '155', '6535', '3527', '2006', '4234', '2294', '65188', '8337', '2671', '489', '3103', '2015', '196', '8860', '1841', '4369', '1249', '1665', '988', '1488', '3418', '549', '1967', '6947', '64499', '5066', '6078', '59333', '1566', '424', '168', '26258', '82', '597', '275', '1419', '56152', '317', '2111', '213', '2078', '976', '185', '3114', '101', '1573', '1648', '1690', '31685', '4638', '475', '161', '2734', '81847', '4031', '27706', '1923', '102', '614', '337', '612', '949', '331', '193', '1422', '2003', '86332', '64', '1440', '96821', '58', '31116', '1396', '6936', '4520', '26842', '2978', '2321', '1429', '678', '6538', '2239', '3016', '1791', '112', '661', '3529', '171', '69784', '2749', '507', '42011', '204', '1265', '2817', '1268', '1285', '8985', '1245', '1918', '1807', '667', '379', '2108', '2094', '3134', '8981', '585', '8129', '535', '2115', '2153', '50189', '3117', '256', '53129', '3598', '30793', '4816', '2033', '2087', '5247', '333', '5881', '640', '2100', '84187', '543', '54272', '2642', '1882', '1393', '2140', '1939', '2069', '3699', '3515', '1994', '7980', '8371', '6961', '84601', '1941', '2313', '4546', '1427', '2105', '8973', '1485', '1124', '1809', '53435', '26326', '2022', '327', '224', '866', '1269', '36519', '1580', '5056', '1788', '3980', '502', '552', '932', '3556', '2687', '266', '277', '42002', '1373', '219', '207', '6373', '2011', '33166', '5686', '390', '348', '94478', '27721', '2202', '454', '986', '1722', '54503', '765', '440', '2770', '377', '2014', '8873', '1975', '2142', '2440', '4279', '2144', '8011', '254', '89774', '1653', '5780', '1413', '1366', '2162', '942', '1282', '1940', '80831', '85788', '42632', '804', '616', '3526', '6970', '861', '2151', '2370', '4148', '36529', '7234', '802', '1374', '2005', '3089', '7347', '2771', '783', '315', '599', '2501', '879', '153', '1544', '195', '4228', '160', '2261', '4978', '1996', '6552', '3011', '290', '158', '4105', '3101', '112460', '1389', '4703', '4990', '2117', '524', '809', '186', '3074', '3097', '1680', '222', '2080', '26133', '581', '165', '1562', '74545', '2988', '2123', '6537', '3179', '40826', '1865', '928', '839', '4516', '4857', '69', '1631', '2085', '1894', '6978', '43936', '1251', '830', '936', '714', '53883', '12', '2297', '71254', '2860', '37380', '1370', '2089', '265', '114060', '8195', '2004', '1959', '93840', '3034', '2', '466', '3083', '2122', '4247', '288', '562', '8874', '410', '2269', '5187', '1683', '3177', '3051', '342', '1907', '494', '309', '1944', '2017', '2436', '2268', '2779', '4977', '1593', '2112', '111759', '500', '509', '897', '3512', '6466', '173', '3173', '339', '842', '837', '3', '27674', '532', '668', '1590', '1991', '83613', '2976', '4658', '63540', '2171', '1594', '482', '32031', '2110', '2252', '36527', '1734', '5060', '2109', '2539', '38304', '4111', '3061', '299', '239', '522', '326', '1676', '26111', '30707', '5680', '848', '415', '8584', '1589', '43919', '1363', '2455', '141', '2442', '799', '531', '2044', '2232', '79553', '20', '41566', '347', '1730', '546', '1635', '1785', '458', '154', '900', '2116', '4327', '3543', '4880', '4012', '2124', '711', '2148', '523', '3681', '4641', '2132', '553', '94466', '2516', '169', '2433', '2463', '7445', '2722', '303', '6473', '1371', '218', '78088', '2038', '27317', '1253', '5608', '2470', '831', '2929', '5833', '26776', '2753', '71520', '4823', '606', '786', '1934', '2020', '2263', '21', '504', '6593', '7090', '436', '344', '565', '77561', '3019', '4896', '1920', '759', '1073', '4566', '2459', '1162', '697', '4727', '1358', '63859', '1992', '1911', '25868', '8128', '1411', '241', '26131', '4928', '59387', '4254', '4975', '5139', '927', '25750', '163', '388', '1863', '1963', '1884', '1581', '3476', '46972', '316', '55', '332', '3030', '74', '1688', '4025', '3396', '3053', '3146', '1678', '1262', '468', '30', '3489', '135', '57353', '25771', '708', '4133', '425', '2335', '73', '1954', '441', '3168', '1376', '2255', '1948', '44555', '80241', '8948', '2565', '3082', '3766', '838', '314', '1088', '800', '26810', '1848', '44022', '249', '5961', '1913', '1535', '19', '2993', '2355', '1369', '233', '8951', '5899', '1672', '5620', '3033', '172', '968', '1277', '2104', '452', '3479', '2447', '74946', '1051', '2979', '6620', '2095', '3937', '630', '3062', '8810', '421', '914', '2861', '467', '850', '435', '1845', '1273', '5', '227', '105', '26', '4887', '694', '40819', '4474', '198', '1552', '3052', '5483', '55765', '4291', '2789', '2457', '451', '99', '203', '350', '1726', '2428', '2769', '510', '116', '1608', '62', '437', '2082', '1416', '170', '22', '627', '261', '761', '1487', '2034', '6436', '276', '5902', '4951', '558', '1018', '1729', '272', '292', '951', '1091', '1591', '7216', '4587', '216', '1966', '575', '253', '810', '870', '1583', '46967', '431', '5147', '2333', '86320', '2114', '308', '3088', '2528', '798', '4344', '3077', '2009', '79224', '8368', '3763', '1367', '32444', '3698', '423', '2084', '3989', '788', '1950', '5481', '79008', '8966', '673', '381', '427', '1248', '45186', '2088', '687', '18', '5048', '8645', '4701', '1964', '164', '65', '49396', '537', '329', '2058', '2107', '1644', '3081', '551', '334', '1858', '1958', '1049', '2657', '3594', '1024', '1673', '5319', '1380', '322', '806', '481', '31696', '2334', '259', '1260', '140174', '1713', '2048', '492', '8363', '4970', '3536', '300', '2193', '2071'}
MF test predictions saved to: /ceph/home/student.aau.dk/vo55zp/projects/P5/src/MMR/../datasets/mmr_data/movies/2025-12-17_14-26-42/mf_test_100000_predictions.csv
MMR results saved: /ceph/home/student.aau.dk/vo55zp/projects/P5/src/MMR/../datasets/mmr_data/movies/2025-12-17_14-26-42/mmr_test_100000_cosine_top_50.csv
MMR results saved: /ceph/home/student.aau.dk/vo55zp/projects/P5/src/MMR/../datasets/mmr_data/movies/2025-12-17_14-26-42/mmr_test_100000_jaccard_top_50.csv
Pipeline for movies test finished successfully!
Starting pipeline for books train
Train matrix: (1797, 2559), Val matrix: (1584, 2559)
Training complete. Best epoch: 1, Best train RMSE: 0.9815, Best val RMSE: 0.9872
Training complete. Best epoch: 1, Best train RMSE: 0.9817, Best val RMSE: 0.9873
Training complete. Best epoch: 1, Best train RMSE: 0.9818, Best val RMSE: 0.9873
Training complete. Best epoch: 1, Best train RMSE: 0.9638, Best val RMSE: 0.9883
Training complete. Best epoch: 1, Best train RMSE: 0.9640, Best val RMSE: 0.9881
Training complete. Best epoch: 1, Best train RMSE: 0.9643, Best val RMSE: 0.9880
Training complete. Best epoch: 1, Best train RMSE: 0.9449, Best val RMSE: 0.9988
Training complete. Best epoch: 1, Best train RMSE: 0.9452, Best val RMSE: 0.9978
Training complete. Best epoch: 1, Best train RMSE: 0.9456, Best val RMSE: 0.9969
Best (alpha, lambda) from Stage 1: {'alpha': 0.005, 'lambda_': 0.01}, RMSE=0.9872
Training complete. Best epoch: 1, Best train RMSE: 0.9815, Best val RMSE: 0.9872
Training complete. Best epoch: 1, Best train RMSE: 0.9827, Best val RMSE: 0.9889
Training complete. Best epoch: 1, Best train RMSE: 0.9837, Best val RMSE: 0.9896
Best k from Stage 2: 20, RMSE=0.9872
Best MF params: {'alpha': 0.005, 'lambda_': 0.01, 'k': 20}, RMSE=0.9872
Training complete. Best epoch: 1, Best train RMSE: 0.9815, Best val RMSE: 0.9872
Validation data: 9780 ratings
Item IDs length: 2559
Max column index: 2558
Best lambda: 0.05 with score 1.0000
Validation data: 9780 ratings
Item IDs length: 2559
Max column index: 2558
Best lambda: 0.05 with score 1.0000
Logged experiment to /ceph/home/student.aau.dk/vo55zp/projects/P5/src/MMR/../datasets/mmr_data/books/mf_train_experiment_log.csv
Logged experiment to /ceph/home/student.aau.dk/vo55zp/projects/P5/src/MMR/../datasets/mmr_data/books/2025-12-17_14-34-25/mf_train_100000_loss_history.csv
Logged experiment to /ceph/home/student.aau.dk/vo55zp/projects/P5/src/MMR/../datasets/mmr_data/books/mmr_train_experiment_log.csv
Logged experiment to /ceph/home/student.aau.dk/vo55zp/projects/P5/src/MMR/../datasets/mmr_data/books/mmr_train_experiment_log.csv
Pipeline for books train finished successfully!
Start books test pipeline 
[DEBUG] Filtered users: 1581
[DEBUG] Filtered items: 2559
[DEBUG] Sample users: [1, 2, 3, 4, 7]
[DEBUG] Sample items: ['10', '100', '1003', '1005', '1007']
[DEBUG] Predicted ratings shape: (1581, 2559)
[DEBUG] Min/max predicted rating: 2.7483791332442036/4.784876063326
predicted_ratings.shape: (1581, 2559)
R_filtered.shape: (1581, 2529)
MF predictions saved: /ceph/home/student.aau.dk/vo55zp/projects/P5/src/MMR/../datasets/mmr_data/books/2025-12-17_14-34-25/mf_test_100000_top_50.csv
[DEBUG] Top-N CSV rows: 79050
[DEBUG] Unique users in CSV: 1581
[DEBUG] Unique items in CSV: 691
[DEBUG] Sample rows:
   userId  rank  itemId  predictedRating
0       1     1      25         4.310003
1       1     2       4         4.223681
2       1     3      50         4.208968
3       1     4      24         4.177428
4       1     5     102         4.169569
[DEBUG] Number of candidate items: 691
[DEBUG] Sample candidate items: ['25', '4', '50', '24', '102']
[DEBUG] predicted_ratings_top_n shape: (1581, 691)
[DEBUG] Non-zero entries: 79050
[DEBUG] Max predicted rating: 4.784876063326
Missing items: {'1892', '3990', '2782', '700', '1999', '9576', '2787', '1792', '3511', '5051', '1178', '3923', '1685', '3098', '8625', '354', '9667', '5287', '881', '7794', '653', '2024', '3899', '57', '3022', '7668', '2920', '4598', '2241', '1279', '5863', '4475', '6999', '1953', '1061', '1317', '7379', '4258', '3501', '7721', '383', '5014', '727', '7469', '439', '9995', '1694', '8731', '1120', '5115', '4579', '4187', '966', '1987', '710', '3918', '2878', '1454', '3552', '6813', '1582', '6391', '637', '1296', '1384', '1887', '1318', '4842', '407', '2786', '1423', '5229', '701', '2259', '3936', '269', '5003', '576', '60', '5948', '9156', '9866', '2426', '5743', '8692', '1633', '1138', '2807', '2846', '633', '3070', '3834', '2991', '8214', '5238', '3206', '6998', '2184', '9849', '1381', '726', '4268', '1956', '7923', '5627', '1303', '6038', '4455', '5203', '2643', '9176', '2010', '1158', '5723', '4636', '5145', '547', '2128', '8055', '1458', '1189', '2233', '4471', '4275', '4753', '4645', '3407', '3349', '1150', '1255', '1418', '205', '5980', '9236', '6530', '3406', '3705', '9645', '7522', '5305', '1135', '457', '8233', '851', '3151', '426', '23', '3903', '5665', '4531', '79', '650', '5120', '7149', '1735', '4555', '6802', '1153', '5500', '343', '2320', '898', '7295', '1461', '1570', '7683', '3138', '2250', '2365', '4016', '1128', '2594', '2368', '6182', '6121', '6533', '45', '1144', '499', '3333', '6481', '3954', '1843', '398', '6996', '691', '3818', '7490', '5114', '9946', '781', '1145', '1856', '8023', '2939', '243', '9686', '2623', '3482', '2701', '2277', '3797', '2174', '1159', '8975', '890', '1748', '3076', '2892', '4027', '1266', '3065', '3998', '969', '8039', '2640', '8790', '8075', '9631', '5571', '6181', '8512', '8445', '9024', '6539', '136', '2616', '3547', '83', '8915', '2278', '5905', '1711', '3464', '2023', '9663', '6336', '3352', '2285', '819', '2806', '5568', '9', '255', '493', '2706', '7785', '602', '2155', '2732', '3452', '9623', '594', '471', '1315', '6742', '693', '1155', '2540', '9625', '2994', '3785', '1094', '2343', '1825', '2012', '6777', '3212', '180', '3106', '1123', '2651', '1113', '1571', '628', '9070', '1973', '3079', '4422', '7556', '8742', '1733', '1569', '5727', '4130', '6276', '5507', '767', '959', '953', '704', '474', '8491', '2362', '3657', '7053', '2150', '4400', '1463', '6195', '92', '4345', '6364', '1526', '1498', '4485', '1435', '7592', '6775', '5983', '9985', '200', '5385', '4989', '9302', '8083', '4392', '1500', '5128', '762', '9717', '666', '1989', '5138', '3853', '6857', '1938', '1379', '1407', '854', '4309', '2165', '9215', '1444', '1796', '670', '611', '497', '247', '455', '5704', '587', '559', '380', '1486', '6820', '7003', '773', '97', '7651', '8150', '2131', '1434', '1202', '955', '1925', '9180', '2926', '5858', '8868', '2425', '6512', '625', '944', '1897', '4622', '4289', '9830', '1089', '1547', '2671', '1448', '4287', '8704', '2015', '5950', '6274', '2478', '176', '1184', '5629', '8084', '3769', '2507', '1249', '1364', '4574', '9114', '2498', '9639', '9990', '4526', '1967', '8870', '9579', '1768', '5498', '5932', '646', '4660', '3551', '885', '8457', '264', '3811', '5297', '7571', '4284', '4647', '4359', '1656', '361', '3806', '604', '1573', '4638', '2573', '4337', '1432', '7755', '4004', '8956', '1923', '949', '331', '3172', '5068', '3889', '6615', '8175', '2136', '5617', '6306', '3197', '3398', '1107', '9132', '9103', '9863', '3692', '7748', '4865', '1031', '131', '7631', '2239', '686', '1567', '1533', '7316', '109', '8920', '1771', '204', '6959', '753', '8787', '6389', '223', '8456', '5853', '1294', '1245', '495', '572', '8026', '8099', '7052', '6299', '8859', '1083', '6728', '9424', '8737', '4794', '3443', '6889', '5809', '2159', '7540', '9397', '3598', '8079', '640', '5855', '4877', '6448', '4965', '142', '2757', '5550', '1218', '9793', '2351', '1555', '450', '8403', '4872', '7170', '1976', '2214', '1739', '6410', '1993', '8849', '4085', '8157', '8857', '2954', '785', '9722', '5865', '1269', '8750', '4068', '4733', '526', '573', '1802', '1267', '5084', '3556', '3374', '3392', '5545', '2559', '2604', '3250', '1373', '207', '4240', '6536', '7119', '6588', '390', '1974', '5073', '454', '7501', '9083', '1131', '641', '5992', '2224', '2770', '377', '5978', '1691', '4680', '8873', '1975', '9116', '4328', '71', '9707', '369', '804', '2505', '401', '4994', '3048', '2738', '8460', '778', '4525', '2586', '2030', '9402', '2073', '9048', '1298', '3099', '44', '2931', '315', '599', '5582', '6188', '2501', '879', '4944', '8795', '2280', '160', '4151', '4978', '1015', '5763', '1996', '3011', '9671', '3911', '5818', '114', '3205', '4444', '1208', '6457', '2228', '5349', '3831', '4584', '518', '8651', '3036', '5517', '1137', '9461', '1727', '2416', '6469', '3904', '5343', '5775', '3306', '503', '1865', '6954', '1986', '6011', '839', '1592', '386', '1677', '6183', '936', '7856', '7372', '2379', '8093', '8779', '2408', '2089', '5195', '918', '5304', '4065', '3034', '1420', '341', '1351', '2286', '1311', '7251', '4260', '6322', '4383', '410', '5081', '5187', '7418', '8412', '212', '5456', '2650', '122', '194', '2737', '1910', '3913', '5181', '2491', '897', '1084', '5028', '52', '430', '626', '4567', '3764', '2298', '1915', '4534', '3', '7277', '1751', '8156', '977', '3000', '3131', '402', '1185', '9095', '2110', '2252', '5192', '3311', '3688', '2539', '2798', '3061', '1163', '239', '1657', '3608', '4127', '1676', '1048', '768', '2315', '1589', '934', '961', '1445', '1221', '4014', '799', '8805', '4052', '8071', '4513', '347', '1785', '3291', '3455', '6553', '1564', '1624', '5386', '7429', '4663', '4726', '6273', '8012', '529', '2124', '2148', '413', '6829', '553', '1862', '557', '3124', '6892', '8814', '919', '5889', '2041', '5495', '5508', '487', '4716', '2458', '2403', '725', '2820', '4571', '3856', '786', '6148', '4421', '284', '9670', '436', '9171', '8931', '1073', '2827', '2802', '3140', '7026', '5402', '1250', '6230', '2025', '1411', '660', '268', '2857', '1063', '9217', '1114', '388', '1863', '715', '4348', '74', '2852', '3108', '4608', '9204', '1678', '8465', '1262', '468', '3127', '674', '1160', '7997', '2075', '708', '425', '6808', '1954', '6150', '3163', '2029', '538', '838', '7292', '5295', '1350', '1913', '4893', '2049', '4104', '479', '1369', '2557', '6665', '2825', '2618', '8951', '8633', '9516', '4793', '4196', '1277', '7336', '2794', '1305', '3832', '3937', '5355', '2746', '5443', '9287', '4828', '227', '3412', '4190', '3417', '4899', '3620', '478', '1501', '6359', '5253', '1520', '7117', '6898', '2465', '6308', '7476', '1332', '3531', '5030', '3200', '209', '6566', '4691', '3439', '1872', '763', '116', '3966', '6304', '5041', '6417', '4985', '3817', '3672', '170', '22', '5733', '6916', '2944', '2242', '2034', '1719', '5782', '1121', '8767', '1038', '272', '951', '2279', '575', '1931', '2513', '3564', '1224', '431', '9175', '9102', '798', '1900', '8878', '3758', '1133', '629', '237', '1085', '2452', '2965', '2766', '6326', '770', '33', '2644', '6278', '8966', '381', '1248', '1525', '3381', '4768', '4848', '5934', '6895', '9810', '417', '3344', '972', '271', '574', '9860', '7558', '2172', '3340', '1521', '3304', '8309', '5691', '2107', '1191', '521', '1605', '453', '873', '1368', '4838', '304', '411', '8275', '8623', '1858', '3548', '2657', '3609', '8448', '1286', '777', '5057', '1857', '1021', '1260', '1139', '2808', '8854', '2875', '8334', '3219', '1447', '2938', '2584', '4630', '8439', '8239', '9045', '6259', '408', '35', '6348', '3377', '2045', '1236', '3262', '1698', '2718', '9363', '1797', '3997', '2296', '5558', '5615', '1960', '3027', '9961', '3638', '7208', '1280', '6257', '5220', '5277', '7820', '963', '1659', '7907', '5189', '833', '911', '3419', '1703', '2352', '6014', '3995', '4181', '9395', '1079', '7684', '282', '5394', '4565', '1725', '349', '1327', '3375', '7205', '7810', '8806', '2553', '5239', '3804', '1217', '4042', '2924', '895', '3126', '4972', '2338', '5024', '4915', '2524', '2002', '9343', '5122', '461', '4671', '5860', '1806', '2750', '5463', '8264', '4612', '8199', '609', '865', '2674', '4047', '3171', '6475', '301', '2536', '3965', '5911', '7749', '891', '9754', '569', '5042', '5969', '1518', '395', '6407', '8416', '3296', '7327', '1641', '1175', '1033', '5027', '6928', '9978', '706', '3485', '876', '3760', '387', '8033', '465', '2047', '1014', '803', '8446', '1117', '2544', '925', '9642', '1970', '4394', '2811', '3656', '3090', '1835', '6064', '731', '7496', '366', '1151', '1601', '3869', '3957', '652', '8316', '138', '2066', '4936', '132', '1675', '8891', '3715', '3210', '635', '3310', '5176', '1378', '5797', '6184', '5160', '2914', '145', '1758', '2341', '2658', '4614', '2240', '2344', '8696', '5792', '824', '1119', '2387', '6619', '9921', '508', '658', '4514', '7646', '3428', '3568', '111', '542', '6277', '6726', '6272', '5316', '6902', '929', '4548', '6521', '699', '2632', '8067', '671', '5903', '4251', '2873', '3973', '420', '3072', '6009', '1436', '1772', '3782', '5374', '1625', '75', '651', '9311', '1414', '9772', '1949', '3136', '2156', '826', '6180', '7806', '1916', '4294', '4057', '345', '997', '8591', '108', '4149', '1362', '5155', '3894', '5661', '3776', '2508', '9972', '6589', '2340', '853', '1908', '3468', '741', '2043', '1005', '6070', '7647', '8801', '6079', '3469', '4553', '5215', '9748', '703', '1146', '2603', '4528', '4081', '29', '7471', '5010', '4592', '6791', '429', '1955', '1216', '2601', '6382', '6096', '5446', '6439', '1477', '582', '2013', '3497', '9300', '2229', '28', '1171', '1506', '1103', '595', '6934', '9691', '1622', '784', '1536', '2371', '6579', '6716', '2302', '63', '1246', '1763', '6823', '8432', '2135', '4363', '590', '1112', '1288', '8792', '2554', '1714', '1927', '273', '916', '6648', '3635', '1204', '3676', '1270', '1537', '596', '901', '2710', '2415', '1392', '1314', '1885', '4870', '211', '3929', '2299', '3979', '2568', '7454', '1853', '6454', '1957', '7092', '690', '3066', '1839', '4713', '148', '4924', '6334', '2521', '3203', '608', '568', '3364', '5630', '5800', '3791', '8697', '9764', '6393', '4729', '903', '664', '4482', '3156', '1936', '1431', '477', '6727', '46', '2989', '560', '3569', '718', '1053', '755', '6844', '4265', '4103', '588', '8355', '6402', '123', '5347', '9737', '7872', '2419', '4325', '7145', '1426', '6914', '2052', '2127', '1149', '1618', '2809', '197', '6440', '7991', '1586', '2963', '5935', '3790', '5095', '6284', '782', '2673', '3871', '9290', '3561', '78', '2600', '1873', '86', '849', '3141', '3504', '1161', '14', '2815', '3379', '6104', '1645', '1681', '8366', '8867', '107', '2597', '1928', '2213', '2973', '2163', '1206', '489', '696', '3085', '3974', '7887', '6561', '4236', '4369', '6715', '2235', '3978', '4188', '7519', '5458', '549', '5554', '908', '4171', '4064', '306', '1709', '6078', '9303', '1566', '790', '1649', '2977', '82', '5013', '1337', '448', '2284', '9962', '7970', '1099', '1186', '5525', '9239', '7822', '2039', '6644', '1762', '612', '3700', '5162', '8053', '3510', '5398', '7025', '8516', '3767', '8289', '8047', '58', '3255', '2645', '5173', '733', '7840', '6390', '9927', '4138', '3016', '1791', '2328', '4955', '7080', '397', '5076', '6157', '5100', '4634', '5700', '5707', '1388', '4317', '3111', '2595', '3828', '3566', '305', '40', '2552', '1301', '6496', '4756', '9469', '1812', '3322', '1037', '1509', '5947', '3640', '2666', '519', '5742', '883', '5037', '7864', '6087', '4434', '6917', '9554', '2324', '310', '68', '3642', '2069', '2188', '3699', '5748', '4118', '6189', '6324', '7934', '130', '1937', '3713', '1427', '4112', '3338', '5734', '1124', '6369', '3567', '855', '358', '1922', '1580', '5448', '9021', '1847', '552', '5648', '293', '4938', '1272', '266', '5536', '9761', '4429', '4688', '577', '4106', '1465', '298', '7622', '6944', '986', '2202', '8080', '5395', '1233', '1348', '4067', '2014', '4763', '1752', '2440', '7430', '5232', '2862', '3234', '5758', '5317', '9890', '8611', '1234', '616', '3273', '6354', '118', '7830', '2354', '1844', '2398', '3585', '1972', '7347', '3128', '7410', '2215', '1878', '77', '2462', '935', '7453', '2950', '4973', '2760', '2177', '4810', '1389', '2936', '952', '9081', '4758', '878', '1680', '165', '6399', '7214', '4316', '3399', '1261', '6587', '2747', '3137', '3359', '8236', '9758', '2123', '178', '5751', '3029', '6729', '5928', '4119', '9317', '6835', '4670', '5158', '9078', '2860', '2026', '258', '8269', '8401', '3247', '5306', '4009', '4603', '7826', '1662', '49', '8830', '464', '3092', '2122', '2406', '288', '5290', '5730', '228', '6870', '3177', '639', '9966', '2519', '7306', '5589', '2883', '5029', '1593', '500', '281', '8818', '8103', '3533', '5150', '3353', '238', '270', '4139', '2304', '8295', '1590', '4160', '4658', '336', '2186', '3142', '8523', '3573', '2730', '5007', '3258', '9675', '5540', '659', '622', '3948', '120', '3643', '221', '3560', '5491', '571', '848', '2197', '357', '2192', '3133', '4473', '3540', '5388', '531', '1222', '5273', '1199', '1643', '5141', '4820', '5237', '1741', '2985', '546', '4298', '847', '967', '900', '730', '3703', '375', '4880', '360', '894', '2028', '7246', '2433', '2755', '1755', '688', '6975', '2098', '4018', '1650', '705', '6701', '4079', '9628', '4788', '8154', '4182', '6593', '7232', '9253', '846', '4695', '6524', '5861', '3930', '3600', '1421', '5326', '864', '4727', '7311', '1312', '1963', '3476', '6787', '2695', '5431', '6695', '5667', '5668', '6185', '9405', '3047', '8898', '7662', '4797', '887', '737', '4005', '860', '3500', '5263', '5961', '1167', '913', '2355', '1430', '2821', '3018', '3033', '6604', '3675', '8896', '9006', '4192', '1258', '4390', '6235', '2561', '9172', '2323', '8471', '1057', '5', '2347', '26', '3884', '2489', '3933', '3795', '5427', '7893', '3792', '2680', '5936', '8433', '3963', '451', '3597', '1105', '4221', '4551', '8142', '3007', '6752', '127', '287', '3820', '5019', '6319', '7309', '1549', '5423', '8588', '4862', '5907', '261', '6130', '1213', '4517', '1193', '501', '5244', '5639', '6307', '6320', '8847', '6607', '1018', '7155', '1591', '2056', '2556', '7961', '2621', '8928', '870', '242', '6007', '308', '2062', '3077', '8038', '3580', '2464', '4850', '7855', '356', '1561', '675', '9243', '484', '1457', '5330', '687', '9513', '1019', '1459', '5890', '867', '321', '9404', '4578', '4836', '6212', '2677', '9014', '8329', '1644', '1864', '6144', '2514', '3362', '53', '2615', '2271', '4244', '9577', '4512', '1343', '3794', '2608', '3646', '1746', '2074', '6201', '1713', '9626', '2952', '492', '6342', '2679', '2193'}
MF test predictions saved to: /ceph/home/student.aau.dk/vo55zp/projects/P5/src/MMR/../datasets/mmr_data/books/2025-12-17_14-34-25/mf_test_100000_predictions.csv
MMR results saved: /ceph/home/student.aau.dk/vo55zp/projects/P5/src/MMR/../datasets/mmr_data/books/2025-12-17_14-34-25/mmr_test_100000_cosine_top_50.csv
MMR results saved: /ceph/home/student.aau.dk/vo55zp/projects/P5/src/MMR/../datasets/mmr_data/books/2025-12-17_14-34-25/mmr_test_100000_jaccard_top_50.csv
Pipeline for books test finished successfully!
