Traceback (most recent call last):
  File "/ceph/home/student.aau.dk/vo55zp/projects/P5/src/MMR/pipeline.py", line 546, in <module>
    best_lambda_cosine, best_lambda_jaccard, mf_trained, train_user_ids, train_item_ids = run_train_pipeline(
  File "/ceph/home/student.aau.dk/vo55zp/projects/P5/src/MMR/pipeline.py", line 210, in run_train_pipeline
    best_lambda_cosine, best_score_cosine = tune_mmr_lambda(
  File "/ceph/home/student.aau.dk/vo55zp/projects/P5/src/MMR/MMR.py", line 270, in tune_mmr_lambda
    ild_val = ild_metric.calc_per_user(
  File "/ceph/home/student.aau.dk/vo55zp/projects/P5/venv/lib/python3.10/site-packages/rectools/metrics/diversity.py", line 246, in calc_per_user
    return self.calc_per_user_from_fitted(fitted)
  File "/ceph/home/student.aau.dk/vo55zp/projects/P5/venv/lib/python3.10/site-packages/rectools/metrics/diversity.py", line 178, in calc_per_user_from_fitted
    recommended_items_paired["dist"] = self.distance_calculator[
  File "/ceph/home/student.aau.dk/vo55zp/projects/P5/venv/lib/python3.10/site-packages/rectools/metrics/distances.py", line 38, in __getitem__
    return self._get_distances_for_item_pairs(pair_index_sequences[0], pair_index_sequences[1])
  File "/ceph/home/student.aau.dk/vo55zp/projects/P5/venv/lib/python3.10/site-packages/rectools/metrics/distances.py", line 71, in _get_distances_for_item_pairs
    features_0 = self.features_df.reindex(items_0).values
  File "/ceph/home/student.aau.dk/vo55zp/projects/P5/venv/lib/python3.10/site-packages/pandas/core/frame.py", line 5400, in reindex
    return super().reindex(
  File "/ceph/home/student.aau.dk/vo55zp/projects/P5/venv/lib/python3.10/site-packages/pandas/core/generic.py", line 5632, in reindex
    return self._reindex_axes(
  File "/ceph/home/student.aau.dk/vo55zp/projects/P5/venv/lib/python3.10/site-packages/pandas/core/generic.py", line 5655, in _reindex_axes
    new_index, indexer = ax.reindex(
  File "/ceph/home/student.aau.dk/vo55zp/projects/P5/venv/lib/python3.10/site-packages/pandas/core/indexes/base.py", line 4436, in reindex
    raise ValueError("cannot reindex on an axis with duplicate labels")
ValueError: cannot reindex on an axis with duplicate labels
/var/spool/slurm/job186666/slurm_script: line 31: unexpected EOF while looking for matching `"'
/var/spool/slurm/job186666/slurm_script: line 32: syntax error: unexpected end of file
