Running on ailab-l4-02
Start time: Sat Dec 20 13:20:50 CET 2025
Activating virtual environment...
Python path: /ceph/home/student.aau.dk/vo55zp/projects/P5/venv/bin/python3
Python version: Python 3.10.12
Running on ailab-l4-02
Start time: Sat Dec 20 13:20:50 CET 2025
Starting pipeline...

=== Running pipeline with weights: relevance=0.6, diversity=0.4 ===
Starting pipeline for movies train
Train matrix: (6040, 3284), Val matrix: (5962, 3284)
Training complete. Best epoch: 2, Best train RMSE: 0.9236, Best val RMSE: 1.0221
Training complete. Best epoch: 2, Best train RMSE: 0.9227, Best val RMSE: 1.0226
Training complete. Best epoch: 2, Best train RMSE: 0.9220, Best val RMSE: 1.0234
Training complete. Best epoch: 2, Best train RMSE: 0.9247, Best val RMSE: 1.0210
Training complete. Best epoch: 2, Best train RMSE: 0.9239, Best val RMSE: 1.0212
Training complete. Best epoch: 2, Best train RMSE: 0.9232, Best val RMSE: 1.0218
Training complete. Best epoch: 2, Best train RMSE: 0.9266, Best val RMSE: 1.0202
Training complete. Best epoch: 2, Best train RMSE: 0.9258, Best val RMSE: 1.0203
Training complete. Best epoch: 2, Best train RMSE: 0.9252, Best val RMSE: 1.0207
Training complete. Best epoch: 1, Best train RMSE: 0.9568, Best val RMSE: 1.0231
Training complete. Best epoch: 1, Best train RMSE: 0.9577, Best val RMSE: 1.0235
Training complete. Best epoch: 1, Best train RMSE: 0.9587, Best val RMSE: 1.0243
Training complete. Best epoch: 1, Best train RMSE: 0.9575, Best val RMSE: 1.0219
Training complete. Best epoch: 1, Best train RMSE: 0.9582, Best val RMSE: 1.0221
Training complete. Best epoch: 1, Best train RMSE: 0.9589, Best val RMSE: 1.0227
Training complete. Best epoch: 1, Best train RMSE: 0.9587, Best val RMSE: 1.0212
Training complete. Best epoch: 1, Best train RMSE: 0.9592, Best val RMSE: 1.0213
Training complete. Best epoch: 1, Best train RMSE: 0.9598, Best val RMSE: 1.0217
Training complete. Best epoch: 1, Best train RMSE: 0.9408, Best val RMSE: 1.0318
Training complete. Best epoch: 1, Best train RMSE: 0.9415, Best val RMSE: 1.0320
Training complete. Best epoch: 1, Best train RMSE: 0.9425, Best val RMSE: 1.0330
Training complete. Best epoch: 1, Best train RMSE: 0.9412, Best val RMSE: 1.0294
Training complete. Best epoch: 1, Best train RMSE: 0.9417, Best val RMSE: 1.0294
Training complete. Best epoch: 1, Best train RMSE: 0.9423, Best val RMSE: 1.0299
Training complete. Best epoch: 1, Best train RMSE: 0.9424, Best val RMSE: 1.0276
Training complete. Best epoch: 1, Best train RMSE: 0.9427, Best val RMSE: 1.0275
Training complete. Best epoch: 1, Best train RMSE: 0.9431, Best val RMSE: 1.0279
Best MF params: {'alpha': 0.005, 'lambda_': 0.1, 'k': 20}, RMSE=1.0202
Training complete. Best epoch: 2, Best train RMSE: 0.9266, Best val RMSE: 1.0202
Best lambda: 1.0 with score 0.9923
Best lambda: 1.0 with score 0.9852
Logged experiment to /ceph/home/student.aau.dk/vo55zp/projects/P5/src/MMR/../datasets/mmr_data/movies/mf_train_experiment_log.csv
Logged experiment to /ceph/home/student.aau.dk/vo55zp/projects/P5/src/MMR/../datasets/mmr_data/movies/2025-12-20_13-21-04/mf_train_1M_loss_history.csv
Logged experiment to /ceph/home/student.aau.dk/vo55zp/projects/P5/src/MMR/../datasets/mmr_data/movies/mmr_train_experiment_log.csv
Logged experiment to /ceph/home/student.aau.dk/vo55zp/projects/P5/src/MMR/../datasets/mmr_data/movies/mmr_train_experiment_log.csv
Pipeline for movies train finished successfully!
