Running on ailab-l4-11
Start time: Wed Dec 17 14:23:29 CET 2025
Activating virtual environment...
Python path: /ceph/home/student.aau.dk/vo55zp/projects/P5/venv/bin/python3
Python version: Python 3.10.12
Running on ailab-l4-11
Start time: Wed Dec 17 14:23:29 CET 2025
Starting pipeline...

=== Running pipeline with weights: relevance=0.5, diversity=0.5 ===
Starting pipeline for movies train
Train matrix: (671, 1242), Val matrix: (610, 1242)
Training complete. Best epoch: 3, Best train RMSE: 0.9024, Best val RMSE: 1.0280
Training complete. Best epoch: 4, Best train RMSE: 0.8871, Best val RMSE: 1.0271
Training complete. Best epoch: 4, Best train RMSE: 0.8890, Best val RMSE: 1.0262
Training complete. Best epoch: 2, Best train RMSE: 0.8987, Best val RMSE: 1.0286
Training complete. Best epoch: 2, Best train RMSE: 0.8998, Best val RMSE: 1.0277
Training complete. Best epoch: 2, Best train RMSE: 0.9013, Best val RMSE: 1.0268
Training complete. Best epoch: 1, Best train RMSE: 0.9405, Best val RMSE: 1.0287
Training complete. Best epoch: 1, Best train RMSE: 0.9410, Best val RMSE: 1.0278
Training complete. Best epoch: 1, Best train RMSE: 0.9416, Best val RMSE: 1.0269
Best (alpha, lambda) from Stage 1: {'alpha': 0.005, 'lambda_': 0.1}, RMSE=1.0262
Training complete. Best epoch: 4, Best train RMSE: 0.8890, Best val RMSE: 1.0262
Training complete. Best epoch: 4, Best train RMSE: 0.8858, Best val RMSE: 1.0265
Training complete. Best epoch: 4, Best train RMSE: 0.8824, Best val RMSE: 1.0281
Best k from Stage 2: 20, RMSE=1.0262
Best MF params: {'alpha': 0.005, 'lambda_': 0.1, 'k': 20}, RMSE=1.0262
Training complete. Best epoch: 4, Best train RMSE: 0.8890, Best val RMSE: 1.0262
Validation data: 4394 ratings
Item IDs length: 1242
Max column index: 1241
Best lambda: 0.35000000000000003 with score 0.7449
Validation data: 4394 ratings
Item IDs length: 1242
Max column index: 1241
Best lambda: 0.25 with score 0.7475
Logged experiment to /ceph/home/student.aau.dk/vo55zp/projects/P5/src/MMR/../datasets/mmr_data/movies/mf_train_experiment_log.csv
Logged experiment to /ceph/home/student.aau.dk/vo55zp/projects/P5/src/MMR/../datasets/mmr_data/movies/2025-12-17_14-23-30/mf_train_100000_loss_history.csv
Logged experiment to /ceph/home/student.aau.dk/vo55zp/projects/P5/src/MMR/../datasets/mmr_data/movies/mmr_train_experiment_log.csv
Logged experiment to /ceph/home/student.aau.dk/vo55zp/projects/P5/src/MMR/../datasets/mmr_data/movies/mmr_train_experiment_log.csv
Pipeline for movies train finished successfully!
Start movies test pipeline 
[DEBUG] Filtered users: 613
[DEBUG] Filtered items: 1242
[DEBUG] Sample users: [2, 3, 4, 5, 6]
[DEBUG] Sample items: ['101', '101362', '1018', '102', '1023']
[DEBUG] Predicted ratings shape: (613, 1242)
[DEBUG] Min/max predicted rating: 1.9010127210592536/5.112896117768185
predicted_ratings.shape: (613, 1242)
R_filtered.shape: (613, 1178)
MF predictions saved: /ceph/home/student.aau.dk/vo55zp/projects/P5/src/MMR/../datasets/mmr_data/movies/2025-12-17_14-23-30/mf_test_100000_top_50.csv
[DEBUG] Top-N CSV rows: 30650
[DEBUG] Unique users in CSV: 613
[DEBUG] Unique items in CSV: 102
[DEBUG] Sample rows:
   userId  rank  itemId  predictedRating
0       2     1     318         4.405279
1       2     2     858         4.384709
2       2     3     527         4.208042
3       2     4     608         4.200962
4       2     5     260         4.193586
[DEBUG] Number of candidate items: 102
[DEBUG] Sample candidate items: ['318', '858', '527', '608', '260']
[DEBUG] predicted_ratings_top_n shape: (613, 102)
[DEBUG] Non-zero entries: 30650
[DEBUG] Max predicted rating: 5.112896117768185
Missing items: {'94959', '687', '8337', '2155', '2926', '1422', '2993', '1583', '1807', '2759', '153', '2335', '671', '458', '588', '2133', '1590', '6283', '272', '34334', '135', '1633', '2085', '62999', '5608', '1959', '3081', '4105', '798', '982', '2018', '53519', '917', '350', '37380', '830', '22', '2440', '8195', '94466', '2771', '2457', '440', '802', '1127', '63876', '1587', '4638', '1641', '2006', '4676', '5048', '4327', '429', '637', '1965', '90374', '1255', '35957', '544', '1584', '537', '314', '116', '5528', '508', '3004', '2501', '2333', '3980', '2094', '4709', '1923', '26776', '2322', '3175', '2989', '84187', '1373', '2134', '630', '3034', '27706', '5121', '261', '2690', '2080', '164', '27674', '80241', '40629', '63859', '1940', '2463', '909', '4464', '523', '441', '628', '2135', '504', '465', '1367', '678', '74545', '427', '19', '1951', '1687', '2012', '112460', '381', '833', '1917', '929', '78088', '1535', '475', '1957', '331', '45726', '1487', '2565', '3060', '1845', '426', '3511', '42011', '1251', '1556', '41569', '83613', '3097', '1103', '670', '1440', '531', '1092', '2988', '881', '938', '25750', '3114', '7980', '81847', '2699', '4443', '3989', '122924', '454', '6643', '2694', '524', '480', '1833', '1372', '2616', '640', '248', '7451', '2118', '2193', '2132', '46967', '2459', '4133', '1591', '4344', '2088', '2252', '5187', '2048', '3701', '1779', '5902', '84944', '662', '31685', '1730', '2470', '308', '339', '648', '4232', '1949', '42734', '1920', '2687', '193', '3112', '259', '2054', '219', '141', '8985', '41566', '1580', '3077', '4958', '471', '4889', '2034', '3179', '2262', '927', '599', '2089', '2141', '62', '1645', '586', '88812', '36519', '1488', '1678', '160', '540', '24', '1997', '26680', '262', '5051', '86332', '1913', '42002', '5', '1809', '949', '1702', '543', '27721', '3176', '1882', '1858', '8981', '63540', '780', '7090', '3698', '93855', '1785', '1939', '3037', '2014', '2436', '62956', '4148', '4977', '334', '6934', '1835', '2929', '8968', '165', '58306', '1690', '1363', '1884', '4043', '3565', '2447', '6970', '2349', '1791', '1023', '2253', '1909', '1377', '28', '421', '72733', '3549', '345', '494', '1407', '2722', '428', '4970', '26326', '3937', '806', '8827', '1358', '6535', '805', '1599', '931', '594', '968', '932', '4111', '88', '2114', '2161', '112', '2033', '1994', '2124', '337', '546', '2979', '1271', '93840', '2', '101362', '2011', '451', '86', '25771', '900', '393', '870', '1619', '4992', '55721', '3019', '490', '6538', '1865', '1376', '4552', '2860', '46335', '1268', '1834', '2003', '303', '3418', '2976', '78041', '3469', '460', '56949', '3082', '31522', '5066', '218', '56801', '38304', '383', '534', '1635', '2004', '902', '8128', '32444', '4978', '765', '581', '46976', '942', '492', '8810', '186', '5686', '2123', '49396', '3763', '1441', '2107', '810', '2105', '1954', '1073', '2469', '47518', '74458', '4658', '5056', '8014', '2978', '1991', '609', '2321', '4234', '3512', '2924', '762', '69406', '565', '468', '344', '1248', '169', '2287', '2610', '64', '1499', '2151', '6947', '3057', '2892', '168', '1593', '53883', '1371', '2728', '2817', '20', '40826', '4614', '364', '2125', '1777', '332', '7091', '988', '5780', '3173', '2788', '89492', '5139', '3088', '1282', '466', '196', '2084', '27317', '552', '434', '25868', '342', '161', '4566', '711', '1631', '31116', '43936', '47099', '144', '1273', '36401', '6440', '7347', '2671', '2067', '2312', '8833', '2642', '2805', '1088', '6466', '6620', '4880', '2761', '2013', '1726', '1948', '4703', '85414', '2383', '5961', '892', '79008', '1995', '233', '2044', '25', '88744', '2302', '1629', '3786', '650', '2115', '2701', '6078', '4279', '2282', '5247', '1051', '45186', '74510', '288', '65', '1894', '3079', '691', '714', '5729', '3053', '1124', '1892', '1963', '4956', '1586', '2078', '81', '708', '5876', '425', '4369', '59333', '239', '2140', '1485', '32029', '256', '99', '8366', '1049', '2038', '207', '180', '914', '1875', '3479', '2605', '4519', '89774', '64499', '6641', '1245', '3052', '4990', '936', '3681', '4974', '4191', '4474', '3543', '4228', '1594', '1396', '3476', '275', '42632', '3527', '5881', '123', '1996', '390', '8011', '3089', '59387', '312', '1644', '951', '39183', '265', '64983', '1927', '832', '43919', '266', '2153', '26', '85788', '3177', '3547', '3635', '4255', '2087', '558', '155', '1676', '326', '2882', '539', '48385', '3110', '7454', '14', '510', '2162', '661', '1921', '61123', '4727', '1479', '2516', '26111', '327', '4643', '8987', '203', '841', '241', '592', '82', '784', '2116', '837', '2269', '848', '2160', '1895', '2142', '1831', '3030', '1389', '4837', '8194', '1093', '8363', '4546', '4587', '32582', '818', '1636', '1366', '347', '2288', '2668', '1735', '4641', '8617', '5991', '56152', '8464', '154', '11', '1683', '316', '4823', '635', '2657', '4887', '799', '2268', '225', '2648', '3529', '436', '2617', '500', '4031', '33495', '105', '236', '39446', '897', '1620', '8970', '6957', '1616', '1411', '587', '2232', '2752', '4734', '562', '2640', '8129', '3', '2020', '697', '253', '74944', '1375', '407', '173', '2010', '1967', '435', '54503', '955', '6961', '916', '783', '891', '73', '1848', '231', '502', '3483', '1091', '1888', '36527', '786', '77561', '2239', '51540', '6936', '1978', '452', '1277', '185', '2313', '1992', '3160', '633', '2753', '55765', '1934', '673', '2890', '2355', '1667', '299', '2109', '4291', '2455', '170', '5956', '249', '1956', '1792', '1627', '53000', '45722', '1788', '114060', '4254', '5060', '175', '1722', '349', '1393', '74', '31696', '50189', '67087', '171', '5481', '18', '8373', '315', '1391', '26614', '2001', '2171', '3146', '1429', '55', '1378', '1673', '57353', '8984', '204', '2371', '1717', '2100', '838', '1024', '1265', '804', '2059', '3515', '1836', '44555', '553', '2789', '2769', '2255', '198', '986', '1964', '3134', '2082', '2112', '44004', '98491', '2370', '2442', '3536', '1611', '2734', '467', '277', '6473', '44022', '1497', '911', '36529', '59', '1253', '2022', '2139', '3062', '849', '340', '70', '4816', '26131', '423', '3638', '1639', '177', '2348', '2721', '2297', '437', '101', '613', '3168', '1985', '2841', '2613', '2900', '80831', '84601', '115210', '74948', '2046', '8368', '140174', '761', '2770', '1589', '388', '4516', '2539', '1975', '8008', '2261', '46972', '1887', '3766', '52885', '15', '4480', '597', '79224', '2527', '79553', '4482', '5927', '3594', '52767', '5816', '267', '7445', '380', '44694', '1285', '950', '2787', '1427', '69784', '1414', '788', '280', '3118', '1588', '489', '809', '2166', '605', '4441', '4351', '2002', '2575', '329', '163', '513', '879', '1562', '8973', '2104', '8948', '53435', '2791', '1680', '442', '1416', '1162', '3210', '575', '4034', '595', '3699', '2294', '2966', '1552', '30793', '6978', '4520', '290', '3061', '759', '3103', '378', '614', '1944', '1734', '1873', '667', '2097', '26258', '5620', '21', '8645', '861', '842', '2095', '616', '2433', '1018', '3033', '522', '4012', '216', '709', '222', '948', '481', '1907', '2259', '2144', '6003', '1419', '6552', '1950', '94478', '824', '1537', '606', '3051', '2122', '4928', '6058', '1885', '4723', '81229', '107', '338', '7300', '8874', '1701', '252', '2334', '6436', '379', '65188', '5319', '2005', '85', '1863', '25753', '31410', '8966', '2528', '2567', '2099', '1958', '2749', '172', '6537', '2748', '1257', '3581', '1405', '653', '2117', '800', '1648', '5147', '6609', '1783', '2639', '322', '41571', '4896', '2071', '3016', '54001', '5899', '1665', '32031', '74946', '84152', '1841', '694', '3117', '1772', '8665', '71520', '8584', '1246', '482', '431', '1911', '4979', '850', '377', '3035', '742', '33660', '8016', '145', '30707', '2266', '551', '1694', '2069', '26133', '158', '8873', '1713', '3598', '2111', '47721', '612', '3396', '7216', '111759', '3083', '3074', '668', '1608', '45431', '2263', '195', '289', '333', '3397', '1999', '7234', '8860', '2043', '2000', '415', '254', '509', '276', '839', '300', '69', '4975', '2428', '213', '247', '4951', '547', '292', '1672', '317', '3011', '348', '71282', '1541', '1581', '1597', '1269', '1544', '3556', '836', '2143', '1413', '627', '2148', '1369', '58', '8371', '1566', '831', '1653', '8951', '976', '1281', '1615', '1374', '596', '8908', '104', '39414', '647', '3577', '2017', '1573', '2108', '26810', '2779', '3090', '12', '1249', '1370', '3526', '532', '550', '5064', '1729', '2577', '2009', '2861', '227', '2202', '47610', '507', '424', '2912', '1924', '33166', '455', '1918', '107406', '26842', '1266', '3489', '549', '1059', '5483', '2662', '4025', '2058', '54272', '95', '97938', '5061', '1262', '3101', '6373', '132', '5680', '30', '928', '5833', '2015', '89', '1260', '6593', '71254', '86320', '3178', '102', '53129', '2110', '40819', '1966', '3063', '215', '4247', '1721', '1688', '26712', '590', '1380', '79', '410', '224', '866', '585', '2574', '4857', '1941', '535', '1125', '4701', '309', '96821'}
MF test predictions saved to: /ceph/home/student.aau.dk/vo55zp/projects/P5/src/MMR/../datasets/mmr_data/movies/2025-12-17_14-23-30/mf_test_100000_predictions.csv
MMR results saved: /ceph/home/student.aau.dk/vo55zp/projects/P5/src/MMR/../datasets/mmr_data/movies/2025-12-17_14-23-30/mmr_test_100000_cosine_top_50.csv
MMR results saved: /ceph/home/student.aau.dk/vo55zp/projects/P5/src/MMR/../datasets/mmr_data/movies/2025-12-17_14-23-30/mmr_test_100000_jaccard_top_50.csv
Pipeline for movies test finished successfully!
Starting pipeline for books train
Train matrix: (1797, 2559), Val matrix: (1584, 2559)
Training complete. Best epoch: 1, Best train RMSE: 0.9815, Best val RMSE: 0.9872
Training complete. Best epoch: 1, Best train RMSE: 0.9817, Best val RMSE: 0.9873
Training complete. Best epoch: 1, Best train RMSE: 0.9818, Best val RMSE: 0.9873
Training complete. Best epoch: 1, Best train RMSE: 0.9638, Best val RMSE: 0.9883
Training complete. Best epoch: 1, Best train RMSE: 0.9640, Best val RMSE: 0.9881
Training complete. Best epoch: 1, Best train RMSE: 0.9643, Best val RMSE: 0.9880
Training complete. Best epoch: 1, Best train RMSE: 0.9449, Best val RMSE: 0.9988
Training complete. Best epoch: 1, Best train RMSE: 0.9452, Best val RMSE: 0.9978
Training complete. Best epoch: 1, Best train RMSE: 0.9456, Best val RMSE: 0.9969
Best (alpha, lambda) from Stage 1: {'alpha': 0.005, 'lambda_': 0.01}, RMSE=0.9872
Training complete. Best epoch: 1, Best train RMSE: 0.9815, Best val RMSE: 0.9872
Training complete. Best epoch: 1, Best train RMSE: 0.9827, Best val RMSE: 0.9889
Training complete. Best epoch: 1, Best train RMSE: 0.9837, Best val RMSE: 0.9896
Best k from Stage 2: 20, RMSE=0.9872
Best MF params: {'alpha': 0.005, 'lambda_': 0.01, 'k': 20}, RMSE=0.9872
Training complete. Best epoch: 1, Best train RMSE: 0.9815, Best val RMSE: 0.9872
Validation data: 9780 ratings
Item IDs length: 2559
Max column index: 2558
Best lambda: 0.05 with score 0.9990
Validation data: 9780 ratings
Item IDs length: 2559
Max column index: 2558
Best lambda: 0.05 with score 0.9994
Logged experiment to /ceph/home/student.aau.dk/vo55zp/projects/P5/src/MMR/../datasets/mmr_data/books/mf_train_experiment_log.csv
Logged experiment to /ceph/home/student.aau.dk/vo55zp/projects/P5/src/MMR/../datasets/mmr_data/books/2025-12-17_14-30-21/mf_train_100000_loss_history.csv
Logged experiment to /ceph/home/student.aau.dk/vo55zp/projects/P5/src/MMR/../datasets/mmr_data/books/mmr_train_experiment_log.csv
Logged experiment to /ceph/home/student.aau.dk/vo55zp/projects/P5/src/MMR/../datasets/mmr_data/books/mmr_train_experiment_log.csv
Pipeline for books train finished successfully!
Start books test pipeline 
[DEBUG] Filtered users: 1581
[DEBUG] Filtered items: 2559
[DEBUG] Sample users: [1, 2, 3, 4, 7]
[DEBUG] Sample items: ['10', '100', '1003', '1005', '1007']
[DEBUG] Predicted ratings shape: (1581, 2559)
[DEBUG] Min/max predicted rating: 2.7483791332442036/4.784876063326
predicted_ratings.shape: (1581, 2559)
R_filtered.shape: (1581, 2529)
MF predictions saved: /ceph/home/student.aau.dk/vo55zp/projects/P5/src/MMR/../datasets/mmr_data/books/2025-12-17_14-30-21/mf_test_100000_top_50.csv
[DEBUG] Top-N CSV rows: 79050
[DEBUG] Unique users in CSV: 1581
[DEBUG] Unique items in CSV: 691
[DEBUG] Sample rows:
   userId  rank  itemId  predictedRating
0       1     1      25         4.310003
1       1     2       4         4.223681
2       1     3      50         4.208968
3       1     4      24         4.177428
4       1     5     102         4.169569
[DEBUG] Number of candidate items: 691
[DEBUG] Sample candidate items: ['25', '4', '50', '24', '102']
[DEBUG] predicted_ratings_top_n shape: (1581, 691)
[DEBUG] Non-zero entries: 79050
[DEBUG] Max predicted rating: 4.784876063326
Missing items: {'687', '2155', '5639', '3296', '6064', '2755', '3364', '671', '49', '1590', '3219', '272', '7026', '6665', '2224', '9516', '798', '8854', '2651', '5934', '3340', '8412', '2304', '2825', '7372', '573', '903', '22', '3899', '2440', '1570', '3172', '4251', '2197', '1133', '4638', '2478', '1120', '4915', '9175', '2026', '6009', '237', '1255', '4893', '867', '8269', '997', '9748', '430', '5782', '7794', '2730', '8931', '8588', '2679', '8175', '5239', '8857', '2501', '6607', '1839', '853', '1107', '1931', '8792', '2458', '8731', '3234', '1112', '9081', '1019', '972', '9990', '1521', '2658', '8457', '9204', '1139', '628', '5800', '4634', '465', '2914', '9966', '4221', '3205', '2603', '7864', '3911', '2012', '381', '4828', '9103', '1957', '331', '557', '3128', '2561', '3452', '8233', '426', '4064', '5068', '4793', '1199', '2426', '3828', '670', '1900', '531', '952', '1053', '6322', '2029', '5980', '3657', '3856', '2666', '6536', '9095', '3676', '493', '1618', '3310', '5141', '3580', '454', '3564', '7592', '4192', '1123', '9300', '4265', '611', '6588', '2023', '4067', '3792', '6857', '4079', '5517', '3485', '3957', '6870', '3072', '6844', '3501', '1303', '8156', '8432', '1418', '4551', '1536', '7309', '913', '2150', '3077', '652', '8611', '471', '2347', '4434', '2089', '1645', '4726', '2172', '969', '6566', '1678', '160', '4768', '3258', '1184', '8896', '8830', '4899', '1913', '9024', '559', '5', '1218', '1547', '949', '1279', '1752', '6348', '6390', '9866', '9663', '1864', '7052', '2809', '5863', '1785', '287', '2014', '3609', '1216', '1853', '6934', '5128', '4528', '3027', '3136', '5388', '3098', '122', '8750', '366', '9', '705', '3108', '8039', '4579', '1791', '2045', '6070', '142', '1938', '4630', '4989', '5237', '345', '1407', '9623', '9424', '8103', '33', '8071', '3163', '1031', '2465', '5730', '1063', '959', '1733', '1280', '6195', '2124', '546', '4820', '803', '9675', '2601', '2944', '451', '5029', '5304', '2615', '4670', '870', '2030', '2213', '9667', '8928', '1465', '2860', '4574', '5932', '9686', '3156', '5057', '8334', '5229', '9995', '9860', '9253', '2513', '3791', '1430', '819', '3620', '4298', '5905', '268', '4359', '3903', '4716', '8214', '6615', '7923', '1571', '5385', '5890', '727', '767', '8199', '2279', '1719', '6996', '2536', '1954', '6212', '1925', '228', '4658', '6410', '6813', '464', '2924', '762', '1294', '9217', '3047', '2950', '2608', '6130', '1084', '1185', '2892', '7469', '5992', '1593', '402', '4127', '3973', '5792', '3106', '9978', '2286', '5448', '1445', '1224', '361', '1525', '2738', '6188', '2757', '1381', '1498', '4985', '552', '3640', '901', '7820', '8512', '1236', '2215', '9078', '354', '1144', '3889', '1569', '4182', '6440', '2671', '1155', '4337', '1094', '4880', '5277', '6364', '8801', '5014', '5084', '1033', '6307', '4422', '7311', '5550', '3929', '3304', '9070', '2302', '9921', '2298', '9758', '5145', '2701', '6078', '3966', '5162', '395', '5007', '288', '1802', '1444', '691', '641', '2621', '1124', '2674', '5498', '221', '4848', '1586', '6728', '5114', '708', '5818', '908', '425', '1272', '1392', '3306', '4842', '726', '4369', '5395', '2857', '4328', '2177', '3561', '3871', '4944', '4872', '8366', '136', '3247', '1245', '194', '8651', '8814', '4188', '3476', '3567', '715', '7251', '3806', '306', '5042', '6715', '2299', '9691', '398', '951', '1927', '6539', '1825', '2131', '5024', '5431', '4052', '266', '26', '5525', '3177', '6448', '3065', '3635', '1677', '6916', '1676', '8067', '568', '14', '7336', '401', '375', '4727', '108', '5983', '8779', '3070', '5809', '7662', '408', '3291', '8523', '4475', '3359', '5928', '4531', '2584', '258', '1149', '1389', '1986', '5617', '6038', '2815', '7991', '4065', '52', '1048', '9554', '3500', '4258', '4392', '4363', '7080', '953', '1735', '3140', '6695', '1431', '5095', '9102', '3948', '9793', '629', '2657', '269', '799', '688', '436', '7872', '5855', '6148', '6319', '200', '1411', '3963', '9737', '1771', '6276', '2786', '2594', '2973', '1114', '3455', '894', '407', '9863', '9114', '1105', '1960', '1967', '387', '6604', '3600', '5853', '916', '6183', '891', '3531', '9642', '768', '9810', '2239', '1432', '1746', '7646', '2883', '3585', '2747', '2403', '2073', '4514', '3497', '5330', '4068', '9513', '755', '1956', '2718', '660', '5394', '9116', '1624', '7316', '8157', '1189', '1970', '3884', '1099', '5398', '7970', '178', '4622', '3428', '74', '7748', '6954', '3643', '2365', '4663', '1085', '8704', '9707', '204', '2371', '6257', '703', '9303', '838', '804', '2965', '3692', '553', '700', '97', '5446', '2338', '6829', '6284', '1762', '1748', '53', '5003', '2586', '6393', '2557', '7826', '4187', '2296', '3206', '1878', '120', '8439', '3923', '5081', '5306', '2052', '560', '4603', '5010', '5176', '849', '4118', '851', '847', '3638', '5648', '7205', '6587', '8083', '6399', '2827', '3510', '3419', '40', '8093', '3133', '2766', '2156', '4555', '8878', '3566', '1589', '5386', '2963', '2354', '1739', '4444', '4862', '5463', '2539', '1976', '1975', '5507', '3656', '2049', '4584', '3200', '3250', '6180', '5948', '2242', '1486', '1454', '6201', '718', '8767', '4758', '7292', '2186', '4130', '5458', '1564', '918', '2047', '380', '6144', '3377', '3672', '1457', '790', '2650', '1213', '1351', '3000', '83', '1414', '489', '6775', '2041', '4763', '9395', '2002', '6306', '9671', '3569', '879', '1150', '3820', '518', '1680', '3210', '2174', '5903', '8401', '3699', '211', '9946', '5858', '3066', '9962', '4244', '5630', '1057', '1916', '1873', '3608', '8898', '5742', '2159', '616', '2433', '1018', '4571', '6561', '6391', '2600', '1725', '3504', '127', '4565', '1005', '2259', '4636', '608', '4268', '1711', '1191', '4004', '854', '529', '8445', '3007', '4485', '1885', '4316', '107', '5733', '29', '4938', '8956', '5797', '5936', '1703', '602', '9628', '5727', '2419', '8329', '5491', '9972', '1863', '4877', '2782', '8966', '4794', '2623', '2192', '7246', '487', '5861', '6342', '1526', '6895', '733', '8416', '8806', '3832', '653', '68', '3406', '4181', '6087', '5734', '1448', '293', '305', '934', '3705', '1772', '2491', '6007', '2644', '3137', '341', '2977', '1246', '855', '431', '1138', '3151', '5707', '4104', '7830', '1847', '5347', '145', '5443', '8053', '2568', '9397', '1426', '8873', '612', '3482', '1936', '1314', '2043', '2188', '6359', '503', '2750', '3353', '484', '1582', '547', '770', '3011', '658', '3171', '1269', '8920', '3556', '6521', '7429', '4973', '8465', '2075', '3782', '646', '4455', '7476', '2573', '1362', '3379', '5232', '5181', '6299', '243', '8951', '9006', '569', '360', '6272', '1305', '596', '3675', '8692', '3399', '1549', '1233', '3262', '5667', '1249', '4473', '282', '227', '2202', '5582', '4171', '3273', '5775', '455', '6892', '453', '3417', '5627', '5665', '2807', '549', '1972', '2985', '411', '3533', '273', '7410', '5173', '1262', '3322', '9405', '1167', '5263', '1260', '5295', '1656', '8859', '2110', '6273', '7522', '264', '7749', '6454', '2074', '2406', '5073', '3381', '5158', '2408', '5423', '6726', '3794', '1915', '590', '5907', '6944', '1420', '895', '2673', '7840', '9717', '9772', '1298', '2926', '704', '542', '898', '9014', '2505', '9287', '6928', '7471', '5969', '3646', '588', '1633', '753', '883', '572', '6326', '1434', '197', '6014', '6278', '2415', '1286', '5030', '696', '2597', '3443', '1641', '8623', '429', '637', '659', '6181', '778', '1857', '1318', '3085', '2039', '116', '2278', '508', '2235', '1301', '2540', '1368', '1171', '4994', '7430', '1923', '2989', '3552', '5343', '1373', '5120', '3034', '261', '4471', '1601', '1741', '2604', '1509', '6189', '2341', '448', '7855', '9639', '2135', '3913', '9132', '1186', '5691', '6752', '2746', '890', '477', '785', '833', '929', '1083', '3767', '2343', '3141', '2277', '3511', '6320', '6011', '6579', '3022', '9290', '92', '8868', '1158', '1103', '46', '881', '6727', '9576', '1079', '479', '9461', '4517', '5220', '35', '4691', '3398', '8309', '5540', '8633', '3979', '2616', '640', '7214', '2193', '5568', '1447', '885', '5865', '6787', '1591', '9469', '2252', '8264', '5187', '763', '4240', '9849', '8867', '4112', '417', '5427', '308', '626', '1949', '7170', '7418', '9645', '2344', '5700', '5545', '3407', '284', '5758', '420', '1580', '2034', '450', '2559', '6959', '599', '675', '6324', '7327', '131', '6475', '8847', '9761', '7721', '4429', '478', '5051', '1625', '5911', '8055', '2127', '1974', '5100', '78', '111', '4936', '6914', '4525', '1858', '701', '2379', '3811', '3131', '2706', '2285', '2521', '6998', '3853', '8805', '2808', '1221', '1835', '3990', '1843', '6457', '165', '3817', '1350', '1343', '1698', '6469', '1812', '28', '4955', '8737', '8033', '1922', '1500', '5763', '887', '3937', '4085', '2066', '1643', '8891', '594', '2233', '3715', '1910', '2498', '7684', '2695', '1993', '6898', '2952', '7155', '357', '3642', '86', '7295', '4548', '8012', '900', '71', '7519', '8080', '8849', '3548', '782', '1865', '2025', '2821', '212', '4139', '3469', '1973', '4612', '1160', '2556', '4660', '383', '963', '6481', '4027', '8084', '4978', '2862', '625', '1622', '4756', '725', '223', '8026', '492', '358', '5668', '6530', '2878', '4753', '1113', '2123', '7556', '2320', '9626', '2107', '2508', '6820', '497', '2280', '1073', '3392', '2128', '2514', '6701', '7785', '4645', '6274', '4138', '9927', '609', '4680', '468', '1435', '3338', '7887', '1248', '457', '6259', '8316', '3212', '5203', '3464', '4047', '6369', '2875', '3375', '2056', '1153', '5947', '3018', '3785', '5316', '2802', '4614', '5273', '4284', '242', '1327', '4729', '3197', '1137', '2645', '4294', '7631', '2340', '4325', '5160', '7347', '3831', '4688', '9363', '6184', '519', '5317', '1477', '6182', '1119', '5355', '2013', '238', '2028', '5961', '1501', '8239', '1258', '4400', '521', '23', '2595', '3203', '7379', '6308', '650', '5297', '8023', '9045', '873', '2710', '582', '3974', '109', '5155', '7208', '1270', '7232', '3079', '1175', '1872', '2798', '1311', '2554', '1892', '2524', '1963', '2936', '9317', '2811', '2632', '7668', '5041', '209', '4810', '9961', '3965', '1662', '2284', '356', '4965', '966', '4309', '3352', '7755', '674', '7810', '239', '9625', '1364', '7149', '1315', '919', '876', '1037', '207', '2241', '180', '6823', '8818', '7453', '2760', '1117', '176', '2994', '3918', '651', '499', '936', '3092', '3099', '4608', '6496', '8448', '3412', '8079', '961', '123', '1996', '5456', '4836', '2452', '390', '1288', '1021', '9302', '1644', '2732', '1928', '3138', '604', '2873', '860', '6835', '3547', '3597', '935', '1151', '7647', '5571', '3797', '1015', '9670', '7454', '271', '148', '4865', '5508', '526', '2387', '2820', '1038', '944', '4317', '82', '784', '4009', '9404', '3936', '3804', '848', '781', '4275', '3311', '8075', '1388', '1659', '347', '7856', '7651', '2677', '1691', '5704', '1146', '77', '7893', '138', '2489', '635', '1421', '1862', '1089', '500', '5253', '1714', '1128', '5615', '897', '587', '2939', '2640', '1561', '3', '1844', '1650', '4512', '5589', '5195', '9402', '7025', '2010', '1937', '7997', '955', '2852', '8446', '4870', '474', '1806', '967', '786', '3818', '2062', '5150', '1277', '6235', '7806', '369', '1163', '2931', '6975', '3933', '57', '7683', '3930', '1506', '633', '413', '5115', '9021', '2214', '4598', '2355', '4005', '6354', '1204', '270', '170', '5748', '310', '2553', '3573', '495', '731', '3764', '864', '9156', '1792', '9171', '1458', '639', '3894', '706', '2938', '1208', '6648', '349', '6716', '741', '3568', '315', '8915', '1796', '2351', '501', '576', '1378', '114', '3349', '4236', '3904', '4160', '3834', '1121', '1592', '6999', '1296', '5305', '7092', '60', '2352', '8142', '6402', '4526', '5743', '986', '8697', '6417', '1657', '7822', '3703', '6589', '666', '4421', '3362', '911', '3029', '4390', '664', '6619', '1768', '1533', '4394', '9083', '690', '2136', '6277', '2425', '130', '4196', '4671', '5860', '2271', '9243', '8591', '737', '118', '2770', '2024', '6524', '2464', '1709', '343', '8150', '439', '6902', '1685', '388', '699', '7117', '6742', '7961', '977', '1887', '3688', '4578', '8295', '4592', '3713', '6121', '5215', '397', '4713', '4482', '3560', '710', '1217', '8625', '5244', '2920', '9236', '1567', '44', '8795', '1135', '8471', '8433', '2787', '1427', '1518', '3760', '6304', '8696', '3997', '304', '4016', '3790', '5238', '1131', '7306', '5558', '571', '2165', '2806', '2991', '3540', '7622', '6533', '4647', '2552', '4014', '7053', '5027', '9631', '4695', '538', '575', '2544', '2794', '4567', '595', '205', '8099', '7540', '1955', '1161', '75', '6889', '9577', '321', '6729', '2240', '3061', '5889', '4797', '4534', '7934', '6334', '5950', '4345', '4924', '5374', '9239', '6407', '4149', '8870', '3033', '2098', '3111', '3795', '5751', '1145', '5076', '7003', '301', '3995', '63', '6389', '9048', '2368', '7145', '6791', '5500', '6512', '4838', '824', '1537', '5629', '577', '2122', '3076', '4260', '1206', '1337', '45', '3758', '8355', '6079', '3142', '6553', '7119', '1675', '4151', '1461', '5037', '3869', '3551', '3344', '3374', '9180', '9176', '1908', '1897', '3700', '1755', '4289', '686', '5189', '3333', '8236', '2250', '6185', '4119', '1234', '4733', '1423', '5536', '7501', '9722', '3048', '8516', '574', '1649', '1751', '2398', '4081', '3769', '7558', '777', '1797', '3016', '9172', '4103', '1763', '1332', '1317', '4972', '1193', '1261', '5122', '8491', '9311', '4513', '5723', '1856', '2416', '3126', '8456', '7907', '9985', '2324', '3954', '377', '1953', '2362', '5661', '8275', '2519', '9890', '1694', '2069', '4018', '298', '1061', '2618', '1713', '3598', '5138', '3776', '1436', '8460', '2163', '5290', '2846', '1999', '8787', '6096', '386', '2184', '839', '9215', '5554', '2462', '9764', '247', '3127', '3255', '461', '4850', '9830', '5402', '8742', '1727', '7571', '2229', '6336', '5019', '8790', '3124', '2148', '6644', '1369', '58', '1250', '1267', '2737', '2228', '4042', '622', '1566', '3468', '6230', '1463', '925', '1014', '3439', '1202', '9343', '6157', '4106', '1379', '1681', '1573', '281', '1384', '1987', '7496', '846', '1159', '4553', '8975', '3090', '5013', '336', '1555', '3978', '2507', '1758', '1312', '5192', '4190', '6777', '8289', '4788', '255', '4383', '1266', '865', '1178', '2328', '1605', '7490', '8038', '1348', '7277', '6150', '6104', '2643', '132', '8154', '5028', '4057', '6802', '826', '4287', '8403', '6439', '2015', '773', '5978', '6593', '1989', '6808', '4348', '9579', '2954', '8047', '3036', '2315', '5349', '5935', '6382', '730', '2680', '5495', '693', '3998', '9754', '79', '410', '5326', '878', '6917', '2323', '1520', '1459', '1222', '5287'}
MF test predictions saved to: /ceph/home/student.aau.dk/vo55zp/projects/P5/src/MMR/../datasets/mmr_data/books/2025-12-17_14-30-21/mf_test_100000_predictions.csv
MMR results saved: /ceph/home/student.aau.dk/vo55zp/projects/P5/src/MMR/../datasets/mmr_data/books/2025-12-17_14-30-21/mmr_test_100000_cosine_top_50.csv
MMR results saved: /ceph/home/student.aau.dk/vo55zp/projects/P5/src/MMR/../datasets/mmr_data/books/2025-12-17_14-30-21/mmr_test_100000_jaccard_top_50.csv
Pipeline for books test finished successfully!
