Running on ailab-l4-09
Start time: Mon Dec 15 13:57:27 CET 2025
Activating virtual environment...
Python path: /ceph/home/student.aau.dk/vo55zp/projects/P5/venv/bin/python3
Python version: Python 3.10.12
Running on ailab-l4-09
Start time: Mon Dec 15 13:57:27 CET 2025
Starting pipeline...

=== Running pipeline with weights: relevance=1.0, diversity=0.0 ===
Starting pipeline for movies train
Train matrix: (671, 1242), Val matrix: (610, 1242)
Best MF params: {'k': 60, 'alpha': 0.005, 'lambda_': 0.2}, RMSE=1.0411
Validation data: 4394 ratings
Item IDs length: 1242
Max column index: 1241
Best lambda: 1.0 with score 1.0000
Validation data: 4394 ratings
Item IDs length: 1242
Max column index: 1241
Best lambda: 1.0 with score 1.0000
Logged experiment to /ceph/home/student.aau.dk/vo55zp/projects/P5/src/MMR/../datasets/mmr_data/movies/mf_train_experiment_log.csv
Logged experiment to /ceph/home/student.aau.dk/vo55zp/projects/P5/src/MMR/../datasets/mmr_data/movies/2025-12-15_13-58-02/mf_train_100000_loss_history.csv
Logged experiment to /ceph/home/student.aau.dk/vo55zp/projects/P5/src/MMR/../datasets/mmr_data/movies/mmr_train_experiment_log.csv
Logged experiment to /ceph/home/student.aau.dk/vo55zp/projects/P5/src/MMR/../datasets/mmr_data/movies/mmr_train_experiment_log.csv
Pipeline for movies train finished successfully!
Start movies test pipeline 
MF predictions saved: /ceph/home/student.aau.dk/vo55zp/projects/P5/src/MMR/../datasets/mmr_data/movies/2025-12-15_13-58-02/mf_test_100000_top_50.csv
MF test predictions saved to: /ceph/home/student.aau.dk/vo55zp/projects/P5/src/MMR/../datasets/mmr_data/movies/2025-12-15_13-58-02/mf_test_100000_predictions.csv
MMR results saved: /ceph/home/student.aau.dk/vo55zp/projects/P5/src/MMR/../datasets/mmr_data/movies/2025-12-15_13-58-02/mmr_test_100000_cosine_top_50.csv
MMR results saved: /ceph/home/student.aau.dk/vo55zp/projects/P5/src/MMR/../datasets/mmr_data/movies/2025-12-15_13-58-02/mmr_test_100000_jaccard_top_50.csv
Log MMR data
Pipeline for movies test finished successfully!
Starting pipeline for books train
Train matrix: (1797, 2559), Val matrix: (1584, 2559)
Best MF params: {'k': 60, 'alpha': 0.005, 'lambda_': 0.2}, RMSE=1.0263
Validation data: 9780 ratings
Item IDs length: 2559
Max column index: 2558
Best lambda: 0.0 with score 1.0000
Validation data: 9780 ratings
Item IDs length: 2559
Max column index: 2558
Best lambda: 0.0 with score 1.0000
Logged experiment to /ceph/home/student.aau.dk/vo55zp/projects/P5/src/MMR/../datasets/mmr_data/books/mf_train_experiment_log.csv
Logged experiment to /ceph/home/student.aau.dk/vo55zp/projects/P5/src/MMR/../datasets/mmr_data/books/2025-12-15_14-09-59/mf_train_100000_loss_history.csv
Logged experiment to /ceph/home/student.aau.dk/vo55zp/projects/P5/src/MMR/../datasets/mmr_data/books/mmr_train_experiment_log.csv
Logged experiment to /ceph/home/student.aau.dk/vo55zp/projects/P5/src/MMR/../datasets/mmr_data/books/mmr_train_experiment_log.csv
Pipeline for books train finished successfully!
Start books test pipeline 
MF predictions saved: /ceph/home/student.aau.dk/vo55zp/projects/P5/src/MMR/../datasets/mmr_data/books/2025-12-15_14-09-59/mf_test_100000_top_50.csv
MF test predictions saved to: /ceph/home/student.aau.dk/vo55zp/projects/P5/src/MMR/../datasets/mmr_data/books/2025-12-15_14-09-59/mf_test_100000_predictions.csv
MMR results saved: /ceph/home/student.aau.dk/vo55zp/projects/P5/src/MMR/../datasets/mmr_data/books/2025-12-15_14-09-59/mmr_test_100000_cosine_top_50.csv
MMR results saved: /ceph/home/student.aau.dk/vo55zp/projects/P5/src/MMR/../datasets/mmr_data/books/2025-12-15_14-09-59/mmr_test_100000_jaccard_top_50.csv
Log MMR data
Pipeline for books test finished successfully!

=== Running pipeline with weights: relevance=0.8, diversity=0.2 ===
Starting pipeline for movies train
Train matrix: (671, 1242), Val matrix: (610, 1242)
Best MF params: {'k': 60, 'alpha': 0.005, 'lambda_': 0.2}, RMSE=1.0411
Validation data: 4394 ratings
Item IDs length: 1242
Max column index: 1241
Best lambda: 1.0 with score 0.8223
Validation data: 4394 ratings
Item IDs length: 1242
Max column index: 1241
Best lambda: 1.0 with score 0.8293
Logged experiment to /ceph/home/student.aau.dk/vo55zp/projects/P5/src/MMR/../datasets/mmr_data/movies/mf_train_experiment_log.csv
Logged experiment to /ceph/home/student.aau.dk/vo55zp/projects/P5/src/MMR/../datasets/mmr_data/movies/2025-12-15_14-40-46/mf_train_100000_loss_history.csv
Logged experiment to /ceph/home/student.aau.dk/vo55zp/projects/P5/src/MMR/../datasets/mmr_data/movies/mmr_train_experiment_log.csv
Logged experiment to /ceph/home/student.aau.dk/vo55zp/projects/P5/src/MMR/../datasets/mmr_data/movies/mmr_train_experiment_log.csv
Pipeline for movies train finished successfully!
Start movies test pipeline 
MF predictions saved: /ceph/home/student.aau.dk/vo55zp/projects/P5/src/MMR/../datasets/mmr_data/movies/2025-12-15_14-40-46/mf_test_100000_top_50.csv
MF test predictions saved to: /ceph/home/student.aau.dk/vo55zp/projects/P5/src/MMR/../datasets/mmr_data/movies/2025-12-15_14-40-46/mf_test_100000_predictions.csv
MMR results saved: /ceph/home/student.aau.dk/vo55zp/projects/P5/src/MMR/../datasets/mmr_data/movies/2025-12-15_14-40-46/mmr_test_100000_cosine_top_50.csv
MMR results saved: /ceph/home/student.aau.dk/vo55zp/projects/P5/src/MMR/../datasets/mmr_data/movies/2025-12-15_14-40-46/mmr_test_100000_jaccard_top_50.csv
Log MMR data
Pipeline for movies test finished successfully!
Starting pipeline for books train
Train matrix: (1797, 2559), Val matrix: (1584, 2559)
Best MF params: {'k': 60, 'alpha': 0.005, 'lambda_': 0.2}, RMSE=1.0263
Validation data: 9780 ratings
Item IDs length: 2559
Max column index: 2558
Best lambda: 0.0 with score 1.0000
Validation data: 9780 ratings
Item IDs length: 2559
Max column index: 2558
Best lambda: 0.0 with score 1.0000
Logged experiment to /ceph/home/student.aau.dk/vo55zp/projects/P5/src/MMR/../datasets/mmr_data/books/mf_train_experiment_log.csv
Logged experiment to /ceph/home/student.aau.dk/vo55zp/projects/P5/src/MMR/../datasets/mmr_data/books/2025-12-15_14-52-43/mf_train_100000_loss_history.csv
Logged experiment to /ceph/home/student.aau.dk/vo55zp/projects/P5/src/MMR/../datasets/mmr_data/books/mmr_train_experiment_log.csv
Logged experiment to /ceph/home/student.aau.dk/vo55zp/projects/P5/src/MMR/../datasets/mmr_data/books/mmr_train_experiment_log.csv
Pipeline for books train finished successfully!
Start books test pipeline 
MF predictions saved: /ceph/home/student.aau.dk/vo55zp/projects/P5/src/MMR/../datasets/mmr_data/books/2025-12-15_14-52-43/mf_test_100000_top_50.csv
MF test predictions saved to: /ceph/home/student.aau.dk/vo55zp/projects/P5/src/MMR/../datasets/mmr_data/books/2025-12-15_14-52-43/mf_test_100000_predictions.csv
MMR results saved: /ceph/home/student.aau.dk/vo55zp/projects/P5/src/MMR/../datasets/mmr_data/books/2025-12-15_14-52-43/mmr_test_100000_cosine_top_50.csv
MMR results saved: /ceph/home/student.aau.dk/vo55zp/projects/P5/src/MMR/../datasets/mmr_data/books/2025-12-15_14-52-43/mmr_test_100000_jaccard_top_50.csv
Log MMR data
Pipeline for books test finished successfully!

=== Running pipeline with weights: relevance=0.6, diversity=0.4 ===
Starting pipeline for movies train
Train matrix: (671, 1242), Val matrix: (610, 1242)
Best MF params: {'k': 60, 'alpha': 0.005, 'lambda_': 0.2}, RMSE=1.0411
Validation data: 4394 ratings
Item IDs length: 1242
Max column index: 1241
Best lambda: 1.0 with score 0.6446
Validation data: 4394 ratings
Item IDs length: 1242
Max column index: 1241
Best lambda: 1.0 with score 0.6587
Logged experiment to /ceph/home/student.aau.dk/vo55zp/projects/P5/src/MMR/../datasets/mmr_data/movies/mf_train_experiment_log.csv
Logged experiment to /ceph/home/student.aau.dk/vo55zp/projects/P5/src/MMR/../datasets/mmr_data/movies/2025-12-15_15-25-29/mf_train_100000_loss_history.csv
Logged experiment to /ceph/home/student.aau.dk/vo55zp/projects/P5/src/MMR/../datasets/mmr_data/movies/mmr_train_experiment_log.csv
Logged experiment to /ceph/home/student.aau.dk/vo55zp/projects/P5/src/MMR/../datasets/mmr_data/movies/mmr_train_experiment_log.csv
Pipeline for movies train finished successfully!
Start movies test pipeline 
MF predictions saved: /ceph/home/student.aau.dk/vo55zp/projects/P5/src/MMR/../datasets/mmr_data/movies/2025-12-15_15-25-29/mf_test_100000_top_50.csv
MF test predictions saved to: /ceph/home/student.aau.dk/vo55zp/projects/P5/src/MMR/../datasets/mmr_data/movies/2025-12-15_15-25-29/mf_test_100000_predictions.csv
MMR results saved: /ceph/home/student.aau.dk/vo55zp/projects/P5/src/MMR/../datasets/mmr_data/movies/2025-12-15_15-25-29/mmr_test_100000_cosine_top_50.csv
MMR results saved: /ceph/home/student.aau.dk/vo55zp/projects/P5/src/MMR/../datasets/mmr_data/movies/2025-12-15_15-25-29/mmr_test_100000_jaccard_top_50.csv
Log MMR data
Pipeline for movies test finished successfully!
Starting pipeline for books train
Train matrix: (1797, 2559), Val matrix: (1584, 2559)
Best MF params: {'k': 60, 'alpha': 0.005, 'lambda_': 0.2}, RMSE=1.0263
Validation data: 9780 ratings
Item IDs length: 2559
Max column index: 2558
Best lambda: 0.0 with score 1.0000
Validation data: 9780 ratings
Item IDs length: 2559
Max column index: 2558
Best lambda: 0.0 with score 1.0000
Logged experiment to /ceph/home/student.aau.dk/vo55zp/projects/P5/src/MMR/../datasets/mmr_data/books/mf_train_experiment_log.csv
Logged experiment to /ceph/home/student.aau.dk/vo55zp/projects/P5/src/MMR/../datasets/mmr_data/books/2025-12-15_15-37-54/mf_train_100000_loss_history.csv
Logged experiment to /ceph/home/student.aau.dk/vo55zp/projects/P5/src/MMR/../datasets/mmr_data/books/mmr_train_experiment_log.csv
Logged experiment to /ceph/home/student.aau.dk/vo55zp/projects/P5/src/MMR/../datasets/mmr_data/books/mmr_train_experiment_log.csv
Pipeline for books train finished successfully!
Start books test pipeline 
MF predictions saved: /ceph/home/student.aau.dk/vo55zp/projects/P5/src/MMR/../datasets/mmr_data/books/2025-12-15_15-37-54/mf_test_100000_top_50.csv
MF test predictions saved to: /ceph/home/student.aau.dk/vo55zp/projects/P5/src/MMR/../datasets/mmr_data/books/2025-12-15_15-37-54/mf_test_100000_predictions.csv
MMR results saved: /ceph/home/student.aau.dk/vo55zp/projects/P5/src/MMR/../datasets/mmr_data/books/2025-12-15_15-37-54/mmr_test_100000_cosine_top_50.csv
MMR results saved: /ceph/home/student.aau.dk/vo55zp/projects/P5/src/MMR/../datasets/mmr_data/books/2025-12-15_15-37-54/mmr_test_100000_jaccard_top_50.csv
Log MMR data
Pipeline for books test finished successfully!
