Running on ailab-l4-09
Start time: Fri Dec 19 22:13:59 CET 2025
Activating virtual environment...
Python path: /ceph/home/student.aau.dk/vo55zp/projects/P5/venv/bin/python3
Python version: Python 3.10.12
Running on ailab-l4-09
Start time: Fri Dec 19 22:13:59 CET 2025
Starting pipeline...

=== Running pipeline with weights: relevance=0.2, diversity=0.8 ===
Starting pipeline for movies train
Train matrix: (671, 1242), Val matrix: (610, 1242)
Training complete. Best epoch: 3, Best train RMSE: 0.9024, Best val RMSE: 1.0280
Training complete. Best epoch: 4, Best train RMSE: 0.8818, Best val RMSE: 1.0285
Training complete. Best epoch: 4, Best train RMSE: 0.8776, Best val RMSE: 1.0307
Training complete. Best epoch: 4, Best train RMSE: 0.8871, Best val RMSE: 1.0271
Training complete. Best epoch: 4, Best train RMSE: 0.8836, Best val RMSE: 1.0275
Training complete. Best epoch: 4, Best train RMSE: 0.8798, Best val RMSE: 1.0294
Training complete. Best epoch: 4, Best train RMSE: 0.8890, Best val RMSE: 1.0262
Training complete. Best epoch: 4, Best train RMSE: 0.8858, Best val RMSE: 1.0265
Training complete. Best epoch: 4, Best train RMSE: 0.8824, Best val RMSE: 1.0281
Training complete. Best epoch: 2, Best train RMSE: 0.8987, Best val RMSE: 1.0286
Training complete. Best epoch: 2, Best train RMSE: 0.8964, Best val RMSE: 1.0292
Training complete. Best epoch: 2, Best train RMSE: 0.8938, Best val RMSE: 1.0314
Training complete. Best epoch: 2, Best train RMSE: 0.8998, Best val RMSE: 1.0277
Training complete. Best epoch: 2, Best train RMSE: 0.8976, Best val RMSE: 1.0281
Training complete. Best epoch: 2, Best train RMSE: 0.8952, Best val RMSE: 1.0300
Training complete. Best epoch: 2, Best train RMSE: 0.9013, Best val RMSE: 1.0268
Training complete. Best epoch: 3, Best train RMSE: 0.8736, Best val RMSE: 1.0271
Training complete. Best epoch: 3, Best train RMSE: 0.8694, Best val RMSE: 1.0285
Training complete. Best epoch: 1, Best train RMSE: 0.9405, Best val RMSE: 1.0287
Training complete. Best epoch: 1, Best train RMSE: 0.9418, Best val RMSE: 1.0292
Training complete. Best epoch: 1, Best train RMSE: 0.9428, Best val RMSE: 1.0313
Training complete. Best epoch: 1, Best train RMSE: 0.9410, Best val RMSE: 1.0278
Training complete. Best epoch: 1, Best train RMSE: 0.9421, Best val RMSE: 1.0281
Training complete. Best epoch: 1, Best train RMSE: 0.9429, Best val RMSE: 1.0299
Training complete. Best epoch: 1, Best train RMSE: 0.9416, Best val RMSE: 1.0269
Training complete. Best epoch: 1, Best train RMSE: 0.9426, Best val RMSE: 1.0271
Training complete. Best epoch: 1, Best train RMSE: 0.9433, Best val RMSE: 1.0286
Best MF params: {'alpha': 0.005, 'lambda_': 0.1, 'k': 20}, RMSE=1.0262
Training complete. Best epoch: 4, Best train RMSE: 0.8890, Best val RMSE: 1.0262
Best lambda: 0.35000000000000003 with score 0.8980
Best lambda: 0.25 with score 0.8990
Logged experiment to /ceph/home/student.aau.dk/vo55zp/projects/P5/src/MMR/../datasets/mmr_data/movies/mf_train_experiment_log.csv
Logged experiment to /ceph/home/student.aau.dk/vo55zp/projects/P5/src/MMR/../datasets/mmr_data/movies/2025-12-19_22-14-20/mf_train_100K_loss_history.csv
Logged experiment to /ceph/home/student.aau.dk/vo55zp/projects/P5/src/MMR/../datasets/mmr_data/movies/mmr_train_experiment_log.csv
Logged experiment to /ceph/home/student.aau.dk/vo55zp/projects/P5/src/MMR/../datasets/mmr_data/movies/mmr_train_experiment_log.csv
Pipeline for movies train finished successfully!
Start movies test pipeline 
MF predictions saved: /ceph/home/student.aau.dk/vo55zp/projects/P5/src/MMR/../datasets/mmr_data/movies/2025-12-19_22-14-20/mf_test_100K_top_50.csv
