Running on ailab-l4-05
Start time: Tue Dec 16 13:25:57 CET 2025
Activating virtual environment...
Python path: /ceph/home/student.aau.dk/vo55zp/projects/P5/venv/bin/python3
Python version: Python 3.10.12
Running on ailab-l4-05
Start time: Tue Dec 16 13:25:57 CET 2025
Starting pipeline...

=== Running pipeline with weights: relevance=0.5, diversity=0.5 ===
Starting pipeline for movies train
Train matrix: (671, 1242), Val matrix: (610, 1242)
Best MF params: {'k': 60, 'alpha': 0.005, 'lambda_': 0.2}, RMSE=1.0411
Validation data: 4394 ratings
Item IDs length: 1242
Max column index: 1241
Best lambda: 0.0 with score 0.6483
Validation data: 4394 ratings
Item IDs length: 1242
Max column index: 1241
Best lambda: 0.0 with score 0.6539
Logged experiment to /ceph/home/student.aau.dk/vo55zp/projects/P5/src/MMR/../datasets/mmr_data/movies/mf_train_experiment_log.csv
Logged experiment to /ceph/home/student.aau.dk/vo55zp/projects/P5/src/MMR/../datasets/mmr_data/movies/2025-12-16_13-25-58/mf_train_100000_loss_history.csv
Logged experiment to /ceph/home/student.aau.dk/vo55zp/projects/P5/src/MMR/../datasets/mmr_data/movies/mmr_train_experiment_log.csv
Logged experiment to /ceph/home/student.aau.dk/vo55zp/projects/P5/src/MMR/../datasets/mmr_data/movies/mmr_train_experiment_log.csv
Pipeline for movies train finished successfully!
Start movies test pipeline 
[DEBUG] Filtered users: 613
[DEBUG] Filtered items: 1242
[DEBUG] Sample users: [2, 3, 4, 5, 6]
[DEBUG] Sample items: ['101', '101362', '1018', '102', '1023']
[DEBUG] Predicted ratings shape: (613, 1242)
[DEBUG] Min/max predicted rating: 0.8305390614491499/5.737256786033441
