Running on ailab-l4-01
Start time: Sat Dec 20 05:21:32 CET 2025
Activating virtual environment...
Python path: /ceph/home/student.aau.dk/vo55zp/projects/P5/venv/bin/python3
Python version: Python 3.10.12
Running on ailab-l4-01
Start time: Sat Dec 20 05:21:32 CET 2025
Starting pipeline...

=== Running pipeline with weights: relevance=0.6, diversity=0.4 ===
Starting pipeline for movies train
Train matrix: (671, 1242), Val matrix: (610, 1242)
Training complete. Best epoch: 3, Best train RMSE: 0.9024, Best val RMSE: 1.0280
Training complete. Best epoch: 4, Best train RMSE: 0.8818, Best val RMSE: 1.0285
Training complete. Best epoch: 4, Best train RMSE: 0.8776, Best val RMSE: 1.0307
Training complete. Best epoch: 4, Best train RMSE: 0.8871, Best val RMSE: 1.0271
Training complete. Best epoch: 4, Best train RMSE: 0.8836, Best val RMSE: 1.0275
Training complete. Best epoch: 4, Best train RMSE: 0.8798, Best val RMSE: 1.0294
Training complete. Best epoch: 4, Best train RMSE: 0.8890, Best val RMSE: 1.0262
Training complete. Best epoch: 4, Best train RMSE: 0.8858, Best val RMSE: 1.0265
Training complete. Best epoch: 4, Best train RMSE: 0.8824, Best val RMSE: 1.0281
Training complete. Best epoch: 2, Best train RMSE: 0.8987, Best val RMSE: 1.0286
Training complete. Best epoch: 2, Best train RMSE: 0.8964, Best val RMSE: 1.0292
Training complete. Best epoch: 2, Best train RMSE: 0.8938, Best val RMSE: 1.0314
Training complete. Best epoch: 2, Best train RMSE: 0.8998, Best val RMSE: 1.0277
Training complete. Best epoch: 2, Best train RMSE: 0.8976, Best val RMSE: 1.0281
Training complete. Best epoch: 2, Best train RMSE: 0.8952, Best val RMSE: 1.0300
Training complete. Best epoch: 2, Best train RMSE: 0.9013, Best val RMSE: 1.0268
Training complete. Best epoch: 3, Best train RMSE: 0.8736, Best val RMSE: 1.0271
Training complete. Best epoch: 3, Best train RMSE: 0.8694, Best val RMSE: 1.0285
Training complete. Best epoch: 1, Best train RMSE: 0.9405, Best val RMSE: 1.0287
Training complete. Best epoch: 1, Best train RMSE: 0.9418, Best val RMSE: 1.0292
Training complete. Best epoch: 1, Best train RMSE: 0.9428, Best val RMSE: 1.0313
Training complete. Best epoch: 1, Best train RMSE: 0.9410, Best val RMSE: 1.0278
Training complete. Best epoch: 1, Best train RMSE: 0.9421, Best val RMSE: 1.0281
Training complete. Best epoch: 1, Best train RMSE: 0.9429, Best val RMSE: 1.0299
Training complete. Best epoch: 1, Best train RMSE: 0.9416, Best val RMSE: 1.0269
Training complete. Best epoch: 1, Best train RMSE: 0.9426, Best val RMSE: 1.0271
Training complete. Best epoch: 1, Best train RMSE: 0.9433, Best val RMSE: 1.0286
Best MF params: {'alpha': 0.005, 'lambda_': 0.1, 'k': 20}, RMSE=1.0262
Training complete. Best epoch: 4, Best train RMSE: 0.8890, Best val RMSE: 1.0262
Best lambda: 0.55 with score 0.7005
Best lambda: 0.35000000000000003 with score 0.7003
Logged experiment to /ceph/home/student.aau.dk/vo55zp/projects/P5/src/MMR/../datasets/mmr_data/movies/mf_train_experiment_log.csv
Logged experiment to /ceph/home/student.aau.dk/vo55zp/projects/P5/src/MMR/../datasets/mmr_data/movies/2025-12-20_05-21-52/mf_train_100K_loss_history.csv
Logged experiment to /ceph/home/student.aau.dk/vo55zp/projects/P5/src/MMR/../datasets/mmr_data/movies/mmr_train_experiment_log.csv
Logged experiment to /ceph/home/student.aau.dk/vo55zp/projects/P5/src/MMR/../datasets/mmr_data/movies/mmr_train_experiment_log.csv
Pipeline for movies train finished successfully!
Start movies test pipeline 
[DEBUG] Total training users: 671
[DEBUG] Sample train_user_to_idx mapping (first 5): [(1, 0), (2, 1), (3, 2), (4, 3), (5, 4)]
[DEBUG] Sample test_user_indices (first 10): [0, 1, 2, 3, 4, 5, 6, 7, 8, 9]
[DEBUG] Shape of full predicted ratings: (671, 1242)
[DEBUG] Shape of predicted ratings for test users: (658, 1242)
[DEBUG] Sample predicted ratings for first test user:
[3.57126977 3.45948703 3.4216748  3.362011   3.60906422 3.40706444
 3.3010781  3.49807531 3.19010342 3.40854739]
MF predictions saved: /ceph/home/student.aau.dk/vo55zp/projects/P5/src/MMR/../datasets/mmr_data/movies/2025-12-20_05-21-52/mf_test_100K_top_50.csv
MF test predictions saved to: /ceph/home/student.aau.dk/vo55zp/projects/P5/src/MMR/../datasets/mmr_data/movies/2025-12-20_05-21-52/mf_test_100K_predictions.csv
MMR results saved: /ceph/home/student.aau.dk/vo55zp/projects/P5/src/MMR/../datasets/mmr_data/movies/2025-12-20_05-21-52/mmr_test_100K_cosine_top_50.csv
MMR results saved: /ceph/home/student.aau.dk/vo55zp/projects/P5/src/MMR/../datasets/mmr_data/movies/2025-12-20_05-21-52/mmr_test_100K_jaccard_top_50.csv
Pipeline for movies test finished successfully!
