Running on ailab-l4-11
Start time: Wed Dec 17 14:21:00 CET 2025
Activating virtual environment...
Python path: /ceph/home/student.aau.dk/vo55zp/projects/P5/venv/bin/python3
Python version: Python 3.10.12
Running on ailab-l4-11
Start time: Wed Dec 17 14:21:00 CET 2025
Starting pipeline...

=== Running pipeline with weights: relevance=1.0, diversity=0.0 ===
Starting pipeline for movies train
Train matrix: (671, 1242), Val matrix: (610, 1242)
Training complete. Best epoch: 3, Best train RMSE: 0.9024, Best val RMSE: 1.0280
Training complete. Best epoch: 4, Best train RMSE: 0.8871, Best val RMSE: 1.0271
Training complete. Best epoch: 4, Best train RMSE: 0.8890, Best val RMSE: 1.0262
Training complete. Best epoch: 2, Best train RMSE: 0.8987, Best val RMSE: 1.0286
Training complete. Best epoch: 2, Best train RMSE: 0.8998, Best val RMSE: 1.0277
Training complete. Best epoch: 2, Best train RMSE: 0.9013, Best val RMSE: 1.0268
Training complete. Best epoch: 1, Best train RMSE: 0.9405, Best val RMSE: 1.0287
Training complete. Best epoch: 1, Best train RMSE: 0.9410, Best val RMSE: 1.0278
Training complete. Best epoch: 1, Best train RMSE: 0.9416, Best val RMSE: 1.0269
Best (alpha, lambda) from Stage 1: {'alpha': 0.005, 'lambda_': 0.1}, RMSE=1.0262
Training complete. Best epoch: 4, Best train RMSE: 0.8890, Best val RMSE: 1.0262
Training complete. Best epoch: 4, Best train RMSE: 0.8858, Best val RMSE: 1.0265
Training complete. Best epoch: 4, Best train RMSE: 0.8824, Best val RMSE: 1.0281
Best k from Stage 2: 20, RMSE=1.0262
Best MF params: {'alpha': 0.005, 'lambda_': 0.1, 'k': 20}, RMSE=1.0262
Training complete. Best epoch: 4, Best train RMSE: 0.8890, Best val RMSE: 1.0262
Validation data: 4394 ratings
Item IDs length: 1242
Max column index: 1241
Best lambda: 0.9500000000000001 with score 1.0000
Validation data: 4394 ratings
Item IDs length: 1242
Max column index: 1241
Best lambda: 0.9500000000000001 with score 1.0000
Logged experiment to /ceph/home/student.aau.dk/vo55zp/projects/P5/src/MMR/../datasets/mmr_data/movies/mf_train_experiment_log.csv
Logged experiment to /ceph/home/student.aau.dk/vo55zp/projects/P5/src/MMR/../datasets/mmr_data/movies/2025-12-17_14-21-34/mf_train_100000_loss_history.csv
Logged experiment to /ceph/home/student.aau.dk/vo55zp/projects/P5/src/MMR/../datasets/mmr_data/movies/mmr_train_experiment_log.csv
Logged experiment to /ceph/home/student.aau.dk/vo55zp/projects/P5/src/MMR/../datasets/mmr_data/movies/mmr_train_experiment_log.csv
Pipeline for movies train finished successfully!
Start movies test pipeline 
[DEBUG] Filtered users: 613
[DEBUG] Filtered items: 1242
[DEBUG] Sample users: [2, 3, 4, 5, 6]
[DEBUG] Sample items: ['101', '101362', '1018', '102', '1023']
[DEBUG] Predicted ratings shape: (613, 1242)
[DEBUG] Min/max predicted rating: 1.9010127210592536/5.112896117768185
predicted_ratings.shape: (613, 1242)
R_filtered.shape: (613, 1178)
MF predictions saved: /ceph/home/student.aau.dk/vo55zp/projects/P5/src/MMR/../datasets/mmr_data/movies/2025-12-17_14-21-34/mf_test_100000_top_50.csv
[DEBUG] Top-N CSV rows: 30650
[DEBUG] Unique users in CSV: 613
[DEBUG] Unique items in CSV: 102
[DEBUG] Sample rows:
   userId  rank  itemId  predictedRating
0       2     1     318         4.405279
1       2     2     858         4.384709
2       2     3     527         4.208042
3       2     4     608         4.200962
4       2     5     260         4.193586
[DEBUG] Number of candidate items: 102
[DEBUG] Sample candidate items: ['318', '858', '527', '608', '260']
[DEBUG] predicted_ratings_top_n shape: (613, 102)
[DEBUG] Non-zero entries: 30650
[DEBUG] Max predicted rating: 5.112896117768185
Missing items: {'1688', '2087', '1422', '6440', '1281', '3515', '1888', '57353', '2067', '4951', '1246', '948', '678', '1644', '111759', '2440', '2166', '383', '5139', '640', '841', '2639', '442', '1956', '1633', '2988', '94478', '141', '1162', '612', '8833', '94959', '5902', '421', '988', '1895', '47518', '4232', '1366', '1377', '468', '1369', '2728', '43919', '2012', '742', '1726', '74944', '24', '160', '2771', '932', '547', '976', '56152', '349', '86332', '43936', '2929', '1667', '6620', '4025', '1591', '1997', '870', '61123', '1717', '1370', '1266', '1245', '2059', '3112', '2124', '435', '3763', '1581', '2043', '633', '507', '928', '1429', '56801', '2001', '2516', '2046', '950', '256', '27706', '46976', '539', '36401', '2020', '231', '708', '4441', '806', '8981', '3134', '2261', '54272', '2071', '5881', '1556', '1419', '4837', '586', '1975', '2082', '1992', '606', '32031', '2302', '428', '8195', '2322', '3210', '26614', '927', '3526', '8985', '482', '8129', '455', '219', '2861', '431', '434', '42632', '839', '123', '523', '19', '48385', '53883', '4701', '3699', '4369', '378', '85414', '909', '4587', '2791', '1694', '2989', '687', '2253', '312', '5483', '7091', '4482', '3396', '3033', '3057', '1665', '1427', '3060', '241', '55765', '112460', '3146', '47610', '26810', '426', '5064', '3397', '1735', '2722', '5528', '79008', '3168', '1611', '171', '101', '2890', '6466', '2140', '317', '85', '1702', '272', '2436', '112', '8337', '27674', '2457', '74458', '3418', '168', '613', '15', '838', '218', '8194', '662', '5991', '630', '786', '510', '2193', '1991', '26131', '276', '70', '1913', '544', '4979', '193', '31685', '8874', '3989', '377', '1396', '2044', '6961', '2080', '1631', '2455', '936', '2054', '4970', '6473', '153', '2013', '594', '1835', '338', '1999', '1873', '2143', '3037', '6538', '1616', '1734', '3476', '4643', '429', '4566', '1687', '2010', '2160', '1127', '8987', '2263', '3088', '80241', '254', '475', '917', '65188', '26712', '163', '836', '71254', '31116', '96821', '955', '64499', '4734', '2123', '7347', '596', '798', '800', '1371', '1921', '1537', '2469', '575', '1485', '8860', '26326', '3543', '1939', '44004', '635', '26680', '4351', '4148', '2976', '30793', '2605', '47721', '2433', '1378', '3638', '54503', '4034', '37380', '2687', '2239', '3175', '4928', '1672', '783', '2978', '2084', '1487', '1566', '3011', '170', '21', '1848', '500', '8011', '12', '3176', '42734', '36529', '8016', '4247', '42002', '1783', '1713', '2642', '2447', '1875', '2617', '2690', '53519', '1051', '1265', '122924', '667', '6957', '195', '79553', '2334', '648', '1262', '50189', '2335', '1479', '5620', '88812', '186', '5899', '1629', '2805', '2117', '818', '3577', '802', '452', '5051', '2108', '8363', '2202', '275', '1894', '2567', '55721', '410', '2912', '288', '2993', '4519', '543', '2470', '4638', '502', '2662', '31410', '290', '2616', '590', '5608', '3786', '1683', '2015', '833', '1963', '8645', '1958', '524', '2648', '550', '784', '1950', '3074', '266', '3160', '4443', '1641', '1407', '2132', '3937', '668', '4992', '3527', '158', '30707', '2171', '551', '79', '2749', '248', '2575', '3097', '1949', '1562', '425', '1411', '2139', '2000', '1833', '1934', '1363', '5061', '1985', '45722', '2900', '53435', '2312', '2748', '3110', '32029', '2151', '2097', '691', '2321', '2501', '1834', '1269', '1277', '67087', '54001', '84152', '2759', '1863', '4889', '1092', '41569', '1885', '1552', '849', '7454', '1676', '350', '62', '277', '45186', '74510', '1024', '6641', '27317', '5056', '3556', '308', '4816', '59387', '714', '169', '2003', '942', '31522', '509', '4887', '902', '2668', '3051', '1701', '4254', '1920', '465', '2694', '671', '2428', '90374', '314', '40826', '292', '938', '88744', '2313', '2657', '227', '2009', '83613', '4956', '1635', '2892', '64', '3079', '1589', '4552', '102', '1690', '144', '49396', '424', '494', '25', '3594', '2134', '2125', '7234', '47099', '759', '3004', '4111', '4978', '5680', '609', '2860', '82', '342', '28', '225', '1375', '1882', '5816', '1944', '5147', '203', '74', '33660', '1907', '88', '30', '39414', '4133', '4464', '5', '2085', '69784', '7451', '1951', '466', '3081', '2769', '1441', '56949', '2004', '93855', '25753', '165', '1911', '247', '951', '931', '1627', '2734', '1018', '185', '2111', '3698', '78088', '2282', '337', '565', '2539', '2135', '4234', '2144', '2259', '2701', '8908', '1251', '8373', '36519', '2463', '2779', '2038', '2770', '5187', '173', '4327', '1499', '3536', '605', '2442', '3019', '84944', '4012', '2018', '1785', '58', '32582', '77561', '2924', '765', '6552', '5048', '1636', '440', '3030', '71520', '222', '1673', '80831', '1941', '1586', '1966', '177', '534', '94466', '4344', '1273', '804', '62999', '2005', '2100', '2753', '213', '5961', '3469', '4291', '2148', '22', '52767', '653', '216', '513', '52885', '1103', '207', '303', '2153', '3082', '1978', '2640', '4709', '6436', '3101', '2034', '891', '261', '300', '172', '711', '6373', '3980', '1584', '2699', '53000', '614', '830', '2141', '2104', '132', '327', '3598', '116', '2095', '537', '84601', '647', '1909', '3053', '98491', '1996', '4823', '1253', '949', '467', '2088', '5066', '916', '6936', '364', '14', '1416', '436', '79224', '4703', '89492', '650', '407', '8464', '267', '280', '697', '81847', '1730', '1393', '224', '6978', '3062', '74545', '115210', '249', '331', '1255', '2613', '42011', '788', '5780', '53129', '982', '252', '180', '914', '4031', '2118', '2297', '552', '810', '1948', '31696', '1282', '2371', '4255', '553', '8948', '2048', '73', '390', '2114', '1995', '1792', '546', '3529', '1648', '3547', '637', '1260', '215', '236', '99', '7445', '599', '581', '6283', '27721', '3034', '145', '628', '2287', '95', '1729', '1831', '535', '114060', '4727', '454', '347', '1049', '2142', '490', '2269', '135', '5833', '911', '20', '861', '1923', '334', '3635', '3489', '532', '3177', '2', '2565', '44694', '2262', '3', '1967', '8873', '3117', '1257', '2078', '562', '93840', '1809', '1405', '1248', '38304', '1917', '2788', '588', '1389', '1721', '2817', '2370', '2721', '709', '2122', '2107', '2162', '40629', '1959', '65', '597', '348', '4857', '6058', '11', '3063', '1535', '879', '316', '1892', '2355', '2294', '1858', '58306', '2014', '1653', '3061', '33495', '71282', '2349', '1580', '2348', '2011', '89774', '2789', '3083', '3052', '1440', '8584', '897', '6003', '1722', '8970', '1777', '2787', '26133', '2022', '2232', '329', '44555', '2979', '2882', '322', '673', '1573', '832', '1957', '2069', '4880', '670', '339', '1268', '6078', '423', '6593', '4658', '107406', '1488', '3581', '326', '1414', '3512', '4641', '831', '2155', '5956', '460', '26', '25771', '5686', '4958', '4896', '196', '204', '63859', '74946', '86320', '1541', '34334', '850', '72733', '848', '164', '661', '1965', '805', '587', '8617', '1954', '7090', '2841', '1608', '1639', '26258', '1620', '259', '415', '451', '154', '5481', '2110', '4614', '2610', '8973', '4974', '262', '2133', '8966', '40819', '866', '2099', '299', '2528', '26776', '26842', '1023', '4977', '3173', '892', '3681', '2002', '63876', '986', '3511', '4990', '32444', '1918', '6970', '1841', '3118', '4723', '5729', '1590', '25868', '8371', '540', '7300', '2383', '2577', '2252', '45726', '549', '1093', '8366', '492', '7216', '3114', '881', '799', '437', '8968', '2268', '837', '762', '6947', '4474', '1772', '8368', '85788', '1680', '6535', '107', '8665', '558', '3089', '5060', '62956', '1358', '36527', '2333', '761', '1374', '26111', '481', '1587', '97938', '585', '531', '2116', '2288', '2089', '3701', '471', '4105', '289', '6609', '315', '4480', '1373', '3103', '504', '155', '1588', '1887', '1645', '44022', '5927', '4546', '508', '1964', '1249', '1678', '3479', '1583', '3077', '1271', '74948', '55', '39183', '381', '309', '2966', '522', '5247', '1059', '5319', '84187', '3178', '332', '427', '1367', '1391', '3016', '2105', '1845', '340', '380', '4676', '1791', '4228', '458', '2926', '1924', '105', '2112', '239', '7980', '2266', '81', '35957', '393', '8810', '81229', '5121', '1285', '161', '929', '333', '1927', '2574', '2109', '89', '4279', '1865', '3179', '265', '2752', '4191', '1594', '1599', '3549', '78041', '379', '59', '2115', '694', '18', '46967', '627', '1994', '64983', '1088', '1836', '2459', '4516', '345', '1073', '1372', '2161', '1788', '1615', '6537', '1940', '3565', '8951', '8827', '4520', '198', '2761', '1124', '1597', '41571', '1380', '2017', '33166', '63540', '3090', '101362', '3766', '1091', '2094', '6643', '1807', '59333', '8008', '39446', '1884', '1125', '1544', '86', '1497', '809', '1593', '344', '41566', '842', '1376', '2006', '900', '51540', '480', '1413', '968', '1619', '4975', '780', '104', '175', '388', '2058', '5876', '489', '3035', '3483', '824', '69406', '140174', '616', '253', '2255', '46972', '25750', '2671', '4043', '233', '8984', '441', '6934', '1779', '2033', '8014', '592', '2527', '46335', '8128', '45431', '595', '69'}
MF test predictions saved to: /ceph/home/student.aau.dk/vo55zp/projects/P5/src/MMR/../datasets/mmr_data/movies/2025-12-17_14-21-34/mf_test_100000_predictions.csv
MMR results saved: /ceph/home/student.aau.dk/vo55zp/projects/P5/src/MMR/../datasets/mmr_data/movies/2025-12-17_14-21-34/mmr_test_100000_cosine_top_50.csv
MMR results saved: /ceph/home/student.aau.dk/vo55zp/projects/P5/src/MMR/../datasets/mmr_data/movies/2025-12-17_14-21-34/mmr_test_100000_jaccard_top_50.csv
Pipeline for movies test finished successfully!
Starting pipeline for books train
Train matrix: (1797, 2559), Val matrix: (1584, 2559)
Training complete. Best epoch: 1, Best train RMSE: 0.9815, Best val RMSE: 0.9872
Training complete. Best epoch: 1, Best train RMSE: 0.9817, Best val RMSE: 0.9873
Training complete. Best epoch: 1, Best train RMSE: 0.9818, Best val RMSE: 0.9873
Training complete. Best epoch: 1, Best train RMSE: 0.9638, Best val RMSE: 0.9883
Training complete. Best epoch: 1, Best train RMSE: 0.9640, Best val RMSE: 0.9881
Training complete. Best epoch: 1, Best train RMSE: 0.9643, Best val RMSE: 0.9880
Training complete. Best epoch: 1, Best train RMSE: 0.9449, Best val RMSE: 0.9988
Training complete. Best epoch: 1, Best train RMSE: 0.9452, Best val RMSE: 0.9978
Training complete. Best epoch: 1, Best train RMSE: 0.9456, Best val RMSE: 0.9969
Best (alpha, lambda) from Stage 1: {'alpha': 0.005, 'lambda_': 0.01}, RMSE=0.9872
Training complete. Best epoch: 1, Best train RMSE: 0.9815, Best val RMSE: 0.9872
Training complete. Best epoch: 1, Best train RMSE: 0.9827, Best val RMSE: 0.9889
Training complete. Best epoch: 1, Best train RMSE: 0.9837, Best val RMSE: 0.9896
Best k from Stage 2: 20, RMSE=0.9872
Best MF params: {'alpha': 0.005, 'lambda_': 0.01, 'k': 20}, RMSE=0.9872
Training complete. Best epoch: 1, Best train RMSE: 0.9815, Best val RMSE: 0.9872
Validation data: 9780 ratings
Item IDs length: 2559
Max column index: 2558
Best lambda: 0.75 with score 1.0000
Validation data: 9780 ratings
Item IDs length: 2559
Max column index: 2558
Best lambda: 0.45 with score 1.0000
Logged experiment to /ceph/home/student.aau.dk/vo55zp/projects/P5/src/MMR/../datasets/mmr_data/books/mf_train_experiment_log.csv
Logged experiment to /ceph/home/student.aau.dk/vo55zp/projects/P5/src/MMR/../datasets/mmr_data/books/2025-12-17_14-28-13/mf_train_100000_loss_history.csv
Logged experiment to /ceph/home/student.aau.dk/vo55zp/projects/P5/src/MMR/../datasets/mmr_data/books/mmr_train_experiment_log.csv
Logged experiment to /ceph/home/student.aau.dk/vo55zp/projects/P5/src/MMR/../datasets/mmr_data/books/mmr_train_experiment_log.csv
Pipeline for books train finished successfully!
Start books test pipeline 
[DEBUG] Filtered users: 1581
[DEBUG] Filtered items: 2559
[DEBUG] Sample users: [1, 2, 3, 4, 7]
[DEBUG] Sample items: ['10', '100', '1003', '1005', '1007']
[DEBUG] Predicted ratings shape: (1581, 2559)
[DEBUG] Min/max predicted rating: 2.7483791332442036/4.784876063326
predicted_ratings.shape: (1581, 2559)
R_filtered.shape: (1581, 2529)
MF predictions saved: /ceph/home/student.aau.dk/vo55zp/projects/P5/src/MMR/../datasets/mmr_data/books/2025-12-17_14-28-13/mf_test_100000_top_50.csv
[DEBUG] Top-N CSV rows: 79050
[DEBUG] Unique users in CSV: 1581
[DEBUG] Unique items in CSV: 691
[DEBUG] Sample rows:
   userId  rank  itemId  predictedRating
0       1     1      25         4.310003
1       1     2       4         4.223681
2       1     3      50         4.208968
3       1     4      24         4.177428
4       1     5     102         4.169569
[DEBUG] Number of candidate items: 691
[DEBUG] Sample candidate items: ['25', '4', '50', '24', '102']
[DEBUG] predicted_ratings_top_n shape: (1581, 691)
[DEBUG] Non-zero entries: 79050
[DEBUG] Max predicted rating: 4.784876063326
Missing items: {'1547', '8239', '731', '2240', '2026', '3412', '2601', '3715', '1161', '6917', '675', '57', '3362', '3656', '5385', '2440', '640', '6157', '4571', '876', '5507', '1633', '5162', '8692', '2284', '4893', '3567', '136', '4337', '361', '7295', '7025', '2340', '9132', '2241', '5427', '468', '2521', '4130', '1369', '3533', '1114', '1286', '349', '3871', '1533', '2464', '885', '944', '9663', '8033', '3250', '7092', '1477', '304', '1038', '6536', '1245', '1303', '2124', '6823', '8611', '9995', '4275', '9972', '2604', '2465', '1897', '5014', '4973', '5540', '4104', '2568', '9114', '4622', '5498', '1937', '4317', '4989', '8830', '3672', '9642', '961', '114', '1649', '3210', '8898', '9172', '9156', '1763', '3111', '2098', '501', '1150', '455', '4298', '5980', '7872', '4729', '5782', '7522', '3978', '6326', '6604', '1048', '1694', '2798', '5232', '5617', '3930', '4482', '8080', '4574', '9623', '3029', '4289', '3255', '4985', '1735', '7119', '9626', '9021', '5491', '526', '9048', '1199', '33', '7277', '4565', '6235', '1662', '78', '2150', '4636', '4553', '5889', '560', '2379', '7923', '838', '5306', '395', '3124', '8588', '6791', '6439', '281', '3428', '7785', '3417', '6402', '3561', '977', '377', '5751', '4713', '688', '6189', '2586', '6777', '336', '936', '5273', '4965', '1222', '8275', '1862', '6274', '8099', '49', '178', '2013', '1436', '7558', '1999', '1873', '3291', '7887', '343', '3476', '9639', '6064', '1250', '2351', '1839', '2010', '6011', '6475', '4064', '3510', '1825', '474', '1987', '6895', '3133', '8026', '8625', '890', '9748', '2123', '7347', '4842', '7810', '3911', '3353', '1537', '1448', '8868', '1171', '5978', '635', '5797', '2416', '3531', '2433', '1378', '3638', '6954', '9675', '1431', '6916', '439', '9985', '3141', '5120', '9860', '6014', '5192', '2952', '1314', '3954', '5398', '3011', '1311', '2857', '2328', '1713', '2296', '2280', '8697', '2755', '4127', '1204', '5229', '1878', '2862', '4042', '2846', '8878', '4899', '700', '1746', '8071', '4663', '1423', '1296', '2202', '6180', '8156', '5347', '6391', '288', '3501', '5907', '8012', '997', '3643', '4057', '2015', '3140', '833', '8289', '5374', '2286', '3482', '1963', '784', '6259', '3997', '3344', '9253', '6104', '1641', '3937', '2544', '1298', '138', '6775', '79', '3990', '5935', '3817', '8731', '5114', '860', '411', '2045', '1411', '1014', '4872', '7556', '1434', '6457', '2136', '1758', '2029', '1802', '3212', '4514', '4345', '6715', '3364', '6399', '5081', '1280', '1681', '5911', '6354', '691', '5244', '211', '5443', '883', '6615', '2643', '2963', '5316', '3834', '8512', '1863', '2513', '666', '1362', '2914', '6212', '6728', '1885', '7490', '2278', '849', '7454', '1191', '1676', '1258', '3551', '3828', '5028', '5707', '887', '4265', '3200', '6701', '3556', '308', '8093', '1418', '5969', '3247', '2807', '6324', '7476', '1193', '5800', '3597', '3000', '671', '4567', '1213', '2127', '3676', '864', '1131', '4444', '1993', '4936', '3853', '227', '9978', '4660', '457', '5176', '5128', '1234', '3560', '529', '5181', '5195', '7251', '664', '9469', '609', '2860', '3933', '82', '4753', '2228', '28', '2552', '305', '4383', '8818', '4924', '1520', '74', '625', '4106', '2632', '3171', '3568', '5', '9722', '8867', '2556', '5661', '71', '1536', '165', '1463', '3099', '242', '8047', '2553', '247', '951', '6716', '7592', '8956', '111', '6407', '1018', '2271', '1925', '5138', '5277', '2277', '4363', '873', '7647', '8623', '6914', '2539', '2135', '967', '2701', '9217', '3443', '4671', '5187', '1217', '212', '3782', '6307', '1294', '321', '6182', '5003', '7372', '2706', '75', '1752', '8154', '4794', '5141', '1812', '209', '1561', '9424', '9761', '4139', '176', '1586', '4608', '1675', '7826', '5648', '804', '6299', '9303', '3258', '8651', '969', '1605', '1719', '8859', '1305', '4190', '22', '3929', '653', '5355', '5525', '803', '1103', '207', '8792', '9175', '1420', '464', '1727', '2640', '5068', '5173', '2034', '8075', '5743', '4915', '197', '132', '3598', '116', '3758', '6417', '1741', '1509', '1163', '6144', '2820', '387', '1996', '4455', '949', '8795', '7052', '972', '5388', '6230', '6322', '14', '3047', '436', '5037', '1953', '1974', '5155', '1107', '4938', '8439', '4584', '1960', '3769', '3903', '1189', '2047', '3918', '3973', '1145', '1622', '7149', '2165', '6195', '499', '5189', '4512', '2695', '8403', '693', '331', '3657', '1255', '1317', '2056', '5550', '5304', '4181', '8790', '4014', '4865', '737', '701', '1186', '2343', '1656', '180', '5748', '3640', '1351', '519', '4578', '8696', '1185', '6587', '9317', '4525', '546', '1624', '3547', '637', '7721', '1260', '2808', '3585', '9300', '639', '4793', '8103', '5932', '846', '2718', '3034', '3151', '5733', '9171', '2938', '4688', '2615', '659', '7519', '347', '847', '9645', '3022', '9404', '1923', '4240', '8023', '4517', '8175', '4067', '3', '9890', '725', '8873', '2931', '4009', '5203', '865', '1426', '1138', '1938', '4603', '5536', '582', '3136', '6393', '3206', '5237', '1555', '8471', '8854', '6276', '1762', '8053', '588', '1389', '8055', '6533', '5287', '2122', '4634', '1288', '2362', '7306', '2965', '6959', '1892', '3963', '2498', '2355', '878', '6320', '1797', '2014', '1908', '1312', '3936', '4534', '1580', '2052', '2644', '4196', '6007', '8857', '3066', '7970', '2324', '200', '29', '360', '4820', '5041', '5500', '819', '3419', '493', '5905', '897', '2073', '2787', '8448', '9014', '8079', '3832', '1573', '4475', '1128', '686', '3856', '2069', '2597', '4394', '4880', '670', '122', '6078', '6593', '6829', '785', '3092', '120', '5495', '1970', '6835', '23', '255', '268', '4103', '652', '7991', '357', '26', '3580', '4555', '5100', '1085', '4612', '5792', '45', '448', '4258', '848', '5095', '4390', '8805', '6364', '2827', '2186', '4188', '8633', '2174', '587', '1153', '572', '5950', '4065', '9102', '2561', '4052', '3377', '271', '4614', '118', '8038', '6410', '773', '8737', '8966', '6181', '1931', '5431', '2002', '3569', '1332', '7471', '1768', '1105', '986', '6273', '4592', '8975', '7232', '3831', '1922', '8329', '715', '5700', '5030', '8366', '1368', '2462', '574', '881', '2936', '799', '1079', '2197', '1350', '5007', '8269', '9405', '777', '9671', '2159', '1117', '4630', '1915', '107', '3375', '7501', '1796', '2025', '7170', '7053', '4485', '2458', '8067', '8214', '2573', '7631', '97', '1120', '531', '1864', '1184', '1233', '2873', '7418', '369', '2235', '471', '4955', '6188', '6898', '6184', '7668', '4768', '386', '1887', '1645', '2425', '508', '706', '7327', '963', '6752', '4004', '1249', '6308', '4526', '3785', '9849', '3713', '381', '9758', '919', '703', '127', '4598', '1146', '1267', '3108', '3016', '6304', '2489', '1844', '3304', '9631', '2066', '8142', '239', '9116', '44', '6130', '8236', '3131', '929', '4828', '5742', '1518', '3974', '8233', '2184', '3806', '243', '9180', '4392', '5758', '2939', '131', '4171', '345', '1073', '5629', '223', '2954', '1301', '4112', '2519', '3764', '705', '5446', '5297', '1989', '1388', '2163', '1124', '7651', '8465', '3452', '5458', '6975', '487', '2213', '2250', '8433', '1643', '9070', '2737', '7080', '2049', '86', '1593', '8806', '3126', '3219', '3700', '495', '2062', '4531', '6272', '1709', '6183', '388', '6530', '4877', '741', '894', '8460', '4018', '408', '824', '3540', '6802', '2323', '2671', '2354', '651', '5215', '595', '542', '5627', '6440', '4151', '4473', '571', '3138', '1506', '1083', '3894', '2603', '1246', '3795', '1711', '918', '1900', '1644', '3076', '383', '4579', '2229', '6619', '2766', '4138', '4328', '1956', '3899', '3948', '9577', '298', '612', '4848', '2508', '503', '4081', '5558', '1928', '2215', '602', '3098', '2012', '9554', '1582', '4079', '160', '2505', '1421', '4680', '547', '1084', '3797', '3791', '7855', '5861', '1591', '870', '5238', '9461', '8039', '1976', '1266', '4422', '417', '6928', '2600', '3349', '9810', '2043', '9966', '9395', '633', '2214', '6521', '3497', '6257', '935', '2738', '708', '7214', '1144', '2128', '3998', '959', '5589', '2338', '966', '4551', '2074', '1975', '293', '2302', '9772', '4421', '5057', '908', '7208', '2406', '1570', '478', '6695', '4756', '4670', '3609', '431', '839', '123', '576', '5343', '3820', '8849', '3699', '4369', '2730', '2989', '687', '895', '2977', '1151', '108', '9962', '6729', '5263', '3352', '3033', '1384', '1427', '6944', '1733', '1806', '4187', '5947', '426', '1037', '7155', '8847', '3137', '6607', '1272', '2285', '2645', '573', '310', '1139', '2415', '1208', '9343', '2524', '5386', '272', '2994', '3127', '2802', '9290', '1465', '786', '1872', '2193', '4758', '4260', '1650', '2559', '7309', '1659', '3688', '1913', '5150', '6727', '9764', '718', '3884', '4027', '1435', '1343', '518', '6150', '269', '5730', '6844', '5326', '52', '6524', '8401', '2732', '7907', '5639', '1936', '594', '1835', '2651', '569', '477', '7856', '429', '1444', '5042', '5024', '4068', '6087', '4726', '5853', '7622', '6665', '2852', '955', '596', '1618', '798', '6889', '3566', '77', '6319', '575', '6284', '1847', '5463', '5667', '356', '1031', '3904', '7496', '1955', '8928', '2239', '1972', '5517', '9863', '9302', '1751', '2426', '4149', '770', '1566', '170', '4862', '500', '2679', '646', '9103', '9579', '1625', '3790', '1099', '2677', '8491', '9576', '577', '9717', '641', '4016', '1262', '7822', '1601', '7646', '3311', '1270', '8779', '2028', '934', '8084', '6561', '2782', '5051', '35', '7684', '7410', '8704', '6369', '410', '8814', '3468', '826', '4763', '4638', '3776', '9095', '2616', '590', '2344', '1857', '3979', '2554', '1910', '6902', '3163', '8891', '4548', '7755', '952', '3142', '3439', '1379', '7336', '901', '266', '1986', '3262', '5508', '1407', '3407', '6787', '5903', '4236', '9236', '7806', '768', '5582', '60', '9921', '2809', '5890', '3234', '3620', '1949', '7662', '425', '6009', '7934', '9215', '2075', '3399', '4047', '5704', '2368', '6870', '9793', '1771', '9691', '5394', '2501', '6579', '8516', '1269', '1277', '5934', '3675', '6448', '1698', '8870', '1175', '3048', '730', '3923', '6389', '3804', '5295', '690', '763', '1089', '3600', '2821', '497', '5027', '9990', '3359', '413', '7830', '2030', '4797', '7292', '2760', '3464', '465', '9402', '1853', '194', '1160', '2023', '9081', '1063', '4348', '2985', '2657', '7748', '8742', '375', '3156', '710', '5727', '2892', '557', '8334', '6996', '626', '3070', '3792', '1589', '3079', '4434', '2452', '7864', '2403', '7430', '1549', '6588', '5220', '1021', '5349', '8446', '3552', '3340', '4978', '8199', '9397', '2242', '8750', '1856', '6148', '6278', '2041', '8355', '354', '1121', '6121', '2304', '4944', '358', '898', '7997', '8787', '6334', '1113', '1677', '4691', '2825', '2233', '2365', '608', '1392', '1916', '1178', '7205', '2594', '238', '4294', '7003', '726', '4838', '8412', '5395', '699', '9287', '5402', '8432', '9006', '2259', '5763', '2341', '1159', '2770', '1457', '6539', '4870', '258', '5928', '4695', '397', '5076', '1785', '2991', '58', '1748', '2806', '2666', '2924', '1501', '3072', '3306', '366', '3406', '2192', '5983', '7246', '7571', '4400', '7117', '6998', '4268', '2536', '2786', '237', '5073', '9', '9625', '1053', '5961', '538', '5860', '3469', '3338', '5456', '2148', '4221', '53', '755', '109', '5317', '1318', '2131', '8896', '3007', '5809', '9866', '3642', '891', '261', '733', '479', '2973', '7145', '3957', '2950', '4810', '130', '3106', '1592', '8416', '5855', '9083', '2658', '3500', '3760', '1123', '63', '453', '5665', '916', '1224', '1337', '5668', '4005', '1703', '3608', '5734', '83', '650', '407', '1057', '2299', '3085', '853', '5554', '1155', '867', '5571', '9670', '4251', '1094', '1005', '8767', '9176', '6481', '1206', '2540', '7379', '704', '8309', '1657', '5122', '552', '9946', '1486', '402', '2371', '4192', '553', '4528', '390', '1792', '6038', '6726', '1458', '1525', '855', '3027', '6079', '1973', '3794', '5253', '599', '604', '5865', '450', '6454', '145', '628', '6359', '2878', '1843', '4359', '4727', '4645', '7683', '454', '7311', '2621', '790', '3333', '9513', '2815', '8150', '911', '2478', '5019', '3635', '3205', '6277', '401', '3177', '1967', '8931', '3398', '2794', '2398', '2883', '1445', '767', '5936', '6348', '1135', '1447', '306', '2514', '4788', '2618', '4429', '3296', '264', '1248', '9737', '5029', '3172', '9628', '5423', '660', '1714', '9243', '3818', '2595', '3889', '2107', '696', '2673', '9927', '9045', '3036', '6589', '879', '6553', '1685', '1348', '6857', '8445', '1858', '2024', '6306', '2650', '3197', '4733', '3061', '5568', '674', '1261', '5290', '1137', '3869', '6201', '1167', '2710', '4160', '284', '3965', '4972', '2811', '2875', '9078', '3392', '228', '301', '8591', '611', '5013', '1500', '142', '1430', '1461', '5330', '1149', '1957', '2507', '622', '2750', '903', '341', '629', '4658', '6820', '4182', '7316', '1414', '3767', '4471', '8523', '1133', '2155', '3485', '1526', '6648', '3573', '9204', '204', '7749', '781', '430', '953', '46', '7453', '1279', '1954', '3811', '7540', '4119', '451', '2110', '205', '5615', '2039', '727', '4325', '2352', '1691', '8157', '3455', '3511', '3966', '9024', '2279', '2298', '4513', '6070', '9707', '6390', '1590', '1061', '1381', '221', '8264', '92', '9363', '2557', '2252', '1725', '6566', '549', '68', '1459', '492', '658', '6813', '4309', '7794', '2680', '2156', '568', '762', '2408', '1772', '1680', '5630', '5775', '1498', '7469', '1364', '5992', '3548', '1019', '1158', '6742', '2757', '5948', '913', '2608', '1015', '3692', '4716', '1571', '753', '3705', '3913', '3995', '4647', '2089', '2746', '2224', '1521', '1119', '8456', '7840', '5160', '4994', '6096', '315', '1373', '1564', '8295', '4287', '9830', '4118', '2747', '782', '925', '1739', '1432', '484', '1218', '1678', '3077', '5010', '420', '282', '5448', '4284', '9516', '6512', '778', '9754', '521', '2320', '6496', '6469', '8457', '8083', '380', '1791', '1112', '3065', '2188', '2387', '4244', '1327', '2926', '9311', '2347', '5158', '3379', '7429', '2623', '1033', '1755', '8920', '4085', '854', '1927', '1221', '3128', '5239', '5863', '8316', '1865', '287', '2177', '270', '1567', '5145', '6342', '2944', '9239', '2172', '2674', '9961', '5115', '3273', '2584', '2315', '1202', '7820', '2491', '8951', '6999', '6808', '2419', '2920', '559', '6382', '6185', '7961', '5545', '5305', '3310', '3203', '3564', '1315', '5818', '5084', '1216', '1569', '3090', '7026', '851', '4316', '4836', '273', '5723', '900', '148', '3322', '7893', '398', '6336', '3374', '489', '461', '4850', '9667', '9686', '3703', '3504', '5691', '3018', '616', '3381', '40', '1236', '3646', '6934', '6892', '5858', '8915', '6644', '1454', '8801'}
MF test predictions saved to: /ceph/home/student.aau.dk/vo55zp/projects/P5/src/MMR/../datasets/mmr_data/books/2025-12-17_14-28-13/mf_test_100000_predictions.csv
MMR results saved: /ceph/home/student.aau.dk/vo55zp/projects/P5/src/MMR/../datasets/mmr_data/books/2025-12-17_14-28-13/mmr_test_100000_cosine_top_50.csv
MMR results saved: /ceph/home/student.aau.dk/vo55zp/projects/P5/src/MMR/../datasets/mmr_data/books/2025-12-17_14-28-13/mmr_test_100000_jaccard_top_50.csv
Pipeline for books test finished successfully!
