Running on ailab-l4-06
Start time: Mon Dec 15 00:40:56 CET 2025
Activating virtual environment...
Python path: /ceph/home/student.aau.dk/vo55zp/projects/P5/venv/bin/python3
Python version: Python 3.10.12
Running on ailab-l4-06
Start time: Mon Dec 15 00:40:56 CET 2025
Starting pipeline...

=== Running pipeline with weights: relevance=1.0, diversity=0.0 ===
Starting pipeline for books train
Train matrix: (1797, 2559), Val matrix: (1584, 2559)
Best MF params: {'k': 60, 'alpha': 0.005, 'lambda_': 0.2}, RMSE=1.0263
Validation data: 9780 ratings
Item IDs length: 2559
Max column index: 2558
Best lambda: 0.0 with score 1.0000
Validation data: 9780 ratings
Item IDs length: 2559
Max column index: 2558
Best lambda: 0.0 with score 1.0000
Logged experiment to /ceph/home/student.aau.dk/vo55zp/projects/P5/src/MMR/../datasets/mmr_data/books/mf_train_experiment_log.csv
Logged experiment to /ceph/home/student.aau.dk/vo55zp/projects/P5/src/MMR/../datasets/mmr_data/books/2025-12-15_00-40-58/mf_train_100000_loss_history.csv
Logged experiment to /ceph/home/student.aau.dk/vo55zp/projects/P5/src/MMR/../datasets/mmr_data/books/mmr_train_experiment_log.csv
Logged experiment to /ceph/home/student.aau.dk/vo55zp/projects/P5/src/MMR/../datasets/mmr_data/books/mmr_train_experiment_log.csv
Pipeline for books train finished successfully!
Start books test pipeline 
MF predictions saved: /ceph/home/student.aau.dk/vo55zp/projects/P5/src/MMR/../datasets/mmr_data/books/2025-12-15_00-40-58/mf_test_100000_top_50.csv
MF test predictions saved to: /ceph/home/student.aau.dk/vo55zp/projects/P5/src/MMR/../datasets/mmr_data/books/2025-12-15_00-40-58/mf_test_100000_predictions.csv
MMR results saved: /ceph/home/student.aau.dk/vo55zp/projects/P5/src/MMR/../datasets/mmr_data/books/2025-12-15_00-40-58/mmr_test_100000_cosine_top_50.csv
MMR results saved: /ceph/home/student.aau.dk/vo55zp/projects/P5/src/MMR/../datasets/mmr_data/books/2025-12-15_00-40-58/mmr_test_100000_jaccard_top_50.csv
Log MMR data
Pipeline for books test finished successfully!

=== Running pipeline with weights: relevance=0.8, diversity=0.2 ===
Starting pipeline for books train
Train matrix: (1797, 2559), Val matrix: (1584, 2559)
Best MF params: {'k': 60, 'alpha': 0.005, 'lambda_': 0.2}, RMSE=1.0263
Validation data: 9780 ratings
Item IDs length: 2559
Max column index: 2558
Best lambda: 0.0 with score 1.0000
Validation data: 9780 ratings
Item IDs length: 2559
Max column index: 2558
Best lambda: 0.0 with score 1.0000
Logged experiment to /ceph/home/student.aau.dk/vo55zp/projects/P5/src/MMR/../datasets/mmr_data/books/mf_train_experiment_log.csv
Logged experiment to /ceph/home/student.aau.dk/vo55zp/projects/P5/src/MMR/../datasets/mmr_data/books/2025-12-15_01-14-44/mf_train_100000_loss_history.csv
Logged experiment to /ceph/home/student.aau.dk/vo55zp/projects/P5/src/MMR/../datasets/mmr_data/books/mmr_train_experiment_log.csv
Logged experiment to /ceph/home/student.aau.dk/vo55zp/projects/P5/src/MMR/../datasets/mmr_data/books/mmr_train_experiment_log.csv
Pipeline for books train finished successfully!
Start books test pipeline 
MF predictions saved: /ceph/home/student.aau.dk/vo55zp/projects/P5/src/MMR/../datasets/mmr_data/books/2025-12-15_01-14-44/mf_test_100000_top_50.csv
MF test predictions saved to: /ceph/home/student.aau.dk/vo55zp/projects/P5/src/MMR/../datasets/mmr_data/books/2025-12-15_01-14-44/mf_test_100000_predictions.csv
MMR results saved: /ceph/home/student.aau.dk/vo55zp/projects/P5/src/MMR/../datasets/mmr_data/books/2025-12-15_01-14-44/mmr_test_100000_cosine_top_50.csv
MMR results saved: /ceph/home/student.aau.dk/vo55zp/projects/P5/src/MMR/../datasets/mmr_data/books/2025-12-15_01-14-44/mmr_test_100000_jaccard_top_50.csv
Log MMR data
Pipeline for books test finished successfully!

=== Running pipeline with weights: relevance=0.6, diversity=0.4 ===
Starting pipeline for books train
Train matrix: (1797, 2559), Val matrix: (1584, 2559)
Best MF params: {'k': 60, 'alpha': 0.005, 'lambda_': 0.2}, RMSE=1.0263
Validation data: 9780 ratings
Item IDs length: 2559
Max column index: 2558
Best lambda: 0.0 with score 1.0000
Validation data: 9780 ratings
Item IDs length: 2559
Max column index: 2558
Best lambda: 0.0 with score 1.0000
Logged experiment to /ceph/home/student.aau.dk/vo55zp/projects/P5/src/MMR/../datasets/mmr_data/books/mf_train_experiment_log.csv
Logged experiment to /ceph/home/student.aau.dk/vo55zp/projects/P5/src/MMR/../datasets/mmr_data/books/2025-12-15_01-48-29/mf_train_100000_loss_history.csv
Logged experiment to /ceph/home/student.aau.dk/vo55zp/projects/P5/src/MMR/../datasets/mmr_data/books/mmr_train_experiment_log.csv
Logged experiment to /ceph/home/student.aau.dk/vo55zp/projects/P5/src/MMR/../datasets/mmr_data/books/mmr_train_experiment_log.csv
Pipeline for books train finished successfully!
Start books test pipeline 
MF predictions saved: /ceph/home/student.aau.dk/vo55zp/projects/P5/src/MMR/../datasets/mmr_data/books/2025-12-15_01-48-29/mf_test_100000_top_50.csv
MF test predictions saved to: /ceph/home/student.aau.dk/vo55zp/projects/P5/src/MMR/../datasets/mmr_data/books/2025-12-15_01-48-29/mf_test_100000_predictions.csv
MMR results saved: /ceph/home/student.aau.dk/vo55zp/projects/P5/src/MMR/../datasets/mmr_data/books/2025-12-15_01-48-29/mmr_test_100000_cosine_top_50.csv
MMR results saved: /ceph/home/student.aau.dk/vo55zp/projects/P5/src/MMR/../datasets/mmr_data/books/2025-12-15_01-48-29/mmr_test_100000_jaccard_top_50.csv
Log MMR data
Pipeline for books test finished successfully!

=== Running pipeline with weights: relevance=0.5, diversity=0.5 ===
Starting pipeline for books train
Train matrix: (1797, 2559), Val matrix: (1584, 2559)
Best MF params: {'k': 60, 'alpha': 0.005, 'lambda_': 0.2}, RMSE=1.0263
Validation data: 9780 ratings
Item IDs length: 2559
Max column index: 2558
Best lambda: 0.0 with score 1.0000
Validation data: 9780 ratings
Item IDs length: 2559
Max column index: 2558
Best lambda: 0.0 with score 1.0000
Logged experiment to /ceph/home/student.aau.dk/vo55zp/projects/P5/src/MMR/../datasets/mmr_data/books/mf_train_experiment_log.csv
Logged experiment to /ceph/home/student.aau.dk/vo55zp/projects/P5/src/MMR/../datasets/mmr_data/books/2025-12-15_02-22-16/mf_train_100000_loss_history.csv
Logged experiment to /ceph/home/student.aau.dk/vo55zp/projects/P5/src/MMR/../datasets/mmr_data/books/mmr_train_experiment_log.csv
Logged experiment to /ceph/home/student.aau.dk/vo55zp/projects/P5/src/MMR/../datasets/mmr_data/books/mmr_train_experiment_log.csv
Pipeline for books train finished successfully!
Start books test pipeline 
MF predictions saved: /ceph/home/student.aau.dk/vo55zp/projects/P5/src/MMR/../datasets/mmr_data/books/2025-12-15_02-22-16/mf_test_100000_top_50.csv
MF test predictions saved to: /ceph/home/student.aau.dk/vo55zp/projects/P5/src/MMR/../datasets/mmr_data/books/2025-12-15_02-22-16/mf_test_100000_predictions.csv
MMR results saved: /ceph/home/student.aau.dk/vo55zp/projects/P5/src/MMR/../datasets/mmr_data/books/2025-12-15_02-22-16/mmr_test_100000_cosine_top_50.csv
MMR results saved: /ceph/home/student.aau.dk/vo55zp/projects/P5/src/MMR/../datasets/mmr_data/books/2025-12-15_02-22-16/mmr_test_100000_jaccard_top_50.csv
Log MMR data
Pipeline for books test finished successfully!

=== Running pipeline with weights: relevance=0.4, diversity=0.6 ===
Starting pipeline for books train
Train matrix: (1797, 2559), Val matrix: (1584, 2559)
Best MF params: {'k': 60, 'alpha': 0.005, 'lambda_': 0.2}, RMSE=1.0263
Validation data: 9780 ratings
Item IDs length: 2559
Max column index: 2558
Best lambda: 0.0 with score 1.0000
Validation data: 9780 ratings
Item IDs length: 2559
Max column index: 2558
Best lambda: 0.0 with score 1.0000
Logged experiment to /ceph/home/student.aau.dk/vo55zp/projects/P5/src/MMR/../datasets/mmr_data/books/mf_train_experiment_log.csv
Logged experiment to /ceph/home/student.aau.dk/vo55zp/projects/P5/src/MMR/../datasets/mmr_data/books/2025-12-15_02-55-08/mf_train_100000_loss_history.csv
Logged experiment to /ceph/home/student.aau.dk/vo55zp/projects/P5/src/MMR/../datasets/mmr_data/books/mmr_train_experiment_log.csv
Logged experiment to /ceph/home/student.aau.dk/vo55zp/projects/P5/src/MMR/../datasets/mmr_data/books/mmr_train_experiment_log.csv
Pipeline for books train finished successfully!
Start books test pipeline 
MF predictions saved: /ceph/home/student.aau.dk/vo55zp/projects/P5/src/MMR/../datasets/mmr_data/books/2025-12-15_02-55-08/mf_test_100000_top_50.csv
MF test predictions saved to: /ceph/home/student.aau.dk/vo55zp/projects/P5/src/MMR/../datasets/mmr_data/books/2025-12-15_02-55-08/mf_test_100000_predictions.csv
MMR results saved: /ceph/home/student.aau.dk/vo55zp/projects/P5/src/MMR/../datasets/mmr_data/books/2025-12-15_02-55-08/mmr_test_100000_cosine_top_50.csv
MMR results saved: /ceph/home/student.aau.dk/vo55zp/projects/P5/src/MMR/../datasets/mmr_data/books/2025-12-15_02-55-08/mmr_test_100000_jaccard_top_50.csv
Log MMR data
Pipeline for books test finished successfully!

=== Running pipeline with weights: relevance=0.2, diversity=0.8 ===
Starting pipeline for books train
Train matrix: (1797, 2559), Val matrix: (1584, 2559)
Best MF params: {'k': 60, 'alpha': 0.005, 'lambda_': 0.2}, RMSE=1.0263
Validation data: 9780 ratings
Item IDs length: 2559
Max column index: 2558
Best lambda: 0.0 with score 1.0000
Validation data: 9780 ratings
Item IDs length: 2559
Max column index: 2558
Best lambda: 0.0 with score 1.0000
Logged experiment to /ceph/home/student.aau.dk/vo55zp/projects/P5/src/MMR/../datasets/mmr_data/books/mf_train_experiment_log.csv
Logged experiment to /ceph/home/student.aau.dk/vo55zp/projects/P5/src/MMR/../datasets/mmr_data/books/2025-12-15_03-27-06/mf_train_100000_loss_history.csv
Logged experiment to /ceph/home/student.aau.dk/vo55zp/projects/P5/src/MMR/../datasets/mmr_data/books/mmr_train_experiment_log.csv
Logged experiment to /ceph/home/student.aau.dk/vo55zp/projects/P5/src/MMR/../datasets/mmr_data/books/mmr_train_experiment_log.csv
Pipeline for books train finished successfully!
Start books test pipeline 
MF predictions saved: /ceph/home/student.aau.dk/vo55zp/projects/P5/src/MMR/../datasets/mmr_data/books/2025-12-15_03-27-06/mf_test_100000_top_50.csv
MF test predictions saved to: /ceph/home/student.aau.dk/vo55zp/projects/P5/src/MMR/../datasets/mmr_data/books/2025-12-15_03-27-06/mf_test_100000_predictions.csv
MMR results saved: /ceph/home/student.aau.dk/vo55zp/projects/P5/src/MMR/../datasets/mmr_data/books/2025-12-15_03-27-06/mmr_test_100000_cosine_top_50.csv
MMR results saved: /ceph/home/student.aau.dk/vo55zp/projects/P5/src/MMR/../datasets/mmr_data/books/2025-12-15_03-27-06/mmr_test_100000_jaccard_top_50.csv
Log MMR data
Pipeline for books test finished successfully!

=== Running pipeline with weights: relevance=0.0, diversity=1.0 ===
Starting pipeline for books train
Train matrix: (1797, 2559), Val matrix: (1584, 2559)
Best MF params: {'k': 60, 'alpha': 0.005, 'lambda_': 0.2}, RMSE=1.0263
Validation data: 9780 ratings
Item IDs length: 2559
Max column index: 2558
Best lambda: 0.0 with score 1.0000
Validation data: 9780 ratings
Item IDs length: 2559
Max column index: 2558
Best lambda: 0.0 with score 1.0000
Logged experiment to /ceph/home/student.aau.dk/vo55zp/projects/P5/src/MMR/../datasets/mmr_data/books/mf_train_experiment_log.csv
Logged experiment to /ceph/home/student.aau.dk/vo55zp/projects/P5/src/MMR/../datasets/mmr_data/books/2025-12-15_03-59-15/mf_train_100000_loss_history.csv
Logged experiment to /ceph/home/student.aau.dk/vo55zp/projects/P5/src/MMR/../datasets/mmr_data/books/mmr_train_experiment_log.csv
Logged experiment to /ceph/home/student.aau.dk/vo55zp/projects/P5/src/MMR/../datasets/mmr_data/books/mmr_train_experiment_log.csv
Pipeline for books train finished successfully!
Start books test pipeline 
MF predictions saved: /ceph/home/student.aau.dk/vo55zp/projects/P5/src/MMR/../datasets/mmr_data/books/2025-12-15_03-59-15/mf_test_100000_top_50.csv
MF test predictions saved to: /ceph/home/student.aau.dk/vo55zp/projects/P5/src/MMR/../datasets/mmr_data/books/2025-12-15_03-59-15/mf_test_100000_predictions.csv
MMR results saved: /ceph/home/student.aau.dk/vo55zp/projects/P5/src/MMR/../datasets/mmr_data/books/2025-12-15_03-59-15/mmr_test_100000_cosine_top_50.csv
MMR results saved: /ceph/home/student.aau.dk/vo55zp/projects/P5/src/MMR/../datasets/mmr_data/books/2025-12-15_03-59-15/mmr_test_100000_jaccard_top_50.csv
Log MMR data
Pipeline for books test finished successfully!
