Running on ailab-l4-02
Start time: Wed Dec 10 21:36:54 CET 2025
Activating virtual environment...
Python path: /ceph/home/student.aau.dk/la15yk/p5_env/bin/python3
Python version: Python 3.10.12
Running on ailab-l4-02
Start time: Wed Dec 10 21:36:54 CET 2025
Starting pipeline...
Starting pipeline for books train
Best MF params: {'k': 40, 'alpha': 0.02, 'lambda_': 0.2}, RMSE=0.8774
→ Training Matrix Factorization...
→ Building DPP models...
DPP model build time: 0.01 sec
Matrix alignment time: 0.01 sec
Done DPP for cosine
DPP cosine runtime: 43.66 sec
Done DPP for jaccard
DPP jaccard runtime: 33.84 sec
TOTAL DPP pipeline time: 77.52 sec
DPP TRAIN pipeline completed successfully!
Start books test pipeline 
Filtered users: 370, Filtered items: 258
MF predictions saved: /ceph/home/student.aau.dk/la15yk/P5/src/DPP/../datasets/dpp_data/books/2025-12-10_21-37-31/mf_test_100000_top_10.csv
MF test predictions saved to: /ceph/home/student.aau.dk/la15yk/P5/src/DPP/../datasets/dpp_data/books/2025-12-10_21-37-31/mf_test_100000_predictions.csv
Done DPP for cosine
Done DPP for jaccard
MF test predictions saved to: /ceph/home/student.aau.dk/la15yk/P5/src/DPP/../datasets/dpp_data/books/2025-12-10_21-37-31/dpp_test_100000_cosine_top_10.csv
DONE with DPP :)
MF test predictions saved to: /ceph/home/student.aau.dk/la15yk/P5/src/DPP/../datasets/dpp_data/books/2025-12-10_21-37-31/dpp_test_100000_jaccard_top_10.csv
DONE with DPP :)
DPP TEST pipeline completed successfully!
End time: Wed Dec 10 21:44:43 CET 2025
