Running on ailab-l4-01
Start time: Wed Dec 10 17:02:17 CET 2025
Activating virtual environment...
Python path: /ceph/home/student.aau.dk/la15yk/p5_env/bin/python3
Python version: Python 3.10.12
Running on ailab-l4-01
Start time: Wed Dec 10 17:02:17 CET 2025
Starting pipeline...
Starting pipeline for books train
Best MF params: {'k': 40, 'alpha': 0.005, 'lambda_': 0.1}, RMSE=0.8865
→ Training Matrix Factorization...
→ Building DPP models...
DPP model build time: 0.55 sec
Matrix alignment time: 0.18 sec
Done DPP for cosine
DPP cosine runtime: 1187.22 sec
Done DPP for jaccard
DPP jaccard runtime: 1179.06 sec
TOTAL DPP pipeline time: 2367.02 sec
DPP TRAIN pipeline completed successfully!
Start books test pipeline 
Filtered users: 1493, Filtered items: 1819
MF predictions saved: /ceph/home/student.aau.dk/la15yk/P5/src/DPP/../datasets/dpp_data/books/2025-12-10_17-02-51/mf_test_100000_top_10.csv
MF test predictions saved to: /ceph/home/student.aau.dk/la15yk/P5/src/DPP/../datasets/dpp_data/books/2025-12-10_17-02-51/mf_test_100000_predictions.csv
Done DPP for cosine
Done DPP for jaccard
MF test predictions saved to: /ceph/home/student.aau.dk/la15yk/P5/src/DPP/../datasets/dpp_data/books/2025-12-10_17-02-51/dpp_test_100000_cosine_top_10.csv
DONE with DPP :)
MF test predictions saved to: /ceph/home/student.aau.dk/la15yk/P5/src/DPP/../datasets/dpp_data/books/2025-12-10_17-02-51/dpp_test_100000_jaccard_top_10.csv
DONE with DPP :)
DPP TEST pipeline completed successfully!
Starting pipeline for movies train
Best MF params: {'k': 60, 'alpha': 0.01, 'lambda_': 0.1}, RMSE=0.8825
→ Training Matrix Factorization...
→ Building DPP models...
DPP model build time: 0.36 sec
Matrix alignment time: 0.02 sec
Done DPP for cosine
DPP cosine runtime: 201.66 sec
Done DPP for jaccard
DPP jaccard runtime: 192.48 sec
TOTAL DPP pipeline time: 394.52 sec
DPP TRAIN pipeline completed successfully!
Start movies test pipeline 
Filtered users: 571, Filtered items: 868
MF predictions saved: /ceph/home/student.aau.dk/la15yk/P5/src/DPP/../datasets/dpp_data/movies/2025-12-10_18-49-53/mf_test_100000_top_10.csv
MF test predictions saved to: /ceph/home/student.aau.dk/la15yk/P5/src/DPP/../datasets/dpp_data/movies/2025-12-10_18-49-53/mf_test_100000_predictions.csv
Done DPP for cosine
Done DPP for jaccard
MF test predictions saved to: /ceph/home/student.aau.dk/la15yk/P5/src/DPP/../datasets/dpp_data/movies/2025-12-10_18-49-53/dpp_test_100000_cosine_top_10.csv
DONE with DPP :)
MF test predictions saved to: /ceph/home/student.aau.dk/la15yk/P5/src/DPP/../datasets/dpp_data/movies/2025-12-10_18-49-53/dpp_test_100000_jaccard_top_10.csv
DONE with DPP :)
DPP TEST pipeline completed successfully!
End time: Wed Dec 10 19:15:58 CET 2025
