Running on ailab-l4-07
Start time: Tue Dec 16 00:49:52 CET 2025
Activating virtual environment...
Python path: /ceph/home/student.aau.dk/la15yk/p5_env/bin/python3
Python version: Python 3.10.12
Running on ailab-l4-07
Start time: Tue Dec 16 00:49:52 CET 2025
Starting pipeline...
Starting pipeline for books train
Train matrix: (1797, 2559), Val matrix: (1584, 2559)
Best MF params: {'k': 60, 'alpha': 0.005, 'lambda_': 0.2}, RMSE=1.0263
→ Training Matrix Factorization...
→ Building DPP models...
DPP model build time: 0.16 sec
Matrix alignment time: 0.06 sec
Done DPP for cosine
DPP cosine runtime: 4858.11 sec
Done DPP for jaccard
DPP jaccard runtime: 4671.24 sec
TOTAL DPP pipeline time: 9529.58 sec
DPP TRAIN pipeline completed successfully!
Start books test pipeline 
MF predictions saved: /ceph/home/student.aau.dk/la15yk/P5/src/DPP/../datasets/dpp_data/books/2025-12-16_00-50-09/mf_test_100000_top_10.csv
MF test predictions saved to: /ceph/home/student.aau.dk/la15yk/P5/src/DPP/../datasets/dpp_data/books/2025-12-16_00-50-09/mf_test_100000_predictions.csv
Done DPP for cosine
Done DPP for jaccard
MF test predictions saved to: /ceph/home/student.aau.dk/la15yk/P5/src/DPP/../datasets/dpp_data/books/2025-12-16_00-50-09/dpp_test_100000_cosine_top_10.csv
DONE with DPP :)
MF test predictions saved to: /ceph/home/student.aau.dk/la15yk/P5/src/DPP/../datasets/dpp_data/books/2025-12-16_00-50-09/dpp_test_100000_jaccard_top_10.csv
DONE with DPP :)
DPP TEST pipeline completed successfully!
Starting pipeline for movies train
Train matrix: (671, 1242), Val matrix: (610, 1242)
Best MF params: {'k': 60, 'alpha': 0.005, 'lambda_': 0.2}, RMSE=1.0411
→ Training Matrix Factorization...
→ Building DPP models...
DPP model build time: 0.03 sec
Matrix alignment time: 0.01 sec
Done DPP for cosine
DPP cosine runtime: 782.67 sec
Done DPP for jaccard
DPP jaccard runtime: 820.90 sec
TOTAL DPP pipeline time: 1603.62 sec
DPP TRAIN pipeline completed successfully!
Start movies test pipeline 
MF predictions saved: /ceph/home/student.aau.dk/la15yk/P5/src/DPP/../datasets/dpp_data/movies/2025-12-16_03-53-51/mf_test_100000_top_10.csv
MF test predictions saved to: /ceph/home/student.aau.dk/la15yk/P5/src/DPP/../datasets/dpp_data/movies/2025-12-16_03-53-51/mf_test_100000_predictions.csv
Done DPP for cosine
Done DPP for jaccard
MF test predictions saved to: /ceph/home/student.aau.dk/la15yk/P5/src/DPP/../datasets/dpp_data/movies/2025-12-16_03-53-51/dpp_test_100000_cosine_top_10.csv
DONE with DPP :)
MF test predictions saved to: /ceph/home/student.aau.dk/la15yk/P5/src/DPP/../datasets/dpp_data/movies/2025-12-16_03-53-51/dpp_test_100000_jaccard_top_10.csv
DONE with DPP :)
DPP TEST pipeline completed successfully!
End time: Tue Dec 16 04:30:54 CET 2025
