Running on ailab-l4-09
Start time: Thu Dec 11 21:25:01 CET 2025
Activating virtual environment...
Python path: /ceph/home/student.aau.dk/la15yk/p5_env/bin/python3
Python version: Python 3.10.12
Running on ailab-l4-09
Start time: Thu Dec 11 21:25:01 CET 2025
Starting pipeline...
Starting pipeline for books train
Best MF params: {'k': 60, 'alpha': 0.005, 'lambda_': 0.1}, RMSE=0.9096
→ Training Matrix Factorization...
→ Building DPP models...
DPP model build time: 0.02 sec
Matrix alignment time: 0.01 sec
Done DPP for cosine
DPP cosine runtime: 26.41 sec
Done DPP for jaccard
DPP jaccard runtime: 27.27 sec
TOTAL DPP pipeline time: 53.70 sec
DPP TRAIN pipeline completed successfully!
Start books test pipeline 
Filtered users: 216, Filtered items: 221
MF predictions saved: /ceph/home/student.aau.dk/la15yk/P5/src/DPP/../datasets/dpp_data/books/2025-12-11_21-25-50/mf_test_10000_top_10.csv
MF test predictions saved to: /ceph/home/student.aau.dk/la15yk/P5/src/DPP/../datasets/dpp_data/books/2025-12-11_21-25-50/mf_test_10000_predictions.csv
Done DPP for cosine
Done DPP for jaccard
MF test predictions saved to: /ceph/home/student.aau.dk/la15yk/P5/src/DPP/../datasets/dpp_data/books/2025-12-11_21-25-50/dpp_test_10000_cosine_top_10.csv
DONE with DPP :)
MF test predictions saved to: /ceph/home/student.aau.dk/la15yk/P5/src/DPP/../datasets/dpp_data/books/2025-12-11_21-25-50/dpp_test_10000_jaccard_top_10.csv
DONE with DPP :)
DPP TEST pipeline completed successfully!
Starting pipeline for movies train
Best MF params: {'k': 20, 'alpha': 0.005, 'lambda_': 0.1}, RMSE=0.9049
→ Training Matrix Factorization...
→ Building DPP models...
DPP model build time: 0.01 sec
Matrix alignment time: 0.01 sec
Done DPP for cosine
DPP cosine runtime: 14.36 sec
Done DPP for jaccard
DPP jaccard runtime: 14.47 sec
TOTAL DPP pipeline time: 28.84 sec
DPP TRAIN pipeline completed successfully!
Start movies test pipeline 
Filtered users: 155, Filtered items: 261
MF predictions saved: /ceph/home/student.aau.dk/la15yk/P5/src/DPP/../datasets/dpp_data/movies/2025-12-11_21-28-57/mf_test_10000_top_10.csv
MF test predictions saved to: /ceph/home/student.aau.dk/la15yk/P5/src/DPP/../datasets/dpp_data/movies/2025-12-11_21-28-57/mf_test_10000_predictions.csv
Done DPP for cosine
Done DPP for jaccard
MF test predictions saved to: /ceph/home/student.aau.dk/la15yk/P5/src/DPP/../datasets/dpp_data/movies/2025-12-11_21-28-57/dpp_test_10000_cosine_top_10.csv
DONE with DPP :)
MF test predictions saved to: /ceph/home/student.aau.dk/la15yk/P5/src/DPP/../datasets/dpp_data/movies/2025-12-11_21-28-57/dpp_test_10000_jaccard_top_10.csv
DONE with DPP :)
DPP TEST pipeline completed successfully!
End time: Thu Dec 11 21:32:21 CET 2025
