Running on ailab-l4-06
Start time: Tue Dec  2 20:40:26 CET 2025
Activating virtual environment...
Python path: /ceph/home/student.aau.dk/vo55zp/projects/P5/venv/bin/python3
Python version: Python 3.10.12
Running on ailab-l4-06
Start time: Tue Dec  2 20:40:26 CET 2025
Starting pipeline...
Best MF params: {'k': 60, 'alpha': 0.005, 'lambda_': 0.2}, RMSE=0.9938
MF predictions saved: /ceph/home/student.aau.dk/vo55zp/projects/P5/src/MMR/../datasets/mmr_data/books/2025-12-02_20-40-57/mf_train_100000_predictions.csv
Best lambda: 0.6000000000000001 with score 0.6705
Best lambda: 0.5 with score 0.7093
MMR results saved: /ceph/home/student.aau.dk/vo55zp/projects/P5/src/MMR/../datasets/mmr_data/books/2025-12-02_20-40-57/mmr_train_100000_cosine_predictions.csv
Done MMR for /ceph/home/student.aau.dk/vo55zp/projects/P5/src/MMR/../datasets/mmr_data/books/2025-12-02_20-40-57/mmr_train_100000_cosine_predictions.csv
MMR results saved: /ceph/home/student.aau.dk/vo55zp/projects/P5/src/MMR/../datasets/mmr_data/books/2025-12-02_20-40-57/mmr_train_100000_jaccard_predictions.csv
Done MMR for /ceph/home/student.aau.dk/vo55zp/projects/P5/src/MMR/../datasets/mmr_data/books/2025-12-02_20-40-57/mmr_train_100000_jaccard_predictions.csv
Logged experiment to /ceph/home/student.aau.dk/vo55zp/projects/P5/src/MMR/../datasets/mmr_data/books/mf_train_experiment_log.csv
Logged experiment to /ceph/home/student.aau.dk/vo55zp/projects/P5/src/MMR/../datasets/mmr_data/books/mmr_train_experiment_log.csv
Logged experiment to /ceph/home/student.aau.dk/vo55zp/projects/P5/src/MMR/../datasets/mmr_data/books/mmr_train_experiment_log.csv
Pipeline for train finished successfully!
MF predictions saved: /ceph/home/student.aau.dk/vo55zp/projects/P5/src/MMR/../datasets/mmr_data/books/2025-12-02_20-40-57/mf_test_100000_predictions.csv
MMR results saved: /ceph/home/student.aau.dk/vo55zp/projects/P5/src/MMR/../datasets/mmr_data/books/2025-12-02_20-40-57/mmr_test_100000_cosine_predictions.csv
Done MMR for /ceph/home/student.aau.dk/vo55zp/projects/P5/src/MMR/../datasets/mmr_data/books/2025-12-02_20-40-57/mmr_test_100000_cosine_predictions.csv
MMR results saved: /ceph/home/student.aau.dk/vo55zp/projects/P5/src/MMR/../datasets/mmr_data/books/2025-12-02_20-40-57/mmr_test_100000_jaccard_predictions.csv
Done MMR for /ceph/home/student.aau.dk/vo55zp/projects/P5/src/MMR/../datasets/mmr_data/books/2025-12-02_20-40-57/mmr_test_100000_jaccard_predictions.csv
Logged experiment to /ceph/home/student.aau.dk/vo55zp/projects/P5/src/MMR/../datasets/mmr_data/books/mf_test_experiment_log.csv
Logged experiment to /ceph/home/student.aau.dk/vo55zp/projects/P5/src/MMR/../datasets/mmr_data/books/mmr_test_experiment_log.csv
Logged experiment to /ceph/home/student.aau.dk/vo55zp/projects/P5/src/MMR/../datasets/mmr_data/books/mmr_test_experiment_log.csv
Pipeline for test finished successfully!
End time: Wed Dec  3 02:06:30 CET 2025
