Running on ailab-l4-04
Start time: Tue Dec 16 21:42:31 CET 2025
Activating virtual environment...
Python path: /ceph/home/student.aau.dk/la15yk/p5_env/bin/python3
Python version: Python 3.10.12
Running on ailab-l4-04
Start time: Tue Dec 16 21:42:31 CET 2025
Starting pipeline...
Starting pipeline for books train
Train matrix: (1797, 2559), Val matrix: (1584, 2559)
Best MF params: {'k': 60, 'alpha': 0.005, 'lambda_': 0.2}, RMSE=1.0263
→ Training Matrix Factorization...
→ Building DPP models...
DPP model build time: 0.12 sec
Matrix alignment time: 0.05 sec
Done DPP for cosine
DPP cosine runtime: 4901.28 sec
Done DPP for jaccard
DPP jaccard runtime: 4976.57 sec
TOTAL DPP pipeline time: 9878.03 sec
DPP TRAIN pipeline completed successfully!
Start books test pipeline
MF predictions saved: /ceph/home/student.aau.dk/la15yk/P5/src/DPP/../datasets/dpp_data/books/2025-12-16_21-42-31/mf_test_100000_top_10.csv
Candidate items: ['3628', '8946', '6590', '3395', '4483', '4937', '1146', '7401', '3844', '661', '504', '9566', '3753', '757', '4055', '5580', '3520', '6361', '8233', '5346', '3419', '3124', '7254', '1402', '1886']
MF test predictions saved to: /ceph/home/student.aau.dk/la15yk/P5/src/DPP/../datasets/dpp_data/books/2025-12-16_21-42-31/mf_test_100000_predictions.csv
Done DPP for cosine
Done DPP for jaccard
MF test predictions saved to: /ceph/home/student.aau.dk/la15yk/P5/src/DPP/../datasets/dpp_data/books/2025-12-16_21-42-31/dpp_test_100000_cosine_top_10.csv
DONE with DPP :)
MF test predictions saved to: /ceph/home/student.aau.dk/la15yk/P5/src/DPP/../datasets/dpp_data/books/2025-12-16_21-42-31/dpp_test_100000_jaccard_top_10.csv
DONE with DPP :)
DPP TEST pipeline completed successfully!
Starting pipeline for movies train
Train matrix: (671, 1242), Val matrix: (610, 1242)
Best MF params: {'k': 60, 'alpha': 0.005, 'lambda_': 0.2}, RMSE=1.0411
→ Training Matrix Factorization...
→ Building DPP models...
DPP model build time: 0.03 sec
Matrix alignment time: 0.01 sec
Done DPP for cosine
DPP cosine runtime: 939.60 sec
Done DPP for jaccard
DPP jaccard runtime: 782.79 sec
TOTAL DPP pipeline time: 1722.43 sec
DPP TRAIN pipeline completed successfully!
Start movies test pipeline
MF predictions saved: /ceph/home/student.aau.dk/la15yk/P5/src/DPP/../datasets/dpp_data/movies/2025-12-17_00-49-51/mf_test_100000_top_10.csv
Candidate items: ['549', '2924', '1939', '1945', '858', '318', '905', '3030', '1948', '3035', '850', '3088', '2064', '913', '1719', '52767', '2202', '922', '116', '926', '3112', '7091', '2973', '98491', '3683', '3469', '2186', '194', '923', '1934', '308', '3989', '306', '1963', '565', '290']
MF test predictions saved to: /ceph/home/student.aau.dk/la15yk/P5/src/DPP/../datasets/dpp_data/movies/2025-12-17_00-49-51/mf_test_100000_predictions.csv
Done DPP for cosine
Done DPP for jaccard
MF test predictions saved to: /ceph/home/student.aau.dk/la15yk/P5/src/DPP/../datasets/dpp_data/movies/2025-12-17_00-49-51/dpp_test_100000_cosine_top_10.csv
DONE with DPP :)
MF test predictions saved to: /ceph/home/student.aau.dk/la15yk/P5/src/DPP/../datasets/dpp_data/movies/2025-12-17_00-49-51/dpp_test_100000_jaccard_top_10.csv
DONE with DPP :)
DPP TEST pipeline completed successfully!
End time: Wed Dec 17 01:30:45 CET 2025
