Running on ailab-l4-02
Start time: Sat Dec 20 08:12:34 CET 2025
Activating virtual environment...
Python path: /ceph/home/student.aau.dk/vo55zp/projects/P5/venv/bin/python3
Python version: Python 3.10.12
Running on ailab-l4-02
Start time: Sat Dec 20 08:12:34 CET 2025
Starting pipeline...

=== Running pipeline with weights: relevance=0.0, diversity=1.0 ===
Starting pipeline for books train
Train matrix: (1797, 2559), Val matrix: (1584, 2559)
Training complete. Best epoch: 1, Best train RMSE: 0.9815, Best val RMSE: 0.9872
Training complete. Best epoch: 1, Best train RMSE: 0.9827, Best val RMSE: 0.9889
Training complete. Best epoch: 1, Best train RMSE: 0.9837, Best val RMSE: 0.9896
Training complete. Best epoch: 1, Best train RMSE: 0.9817, Best val RMSE: 0.9873
Training complete. Best epoch: 1, Best train RMSE: 0.9828, Best val RMSE: 0.9889
Training complete. Best epoch: 1, Best train RMSE: 0.9838, Best val RMSE: 0.9895
Training complete. Best epoch: 1, Best train RMSE: 0.9818, Best val RMSE: 0.9873
Training complete. Best epoch: 1, Best train RMSE: 0.9829, Best val RMSE: 0.9888
Training complete. Best epoch: 1, Best train RMSE: 0.9839, Best val RMSE: 0.9894
Training complete. Best epoch: 1, Best train RMSE: 0.9638, Best val RMSE: 0.9883
Training complete. Best epoch: 1, Best train RMSE: 0.9649, Best val RMSE: 0.9900
Training complete. Best epoch: 1, Best train RMSE: 0.9660, Best val RMSE: 0.9906
Training complete. Best epoch: 1, Best train RMSE: 0.9640, Best val RMSE: 0.9881
Training complete. Best epoch: 1, Best train RMSE: 0.9651, Best val RMSE: 0.9897
Training complete. Best epoch: 1, Best train RMSE: 0.9661, Best val RMSE: 0.9902
Training complete. Best epoch: 1, Best train RMSE: 0.9643, Best val RMSE: 0.9880
Training complete. Best epoch: 1, Best train RMSE: 0.9653, Best val RMSE: 0.9894
Training complete. Best epoch: 1, Best train RMSE: 0.9662, Best val RMSE: 0.9898
Training complete. Best epoch: 1, Best train RMSE: 0.9449, Best val RMSE: 0.9988
Training complete. Best epoch: 1, Best train RMSE: 0.9461, Best val RMSE: 1.0005
Training complete. Best epoch: 1, Best train RMSE: 0.9472, Best val RMSE: 1.0010
Training complete. Best epoch: 1, Best train RMSE: 0.9452, Best val RMSE: 0.9978
Training complete. Best epoch: 1, Best train RMSE: 0.9463, Best val RMSE: 0.9993
Training complete. Best epoch: 1, Best train RMSE: 0.9472, Best val RMSE: 0.9997
Training complete. Best epoch: 1, Best train RMSE: 0.9456, Best val RMSE: 0.9969
Training complete. Best epoch: 1, Best train RMSE: 0.9466, Best val RMSE: 0.9981
Training complete. Best epoch: 1, Best train RMSE: 0.9474, Best val RMSE: 0.9983
Best MF params: {'alpha': 0.005, 'lambda_': 0.01, 'k': 20}, RMSE=0.9872
Training complete. Best epoch: 1, Best train RMSE: 0.9815, Best val RMSE: 0.9872
Best lambda: 0.05 with score 1.0000
Best lambda: 0.05 with score 1.0000
Logged experiment to /ceph/home/student.aau.dk/vo55zp/projects/P5/src/MMR/../datasets/mmr_data/books/mf_train_experiment_log.csv
Logged experiment to /ceph/home/student.aau.dk/vo55zp/projects/P5/src/MMR/../datasets/mmr_data/books/2025-12-20_08-12-35/mf_train_100K_loss_history.csv
Logged experiment to /ceph/home/student.aau.dk/vo55zp/projects/P5/src/MMR/../datasets/mmr_data/books/mmr_train_experiment_log.csv
Logged experiment to /ceph/home/student.aau.dk/vo55zp/projects/P5/src/MMR/../datasets/mmr_data/books/mmr_train_experiment_log.csv
Pipeline for books train finished successfully!
Start books test pipeline 
[DEBUG] Total training users: 1797
[DEBUG] Sample train_user_to_idx mapping (first 5): [(1, 0), (2, 1), (3, 2), (4, 3), (7, 4)]
[DEBUG] Sample test_user_indices (first 10): [0, 1, 2, 3, 4, 5, 6, 7, 8, 9]
[DEBUG] Shape of full predicted ratings: (1797, 2559)
[DEBUG] Shape of predicted ratings for test users: (1582, 2559)
[DEBUG] Sample predicted ratings for first test user:
[4.04454286 3.91655957 3.84241025 3.75296938 3.77641399 3.94700612
 3.79949828 3.786748   3.79432761 3.80001596]
MF predictions saved: /ceph/home/student.aau.dk/vo55zp/projects/P5/src/MMR/../datasets/mmr_data/books/2025-12-20_08-12-35/mf_test_100K_top_50.csv
