Running on ailab-l4-11
Start time: Wed Dec 17 14:22:36 CET 2025
Activating virtual environment...
Python path: /ceph/home/student.aau.dk/vo55zp/projects/P5/venv/bin/python3
Python version: Python 3.10.12
Running on ailab-l4-11
Start time: Wed Dec 17 14:22:36 CET 2025
Starting pipeline...

=== Running pipeline with weights: relevance=0.6, diversity=0.4 ===
Starting pipeline for movies train
Train matrix: (671, 1242), Val matrix: (610, 1242)
Training complete. Best epoch: 3, Best train RMSE: 0.9024, Best val RMSE: 1.0280
Training complete. Best epoch: 4, Best train RMSE: 0.8871, Best val RMSE: 1.0271
Training complete. Best epoch: 4, Best train RMSE: 0.8890, Best val RMSE: 1.0262
Training complete. Best epoch: 2, Best train RMSE: 0.8987, Best val RMSE: 1.0286
Training complete. Best epoch: 2, Best train RMSE: 0.8998, Best val RMSE: 1.0277
Training complete. Best epoch: 2, Best train RMSE: 0.9013, Best val RMSE: 1.0268
Training complete. Best epoch: 1, Best train RMSE: 0.9405, Best val RMSE: 1.0287
Training complete. Best epoch: 1, Best train RMSE: 0.9410, Best val RMSE: 1.0278
Training complete. Best epoch: 1, Best train RMSE: 0.9416, Best val RMSE: 1.0269
Best (alpha, lambda) from Stage 1: {'alpha': 0.005, 'lambda_': 0.1}, RMSE=1.0262
Training complete. Best epoch: 4, Best train RMSE: 0.8890, Best val RMSE: 1.0262
Training complete. Best epoch: 4, Best train RMSE: 0.8858, Best val RMSE: 1.0265
Training complete. Best epoch: 4, Best train RMSE: 0.8824, Best val RMSE: 1.0281
Best k from Stage 2: 20, RMSE=1.0262
Best MF params: {'alpha': 0.005, 'lambda_': 0.1, 'k': 20}, RMSE=1.0262
Training complete. Best epoch: 4, Best train RMSE: 0.8890, Best val RMSE: 1.0262
Validation data: 4394 ratings
Item IDs length: 1242
Max column index: 1241
Best lambda: 0.55 with score 0.7005
Validation data: 4394 ratings
Item IDs length: 1242
Max column index: 1241
Best lambda: 0.35000000000000003 with score 0.7003
Logged experiment to /ceph/home/student.aau.dk/vo55zp/projects/P5/src/MMR/../datasets/mmr_data/movies/mf_train_experiment_log.csv
Logged experiment to /ceph/home/student.aau.dk/vo55zp/projects/P5/src/MMR/../datasets/mmr_data/movies/2025-12-17_14-22-37/mf_train_100000_loss_history.csv
Logged experiment to /ceph/home/student.aau.dk/vo55zp/projects/P5/src/MMR/../datasets/mmr_data/movies/mmr_train_experiment_log.csv
Logged experiment to /ceph/home/student.aau.dk/vo55zp/projects/P5/src/MMR/../datasets/mmr_data/movies/mmr_train_experiment_log.csv
Pipeline for movies train finished successfully!
Start movies test pipeline 
[DEBUG] Filtered users: 613
[DEBUG] Filtered items: 1242
[DEBUG] Sample users: [2, 3, 4, 5, 6]
[DEBUG] Sample items: ['101', '101362', '1018', '102', '1023']
[DEBUG] Predicted ratings shape: (613, 1242)
[DEBUG] Min/max predicted rating: 1.9010127210592536/5.112896117768185
predicted_ratings.shape: (613, 1242)
R_filtered.shape: (613, 1178)
MF predictions saved: /ceph/home/student.aau.dk/vo55zp/projects/P5/src/MMR/../datasets/mmr_data/movies/2025-12-17_14-22-37/mf_test_100000_top_50.csv
[DEBUG] Top-N CSV rows: 30650
[DEBUG] Unique users in CSV: 613
[DEBUG] Unique items in CSV: 102
[DEBUG] Sample rows:
   userId  rank  itemId  predictedRating
0       2     1     318         4.405279
1       2     2     858         4.384709
2       2     3     527         4.208042
3       2     4     608         4.200962
4       2     5     260         4.193586
[DEBUG] Number of candidate items: 102
[DEBUG] Sample candidate items: ['318', '858', '527', '608', '260']
[DEBUG] predicted_ratings_top_n shape: (613, 102)
[DEBUG] Non-zero entries: 30650
[DEBUG] Max predicted rating: 5.112896117768185
Missing items: {'1393', '1939', '2789', '4443', '144', '30', '547', '172', '948', '648', '6466', '1608', '881', '687', '2259', '71282', '107406', '2749', '3526', '67087', '8973', '1262', '714', '543', '4255', '276', '633', '105', '492', '4012', '762', '79', '215', '8011', '2111', '1573', '552', '1049', '43936', '107', '2123', '3004', '2148', '3063', '4676', '2009', '2428', '74946', '2722', '2457', '5899', '3160', '275', '1597', '272', '3060', '79553', '116', '33660', '32031', '810', '2694', '2013', '4734', '2080', '765', '1940', '2662', '936', '1245', '101362', '1702', '12', '5051', '345', '2788', '2539', '3543', '4520', '841', '5816', '2054', '5680', '25753', '7451', '2978', '1948', '2166', '4587', '1366', '8584', '427', '1627', '8970', '1407', '8195', '289', '5620', '3103', '1088', '177', '3556', '6961', '2015', '8968', '31696', '312', '57353', '1586', '4234', '475', '986', '4546', '2383', '2297', '2002', '1257', '4043', '4979', '74510', '1023', '1833', '1963', '2469', '340', '168', '1717', '26680', '1260', '334', '3088', '58306', '4327', '465', '252', '2105', '804', '783', '1246', '35957', '510', '7445', '8366', '1544', '6003', '34334', '4896', '2118', '56152', '2455', '1629', '99', '261', '5056', '809', '30793', '8368', '1645', '586', '1888', '537', '333', '378', '25', '8016', '38304', '1644', '379', '1985', '4232', '1051', '2116', '818', '3937', '640', '523', '3051', '2020', '31522', '605', '2926', '1581', '1918', '2153', '892', '1909', '928', '2263', '46976', '3016', '1422', '4614', '1411', '14', '40826', '861', '539', '3479', '78041', '239', '1277', '2657', '614', '69784', '1951', '850', '1966', '784', '74944', '3082', '88744', '3117', '647', '2232', '8129', '74', '2078', '932', '1958', '26326', '3', '2447', '1934', '609', '2805', '800', '80241', '976', '85', '3536', '326', '26131', '49396', '1964', '4703', '2155', '329', '455', '3547', '2771', '5', '5780', '6643', '558', '6436', '2202', '332', '8617', '63859', '1779', '507', '535', '4351', '4889', '249', '1413', '575', '2459', '806', '316', '94478', '1414', '299', '140174', '42734', '8008', '2014', '5187', '891', '59', '339', '2109', '1124', '1367', '219', '5833', '2108', '1497', '2817', '81', '585', '4641', '1735', '1913', '4816', '48385', '193', '44694', '3210', '1378', '832', '1967', '2252', '3146', '592', '53000', '2752', '26', '627', '1268', '2355', '1281', '1882', '431', '802', '2085', '3101', '2143', '3511', '2442', '489', '8951', '950', '62999', '2761', '3594', '581', '2436', '2006', '2', '1653', '53519', '2924', '65', '2841', '780', '4034', '18', '4031', '2004', '513', '1633', '342', '8985', '2370', '63540', '788', '1777', '21', '83613', '3057', '380', '47518', '79008', '5927', '1375', '1678', '42002', '562', '7300', '158', '451', '7347', '1788', '31116', '364', '1841', '2302', '6593', '231', '46967', '36527', '3476', '61123', '7454', '8981', '2022', '1641', '3011', '47099', '3549', '532', '1590', '1589', '1688', '616', '53883', '7234', '425', '1405', '33166', '64', '1722', '1863', '2059', '436', '2979', '1396', '1997', '1619', '2433', '114060', '842', '2110', '1162', '3134', '1485', '1376', '502', '650', '309', '1253', '1091', '3077', '85414', '2000', '837', '4857', '44555', '428', '8984', '15', '2266', '2261', '3090', '6620', '1672', '2642', '1957', '1441', '1369', '7980', '163', '3635', '546', '931', '435', '2100', '8373', '227', '3178', '504', '390', '1580', '2577', '1073', '1372', '8833', '3061', '259', '303', '3763', '8665', '988', '96821', '1907', '2095', '1690', '2084', '1834', '25771', '1831', '481', '1845', '2574', '41566', '4228', '54001', '64983', '5528', '236', '630', '2262', '37380', '6440', '2069', '2161', '4474', '53435', '540', '1865', '2239', '58', '3396', '111759', '3701', '56801', '929', '8966', '3698', '761', '1499', '1729', '1024', '1266', '43919', '1537', '1975', '2861', '2734', '4723', '8128', '85788', '2141', '1583', '1282', '3397', '3418', '2440', '54503', '3019', '1949', '2133', '2791', '3515', '218', '112', '2253', '590', '628', '256', '454', '2349', '661', '4658', '2104', '59387', '1911', '52885', '3581', '28', '3081', '1639', '3035', '637', '2728', '522', '697', '1892', '900', '3118', '2668', '2287', '1944', '1807', '2011', '2565', '173', '26776', '74458', '1093', '4974', '169', '5881', '122924', '89774', '4727', '94959', '1594', '2048', '2282', '3173', '968', '8827', '2044', '1673', '4344', '277', '1265', '4519', '1440', '82', '27721', '3638', '2071', '830', '1599', '870', '442', '2115', '171', '2107', '2089', '1535', '3083', '1631', '531', '911', '709', '5991', '833', '280', '4701', '5319', '671', '2005', '824', '315', '4111', '8810', '393', '597', '1894', '80831', '2269', '344', '6936', '1593', '132', '1959', '4516', '4928', '55', '2988', '3512', '2890', '46972', '1676', '4247', '6078', '711', '2701', '5876', '1373', '2268', '667', '1721', '381', '4958', '2929', '1587', '2193', '40819', '2001', '742', '288', '41571', '32029', '265', '337', '1991', '4148', '5961', '1059', '4133', '81229', '3786', '4464', '86320', '3177', '897', '101', '4482', '2463', '50189', '534', '549', '2605', '7090', '2528', '1995', '262', '1701', '949', '3176', '8363', '694', '39446', '1683', '59333', '2312', '3110', '5481', '55721', '653', '349', '2112', '2779', '154', '691', '2114', '410', '64499', '3598', '153', '4951', '2648', '8860', '1584', '266', '27674', '1772', '19', '678', '2616', '1887', '1018', '71520', '6970', '20', '708', '102', '1785', '55765', '69406', '4291', '916', '65188', '84187', '42632', '45431', '8337', '6957', '45726', '938', '407', '180', '141', '213', '1419', '3179', '2288', '1941', '5121', '94466', '3097', '2088', '2335', '7216', '917', '1835', '3699', '3053', '1487', '24', '3114', '3112', '30707', '2527', '41569', '52767', '437', '1687', '1616', '2567', '5729', '93840', '95', '198', '588', '1920', '88', '32444', '54272', '84152', '434', '1389', '3079', '56949', '3074', '4441', '6058', '40629', '2976', '11', '1552', '254', '1103', '84601', '292', '6641', '1836', '2770', '1273', '2470', '2321', '5956', '798', '1248', '51540', '1429', '3529', '1249', '3766', '786', '927', '440', '2142', '26712', '7091', '2018', '831', '86332', '88812', '4254', '1667', '77561', '587', '471', '2135', '248', '8987', '441', '2617', '4643', '3089', '135', '1730', '3989', '26810', '3030', '5048', '2171', '982', '509', '805', '2753', '2348', '1620', '480', '4990', '6552', '2162', '388', '1921', '185', '4823', '1363', '165', '4970', '490', '27317', '595', '27706', '33495', '47721', '8464', '1377', '1734', '452', '1611', '2575', '317', '327', '1427', '2699', '203', '1635', '3469', '1783', '62', '1127', '81847', '942', '553', '290', '3681', '79224', '1994', '104', '5483', '78088', '6947', '164', '2017', '4837', '508', '4566', '500', '98491', '2034', '2900', '62956', '70', '866', '5139', '4956', '74545', '1978', '2993', '4992', '1648', '186', '902', '2640', '1251', '348', '222', '606', '89492', '421', '8194', '8908', '2748', '2294', '46335', '196', '69', '2501', '599', '6538', '25868', '2912', '175', '1950', '423', '596', '1125', '47610', '1875', '39414', '1374', '1848', '2082', '6373', '458', '1556', '1416', '2687', '468', '4279', '8014', '670', '4638', '2160', '3052', '4880', '2334', '565', '8371', '39183', '161', '1992', '951', '3034', '115210', '2094', '1541', '3565', '63876', '112460', '5064', '1694', '955', '2860', '2003', '233', '494', '4975', '267', '673', '2067', '3483', '1884', '45186', '3175', '36401', '3980', '799', '26842', '1488', '4709', '2610', '145', '3062', '2124', '5902', '1885', '6934', '2134', '1591', '170', '2613', '544', '1636', '1713', '3168', '338', '26258', '44022', '551', '350', '253', '26614', '1615', '71254', '4977', '300', '4105', '6535', '1271', '225', '1917', '32582', '1923', '53129', '3527', '2671', '74948', '1358', '1927', '2144', '2043', '322', '4552', '42011', '36529', '72733', '839', '2769', '73', '1895', '426', '8948', '2122', '45722', '5608', '44004', '1255', '347', '594', '5060', '1380', '1924', '204', '224', '2787', '3577', '2721', '482', '1285', '2892', '84944', '1726', '467', '759', '89', '5147', '22', '1680', '466', '25750', '4191', '4369', '613', '1269', '160', '2989', '2255', '2012', '314', '5066', '4887', '2516', '6978', '5247', '247', '635', '2033', '2125', '8874', '2117', '2139', '1956', '415', '550', '377', '8873', '836', '3033', '1858', '2322', '241', '4480', '424', '1999', '1791', '838', '2140', '1588', '3489', '2010', '6473', '4025', '36519', '31410', '2371', '216', '2151', '1092', '86', '2132', '8645', '1873', '662', '1562', '3037', '612', '909', '668', '1965', '1370', '308', '2058', '849', '26111', '26133', '31685', '2333', '879', '2882', '2046', '1371', '6609', '2690', '2759', '1391', '5061', '90374', '97938', '6283', '155', '383', '914', '1996', '1479', '2087', '2099', '2966', '460', '848', '429', '1954', '4978', '207', '2038', '195', '1665', '6537', '1566', '524', '93855', '2097', '2639', '123', '2313', '1809', '5686', '1792', '331'}
MF test predictions saved to: /ceph/home/student.aau.dk/vo55zp/projects/P5/src/MMR/../datasets/mmr_data/movies/2025-12-17_14-22-37/mf_test_100000_predictions.csv
MMR results saved: /ceph/home/student.aau.dk/vo55zp/projects/P5/src/MMR/../datasets/mmr_data/movies/2025-12-17_14-22-37/mmr_test_100000_cosine_top_50.csv
MMR results saved: /ceph/home/student.aau.dk/vo55zp/projects/P5/src/MMR/../datasets/mmr_data/movies/2025-12-17_14-22-37/mmr_test_100000_jaccard_top_50.csv
Pipeline for movies test finished successfully!
Starting pipeline for books train
Train matrix: (1797, 2559), Val matrix: (1584, 2559)
Training complete. Best epoch: 1, Best train RMSE: 0.9815, Best val RMSE: 0.9872
Training complete. Best epoch: 1, Best train RMSE: 0.9817, Best val RMSE: 0.9873
Training complete. Best epoch: 1, Best train RMSE: 0.9818, Best val RMSE: 0.9873
Training complete. Best epoch: 1, Best train RMSE: 0.9638, Best val RMSE: 0.9883
Training complete. Best epoch: 1, Best train RMSE: 0.9640, Best val RMSE: 0.9881
Training complete. Best epoch: 1, Best train RMSE: 0.9643, Best val RMSE: 0.9880
Training complete. Best epoch: 1, Best train RMSE: 0.9449, Best val RMSE: 0.9988
Training complete. Best epoch: 1, Best train RMSE: 0.9452, Best val RMSE: 0.9978
Training complete. Best epoch: 1, Best train RMSE: 0.9456, Best val RMSE: 0.9969
Best (alpha, lambda) from Stage 1: {'alpha': 0.005, 'lambda_': 0.01}, RMSE=0.9872
Training complete. Best epoch: 1, Best train RMSE: 0.9815, Best val RMSE: 0.9872
Training complete. Best epoch: 1, Best train RMSE: 0.9827, Best val RMSE: 0.9889
Training complete. Best epoch: 1, Best train RMSE: 0.9837, Best val RMSE: 0.9896
Best k from Stage 2: 20, RMSE=0.9872
Best MF params: {'alpha': 0.005, 'lambda_': 0.01, 'k': 20}, RMSE=0.9872
Training complete. Best epoch: 1, Best train RMSE: 0.9815, Best val RMSE: 0.9872
Validation data: 9780 ratings
Item IDs length: 2559
Max column index: 2558
Best lambda: 0.05 with score 0.9987
Validation data: 9780 ratings
Item IDs length: 2559
Max column index: 2558
Best lambda: 0.05 with score 0.9993
Logged experiment to /ceph/home/student.aau.dk/vo55zp/projects/P5/src/MMR/../datasets/mmr_data/books/mf_train_experiment_log.csv
Logged experiment to /ceph/home/student.aau.dk/vo55zp/projects/P5/src/MMR/../datasets/mmr_data/books/2025-12-17_14-29-17/mf_train_100000_loss_history.csv
Logged experiment to /ceph/home/student.aau.dk/vo55zp/projects/P5/src/MMR/../datasets/mmr_data/books/mmr_train_experiment_log.csv
Logged experiment to /ceph/home/student.aau.dk/vo55zp/projects/P5/src/MMR/../datasets/mmr_data/books/mmr_train_experiment_log.csv
Pipeline for books train finished successfully!
Start books test pipeline 
[DEBUG] Filtered users: 1581
[DEBUG] Filtered items: 2559
[DEBUG] Sample users: [1, 2, 3, 4, 7]
[DEBUG] Sample items: ['10', '100', '1003', '1005', '1007']
[DEBUG] Predicted ratings shape: (1581, 2559)
[DEBUG] Min/max predicted rating: 2.7483791332442036/4.784876063326
predicted_ratings.shape: (1581, 2559)
R_filtered.shape: (1581, 2529)
MF predictions saved: /ceph/home/student.aau.dk/vo55zp/projects/P5/src/MMR/../datasets/mmr_data/books/2025-12-17_14-29-17/mf_test_100000_top_50.csv
[DEBUG] Top-N CSV rows: 79050
[DEBUG] Unique users in CSV: 1581
[DEBUG] Unique items in CSV: 691
[DEBUG] Sample rows:
   userId  rank  itemId  predictedRating
0       1     1      25         4.310003
1       1     2       4         4.223681
2       1     3      50         4.208968
3       1     4      24         4.177428
4       1     5     102         4.169569
[DEBUG] Number of candidate items: 691
[DEBUG] Sample candidate items: ['25', '4', '50', '24', '102']
[DEBUG] predicted_ratings_top_n shape: (1581, 691)
[DEBUG] Non-zero entries: 79050
[DEBUG] Max predicted rating: 4.784876063326
Missing items: {'2056', '3322', '2931', '8445', '2604', '2557', '8039', '3007', '3782', '687', '7864', '1592', '901', '3540', '2259', '1741', '959', '8154', '526', '1758', '1973', '3548', '2994', '7490', '2419', '8767', '2341', '5865', '3349', '4848', '633', '6975', '7092', '1270', '762', '79', '6448', '9921', '3392', '4660', '1573', '33', '552', '7117', '5028', '1348', '4578', '1925', '2029', '2123', '211', '1486', '1137', '3029', '6417', '2491', '5456', '1112', '1570', '1388', '894', '2802', '1053', '4598', '8460', '8516', '118', '2013', '2718', '5571', '7631', '7025', '5051', '2539', '2304', '120', '730', '2644', '3688', '1477', '2594', '5983', '1392', '2573', '4009', '8696', '1149', '2015', '1171', '439', '5014', '3452', '5704', '3713', '726', '8795', '3899', '2002', '3973', '6070', '1963', '6870', '5629', '5667', '8896', '4647', '1113', '4294', '9626', '688', '8309', '465', '3552', '6561', '2074', '651', '9397', '2128', '5229', '2755', '7651', '883', '474', '3933', '8928', '7208', '1645', '6844', '493', '8289', '5238', '1644', '5495', '2163', '4196', '3937', '640', '2215', '109', '3995', '9863', '2926', '2250', '1457', '1582', '3016', '6336', '4614', '1057', '14', '944', '1079', '9671', '2039', '6787', '9180', '3903', '4187', '239', '1151', '5730', '6892', '6777', '9962', '784', '1714', '2732', '733', '6320', '4429', '8084', '706', '9078', '6823', '413', '479', '4865', '3533', '7429', '3990', '5120', '1458', '3398', '4972', '3547', '2540', '6410', '2878', '3399', '6791', '8868', '1436', '5932', '310', '1128', '2315', '2214', '1421', '4820', '1218', '2344', '35', '3869', '575', '9961', '5239', '1414', '5758', '4284', '1426', '4603', '1124', '731', '1208', '1250', '1735', '2963', '3210', '652', '1967', '26', '8801', '197', '3820', '2355', '431', '1139', '9866', '755', '6011', '7806', '3511', '3911', '8446', '1856', '489', '8951', '457', '8471', '7453', '402', '8806', '6533', '3212', '1625', '4608', '919', '8704', '3657', '3419', '753', '5809', '8523', '3200', '1633', '3889', '8236', '1267', '9761', '3715', '5220', '380', '639', '2478', '4317', '2524', '1678', '5545', '568', '5295', '7887', '8157', '5073', '9083', '3111', '7347', '1144', '450', '6593', '4729', '6579', '1752', '3379', '7820', '1432', '8214', '3811', '3011', '693', '1589', '2052', '616', '6902', '6277', '3884', '5037', '2328', '1420', '436', '8412', '4455', '2177', '2110', '4181', '8047', '5500', '7418', '271', '9631', '3077', '1261', '572', '5498', '5860', '4119', '5463', '2024', '1957', '4047', '6180', '5145', '9554', '5797', '546', '1288', '6079', '8075', '9754', '2136', '390', '1580', '4260', '5639', '1806', '6148', '1073', '3061', '1928', '5155', '7826', '4726', '5858', '8854', '918', '1258', '2757', '8269', '6835', '1175', '1364', '1685', '8847', '854', '7755', '3048', '2278', '1463', '8067', '6007', '3092', '5491', '2938', '2069', '737', '3979', '343', '1221', '1189', '2239', '2680', '58', '1533', '5374', '5448', '2954', '5446', '6391', '2615', '1567', '1266', '2280', '1537', '1975', '2408', '448', '4622', '2559', '2025', '3758', '7519', '3076', '3258', '6212', '8432', '5273', '2440', '5095', '3128', '1105', '952', '4758', '2156', '2807', '3137', '590', '454', '6475', '9014', '6727', '4973', '9722', '1434', '4733', '8651', '4348', '1976', '5330', '900', '5019', '453', '2062', '686', '1910', '2188', '9810', '2224', '1155', '7556', '92', '6334', '8103', '1561', '5115', '9404', '4727', '935', '7246', '4989', '1853', '3070', '3099', '1021', '4244', '870', '3417', '258', '2406', '577', '238', '1520', '2089', '464', '911', '2347', '531', '1857', '1123', '611', '2643', '4551', '833', '4513', '5431', '671', '6402', '824', '315', '3000', '8750', '5707', '2073', '3978', '6469', '9764', '1676', '306', '2365', '1937', '4392', '2737', '5263', '381', '3936', '7311', '1908', '2193', '7522', '9424', '3291', '6184', '2738', '4794', '5775', '6319', '1755', '5961', '2323', '6278', '1084', '1900', '763', '3022', '4221', '2458', '4482', '1213', '8465', '2556', '2985', '5855', '5081', '7748', '7907', '7026', '4531', '3500', '2584', '4052', '2452', '7970', '477', '5305', '969', '653', '1649', '5589', '966', '2075', '4316', '6364', '410', '3598', '5700', '266', '727', '2172', '1675', '6944', '8697', '6648', '5343', '1972', '708', '1785', '1938', '205', '2505', '2600', '629', '4004', '7080', '916', '4151', '5743', '341', '5158', '8295', '8878', '5751', '407', '1549', '8093', '7327', '6382', '6524', '1622', '2242', '9469', '5326', '4512', '3455', '4763', '1233', '4106', '7295', '7501', '9645', '5648', '3699', '5237', '9302', '9290', '3047', '8779', '6588', '1498', '130', '3646', '3760', '1733', '2936', '46', '5540', '321', '57', '4877', '867', '588', '1368', '4042', '7668', '3079', '9985', '3124', '1099', '75', '8175', '5568', '2679', '521', '4938', '2285', '873', '6181', '6521', '242', '2770', '4130', '2706', '3767', '798', '8448', '7471', '1605', '6157', '6959', '411', '1279', '587', '471', '2135', '4363', '5934', '2426', '1083', '2809', '768', '430', '700', '1178', '4548', '2379', '1161', '1343', '2507', '3504', '846', '1725', '5980', '9102', '237', '2747', '3608', '3018', '3344', '2825', '595', '4944', '8012', '3497', '6273', '2352', '4630', '304', '718', '3219', '4236', '336', '7476', '3406', '6306', '209', '2595', '553', '9402', '9311', '3954', '4870', '2821', '6104', '4309', '5100', '7003', '5763', '6914', '40', '3428', '3965', '4716', '3585', '500', '9363', '4525', '3098', '3640', '3918', '6752', '8920', '3676', '8416', '2651', '1163', '2640', '6064', '770', '1526', '1286', '4850', '977', '2746', '136', '5041', '2501', '599', '961', '9204', '8591', '9513', '3362', '5398', '7856', '5950', '9081', '2354', '1159', '6354', '670', '4112', '1555', '4638', '5189', '715', '9303', '4880', '4190', '4400', '2229', '951', '7410', '5627', '4753', '293', '6195', '6701', '3963', '1280', '3439', '9405', '1601', '3136', '625', '5458', '5349', '8038', '8239', '6998', '6407', '8623', '3795', '6348', '1301', '2544', '3374', '955', '1681', '5630', '3072', '5042', '8401', '8080', '4149', '8931', '1709', '799', '5128', '9978', '4985', '2174', '148', '8199', '1825', '2045', '1989', '1847', '2873', '8805', '6553', '4068', '1713', '9114', '8737', '5890', '6009', '7822', '4899', '4265', '4688', '2298', '5582', '4337', '1727', '6729', '71', '608', '1048', '2043', '3205', '2122', '4160', '6813', '2521', '1255', '194', '1063', '200', '2608', '6326', '972', '3510', '3353', '1509', '4027', '204', '2892', '6342', '1031', '1430', '1680', '9772', '9758', '2098', '4369', '8316', '5661', '1269', '3352', '160', '2012', '6665', '1444', '8891', '6530', '538', '1897', '1518', '6615', '2808', '6539', '1748', '6235', '1311', '8873', '1858', '3250', '1791', '3600', '5277', '2508', '9317', '3564', '2371', '7893', '4836', '86', '2786', '23', '1873', '3381', '2279', '3464', '612', '2883', '4421', '282', '2296', '6307', '6183', '108', '383', '408', '375', '1121', '8053', '9628', '781', '255', '5903', '5617', '559', '848', '3966', '851', '1954', '4574', '3957', '4695', '8787', '78', '1864', '3997', '2066', '2965', '803', '864', '8055', '3377', '3443', '6742', '6496', '123', '1384', '3656', '1792', '5905', '5029', '4756', '878', '2343', '1521', '5423', '8334', '1771', '3340', '3894', '547', '53', '2554', '1445', '8433', '1618', '881', '5936', '705', '3407', '8456', '1500', '497', '9243', '1133', '1262', '6889', '3785', '4127', '8870', '492', '664', '1150', '2944', '2568', '3818', '777', '9176', '4670', '461', '2806', '898', '107', '2148', '131', '9236', '2462', '9516', '3468', '5863', '9849', '2677', '29', '1185', '571', '6808', '2618', '1955', '272', '116', '1662', '1762', '3776', '4287', '6257', '5057', '3127', '936', '1245', '2875', '345', '7721', '6607', '5317', '6726', '386', '5150', '8275', '7372', '658', '1407', '1351', '3163', '6775', '3556', '767', '4768', '3172', '1586', '4526', '2271', '3311', '2416', '986', '5162', '5861', '622', '925', '8692', '268', '6014', '6399', '6802', '5907', '3482', '3501', '2710', '1960', '7379', '1435', '361', '1260', '3133', '1763', '5195', '1217', '9461', '503', '7052', '804', '569', '1246', '487', '8792', '1418', '4079', '8366', '8830', '261', '7149', '6121', '7855', '2513', '3974', '3834', '2939', '4514', '221', '1199', '3794', '7683', '2498', '6829', '2127', '4289', '9116', '2159', '710', '5347', '997', '4567', '9623', '3792', '6185', '4915', '1411', '5734', '1916', '2415', '1624', '5525', '2760', '7469', '1277', '4268', '6587', '4103', '3140', '2657', '9972', '398', '1915', '3561', '2815', '5853', '2811', '4067', '7961', '582', '1569', '8071', '74', '111', '3338', '2514', '2030', '3', '5536', '609', '2782', '557', '2403', '1005', '641', '1362', '478', '1547', '5355', '3247', '3171', '6284', '4240', '895', '2155', '455', '4936', '9579', '5', '5287', '2202', '354', '4475', '1114', '5253', '287', '8588', '8150', '7622', '9287', '3675', '5173', '6715', '5084', '2014', '5187', '891', '865', '855', '1913', '3791', '2324', '1501', '1378', '2235', '4663', '2252', '3234', '77', '9175', '674', '5748', '1461', '5027', '3131', '7170', '7830', '5978', '1922', '6144', '369', '847', '887', '6369', '60', '4862', '5554', '3923', '8857', '9217', '675', '4383', '2924', '953', '3609', '6619', '1746', '1768', '9966', '2586', '5316', '7496', '5013', '7306', '2049', '3560', '1236', '2973', '9172', '3359', '8611', '4422', '9691', '1222', '301', '1206', '451', '4553', '6299', '5928', '2302', '305', '4788', '6716', '6322', '3476', '3296', '7454', '626', '1641', '1590', '5969', '4359', '1145', '4057', '1085', '425', '3948', '4565', '1931', '4994', '2666', '6457', '8790', '1863', '8033', '1862', '2794', '8975', '9', '1107', '2433', '1117', '4064', '2047', '3804', '9860', '9156', '1317', '1454', '5665', '650', '1120', '704', '1691', '68', '5176', '3142', '6259', '1337', '6096', '3090', '3255', '3930', '7840', '4634', '3871', '4671', '7592', '2387', '3764', '1369', '6857', '3635', '6201', '1298', '4104', '1033', '6038', '227', '3790', '560', '1135', '2650', '2184', '5181', '273', '4434', '4390', '1536', '3085', '5388', '2464', '2519', '5517', '819', '6359', '357', '3856', '2338', '5007', '9639', '122', '1332', '1294', '2730', '2228', '3806', '7997', '9793', '6440', '9946', '4872', '2233', '1865', '3375', '44', '6644', '387', '3998', '9686', '2165', '8742', '5443', '8966', '929', '9990', '212', '9577', '228', '741', '2695', '176', '1061', '7292', '4171', '3310', '484', '1739', '1448', '52', '7785', '2862', '7662', '1839', '49', '8156', '967', '1751', '1949', '7155', '3138', '5290', '6820', '1447', '3531', '243', '1314', '628', '9045', '3412', '1193', '7232', '4658', '9675', '5508', '6389', '3797', '4473', '2820', '28', '366', '1089', '9132', '4444', '2561', '637', '6996', '6695', '2299', '1892', '2798', '7336', '8099', '4016', '3066', '4018', '5948', '1431', '790', '8859', '9070', '2197', '1186', '270', '7647', '576', '3566', '7430', '5215', '2465', '6188', '82', '3638', '7145', '913', '7872', '1119', '356', '2240', '1643', '3203', '2107', '5723', '4251', '6390', '5935', '8898', '853', '5122', '3913', '1315', '8818', '8023', '529', '223', '6895', '499', '1593', '132', '782', '6150', '7309', '1037', '4534', '178', '1296', '6078', '2701', '1373', '1843', '666', '3197', '4680', '4828', '9625', '860', '3306', '2131', '4139', '288', '5792', '2658', '2846', '6189', '5232', '1993', '701', '8264', '4085', '9048', '5733', '3177', '897', '3642', '9103', '3700', '4485', '549', '5402', '9006', '773', '3580', '659', '3703', '3551', '949', '6230', '8439', '8625', '9670', '9171', '9095', '4645', '7251', '7053', '9395', '5138', '1216', '3485', '2952', '349', '4713', '1953', '690', '691', '6917', '7119', '8491', '2351', '2766', '1459', '2026', '2213', '5550', '1158', '6928', '1506', '1015', '1772', '3831', '2616', '4081', '1887', '1018', '1146', '3027', '9300', '2857', '9717', '6728', '1014', '4838', '7749', '4612', '180', '1564', '4471', '2750', '3206', '5615', '2192', '7205', '903', '1796', '1184', '2991', '5385', '1038', '1835', '3568', '9995', '358', '5068', '7571', '2621', '501', '1153', '6324', '1878', '9215', '1019', '6308', '604', '4528', '1318', '4325', '5386', '4955', '1802', '1389', '2340', '2398', '8026', '1103', '401', '2632', '3853', '6512', '5306', '2603', '2023', '602', '5558', '9021', '4118', '4636', '1465', '1248', '6481', '3151', '3141', '1249', '7214', '786', '417', '5782', '934', '3692', '395', '6130', '3156', '264', '2286', '2977', '518', '83', '1272', '5394', '388', '2674', '9830', '6304', '3573', '127', '165', '9343', '5076', '2673', '4275', '1427', '7558', '3469', '8083', '696', '1138', '397', '3036', '1379', '1131', '5742', '660', '5192', '4793', '4584', '2597', '281', '7684', '6999', '5304', '508', '5911', '4014', '4592', '9707', '2645', '3817', '2034', '7991', '114', '2368', '3569', '8814', '3597', '3672', '8355', '1711', '1719', '2284', '4188', '360', '3929', '7540', '9239', '9667', '9890', '2553', '6276', '5030', '3832', '1312', '4555', '596', '6589', '5297', '1657', '885', '142', '2623', '1970', '2028', '468', '8233', '1224', '4192', '2041', '1659', '3034', '6916', '6182', '1650', '3769', '8403', '3364', '97', '9253', '4298', '6274', '890', '1698', '6439', '1694', '2552', '6393', '5727', '2860', '9663', '9737', '1656', '4797', '1986', '1160', '3273', '5889', '9642', '2277', '3304', '5507', '1381', '574', '8633', '145', '2124', '1167', '1885', '6934', '703', '4893', '8867', '7316', '4571', '1591', '170', '4065', '1327', '4138', '1525', '8731', '6536', '5114', '3904', '2536', '298', '5992', '9748', '8142', '519', '3828', '2241', '1923', '963', '2671', '1927', '138', '6272', '699', '8956', '7923', '4258', '1987', '2425', '826', '7794', '839', '426', '2852', '4691', '6087', '646', '4810', '5691', '6954', '5395', '347', '594', '45', '5160', '2787', '4842', '1974', '1571', '8079', '5818', '1204', '5427', '22', '3705', '495', '3643', '5010', '1303', '3065', '4517', '2989', '6454', '6566', '1423', '8329', '5947', '7646', '247', '2186', '3620', '635', '7810', '5668', '1797', '1094', '2362', '1234', '1703', '5800', '1956', '2320', '1812', '725', '377', '785', '2827', '4579', '4394', '3033', '542', '269', '8512', '1872', '876', '1999', '838', '5244', '7934', '908', '2010', '2950', '2150', '6898', '1202', '5141', '5024', '778', '420', '4345', '8457', '308', '1677', '849', '9927', '1191', '879', '284', '2920', '3262', '3126', '7277', '1996', '63', '8915', '3567', '6604', '429', '1350', '4978', '207', '2489', '1844', '9024', '5003', '4005', '8849', '3106', '4182', '1566', '2601', '573', '3108', '4924', '9576', '3333', '5203', '2914', '1305', '4328', '4965', '1936', '331'}
MF test predictions saved to: /ceph/home/student.aau.dk/vo55zp/projects/P5/src/MMR/../datasets/mmr_data/books/2025-12-17_14-29-17/mf_test_100000_predictions.csv
MMR results saved: /ceph/home/student.aau.dk/vo55zp/projects/P5/src/MMR/../datasets/mmr_data/books/2025-12-17_14-29-17/mmr_test_100000_cosine_top_50.csv
MMR results saved: /ceph/home/student.aau.dk/vo55zp/projects/P5/src/MMR/../datasets/mmr_data/books/2025-12-17_14-29-17/mmr_test_100000_jaccard_top_50.csv
Pipeline for books test finished successfully!
