Running on ailab-l4-06
Start time: Wed Dec 17 14:24:24 CET 2025
Activating virtual environment...
Python path: /ceph/home/student.aau.dk/vo55zp/projects/P5/venv/bin/python3
Python version: Python 3.10.12
Running on ailab-l4-06
Start time: Wed Dec 17 14:24:24 CET 2025
Starting pipeline...

=== Running pipeline with weights: relevance=0.4, diversity=0.6 ===
Starting pipeline for movies train
Train matrix: (671, 1242), Val matrix: (610, 1242)
Training complete. Best epoch: 3, Best train RMSE: 0.9024, Best val RMSE: 1.0280
Training complete. Best epoch: 4, Best train RMSE: 0.8871, Best val RMSE: 1.0271
Training complete. Best epoch: 4, Best train RMSE: 0.8890, Best val RMSE: 1.0262
Training complete. Best epoch: 2, Best train RMSE: 0.8987, Best val RMSE: 1.0286
Training complete. Best epoch: 2, Best train RMSE: 0.8998, Best val RMSE: 1.0277
Training complete. Best epoch: 2, Best train RMSE: 0.9013, Best val RMSE: 1.0268
Training complete. Best epoch: 1, Best train RMSE: 0.9405, Best val RMSE: 1.0287
Training complete. Best epoch: 1, Best train RMSE: 0.9410, Best val RMSE: 1.0278
Training complete. Best epoch: 1, Best train RMSE: 0.9416, Best val RMSE: 1.0269
Best (alpha, lambda) from Stage 1: {'alpha': 0.005, 'lambda_': 0.1}, RMSE=1.0262
Training complete. Best epoch: 4, Best train RMSE: 0.8890, Best val RMSE: 1.0262
Training complete. Best epoch: 4, Best train RMSE: 0.8858, Best val RMSE: 1.0265
Training complete. Best epoch: 4, Best train RMSE: 0.8824, Best val RMSE: 1.0281
Best k from Stage 2: 20, RMSE=1.0262
Best MF params: {'alpha': 0.005, 'lambda_': 0.1, 'k': 20}, RMSE=1.0262
Training complete. Best epoch: 4, Best train RMSE: 0.8890, Best val RMSE: 1.0262
Validation data: 4394 ratings
Item IDs length: 1242
Max column index: 1241
Best lambda: 0.35000000000000003 with score 0.7959
Validation data: 4394 ratings
Item IDs length: 1242
Max column index: 1241
Best lambda: 0.25 with score 0.7980
Logged experiment to /ceph/home/student.aau.dk/vo55zp/projects/P5/src/MMR/../datasets/mmr_data/movies/mf_train_experiment_log.csv
Logged experiment to /ceph/home/student.aau.dk/vo55zp/projects/P5/src/MMR/../datasets/mmr_data/movies/2025-12-17_14-24-49/mf_train_100000_loss_history.csv
Logged experiment to /ceph/home/student.aau.dk/vo55zp/projects/P5/src/MMR/../datasets/mmr_data/movies/mmr_train_experiment_log.csv
Logged experiment to /ceph/home/student.aau.dk/vo55zp/projects/P5/src/MMR/../datasets/mmr_data/movies/mmr_train_experiment_log.csv
Pipeline for movies train finished successfully!
Start movies test pipeline 
[DEBUG] Filtered users: 613
[DEBUG] Filtered items: 1242
[DEBUG] Sample users: [2, 3, 4, 5, 6]
[DEBUG] Sample items: ['101', '101362', '1018', '102', '1023']
[DEBUG] Predicted ratings shape: (613, 1242)
[DEBUG] Min/max predicted rating: 1.9010127210592536/5.112896117768185
predicted_ratings.shape: (613, 1242)
R_filtered.shape: (613, 1178)
MF predictions saved: /ceph/home/student.aau.dk/vo55zp/projects/P5/src/MMR/../datasets/mmr_data/movies/2025-12-17_14-24-49/mf_test_100000_top_50.csv
[DEBUG] Top-N CSV rows: 30650
[DEBUG] Unique users in CSV: 613
[DEBUG] Unique items in CSV: 102
[DEBUG] Sample rows:
   userId  rank  itemId  predictedRating
0       2     1     318         4.405279
1       2     2     858         4.384709
2       2     3     527         4.208042
3       2     4     608         4.200962
4       2     5     260         4.193586
[DEBUG] Number of candidate items: 102
[DEBUG] Sample candidate items: ['318', '858', '527', '608', '260']
[DEBUG] predicted_ratings_top_n shape: (613, 102)
[DEBUG] Non-zero entries: 30650
[DEBUG] Max predicted rating: 5.112896117768185
Missing items: {'3019', '27317', '2107', '982', '2642', '2516', '1729', '1965', '364', '2355', '513', '272', '2929', '290', '3004', '8011', '442', '85414', '55', '1619', '648', '2694', '62956', '4148', '11', '833', '2004', '261', '1485', '2648', '3766', '4191', '88', '1091', '61123', '837', '586', '2459', '2082', '41569', '348', '4889', '909', '2433', '2701', '1994', '809', '1407', '637', '1389', '1608', '3083', '1690', '1653', '2469', '2148', '562', '421', '3396', '5956', '1887', '3112', '1673', '5899', '475', '3051', '588', '8373', '507', '53519', '308', '170', '1996', '65188', '2817', '928', '5620', '8948', '2000', '429', '42011', '3103', '4369', '44004', '4043', '3063', '508', '42734', '6003', '1991', '4643', '316', '7451', '1884', '1950', '8833', '2046', '1927', '2979', '55765', '818', '26776', '94959', '988', '1248', '8973', '4443', '1488', '2088', '3134', '635', '8645', '832', '2759', '1497', '4734', '2078', '6537', '1419', '84152', '45431', '1956', '2010', '1848', '407', '93855', '509', '3088', '81', '1667', '86', '1413', '2753', '26133', '2690', '5048', '1427', '59333', '259', '248', '338', '805', '1999', '522', '3077', '2080', '1997', '4641', '14', '2020', '86332', '300', '951', '2978', '78088', '616', '590', '4928', '381', '5247', '2109', '2125', '532', '339', '627', '1285', '1835', '6957', '534', '424', '3035', '31685', '788', '8984', '1371', '180', '59', '280', '64499', '2313', '931', '902', '2253', '539', '2232', '46967', '986', '552', '458', '2668', '31410', '5139', '786', '897', '169', '2860', '550', '53883', '54503', '2282', '3101', '219', '326', '6440', '8195', '5881', '494', '216', '537', '4727', '1049', '942', '3543', '4658', '3594', '99', '195', '312', '2383', '84187', '2671', '3536', '1124', '3598', '6473', '6593', '4857', '892', '186', '173', '1627', '5064', '1051', '2470', '691', '94466', '2104', '4979', '266', '1441', '8337', '145', '673', '667', '2239', '334', '630', '6643', '84944', '2734', '26326', '4247', '1717', '587', '2539', '73', '2993', '948', '465', '2006', '2428', '4975', '2662', '697', '40629', '4958', '2789', '2108', '25771', '1363', '434', '6641', '6961', '1834', '2348', '454', '2259', '267', '2687', '1265', '53000', '2266', '3681', '1583', '2268', '1841', '288', '3698', '2926', '866', '1713', '42002', '3016', '2140', '2089', '523', '5780', '1487', '69406', '3786', '6620', '393', '222', '599', '94478', '594', '39446', '613', '85788', '2436', '5816', '596', '531', '848', '780', '2069', '322', '482', '2143', '5686', '4974', '89492', '3547', '7216', '2617', '2022', '1863', '5121', '1416', '342', '2094', '415', '687', '158', '2087', '8129', '2288', '4701', '8985', '2457', '2123', '2699', '1620', '104', '1440', '3074', '500', '40819', '252', '1949', '2639', '1639', '2015', '3173', '917', '6373', '1954', '236', '2044', '510', '2012', '2574', '6058', '916', '936', '88812', '4012', '64983', '1584', '63876', '4880', '1580', '2162', '1245', '3529', '2287', '65', '89', '2605', '4291', '30', '1777', '4587', '5876', '879', '3511', '861', '155', '2263', '460', '3512', '1882', '1791', '2084', '74', '6936', '595', '8363', '32582', '27721', '1103', '56801', '4614', '1018', '1273', '6466', '1941', '452', '52885', '800', '799', '547', '207', '1992', '50189', '4025', '1429', '839', '276', '467', '1367', '3175', '4520', '34334', '44022', '8016', '549', '5051', '489', '161', '85', '870', '1985', '1251', '332', '2322', '466', '8981', '45722', '74944', '694', '36519', '2788', '7300', '4441', '1594', '350', '3565', '842', '154', '502', '2116', '101362', '215', '3089', '1271', '3397', '2989', '5', '79', '2139', '1092', '56152', '254', '830', '1537', '8873', '3418', '2565', '1920', '265', '62', '5481', '27706', '4978', '1590', '2155', '2748', '1405', '225', '7091', '678', '8366', '36527', '67087', '116', '2193', '3090', '8968', '1589', '6436', '8128', '337', '59387', '74458', '262', '581', '838', '1369', '553', '1967', '2133', '1162', '1963', '3763', '349', '28', '79008', '1921', '535', '1629', '932', '5319', '79553', '4516', '54272', '2151', '160', '2002', '1730', '46335', '2269', '2043', '58', '1269', '97938', '8665', '6934', '4464', '1779', '204', '661', '881', '135', '3114', '3701', '3176', '662', '2988', '2054', '3515', '440', '52767', '759', '955', '303', '102', '1918', '4255', '57353', '1023', '5991', '1966', '345', '1573', '3937', '18', '7347', '5061', '114060', '5927', '329', '2097', '1939', '105', '2721', '2144', '2924', '26111', '2114', '31696', '8827', '70', '2124', '2302', '80241', '277', '31116', '63859', '2095', '1544', '4896', '49396', '2122', '84601', '30793', '605', '378', '101', '32031', '4552', '4034', '585', '1391', '1641', '1865', '45726', '21', '2371', '26', '1588', '1911', '1616', '81229', '8966', '3097', '1892', '2752', '2791', '74946', '47518', '2501', '2442', '1635', '8014', '1581', '4951', '709', '565', '8874', '950', '26131', '2616', '3638', '650', '3479', '606', '26680', '4344', '5680', '1676', '2321', '1836', '8987', '1978', '3079', '1873', '428', '1396', '2528', '968', '233', '1246', '1722', '3060', '3118', '292', '77561', '5056', '5147', '1964', '2017', '2882', '4992', '299', '4133', '3177', '798', '122924', '1059', '107', '4482', '344', '40826', '3011', '4234', '83613', '2160', '25750', '640', '2115', '44555', '2009', '1940', '410', '1411', '377', '1721', '46972', '1957', '543', '900', '213', '762', '81847', '2333', '1277', '2117', '2787', '1268', '2005', '1934', '1093', '4546', '42632', '71520', '256', '2610', '3549', '1958', '2033', '3980', '1375', '8584', '4638', '3476', '597', '227', '47610', '1376', '427', '24', '144', '451', '51540', '2134', '1631', '32029', '71282', '2761', '22', '1783', '558', '185', '43936', '2890', '441', '1633', '1833', '115210', '5066', '6978', '1024', '37380', '5060', '1266', '177', '4279', '3081', '3168', '3160', '1995', '53129', '1366', '8194', '30707', '1785', '3581', '53435', '90374', '390', '20', '327', '2769', '2613', '1552', '1073', '1358', '69', '8617', '107406', '2892', '647', '2059', '6947', '1913', '33495', '39414', '850', '1593', '1959', '19', '1948', '26614', '41571', '1262', '4977', '69784', '26842', '612', '3053', '4566', '1562', '5729', '911', '7454', '31522', '927', '2805', '2527', '765', '633', '4327', '141', '165', '5187', '3577', '388', '4816', '2111', '45186', '2312', '198', '7980', '3034', '1281', '1845', '3062', '47721', '12', '3052', '8368', '2577', '2297', '379', '275', '2252', '2440', '25868', '1885', '1587', '1249', '1282', '153', '1888', '6078', '949', '4232', '88744', '380', '806', '628', '2770', '575', '8908', '3469', '3210', '26258', '1615', '4676', '938', '1895', '33166', '1680', '3146', '32444', '3527', '2058', '524', '25', '592', '2085', '2749', '2912', '3', '1975', '4723', '1370', '426', '540', '742', '1393', '62999', '43919', '1894', '44694', '3057', '3989', '95', '123', '3526', '6535', '164', '761', '2171', '468', '3699', '2294', '1907', '4474', '1597', '2728', '112460', '231', '4031', '1591', '4480', '435', '6538', '544', '74948', '1734', '15', '2048', '289', '1611', '4887', '33660', '26712', '168', '5902', '423', '2003', '609', '2722', '836', '504', '35957', '47099', '976', '239', '1735', '80831', '4956', '831', '1702', '8951', '8371', '2071', '309', '1909', '714', '2099', '2349', '2370', '1253', '64', '1648', '2966', '2779', '783', '7090', '849', '1858', '2105', '1378', '1541', '3030', '3179', '3037', '72733', '140174', '56949', '79224', '175', '1260', '670', '54001', '1414', '2657', '1944', '112', '3635', '2262', '347', '2135', '2861', '3061', '810', '546', '1694', '671', '2567', '480', '93840', '2142', '27674', '2900', '196', '46976', '2001', '55721', '172', '3178', '2100', '1127', '4823', '1924', '5528', '89774', '98491', '824', '1374', '2575', '8810', '96821', '4105', '1636', '1701', '2118', '784', '4990', '1599', '2141', '2153', '5608', '1257', '2067', '2463', '8464', '2202', '41566', '1788', '490', '8970', '2161', '1556', '1088', '2335', '193', '2166', '2013', '492', '224', '3117', '891', '2976', '1792', '1644', '1373', '3489', '708', '7234', '1687', '1923', '4254', '471', '711', '3556', '4519', '2255', '1380', '36401', '253', '249', '63540', '481', '1422', '4970', '314', '2261', '331', '4837', '1586', '36529', '39183', '431', '2038', '2334', '4228', '317', '203', '6609', '315', '1372', '171', '74510', '1665', '2018', '2', '4351', '132', '58306', '1809', '1875', '26810', '804', '1951', '5833', '86320', '668', '1726', '247', '8860', '614', '71254', '333', '3033', '841', '1807', '2132', '383', '3082', '2640', '78041', '340', '8008', '3483', '4111', '1683', '425', '1688', '2455', '929', '6970', '218', '1917', '48385', '5961', '1479', '1678', '241', '6283', '111759', '2771', '2447', '802', '3110', '163', '1535', '914', '1566', '1499', '551', '653', '1645', '2034', '437', '4703', '38304', '2011', '6552', '1125', '436', '1831', '1377', '1672', '1255', '2841', '7445', '4709', '1772', '2110', '2112', '82', '455', '2014', '74545', '25753', '5483'}
MF test predictions saved to: /ceph/home/student.aau.dk/vo55zp/projects/P5/src/MMR/../datasets/mmr_data/movies/2025-12-17_14-24-49/mf_test_100000_predictions.csv
MMR results saved: /ceph/home/student.aau.dk/vo55zp/projects/P5/src/MMR/../datasets/mmr_data/movies/2025-12-17_14-24-49/mmr_test_100000_cosine_top_50.csv
MMR results saved: /ceph/home/student.aau.dk/vo55zp/projects/P5/src/MMR/../datasets/mmr_data/movies/2025-12-17_14-24-49/mmr_test_100000_jaccard_top_50.csv
Pipeline for movies test finished successfully!
Starting pipeline for books train
Train matrix: (1797, 2559), Val matrix: (1584, 2559)
Training complete. Best epoch: 1, Best train RMSE: 0.9815, Best val RMSE: 0.9872
Training complete. Best epoch: 1, Best train RMSE: 0.9817, Best val RMSE: 0.9873
Training complete. Best epoch: 1, Best train RMSE: 0.9818, Best val RMSE: 0.9873
Training complete. Best epoch: 1, Best train RMSE: 0.9638, Best val RMSE: 0.9883
Training complete. Best epoch: 1, Best train RMSE: 0.9640, Best val RMSE: 0.9881
Training complete. Best epoch: 1, Best train RMSE: 0.9643, Best val RMSE: 0.9880
Training complete. Best epoch: 1, Best train RMSE: 0.9449, Best val RMSE: 0.9988
Training complete. Best epoch: 1, Best train RMSE: 0.9452, Best val RMSE: 0.9978
Training complete. Best epoch: 1, Best train RMSE: 0.9456, Best val RMSE: 0.9969
Best (alpha, lambda) from Stage 1: {'alpha': 0.005, 'lambda_': 0.01}, RMSE=0.9872
Training complete. Best epoch: 1, Best train RMSE: 0.9815, Best val RMSE: 0.9872
Training complete. Best epoch: 1, Best train RMSE: 0.9827, Best val RMSE: 0.9889
Training complete. Best epoch: 1, Best train RMSE: 0.9837, Best val RMSE: 0.9896
Best k from Stage 2: 20, RMSE=0.9872
Best MF params: {'alpha': 0.005, 'lambda_': 0.01, 'k': 20}, RMSE=0.9872
Training complete. Best epoch: 1, Best train RMSE: 0.9815, Best val RMSE: 0.9872
Validation data: 9780 ratings
Item IDs length: 2559
Max column index: 2558
Best lambda: 0.05 with score 0.9992
Validation data: 9780 ratings
Item IDs length: 2559
Max column index: 2558
Best lambda: 0.05 with score 0.9995
Logged experiment to /ceph/home/student.aau.dk/vo55zp/projects/P5/src/MMR/../datasets/mmr_data/books/mf_train_experiment_log.csv
Logged experiment to /ceph/home/student.aau.dk/vo55zp/projects/P5/src/MMR/../datasets/mmr_data/books/2025-12-17_14-39-22/mf_train_100000_loss_history.csv
Logged experiment to /ceph/home/student.aau.dk/vo55zp/projects/P5/src/MMR/../datasets/mmr_data/books/mmr_train_experiment_log.csv
Logged experiment to /ceph/home/student.aau.dk/vo55zp/projects/P5/src/MMR/../datasets/mmr_data/books/mmr_train_experiment_log.csv
Pipeline for books train finished successfully!
Start books test pipeline 
[DEBUG] Filtered users: 1581
[DEBUG] Filtered items: 2559
[DEBUG] Sample users: [1, 2, 3, 4, 7]
[DEBUG] Sample items: ['10', '100', '1003', '1005', '1007']
[DEBUG] Predicted ratings shape: (1581, 2559)
[DEBUG] Min/max predicted rating: 2.7483791332442036/4.784876063326
predicted_ratings.shape: (1581, 2559)
R_filtered.shape: (1581, 2529)
MF predictions saved: /ceph/home/student.aau.dk/vo55zp/projects/P5/src/MMR/../datasets/mmr_data/books/2025-12-17_14-39-22/mf_test_100000_top_50.csv
[DEBUG] Top-N CSV rows: 79050
[DEBUG] Unique users in CSV: 1581
[DEBUG] Unique items in CSV: 691
[DEBUG] Sample rows:
   userId  rank  itemId  predictedRating
0       1     1      25         4.310003
1       1     2       4         4.223681
2       1     3      50         4.208968
3       1     4      24         4.177428
4       1     5     102         4.169569
[DEBUG] Number of candidate items: 691
[DEBUG] Sample candidate items: ['25', '4', '50', '24', '102']
[DEBUG] predicted_ratings_top_n shape: (1581, 691)
[DEBUG] Non-zero entries: 79050
[DEBUG] Max predicted rating: 4.784876063326
Missing items: {'705', '2107', '4733', '4345', '4348', '2416', '1131', '6148', '2355', '306', '8047', '5386', '6999', '8867', '2150', '3349', '6701', '2938', '833', '3608', '1094', '5668', '9217', '3769', '2406', '6892', '1202', '205', '5775', '3419', '493', '9302', '2701', '5030', '1163', '1847', '358', '1389', '5029', '7991', '1175', '8071', '2323', '3106', '3212', '8491', '1021', '9303', '2148', '3406', '5911', '1350', '6307', '1107', '3310', '7683', '1461', '6823', '2806', '6587', '308', '3791', '4400', '120', '7893', '6530', '4317', '1218', '715', '4788', '1936', '9631', '5903', '7003', '6278', '429', '5809', '5003', '6417', '8012', '3856', '5950', '3353', '4965', '2284', '6064', '508', '2328', '5800', '7855', '2950', '5707', '2643', '7684', '895', '5667', '651', '4042', '602', '1768', '1146', '2732', '9927', '3776', '2343', '4994', '635', '6521', '3111', '9772', '3258', '4512', '1286', '7826', '8416', '8471', '675', '111', '407', '4634', '9300', '1379', '7053', '5277', '5495', '4660', '301', '3657', '7558', '1427', '664', '9404', '5027', '2228', '9236', '8055', '3455', '8849', '6448', '9424', '1925', '3531', '1343', '913', '14', '2556', '2601', '951', '3098', '6391', '8854', '3871', '616', '381', '1171', '6902', '6665', '6742', '8847', '846', '1797', '977', '9554', '5748', '477', '1897', '890', '1989', '6475', '8233', '726', '2075', '3564', '1486', '9754', '883', '4763', '6410', '9180', '408', '5263', '718', '3344', '4865', '2271', '6274', '1213', '1315', '398', '5326', '2163', '2594', '1910', '4016', '2235', '2860', '2049', '375', '9628', '8623', '4695', '1650', '3676', '1857', '5084', '1301', '4429', '4727', '737', '1662', '5568', '4972', '688', '1908', '785', '6181', '2671', '1916', '2561', '457', '4104', '4598', '2229', '8792', '3642', '691', '3304', '3794', '6619', '934', '854', '5540', '4603', '266', '6038', '402', '1388', '2239', '6324', '2186', '3853', '3048', '7117', '6536', '9363', '1199', '9890', '2426', '6348', '2539', '138', '465', '1161', '268', '1236', '2679', '6009', '5150', '321', '4138', '6277', '3399', '9793', '8067', '8103', '454', '366', '2259', '6959', '1217', '1953', '1305', '4085', '572', '704', '3831', '8316', '8915', '6998', '448', '288', '3995', '1348', '885', '626', '2926', '952', '9579', '304', '3016', '1533', '3482', '6402', '781', '5582', '997', '3352', '8790', '3375', '5782', '4130', '594', '7092', '2952', '9397', '7822', '608', '1037', '1135', '531', '6230', '1457', '894', '6898', '8080', '1536', '5456', '3205', '1178', '3547', '573', '5028', '397', '851', '1089', '847', '176', '2415', '701', '1509', '3540', '5733', '782', '108', '2047', '6589', '3099', '1949', '1685', '4081', '8931', '5010', '1444', '3359', '6975', '8075', '8460', '622', '6813', '5192', '6604', '1159', '2757', '6439', '3600', '3306', '1974', '1580', '2519', '7145', '1245', '2464', '5385', '7501', '690', '4455', '7119', '2498', '9707', '9866', '3511', '803', '5176', '387', '4221', '1447', '3374', '908', '6189', '5978', '2131', '1791', '4548', '595', '3171', '1103', '4614', '1018', '1525', '2825', '4955', '3070', '3930', '3764', '7232', '2706', '2595', '1864', '5042', '5081', '547', '207', '1806', '2674', '9239', '5861', '2821', '5935', '2039', '839', '7490', '1160', '1448', '503', '5051', '3998', '3255', '4574', '5427', '8289', '2315', '6407', '8150', '3340', '9978', '5158', '9253', '4691', '79', '4057', '6184', '1741', '5181', '4171', '8873', '919', '478', '8465', '1590', '8779', '5155', '2554', '3443', '8366', '9985', '1752', '6928', '2536', '6588', '1771', '2193', '305', '3090', '7571', '3200', '9070', '9175', '873', '9114', '838', '1733', '9761', '1369', '8975', '553', '5855', '2127', '1843', '1458', '8446', '2875', '28', '8633', '8099', '5797', '5491', '3124', '4119', '63', '2002', '3085', '7519', '58', '5114', '1269', '9083', '1454', '420', '8651', '1763', '6934', '953', '3133', '881', '8857', '2963', '2491', '35', '3076', '8038', '1573', '3937', '4565', '4383', '2213', '2924', '1258', '9078', '7496', '8801', '2124', '2302', '2991', '2172', '5992', '4287', '8401', '2122', '4251', '6322', '2623', '1053', '1641', '1865', '2782', '2371', '4528', '5122', '2340', '6183', '5743', '5498', '1892', '2794', '2024', '2501', '4192', '2277', '92', '1185', '3127', '1233', '130', '1184', '4756', '1113', '3585', '68', '3792', '4181', '650', '7025', '6895', '3468', '1931', '3206', '5947', '2710', '1739', '9171', '3785', '1873', '2750', '9645', '693', '9395', '6715', '2296', '5730', '2873', '741', '659', '9748', '1677', '7429', '4567', '3177', '798', '107', '2338', '142', '6188', '7410', '7277', '8154', '3011', '4190', '2062', '967', '2600', '1019', '1411', '6320', '900', '287', '5932', '762', '1277', '2408', '1267', '9116', '9830', '3568', '9860', '7631', '5980', '560', '1518', '6533', '6382', '660', '4275', '6319', '6524', '1698', '4842', '1150', '2489', '4638', '8692', '3476', '2159', '227', '2737', '5446', '3108', '451', '4014', '2747', '3497', '1498', '1633', '3333', '887', '1812', '8033', '5290', '2615', '1266', '577', '4363', '865', '6787', '2677', '386', '3533', '8093', '7149', '4316', '6954', '8053', '5115', '3485', '7155', '390', '9024', '4680', '731', '7934', '963', '2505', '3417', '8239', '4525', '1117', '2242', '2425', '9287', '2478', '6777', '4555', '612', '1327', '918', '5936', '1601', '1279', '3923', '464', '9849', '6182', '3811', '559', '354', '633', '4118', '5187', '1569', '3034', '8142', '1659', '4753', '3806', '8891', '282', '4517', '2056', '2252', '3291', '237', '1625', '1885', '5792', '1249', '8814', '7205', '5723', '6078', '949', '6393', '6695', '380', '7026', '5237', '29', '3151', '3469', '3936', '7540', '1033', '3138', '3643', '7721', '3', '8928', '8516', '3504', '426', '1234', '8412', '6130', '864', '925', '8920', '1294', '1657', '6354', '5068', '49', '8236', '7864', '9670', '3311', '2673', '8275', '6791', '3699', '6944', '6889', '5863', '3273', '7251', '9667', '9995', '7755', '6820', '1591', '8023', '5239', '9966', '1727', '8084', '4820', '1280', '6276', '3296', '1436', '4870', '8737', '2280', '7923', '495', '1746', '298', '3990', '6553', '9921', '1735', '5057', '3760', '8750', '755', '3018', '4989', '264', '1133', '369', '966', '5691', '60', '5948', '849', '5734', '8697', '7214', '1549', '8868', '1378', '1261', '9132', '5195', '5525', '5128', '4392', '670', '1414', '1725', '6273', '568', '6607', '3609', '2738', '497', '2135', '356', '6336', '2240', '4797', '499', '1960', '9576', '2025', '4005', '7647', '7311', '4328', '9691', '3832', '1955', '646', '7522', '7820', '9405', '5095', '9990', '2214', '8457', '6284', '2030', '1149', '1555', '3966', '5550', '7668', '2387', '2013', '492', '3197', '6272', '1644', '4526', '2465', '7476', '1250', '2156', '5704', '8026', '5665', '7592', '331', '4915', '1119', '1586', '5508', '7418', '860', '6369', '1137', '4052', '8742', '132', '1825', '3501', '725', '576', '5431', '5120', '2241', '3817', '4309', '3899', '5297', '8956', '474', '6180', '2278', '3869', '4325', '1311', '700', '3140', '1105', '3033', '625', '4938', '5865', '3007', '5630', '383', '4729', '696', '3234', '2285', '929', '518', '5536', '5273', '9946', '4850', '5907', '8083', '4636', '574', '2177', '1221', '5961', '6870', '258', '2074', '5443', '1459', '3640', '2557', '1567', '1862', '529', '1566', '5507', '9156', '1432', '75', '653', '1645', '3675', '639', '1844', '658', '436', '763', '1084', '7453', '3072', '336', '3903', '5019', '3672', '5858', '1703', '3997', '9686', '1748', '1112', '3126', '9215', '2514', '867', '4337', '6235', '7208', '2852', '6195', '1434', '2621', '272', '1547', '8157', '8870', '3142', '1796', '4079', '876', '6539', '4726', '1430', '4924', '6150', '2419', '228', '6359', '3128', '6304', '261', '9717', '1445', '5007', '9625', '5160', '521', '4513', '7856', '2604', '6648', '2433', '3580', '1407', '3561', '637', '1426', '5448', '3156', '270', '3022', '1976', '1337', '1314', '1887', '770', '8625', '5232', '4836', '2658', '4584', '3688', '588', '6726', '1802', '2666', '83', '170', '3000', '1987', '1996', '2936', '2846', '4068', '413', '3828', '395', '5648', '4369', '1085', '357', '2023', '1711', '7785', '3500', '238', '6644', '6917', '5423', '8731', '4027', '501', '7170', '730', '8448', '4284', '4244', '1927', '5890', '8079', '2524', '3381', '122', '1248', '5500', '2798', '200', '5969', '6259', '2862', '6326', '2136', '3137', '53', '1973', '4112', '4794', '3510', '3804', '3092', '1570', '9513', '1191', '8805', '1956', '2010', '5763', '2559', '7662', '2680', '3767', '569', '57', '86', '3247', '8355', '8588', '4182', '8456', '3131', '1719', '9469', '6802', '777', '1624', '4608', '2073', '8433', '1999', '3077', '8818', '3782', '8439', '9103', '3379', '1643', '1418', '2651', '5253', '9014', '1206', '4571', '1423', '2603', '8898', '1506', '5617', '590', '9961', '2878', '3338', '1435', '7970', '4531', '2973', '1835', '4139', '180', '4848', '4810', '2766', '450', '6916', '1915', '2755', '2820', '8806', '8512', '2965', '986', '552', '3047', '2365', '4645', '2944', '4004', '786', '897', '5758', '4127', '2052', '1216', '6440', '3439', '2573', '1222', '3929', '4658', '5627', '6011', '439', '5014', '3705', '4390', '1124', '3598', '6593', '2215', '2403', '8445', '901', '5554', '9639', '3889', '9045', '9623', '9176', '9', '8175', '903', '6808', '1714', '2351', '145', '6306', '1561', '8523', '1922', '959', '5889', '587', '5343', '1751', '197', '3834', '2286', '3262', '9516', '2883', '2192', '9343', '1592', '8309', '5727', '5138', '5215', '1015', '5394', '1758', '8295', '8795', '4149', '1303', '2553', '2458', '4670', '8039', '5545', '3567', '3884', '972', '4265', '1713', '6615', '5145', '4630', '9642', '1381', '2089', '5347', '4485', '4473', '7471', '1362', '9095', '6007', '6457', '599', '2939', '9048', '2521', '5751', '9675', '4444', '2250', '8403', '3620', '596', '1384', '1622', '1272', '3364', '5173', '848', '194', '2069', '768', '78', '4534', '3790', '2507', '5013', '6728', '944', '1863', '687', '4663', '961', '8611', '773', '2123', '7379', '2452', '9577', '3464', '9317', '2931', '500', '341', '6364', '7295', '666', '479', '8859', '2015', '3963', '411', '4647', '1954', '2012', '3954', '3566', '5317', '1900', '916', '686', '936', '2184', '6566', '7646', '4880', '1526', '6070', '3552', '9461', '1986', '4713', '3957', '2994', '3974', '5295', '879', '5374', '211', '3452', '6185', '453', '6469', '4973', '2128', '4018', '767', '9102', '3692', '5024', '2985', '4196', '3933', '4688', '74', '2341', '5700', '5162', '1564', '2827', '4893', '7748', '8878', '1993', '799', '6914', '4877', '9290', '1477', '5398', '733', '7806', '519', '52', '3036', '549', '489', '706', '2398', '870', '6342', '5349', '710', '273', '2362', '4793', '2508', '271', '1392', '6481', '1364', '33', '1114', '2066', '3136', '2989', '1656', '1853', '5', '109', '3551', '1537', '178', '3172', '5661', '6308', '23', '4978', '2155', '2608', '4394', '1317', '7372', '5229', '116', '1762', '3713', '4422', '3715', '242', '8334', '1589', '8787', '571', '1208', '1158', '8591', '5100', '1967', '5905', '8264', '4009', '3029', '97', '1963', '349', '5287', '826', '2644', '2857', '160', '2544', '2043', '4289', '9863', '45', '1520', '223', '310', '204', '4187', '1153', '2279', '3407', '955', '4985', '2914', '3573', '1856', '345', '7347', '9311', '3065', '4622', '4944', '1465', '212', '9810', '46', '3948', '2584', '2324', '1970', '1332', '6844', '77', '6752', '1167', '4838', '1083', '26', '2977', '4553', '935', '8966', '2304', '7810', '1121', '2552', '6096', '343', '2513', '3560', '3638', '2616', '4260', '284', '417', '727', '2347', '5073', '7080', '1676', '2802', '4103', '5305', '9764', '7840', '3079', '3979', '3066', '1139', '3758', '5220', '1063', '6104', '1246', '1351', '6157', '7246', '3412', '3250', '4768', '5639', '40', '1138', '969', '4579', '1839', '6454', '1420', '360', '674', '3163', '4482', '2165', '6829', '640', '410', '641', '542', '4578', '4872', '377', '5037', '1957', '148', '2787', '221', '6399', '1521', '487', '6087', '557', '2811', '3362', '3219', '629', '2026', '22', '1421', '9722', '6512', '6579', '4716', '5928', '3141', '1057', '361', '7651', '6079', '9243', '2807', '2645', '526', '4671', '582', '430', '7430', '1785', '1755', '5983', '8704', '5141', '2188', '819', '9626', '2650', '1073', '2892', '2354', '4612', '3973', '5853', '1312', '1913', '2197', '4258', '6835', '1593', '2695', '6729', '1262', '44', '1431', '2233', '4862', '1120', '911', '9204', '7454', '8214', '2379', '652', '9081', '5304', '1048', '699', '1571', '2298', '165', '388', '1155', '703', '8432', '281', '5517', '2029', '2462', '7961', '3911', '3569', '5629', '4067', '4592', '7292', '4421', '4899', '1186', '3027', '2440', '6334', '5742', '7316', '4106', '8199', '2174', '3548', '9172', '2718', '1193', '2632', '1928', '628', '2770', '6121', '575', '4434', '1038', '1649', '3210', '9021', '2299', '7872', '1144', '3795', '9737', '1189', '1204', '3820', '1680', '9663', '5189', '1975', '5571', '1061', '1582', '3703', '4298', '1270', '5330', '4471', '2618', '2568', '123', '3894', '6212', '3646', '5244', '4551', '468', '1501', '2045', '5558', '6201', '3392', '5458', '4236', '2344', '1298', '7309', '4828', '4758', '5860', '8329', '9006', '3904', '255', '3818', '131', '4240', '2586', '2808', '484', '7327', '2320', '5463', '3377', '209', '269', '609', '239', '1005', '8951', '611', '6144', '1099', '1605', '6775', '1709', '8269', '5615', '7336', '1858', '3398', '4064', '4188', '243', '2041', '2954', '1014', '6496', '1260', '2657', '1878', '9962', '6390', '1031', '1288', '3635', '3965', '347', '2098', '4514', '3061', '1145', '546', '1694', '671', '2815', '9671', '2352', '3797', '2920', '4359', '5203', '1618', '7907', '1872', '5402', '5041', '1318', '878', '5316', '8896', '824', '4294', '2368', '1151', '1368', '1296', '4160', '8156', '4936', '293', '6561', '2028', '5388', '7052', '5355', '784', '461', '2202', '778', '4047', '2224', '1938', '853', '7830', '2746', '1500', '1937', '9402', '3428', '891', '127', '1792', '1373', '708', '6727', '790', '114', '1923', '471', '6299', '3556', '1224', '5306', '5934', '5076', '3597', '431', '2540', '7306', '4065', '315', '6996', '136', '5589', '4268', '6716', '71', '7622', '855', '3918', '3700', '804', '3656', '401', '1463', '247', '538', '5395', '4475', '604', '7556', '3322', '1675', '2640', '2730', '1128', '5818', '6389', '6014', '4151', '425', '1972', '9972', '1691', '9758', '753', '118', '7997', '2809', '1123', '7749', '2786', '898', '1678', '7887', '1681', '7469', '8696', '6857', '6257', '2034', '2760', '5238', '1255', '8830', '3978', '7794', '1772', '2110', '3913', '82', '455', '8767', '2014', '2597', '1079', '3203'}
MF test predictions saved to: /ceph/home/student.aau.dk/vo55zp/projects/P5/src/MMR/../datasets/mmr_data/books/2025-12-17_14-39-22/mf_test_100000_predictions.csv
MMR results saved: /ceph/home/student.aau.dk/vo55zp/projects/P5/src/MMR/../datasets/mmr_data/books/2025-12-17_14-39-22/mmr_test_100000_cosine_top_50.csv
MMR results saved: /ceph/home/student.aau.dk/vo55zp/projects/P5/src/MMR/../datasets/mmr_data/books/2025-12-17_14-39-22/mmr_test_100000_jaccard_top_50.csv
Pipeline for books test finished successfully!
