Running on ailab-l4-11
Start time: Wed Dec 17 14:21:42 CET 2025
Activating virtual environment...
Python path: /ceph/home/student.aau.dk/vo55zp/projects/P5/venv/bin/python3
Python version: Python 3.10.12
Running on ailab-l4-11
Start time: Wed Dec 17 14:21:42 CET 2025
Starting pipeline...

=== Running pipeline with weights: relevance=0.8, diversity=0.2 ===
Starting pipeline for movies train
Train matrix: (671, 1242), Val matrix: (610, 1242)
Training complete. Best epoch: 3, Best train RMSE: 0.9024, Best val RMSE: 1.0280
Training complete. Best epoch: 4, Best train RMSE: 0.8871, Best val RMSE: 1.0271
Training complete. Best epoch: 4, Best train RMSE: 0.8890, Best val RMSE: 1.0262
Training complete. Best epoch: 2, Best train RMSE: 0.8987, Best val RMSE: 1.0286
Training complete. Best epoch: 2, Best train RMSE: 0.8998, Best val RMSE: 1.0277
Training complete. Best epoch: 2, Best train RMSE: 0.9013, Best val RMSE: 1.0268
Training complete. Best epoch: 1, Best train RMSE: 0.9405, Best val RMSE: 1.0287
Training complete. Best epoch: 1, Best train RMSE: 0.9410, Best val RMSE: 1.0278
Training complete. Best epoch: 1, Best train RMSE: 0.9416, Best val RMSE: 1.0269
Best (alpha, lambda) from Stage 1: {'alpha': 0.005, 'lambda_': 0.1}, RMSE=1.0262
Training complete. Best epoch: 4, Best train RMSE: 0.8890, Best val RMSE: 1.0262
Training complete. Best epoch: 4, Best train RMSE: 0.8858, Best val RMSE: 1.0265
Training complete. Best epoch: 4, Best train RMSE: 0.8824, Best val RMSE: 1.0281
Best k from Stage 2: 20, RMSE=1.0262
Best MF params: {'alpha': 0.005, 'lambda_': 0.1, 'k': 20}, RMSE=1.0262
Training complete. Best epoch: 4, Best train RMSE: 0.8890, Best val RMSE: 1.0262
Validation data: 4394 ratings
Item IDs length: 1242
Max column index: 1241
Best lambda: 1.0 with score 0.8315
Validation data: 4394 ratings
Item IDs length: 1242
Max column index: 1241
Best lambda: 1.0 with score 0.8400
Logged experiment to /ceph/home/student.aau.dk/vo55zp/projects/P5/src/MMR/../datasets/mmr_data/movies/mf_train_experiment_log.csv
Logged experiment to /ceph/home/student.aau.dk/vo55zp/projects/P5/src/MMR/../datasets/mmr_data/movies/2025-12-17_14-21-43/mf_train_100000_loss_history.csv
Logged experiment to /ceph/home/student.aau.dk/vo55zp/projects/P5/src/MMR/../datasets/mmr_data/movies/mmr_train_experiment_log.csv
Logged experiment to /ceph/home/student.aau.dk/vo55zp/projects/P5/src/MMR/../datasets/mmr_data/movies/mmr_train_experiment_log.csv
Pipeline for movies train finished successfully!
Start movies test pipeline 
[DEBUG] Filtered users: 613
[DEBUG] Filtered items: 1242
[DEBUG] Sample users: [2, 3, 4, 5, 6]
[DEBUG] Sample items: ['101', '101362', '1018', '102', '1023']
[DEBUG] Predicted ratings shape: (613, 1242)
[DEBUG] Min/max predicted rating: 1.9010127210592536/5.112896117768185
predicted_ratings.shape: (613, 1242)
R_filtered.shape: (613, 1178)
MF predictions saved: /ceph/home/student.aau.dk/vo55zp/projects/P5/src/MMR/../datasets/mmr_data/movies/2025-12-17_14-21-43/mf_test_100000_top_50.csv
[DEBUG] Top-N CSV rows: 30650
[DEBUG] Unique users in CSV: 613
[DEBUG] Unique items in CSV: 102
[DEBUG] Sample rows:
   userId  rank  itemId  predictedRating
0       2     1     318         4.405279
1       2     2     858         4.384709
2       2     3     527         4.208042
3       2     4     608         4.200962
4       2     5     260         4.193586
[DEBUG] Number of candidate items: 102
[DEBUG] Sample candidate items: ['318', '858', '527', '608', '260']
[DEBUG] predicted_ratings_top_n shape: (613, 102)
[DEBUG] Non-zero entries: 30650
[DEBUG] Max predicted rating: 5.112896117768185
Missing items: {'900', '27674', '494', '19', '5729', '168', '2144', '5991', '3594', '41569', '4232', '1088', '5608', '609', '1370', '1653', '1373', '78088', '43936', '2117', '261', '2263', '2005', '694', '97938', '104', '327', '64499', '1248', '1701', '451', '909', '4723', '8981', '1959', '44022', '500', '897', '1441', '1884', '83613', '8617', '936', '1865', '1792', '2752', '4552', '2892', '63859', '2132', '5956', '333', '102', '8810', '1920', '79', '3088', '507', '1407', '35957', '1639', '89492', '69784', '8337', '2668', '1416', '53883', '575', '2787', '4255', '46967', '1785', '1627', '1694', '81229', '4638', '1645', '3177', '1391', '4857', '1873', '927', '471', '1721', '54272', '1907', '89774', '4327', '88812', '145', '849', '111759', '2111', '218', '7234', '3698', '950', '3479', '42002', '3178', '6537', '1992', '3168', '1396', '112460', '2371', '804', '8665', '3527', '8464', '8987', '254', '6978', '2749', '7090', '4658', '1635', '47518', '1265', '2929', '1848', '467', '587', '765', '881', '8371', '3089', '928', '891', '2355', '2018', '1091', '2701', '4105', '31410', '25868', '2253', '2071', '524', '661', '460', '3396', '169', '7216', '28', '3543', '56152', '4516', '140174', '163', '1587', '1588', '1440', '224', '2900', '90374', '4520', '4031', '195', '1950', '6957', '36519', '2162', '50189', '818', '5481', '7980', '1544', '1949', '539', '77561', '565', '247', '225', '647', '4587', '4546', '350', '833', '3536', '7091', '342', '300', '2640', '4823', '3549', '20', '2089', '1593', '1363', '18', '3763', '6934', '6593', '30793', '256', '2335', '2001', '1909', '800', '55', '426', '2139', '25', '2433', '2082', '697', '80241', '52767', '3577', '315', '5147', '381', '48385', '292', '2124', '3037', '4369', '2575', '1966', '482', '80831', '1875', '3051', '2239', '1924', '85', '1589', '1358', '3598', '4441', '314', '614', '276', '1673', '2577', '2610', '27706', '8129', '84944', '262', '805', '590', '99', '62999', '599', '1644', '1479', '1963', '2004', '44555', '1702', '1934', '1729', '26326', '2269', '1845', '165', '4279', '2013', '2841', '4234', '1772', '2011', '1629', '215', '832', '2133', '562', '317', '3146', '1911', '227', '39446', '836', '1162', '3515', '2088', '74944', '917', '8874', '79008', '161', '2779', '329', '32029', '3016', '2080', '667', '31685', '1726', '1583', '88744', '1667', '3179', '6373', '668', '8827', '1262', '198', '26131', '424', '347', '2470', '1836', '349', '809', '742', '2761', '4566', '2282', '4709', '380', '46335', '58306', '4896', '4291', '595', '2059', '1562', '2166', '56801', '12', '1994', '1956', '581', '1419', '6436', '2140', '1641', '929', '1633', '1380', '36529', '3033', '1611', '177', '1597', '2436', '3053', '340', '7300', '236', '6538', '3175', '101', '185', '25771', '1991', '4727', '85414', '870', '1488', '1092', '2000', '551', '1690', '2009', '558', '436', '64', '1127', '231', '502', '44694', '112', '2261', '5927', '2312', '2100', '1918', '6961', '8128', '267', '988', '265', '465', '5483', '2143', '2728', '1537', '1887', '3565', '986', '490', '2528', '55765', '88', '2097', '45431', '431', '948', '504', '348', '3118', '26', '116', '2034', '531', '331', '37380', '2288', '762', '1375', '640', '441', '6609', '122924', '6440', '1683', '2657', '1429', '1051', '7454', '2171', '59', '1499', '4956', '1676', '86', '105', '423', '2690', '2617', '5187', '14', '2770', '2817', '4992', '239', '3117', '1975', '3556', '1616', '31696', '2094', '31116', '784', '2687', '2114', '2252', '172', '5056', '44004', '63876', '3103', '1367', '3483', '850', '837', '39183', '2860', '916', '1923', '3062', '3110', '1376', '1414', '1599', '1713', '1831', '3210', '2988', '2574', '2095', '830', '6058', '437', '2', '452', '1939', '233', '42632', '2978', '415', '3090', '1103', '553', '2349', '3035', '3397', '272', '1958', '879', '86320', '2428', '708', '1636', '2694', '824', '5064', '866', '53000', '1586', '2266', '1913', '326', '1833', '4734', '3766', '783', '74', '2151', '41571', '2442', '442', '780', '1885', '171', '27317', '2006', '1665', '1841', '8873', '5139', '222', '2116', '1245', '259', '489', '8363', '2333', '1730', '1995', '175', '588', '61123', '5816', '1573', '2022', '3176', '4247', '1807', '1996', '290', '2033', '3077', '216', '2463', '74545', '288', '2015', '1894', '41566', '339', '5', '678', '213', '532', '2010', '289', '135', '1273', '3699', '26810', '334', '662', '1405', '67087', '25750', '931', '2447', '838', '3635', '62956', '434', '378', '69', '1257', '32444', '32582', '799', '4979', '2054', '4974', '173', '1246', '8014', '8951', '550', '4148', '93840', '3057', '831', '5060', '8373', '523', '3989', '3547', '410', '1249', '63540', '303', '4254', '810', '4676', '51540', '1722', '2759', '2976', '8645', '252', '1678', '2789', '1023', '3786', '388', '1680', '1999', '5061', '7451', '4975', '648', '4641', '1892', '1964', '1580', '2294', '59387', '5319', '942', '510', '2142', '1487', '537', '3529', '475', '8016', '1282', '73', '2648', '40826', '546', '5247', '687', '635', '193', '761', '2912', '2771', '982', '4519', '1372', '94478', '3418', '1093', '8008', '308', '71282', '1413', '2616', '2383', '1688', '440', '4970', '3112', '2084', '84601', '3034', '3134', '74946', '3079', '612', '2048', '2259', '592', '72733', '89', '277', '2255', '26776', '6466', '2078', '2202', '56949', '2085', '2699', '2605', '653', '24', '547', '79224', '5066', '249', '204', '627', '8973', '30707', '53519', '1059', '839', '938', '1985', '4880', '2440', '280', '81', '1566', '955', '46976', '508', '8011', '481', '1535', '4703', '62', '27721', '585', '3097', '1556', '2459', '968', '57353', '107', '3081', '53129', '1608', '33660', '332', '4480', '338', '2722', '3060', '3512', '94466', '8368', '3004', '4464', '4816', '2567', '58', '597', '3101', '96821', '1895', '275', '549', '2334', '1717', '2115', '5686', '1863', '8968', '141', '407', '1809', '1124', '2160', '2979', '3083', '2501', '759', '1369', '164', '312', '45722', '2861', '86332', '1253', '196', '2791', '26614', '248', '3082', '2565', '1783', '160', '47099', '15', '534', '8908', '43919', '31522', '45186', '65188', '8970', '606', '2043', '1735', '4443', '32031', '2109', '1944', '4958', '2012', '2108', '47610', '455', '902', '1584', '59333', '5620', '316', '4034', '630', '848', '54001', '2268', '714', '74458', '45726', '2104', '2469', '5528', '421', '2321', '1791', '2193', '4012', '79553', '344', '2287', '425', '8860', '552', '616', '3052', '3469', '1997', '5680', '2087', '3489', '2721', '2527', '671', '544', '4837', '892', '2313', '1687', '390', '2348', '3526', '2125', '1927', '3019', '64983', '788', '2882', '65', '5899', '3011', '241', '364', '6283', '4977', '2153', '2370', '1967', '3681', '71254', '2099', '26712', '98491', '806', '5876', '299', '1978', '4978', '2105', '468', '633', '2112', '2748', '2639', '466', '802', '81847', '2788', '2002', '786', '1371', '1024', '458', '5780', '1260', '2989', '1940', '6641', '22', '5961', '1957', '2890', '6970', '492', '540', '2926', '428', '107406', '1049', '2123', '4344', '1672', '951', '1277', '4928', '40629', '1018', '1541', '4889', '33495', '637', '1835', '170', '180', '94959', '1888', '8366', '2302', '3701', '53435', '1281', '78041', '8948', '543', '4111', '2134', '52885', '1251', '1552', '2141', '596', '1941', '1788', '71520', '26842', '6620', '2003', '4025', '5051', '1777', '3063', '155', '2455', '47721', '1779', '186', '4643', '2805', '1882', '207', '711', '8194', '3114', '36401', '42011', '586', '2993', '4228', '266', '427', '26680', '153', '115210', '5902', '861', '2662', '1366', '1497', '46972', '535', '2753', '932', '2297', '1615', '6078', '123', '4614', '1255', '1594', '42734', '3061', '2924', '55721', '605', '6947', '1965', '2058', '203', '2155', '670', '26133', '1591', '54503', '911', '1590', '393', '1411', '6552', '842', '2966', '2262', '69406', '1374', '82', '7445', '21', '74510', '1917', '2322', '429', '509', '158', '345', '2613', '3937', '1858', '3476', '1948', '1378', '101362', '1269', '322', '25753', '3160', '8195', '2020', '513', '1377', '26258', '1268', '93855', '7347', '4990', '5121', '8984', '2067', '30', '2135', '1620', '3581', '6936', '132', '2118', '154', '95', '3030', '1951', '435', '84187', '2110', '74948', '2122', '1834', '2734', '85788', '49396', '2014', '1271', '613', '2671', '4133', '1389', '1619', '522', '594', '70', '1734', '114060', '3980', '5048', '4351', '1631', '1125', '2148', '841', '1427', '2069', '709', '2046', '4043', '36527', '454', '1954', '3173', '2539', '5881', '2516', '2038', '2161', '691', '480', '8584', '84152', '2642', '26111', '673', '39414', '11', '4701', '4474', '6643', '1393', '253', '628', '337', '4482', '8833', '3638', '6535', '1422', '3074', '219', '6473', '2232', '949', '3', '379', '2107', '377', '38304', '4191', '6003', '2044', '34334', '8966', '3511', '798', '4887', '1921', '8985', '650', '1581', '2769', '144', '1485', '383', '976', '5833', '2017', '309', '4951', '33166', '40819', '914', '1648', '2457', '1073', '1285', '1266'}
MF test predictions saved to: /ceph/home/student.aau.dk/vo55zp/projects/P5/src/MMR/../datasets/mmr_data/movies/2025-12-17_14-21-43/mf_test_100000_predictions.csv
MMR results saved: /ceph/home/student.aau.dk/vo55zp/projects/P5/src/MMR/../datasets/mmr_data/movies/2025-12-17_14-21-43/mmr_test_100000_cosine_top_50.csv
MMR results saved: /ceph/home/student.aau.dk/vo55zp/projects/P5/src/MMR/../datasets/mmr_data/movies/2025-12-17_14-21-43/mmr_test_100000_jaccard_top_50.csv
Pipeline for movies test finished successfully!
Starting pipeline for books train
Train matrix: (1797, 2559), Val matrix: (1584, 2559)
Training complete. Best epoch: 1, Best train RMSE: 0.9815, Best val RMSE: 0.9872
Training complete. Best epoch: 1, Best train RMSE: 0.9817, Best val RMSE: 0.9873
Training complete. Best epoch: 1, Best train RMSE: 0.9818, Best val RMSE: 0.9873
Training complete. Best epoch: 1, Best train RMSE: 0.9638, Best val RMSE: 0.9883
Training complete. Best epoch: 1, Best train RMSE: 0.9640, Best val RMSE: 0.9881
Training complete. Best epoch: 1, Best train RMSE: 0.9643, Best val RMSE: 0.9880
Training complete. Best epoch: 1, Best train RMSE: 0.9449, Best val RMSE: 0.9988
Training complete. Best epoch: 1, Best train RMSE: 0.9452, Best val RMSE: 0.9978
Training complete. Best epoch: 1, Best train RMSE: 0.9456, Best val RMSE: 0.9969
Best (alpha, lambda) from Stage 1: {'alpha': 0.005, 'lambda_': 0.01}, RMSE=0.9872
Training complete. Best epoch: 1, Best train RMSE: 0.9815, Best val RMSE: 0.9872
Training complete. Best epoch: 1, Best train RMSE: 0.9827, Best val RMSE: 0.9889
Training complete. Best epoch: 1, Best train RMSE: 0.9837, Best val RMSE: 0.9896
Best k from Stage 2: 20, RMSE=0.9872
Best MF params: {'alpha': 0.005, 'lambda_': 0.01, 'k': 20}, RMSE=0.9872
Training complete. Best epoch: 1, Best train RMSE: 0.9815, Best val RMSE: 0.9872
Validation data: 9780 ratings
Item IDs length: 2559
Max column index: 2558
Best lambda: 0.05 with score 0.9983
Validation data: 9780 ratings
Item IDs length: 2559
Max column index: 2558
Best lambda: 0.05 with score 0.9991
Logged experiment to /ceph/home/student.aau.dk/vo55zp/projects/P5/src/MMR/../datasets/mmr_data/books/mf_train_experiment_log.csv
Logged experiment to /ceph/home/student.aau.dk/vo55zp/projects/P5/src/MMR/../datasets/mmr_data/books/2025-12-17_14-28-21/mf_train_100000_loss_history.csv
Logged experiment to /ceph/home/student.aau.dk/vo55zp/projects/P5/src/MMR/../datasets/mmr_data/books/mmr_train_experiment_log.csv
Logged experiment to /ceph/home/student.aau.dk/vo55zp/projects/P5/src/MMR/../datasets/mmr_data/books/mmr_train_experiment_log.csv
Pipeline for books train finished successfully!
Start books test pipeline 
[DEBUG] Filtered users: 1581
[DEBUG] Filtered items: 2559
[DEBUG] Sample users: [1, 2, 3, 4, 7]
[DEBUG] Sample items: ['10', '100', '1003', '1005', '1007']
[DEBUG] Predicted ratings shape: (1581, 2559)
[DEBUG] Min/max predicted rating: 2.7483791332442036/4.784876063326
predicted_ratings.shape: (1581, 2559)
R_filtered.shape: (1581, 2529)
MF predictions saved: /ceph/home/student.aau.dk/vo55zp/projects/P5/src/MMR/../datasets/mmr_data/books/2025-12-17_14-28-21/mf_test_100000_top_50.csv
[DEBUG] Top-N CSV rows: 79050
[DEBUG] Unique users in CSV: 1581
[DEBUG] Unique items in CSV: 691
[DEBUG] Sample rows:
   userId  rank  itemId  predictedRating
0       1     1      25         4.310003
1       1     2       4         4.223681
2       1     3      50         4.208968
3       1     4      24         4.177428
4       1     5     102         4.169569
[DEBUG] Number of candidate items: 691
[DEBUG] Sample candidate items: ['25', '4', '50', '24', '102']
[DEBUG] predicted_ratings_top_n shape: (1581, 691)
[DEBUG] Non-zero entries: 79050
[DEBUG] Max predicted rating: 4.784876063326
Missing items: {'4592', '900', '8878', '2973', '8915', '8806', '6752', '4598', '2426', '3715', '8931', '6791', '741', '261', '1649', '7684', '7961', '8857', '1986', '5797', '700', '451', '7295', '3794', '5948', '1500', '5192', '5114', '2165', '8465', '936', '526', '5176', '9397', '6996', '4103', '2892', '6898', '9114', '178', '4042', '2462', '1844', '131', '79', '4067', '6619', '5936', '8457', '5427', '3832', '6787', '7893', '3884', '3407', '3177', '92', '1208', '3197', '8737', '5723', '1873', '2825', '3099', '6402', '8633', '3500', '2368', '471', '2425', '3551', '3504', '529', '3163', '3700', '9303', '913', '237', '1549', '849', '5700', '4196', '6195', '5019', '6808', '1605', '4579', '9990', '1806', '2416', '1315', '3022', '569', '6729', '972', '3769', '4064', '49', '2985', '587', '7476', '7970', '891', '9469', '2174', '2586', '1771', '6257', '2075', '3600', '8083', '1137', '3834', '2594', '3203', '3785', '1970', '28', '2029', '3894', '966', '6716', '4016', '8412', '83', '1435', '3566', '5734', '8156', '4603', '641', '6715', '4994', '5665', '730', '7907', '3000', '2621', '1518', '7311', '5305', '4275', '4972', '4517', '247', '1592', '1973', '3675', '1191', '6324', '1751', '5347', '45', '8471', '9239', '833', '1457', '675', '4567', '2489', '1160', '4680', '2478', '5978', '2991', '8790', '3533', '2643', '5443', '4068', '4850', '2024', '1221', '4924', '4636', '5237', '5189', '2433', '2766', '9921', '9171', '5905', '381', '9642', '2362', '5306', '9985', '9014', '3911', '5162', '5155', '2658', '660', '8456', '2650', '582', '7246', '9863', '1763', '1019', '5388', '599', '1644', '4392', '3036', '3758', '6096', '212', '2954', '6390', '1501', '8047', '3930', '1656', '97', '211', '306', '165', '7208', '4363', '803', '6326', '1145', '2278', '4027', '1752', '1796', '484', '227', '6011', '6382', '3016', '7923', '4810', '646', '1853', '1113', '3392', '959', '7822', '5076', '6726', '3564', '479', '5758', '1864', '8870', '5042', '5500', '2994', '1625', '7785', '1657', '347', '4525', '8512', '349', '401', '3948', '763', '6835', '2498', '9691', '3047', '380', '6284', '9070', '6813', '595', '2352', '4528', '1956', '2062', '887', '9461', '4337', '1633', '3482', '3597', '1053', '5431', '5057', '6334', '574', '4251', '1825', '7327', '6454', '1392', '2936', '870', '495', '386', '2786', '436', '8448', '1910', '2039', '885', '4793', '518', '2536', '7864', '6728', '3899', '4485', '986', '1430', '2128', '2279', '2811', '2573', '1301', '4865', '560', '2695', '9363', '431', '1463', '4584', '1311', '903', '531', '331', '8750', '4298', '5316', '762', '706', '4138', '4936', '2657', '1953', '5589', '4838', '5727', '1676', '86', '120', '5330', '1461', '4265', '4553', '1079', '14', '2770', '3247', '239', '2601', '453', '6481', '2074', '1267', '1975', '666', '8039', '2718', '2197', '2286', '784', '9116', '6457', '118', '5800', '3406', '3692', '6276', '3142', '6201', '1222', '6644', '916', '6889', '1923', '846', '8704', '8026', '2938', '1454', '2296', '1414', '1713', '3200', '5029', '6320', '1114', '2952', '3311', '9404', '8896', '3090', '4434', '726', '1103', '553', '879', '439', '9024', '8625', '708', '1037', '1117', '450', '1955', '1586', '6823', '1913', '826', '2098', '6695', '74', '8731', '1189', '1250', '5730', '8873', '944', '5928', '4151', '5507', '9175', '2242', '7991', '9675', '8928', '1294', '3580', '588', '1573', '2213', '790', '1458', '1536', '3417', '361', '639', '6410', '572', '1996', '3172', '2755', '9215', '8611', '288', '8779', '2015', '4877', '4471', '5', '705', '2010', '53', '343', '838', '1843', '5630', '3219', '9972', '611', '799', '9300', '876', '3997', '8214', '1246', '1233', '1236', '8951', '3790', '2738', '2177', '4289', '375', '8233', '4531', '3547', '935', '1249', '1167', '1421', '35', '7651', '1445', '5540', '430', '464', '2561', '4018', '3443', '5295', '1680', '1999', '3352', '9204', '6348', '2049', '6530', '2343', '9890', '3973', '4182', '6185', '5273', '4571', '255', '357', '501', '2746', '1768', '499', '3273', '3642', '3212', '5304', '2808', '4127', '461', '7469', '9156', '967', '457', '2284', '8150', '4670', '2730', '3713', '3250', '3776', '238', '3034', '1681', '5027', '2285', '3936', '1107', '2452', '5648', '860', '6130', '1119', '1213', '6857', '7418', '7025', '547', '9628', '204', '2977', '693', '521', '4794', '4052', '6259', '3903', '1280', '2440', '336', '3140', '1566', '2403', '3820', '3929', '6895', '8079', '40', '2965', '6999', '3126', '6183', '2408', '3124', '107', '9670', '908', '7410', '1938', '1447', '4383', '6306', '894', '4634', '6512', '6820', '1937', '9217', '60', '3998', '8588', '549', '7490', '1420', '519', '1685', '4768', '7755', '398', '5661', '5423', '1124', '242', '7647', '243', '2710', '7119', '7840', '9172', '5775', '9849', '1135', '1312', '1348', '6212', '6917', '8854', '3818', '160', '304', '1318', '3965', '284', '8623', '9424', '2757', '63', '1305', '8975', '2043', '1735', '8516', '2950', '3703', '819', '7810', '270', '2508', '1569', '4004', '4872', '8084', '9793', '4258', '848', '9810', '8099', '1204', '7558', '2557', '1099', '5349', '3340', '3923', '3322', '8355', '2047', '3688', '2193', '3381', '209', '1149', '3066', '1698', '2163', '425', '864', '6566', '552', '616', '770', '8859', '44', '341', '5629', '7662', '3205', '5138', '3856', '3011', '890', '1144', '3374', '4065', '2131', '3304', '3569', '7214', '9707', '9717', '9626', '4978', '108', '1448', '4695', '3978', '9631', '1260', '5277', '1218', '1925', '354', '1957', '6354', '492', '5782', '4534', '2552', '4713', '2926', '8334', '3485', '4317', '878', '2123', '9962', '1350', '8053', '1277', '1018', '1434', '7496', '7556', '1928', '1185', '301', '7540', '4188', '6307', '4171', '2514', '5517', '1993', '1061', '855', '7453', '3076', '1762', '3127', '5238', '596', '557', '1703', '2645', '2674', '5051', '5215', '3234', '3767', '5037', '8289', '3296', '5858', '6144', '854', '6182', '8814', '6975', '207', '8792', '8154', '7145', '7668', '3957', '1123', '9078', '7519', '1021', '3913', '3018', '6278', '5028', '8849', '9006', '6870', '7683', '4663', '5456', '2794', '1677', '8742', '3133', '6087', '4688', '5007', '5792', '6078', '6272', '123', '3657', '1922', '1384', '4400', '4645', '3061', '2924', '670', '2155', '1085', '911', '8093', '5398', '686', '1272', '3548', '1908', '768', '2028', '5158', '690', '82', '1561', '1564', '6319', '2328', '1378', '1269', '4893', '1622', '5861', '3979', '8055', '577', '1161', '3797', '8142', '5691', '8239', '4899', '1839', '2615', '1112', '1337', '3136', '3128', '9860', '7856', '9579', '622', '7336', '5907', '269', '4836', '8696', '3027', '2135', '8818', '9045', '132', '6407', '1862', '2110', '2122', '8269', '2809', '873', '3455', '2014', '3333', '2671', '2505', '2604', '3573', '114', '1389', '6777', '3291', '2148', '2069', '5100', '6561', '4112', '1459', '5115', '8795', '1954', '4944', '2539', '9577', '5203', '2304', '321', '2554', '474', '1014', '2491', '8067', '8445', '5704', '851', '9764', '4612', '358', '3428', '1131', '205', '5525', '1364', '725', '3156', '628', '883', '4482', '3638', '9302', '2271', '3', '8697', '2862', '2107', '4512', '3966', '3310', '377', '1872', '122', '6007', '1121', '2464', '3511', '798', '4394', '9737', '6393', '8591', '4630', '7806', '9095', '5081', '2298', '6189', '7292', '7372', '6359', '5343', '2608', '2156', '2045', '6902', '5128', '1266', '8898', '652', '228', '2341', '3029', '1178', '609', '57', '2299', '1711', '5239', '1373', '7306', '4862', '1248', '3131', '901', '897', '4574', '7430', '500', '3782', '5150', '3676', '1865', '1477', '4309', '1792', '4187', '6998', '9758', '6391', '997', '3795', '6607', '4422', '3568', '2340', '3705', '1936', '5141', '3806', '1407', '5582', '1128', '575', '2787', '8868', '2338', '1785', '1694', '4638', '1645', '6469', '1175', '853', '8416', '7052', '360', '4260', '934', '4691', '7721', '111', '1120', '2524', '1567', '2873', '4985', '6188', '1184', '145', '4139', '2030', '6648', '919', '75', '8847', '2732', '2798', '969', '2371', '804', '2323', '4733', '497', '1224', '4658', '5818', '4268', '881', '2355', '9132', '1444', '2172', '2701', '2521', '9021', '5448', '9405', '2600', '3468', '2215', '68', '6589', '8867', '3620', '7622', '2041', '3904', '3255', '5865', '3963', '4578', '1423', '9048', '604', '4973', '8767', '5024', '9830', '1261', '3092', '268', '1949', '5195', '1388', '9554', '3070', '898', '7205', '6916', '2640', '9102', '4390', '2089', '8439', '1593', '3439', '6934', '1155', '6593', '1739', '4756', '3377', '2324', '664', '3540', '426', '127', '6181', '315', '2124', '4369', '2827', '5084', '7501', '5355', '4444', '5558', '5491', '6273', '2239', '413', '1746', '1217', '1314', '1589', '3598', '1719', '4842', '2186', '9645', '2821', '1960', '590', '2556', '6604', '6521', '3672', '7631', '1963', '3791', '6322', '4753', '1582', '2595', '5617', '2013', '576', '1772', '9748', '7080', '2228', '7309', '6417', '7379', '6844', '4989', '865', '6009', '3344', '9180', '3399', '2875', '4608', '781', '727', '2136', '1659', '5860', '1262', '2540', '8433', '2315', '1498', '3359', '6274', '782', '4915', '7053', '6665', '1555', '5545', '8275', '6775', '3609', '3065', '6928', '3048', '3510', '5969', '6496', '3561', '2465', '1641', '929', '1624', '4119', '4729', '2415', '3033', '71', '8920', '2277', '5122', '136', '8071', '9966', '4727', '3306', '4287', '629', '4345', '703', '6524', '6742', '3353', '258', '3640', '4473', '2025', '3585', '3954', '1662', '5751', '5030', '1327', '197', '1725', '9', '465', '78', '1537', '369', '1887', '785', '8523', '2406', '5253', '2782', '6336', '2680', '1525', '6829', '8403', '977', '5889', '26', '116', '4429', '2034', '1381', '7170', '1709', '478', '5550', '8309', '5668', '640', '2052', '3531', '573', '6440', '3206', '7454', '7820', '1931', '8033', '5498', '4079', '8075', '7571', '9866', '3379', '1159', '9671', '3643', '5187', '4726', '5003', '109', '1138', '3552', '5395', '1897', '953', '3556', '8080', '5160', '2252', '1802', '6587', '448', '4348', '3258', '3608', '7316', '6235', '7997', '9083', '2860', '7934', '2737', '2387', '1976', '5855', '7748', '3560', '2679', '6304', '1005', '5863', '5229', '6277', '8432', '3210', '3656', '3918', '2747', '503', '411', '7026', '5073', '148', '1601', '2250', '387', '3375', '272', '4081', '5495', '8264', '1878', '5992', '293', '824', '130', '282', '6184', '5458', '3098', '3151', '2963', '4192', '7277', '2150', '1379', '3974', '731', '778', '5014', '2398', '1885', '963', '2507', '1741', '2192', '5385', '1426', '6399', '2229', '1151', '6157', '1245', '6588', '9663', '489', '8329', '5446', '5748', '3072', '9625', '493', '5145', '4325', '2224', '2240', '6536', '3871', '3077', '6079', '2883', '5013', '1755', '5809', '1139', '1526', '9317', '4514', '4955', '3111', '3699', '2623', '4965', '2066', '5733', '4660', '3635', '1343', '1972', '4328', '4938', '9395', '737', '9772', '4240', '5317', '1298', '7471', '408', '1153', '4236', '9311', '2760', '4526', '3567', '4160', '410', '8023', '9946', '1678', '9639', '6121', '7149', '420', '388', '1915', '753', '3646', '6389', '4828', '1892', '1547', '659', '3831', '1580', '1431', '7155', '9081', '2241', '5615', '5095', '2235', '3398', '7855', '2073', '3804', '3141', '2750', '918', '6475', '2920', '6539', '3419', '538', '2544', '546', '2513', '6802', '9623', '4190', '635', '687', '8316', '308', '2559', '1031', '5627', '5763', '5244', '2616', '8891', '3106', '2815', '2673', '271', '6954', '2159', '1418', '142', '1317', '3079', '612', '281', '755', '8787', '2553', '7794', '1812', '5463', '2259', '194', '2202', '7592', '2519', '7887', '653', '2188', '4057', '1270', '4359', '839', '4565', '2857', '2666', '4284', '4880', '1150', '9576', '3990', '696', '2618', '955', '5232', '5980', '508', '1570', '6230', '1234', '5220', '2320', '8460', '6014', '1105', '2023', '1083', '3764', '6038', '6064', '1094', '1987', '5983', '3464', '52', '773', '1186', '608', '8651', '58', '1618', '4555', '2802', '1863', '4244', '407', '6727', '8446', '4788', '77', '3108', '1506', '2501', '2584', '1369', '5326', '9995', '7092', '5911', '6180', '1303', '2820', '2026', '2878', '1202', '1206', '847', '2677', '4716', '7003', '3007', '674', '5935', '3412', '651', '273', '1989', '5120', '1038', '8175', '2852', '5263', '2597', '4758', '8038', '1288', '9287', '5743', '5903', '2807', '2012', '6701', '455', '5181', '2651', '5536', '5853', '6308', '1533', '701', '1199', '3811', '4104', '7251', '5041', '895', '3889', '4475', '5374', '3349', '4118', '5568', '5508', '2939', '1063', '625', '1791', '9243', '3085', '8295', '6615', '2365', '6104', '264', '1521', '1974', '9961', '1015', '5394', '1733', '1133', '5667', '5742', '9402', '1279', '8157', '3469', '7872', '1084', '671', '6959', '1486', '4005', '8401', '4294', '390', '2233', '200', '1927', '5639', '1432', '2280', '5890', '2931', '5290', '6439', '9761', '5934', '2214', '1216', '3364', '5571', '5554', '1967', '8103', '468', '9253', '3869', '633', '6148', '395', '356', '4548', '7749', '2002', '786', '718', '2989', '22', '6150', '7522', '8801', '5961', '8956', '487', '626', '2354', '3262', '9927', '4647', '1146', '4455', '1847', '2458', '951', '1163', '777', '688', '1748', '637', '1835', '170', '1089', '1033', '180', '417', '5287', '2344', '3853', '2914', '2302', '8366', '310', '568', '287', '1057', '1436', '3362', '2944', '1714', '9516', '6533', '9686', '4820', '1193', '9343', '1351', '1916', '1296', '3138', '1171', '1465', '1675', '952', '2706', '7232', '2419', '4130', '9513', '4047', '266', '4848', '5932', '8236', '366', '3828', '658', '9290', '29', '221', '1727', '4870', '5010', '6892', '925', '4614', '4421', '1255', '7830', '1591', '5402', '4316', '6914', '9667', '2806', '2347', '1590', '1411', '5386', '6553', '1900', '298', '4106', '2644', '8199', '4671', '3817', '4085', '5173', '6070', '6944', '429', '345', '3937', '710', '1858', '3476', '2056', '3497', '3501', '602', '402', '1362', '699', '1857', '6369', '571', '8830', '559', '23', '33', '542', '4014', '3933', '9176', '7347', '715', '5950', '1571', '704', '1691', '7646', '1856', '1286', '2127', '4763', '477', '4551', '3137', '9236', '6299', '9722', '1158', '1509', '176', '594', '9103', '7826', '1427', '7117', '1368', '397', '4622', '4797', '454', '1758', '8805', '223', '691', '1643', '3792', '4513', '6342', '961', '4181', '9978', '3760', '1258', '3338', '2846', '6579', '2184', '3995', '7429', '2632', '8012', '2379', '4221', '949', '1650', '2351', '1520', '5297', '3171', '5947', '4009', '6448', '650', '8966', '4149', '1048', '6364', '2568', '1797', '138', '383', '305', '8491', '46', '5707', '9754', '1332', '3452', '2603', '733', '1073', '867', '8692', '5068', '767'}
MF test predictions saved to: /ceph/home/student.aau.dk/vo55zp/projects/P5/src/MMR/../datasets/mmr_data/books/2025-12-17_14-28-21/mf_test_100000_predictions.csv
MMR results saved: /ceph/home/student.aau.dk/vo55zp/projects/P5/src/MMR/../datasets/mmr_data/books/2025-12-17_14-28-21/mmr_test_100000_cosine_top_50.csv
MMR results saved: /ceph/home/student.aau.dk/vo55zp/projects/P5/src/MMR/../datasets/mmr_data/books/2025-12-17_14-28-21/mmr_test_100000_jaccard_top_50.csv
Pipeline for books test finished successfully!
