Running on ailab-l4-11
Start time: Wed Dec 17 14:25:23 CET 2025
Activating virtual environment...
Python path: /ceph/home/student.aau.dk/vo55zp/projects/P5/venv/bin/python3
Python version: Python 3.10.12
Running on ailab-l4-11
Start time: Wed Dec 17 14:25:23 CET 2025
Starting pipeline...

=== Running pipeline with weights: relevance=0.2, diversity=0.8 ===
Starting pipeline for movies train
Train matrix: (671, 1242), Val matrix: (610, 1242)
Training complete. Best epoch: 3, Best train RMSE: 0.9024, Best val RMSE: 1.0280
Training complete. Best epoch: 4, Best train RMSE: 0.8871, Best val RMSE: 1.0271
Training complete. Best epoch: 4, Best train RMSE: 0.8890, Best val RMSE: 1.0262
Training complete. Best epoch: 2, Best train RMSE: 0.8987, Best val RMSE: 1.0286
Training complete. Best epoch: 2, Best train RMSE: 0.8998, Best val RMSE: 1.0277
Training complete. Best epoch: 2, Best train RMSE: 0.9013, Best val RMSE: 1.0268
Training complete. Best epoch: 1, Best train RMSE: 0.9405, Best val RMSE: 1.0287
Training complete. Best epoch: 1, Best train RMSE: 0.9410, Best val RMSE: 1.0278
Training complete. Best epoch: 1, Best train RMSE: 0.9416, Best val RMSE: 1.0269
Best (alpha, lambda) from Stage 1: {'alpha': 0.005, 'lambda_': 0.1}, RMSE=1.0262
Training complete. Best epoch: 4, Best train RMSE: 0.8890, Best val RMSE: 1.0262
Training complete. Best epoch: 4, Best train RMSE: 0.8858, Best val RMSE: 1.0265
Training complete. Best epoch: 4, Best train RMSE: 0.8824, Best val RMSE: 1.0281
Best k from Stage 2: 20, RMSE=1.0262
Best MF params: {'alpha': 0.005, 'lambda_': 0.1, 'k': 20}, RMSE=1.0262
Training complete. Best epoch: 4, Best train RMSE: 0.8890, Best val RMSE: 1.0262
Validation data: 4394 ratings
Item IDs length: 1242
Max column index: 1241
Best lambda: 0.35000000000000003 with score 0.8980
Validation data: 4394 ratings
Item IDs length: 1242
Max column index: 1241
Best lambda: 0.25 with score 0.8990
Logged experiment to /ceph/home/student.aau.dk/vo55zp/projects/P5/src/MMR/../datasets/mmr_data/movies/mf_train_experiment_log.csv
Logged experiment to /ceph/home/student.aau.dk/vo55zp/projects/P5/src/MMR/../datasets/mmr_data/movies/2025-12-17_14-25-25/mf_train_100000_loss_history.csv
Logged experiment to /ceph/home/student.aau.dk/vo55zp/projects/P5/src/MMR/../datasets/mmr_data/movies/mmr_train_experiment_log.csv
Logged experiment to /ceph/home/student.aau.dk/vo55zp/projects/P5/src/MMR/../datasets/mmr_data/movies/mmr_train_experiment_log.csv
Pipeline for movies train finished successfully!
Start movies test pipeline 
[DEBUG] Filtered users: 613
[DEBUG] Filtered items: 1242
[DEBUG] Sample users: [2, 3, 4, 5, 6]
[DEBUG] Sample items: ['101', '101362', '1018', '102', '1023']
[DEBUG] Predicted ratings shape: (613, 1242)
[DEBUG] Min/max predicted rating: 1.9010127210592536/5.112896117768185
predicted_ratings.shape: (613, 1242)
R_filtered.shape: (613, 1178)
MF predictions saved: /ceph/home/student.aau.dk/vo55zp/projects/P5/src/MMR/../datasets/mmr_data/movies/2025-12-17_14-25-25/mf_test_100000_top_50.csv
[DEBUG] Top-N CSV rows: 30650
[DEBUG] Unique users in CSV: 613
[DEBUG] Unique items in CSV: 102
[DEBUG] Sample rows:
   userId  rank  itemId  predictedRating
0       2     1     318         4.405279
1       2     2     858         4.384709
2       2     3     527         4.208042
3       2     4     608         4.200962
4       2     5     260         4.193586
[DEBUG] Number of candidate items: 102
[DEBUG] Sample candidate items: ['318', '858', '527', '608', '260']
[DEBUG] predicted_ratings_top_n shape: (613, 102)
[DEBUG] Non-zero entries: 30650
[DEBUG] Max predicted rating: 5.112896117768185
Missing items: {'1562', '1541', '44022', '4474', '2687', '4658', '482', '475', '3082', '2642', '154', '1277', '3556', '4887', '3168', '33660', '4823', '303', '2000', '838', '59387', '4191', '5147', '1024', '1785', '195', '508', '2003', '3549', '53000', '348', '1488', '84944', '216', '6538', '2761', '494', '547', '1934', '711', '107406', '326', '4979', '4974', '1991', '4480', '98491', '784', '30707', '280', '1485', '824', '3030', '2038', '2900', '881', '28', '288', '441', '31410', '47099', '63540', '4344', '4443', '1588', '25750', '2988', '1865', '2575', '3980', '2447', '99', '1964', '193', '3526', '1487', '388', '4247', '8129', '3527', '596', '3515', '810', '592', '7216', '1978', '1245', '892', '2861', '2014', '597', '850', '170', '2966', '2107', '31685', '62956', '3175', '8873', '1248', '709', '2118', '2262', '45431', '3035', '1995', '415', '2770', '2001', '1997', '4012', '74458', '2371', '1734', '524', '8968', '7347', '1268', '949', '26258', '2640', '204', '1091', '951', '27721', '3469', '762', '1975', '3511', '490', '393', '4232', '101362', '38304', '1581', '1584', '640', '41571', '1951', '5060', '742', '41569', '88744', '1059', '1653', '425', '241', '3037', '59', '1672', '105', '1552', '595', '1892', '1959', '2078', '4970', '5686', '1616', '2370', '2162', '31116', '252', '1831', '2069', '1497', '1615', '2110', '21', '8970', '1629', '4566', '481', '233', '112', '95', '2516', '172', '8984', '605', '1996', '2926', '1023', '2123', '81847', '1599', '2574', '112460', '3397', '54503', '480', '2288', '1633', '3117', '329', '8128', '2034', '2097', '650', '2046', '47721', '1380', '40826', '471', '6978', '673', '800', '43919', '2979', '26810', '466', '454', '94959', '1376', '2929', '537', '5139', '74510', '435', '1939', '1783', '47518', '93840', '6440', '1957', '1265', '1721', '1999', '8016', '93855', '82', '986', '84152', '2912', '613', '59333', '2322', '1627', '5833', '1884', '2071', '74948', '4978', '3396', '116', '911', '587', '1586', '36529', '207', '1590', '544', '7980', '168', '8194', '2253', '3090', '861', '32031', '247', '1909', '218', '612', '2297', '2013', '2151', '1162', '2882', '1413', '2006', '4234', '276', '2993', '57353', '1949', '19', '47610', '3052', '56801', '42632', '1370', '2690', '1875', '1648', '667', '1792', '3543', '101', '2142', '510', '4255', '94478', '1858', '788', '2752', '5528', '3062', '2171', '81', '7300', '1807', '31696', '71254', '71520', '4880', '8008', '1597', '7451', '2011', '2104', '647', '407', '8951', '2080', '653', '543', '254', '3160', '550', '236', '8195', '804', '805', '2470', '4956', '1427', '879', '1088', '123', '492', '1556', '1620', '2302', '2455', '115210', '83613', '1923', '1894', '3074', '308', '2769', '1636', '2539', '4351', '3479', '2015', '163', '1940', '15', '77561', '39183', '532', '423', '1678', '1683', '938', '1729', '2009', '88812', '1735', '2699', '3034', '4587', '786', '936', '1680', '345', '37380', '2662', '460', '3638', '49396', '1282', '80831', '5', '6283', '635', '1440', '4975', '8617', '8981', '552', '2841', '1124', '11', '1966', '2805', '5961', '4641', '180', '4279', '3512', '2166', '1954', '8368', '2457', '708', '20', '62', '1985', '1373', '3103', '588', '5187', '4837', '1917', '24', '8833', '2048', '7454', '806', '1281', '74944', '424', '968', '1913', '81229', '2044', '3057', '2141', '988', '132', '1260', '26712', '5902', '332', '1372', '609', '2054', '7091', '2115', '6078', '1103', '1049', '2135', '3681', '48385', '523', '2701', '3016', '5066', '1885', '364', '1641', '70', '27317', '5680', '2022', '272', '5121', '661', '379', '4614', '6961', '4816', '575', '25771', '833', '2565', '5816', '1882', '314', '46335', '333', '390', '177', '2', '7445', '2442', '145', '1535', '546', '4990', '2002', '3937', '4896', '3178', '86320', '2728', '4464', '1608', '342', '8337', '22', '224', '4105', '1963', '1845', '1051', '4857', '107', '2978', '2989', '2161', '89', '4254', '2089', '3101', '6934', '783', '4291', '3176', '1694', '1253', '2144', '4638', '1093', '88', '670', '3179', '2721', '1580', '26', '1701', '1429', '6466', '6535', '5881', '428', '2734', '114060', '1374', '6609', '2232', '697', '5780', '455', '897', '158', '3097', '74', '1127', '337', '2155', '1841', '553', '62999', '3594', '26326', '44555', '2094', '5051', '633', '4133', '4928', '630', '2124', '1391', '144', '4734', '1994', '8874', '2639', '426', '56152', '164', '2528', '350', '1619', '317', '85788', '4992', '932', '3083', '2313', '3110', '41566', '4228', '1573', '2059', '25', '89774', '2100', '309', '2033', '1992', '8371', '3699', '2976', '431', '4111', '3051', '52885', '2133', '4025', '928', '5064', '3088', '1369', '203', '54272', '1676', '914', '606', '540', '239', '551', '262', '1594', '5247', '4441', '1537', '4951', '84601', '3', '2111', '1907', '6058', '383', '2117', '231', '2349', '1631', '916', '836', '74545', '1833', '4369', '290', '259', '34334', '79224', '3766', '436', '509', '185', '976', '5048', '1411', '12', '1378', '135', '2616', '344', '8011', '3529', '8860', '798', '2610', '39446', '5620', '802', '72733', '3004', '6537', '3173', '2263', '2335', '89492', '378', '442', '8014', '141', '691', '111759', '377', '42011', '2202', '30793', '4034', '36519', '2294', '94466', '4723', '2648', '5876', '2657', '275', '277', '52767', '2017', '2067', '1479', '562', '8645', '1788', '171', '3114', '349', '4516', '42734', '668', '2791', '4552', '761', '599', '1414', '196', '86332', '6473', '1262', '2433', '26133', '173', '64', '4727', '63859', '1566', '4546', '531', '549', '565', '2095', '3077', '594', '331', '1092', '500', '6641', '8366', '53519', '4703', '265', '2010', '830', '2018', '2334', '256', '8985', '198', '1416', '25868', '50189', '1611', '1726', '780', '51540', '1419', '14', '71282', '1639', '2287', '2383', '765', '5319', '96821', '33495', '7090', '153', '1777', '2082', '267', '3483', '2753', '8948', '468', '2577', '2759', '69', '982', '1441', '586', '1367', '261', '1389', '678', '1422', '53129', '292', '2749', '5991', '1772', '1848', '1673', '3063', '155', '507', '1366', '534', '2143', '2266', '2321', '5056', '8973', '8987', '3698', '4889', '380', '85', '458', '4709', '2748', '213', '2722', '46972', '4043', '339', '2779', '26776', '1591', '3089', '2099', '848', '2148', '909', '2788', '104', '1667', '169', '5927', '26680', '3489', '2605', '451', '440', '2892', '1918', '44004', '58', '55', '489', '53883', '1730', '3536', '2088', '26131', '315', '3577', '2348', '3635', '427', '2122', '535', '6620', '299', '140174', '27706', '215', '849', '8966', '55765', '467', '322', '2252', '2501', '929', '1589', '40629', '1593', '338', '3146', '6436', '1834', '347', '1125', '1717', '3565', '1665', '2058', '86', '2527', '2084', '6957', '437', '26614', '1921', '434', '831', '2134', '186', '870', '7234', '55721', '3079', '4482', '1645', '590', '222', '1911', '2140', '1965', '3177', '3011', '46976', '5729', '45726', '2463', '1888', '5899', '1944', '32444', '2617', '44694', '2125', '122924', '2112', '8908', '85414', '2860', '522', '64499', '54001', '1809', '1920', '2787', '225', '5481', '4520', '1863', '58306', '2668', '648', '4676', '2613', '266', '249', '3418', '5608', '8363', '102', '4977', '3134', '18', '1956', '1895', '1687', '694', '3581', '421', '955', '6552', '161', '1950', '2108', '26842', '381', '40819', '866', '61123', '809', '253', '2428', '614', '2087', '63876', '3701', '73', '1499', '1273', '2333', '950', '4031', '1644', '1407', '4701', '4519', '502', '312', '97938', '581', '1246', '3053', '45186', '33166', '2109', '627', '1073', '39414', '2020', '43936', '1371', '2114', '452', '2105', '32029', '327', '45722', '465', '8584', '1722', '2459', '6373', '429', '65188', '65', '334', '1791', '2005', '2671', '3210', '1544', '219', '3019', '1271', '67087', '1635', '6947', '27674', '2132', '3112', '3061', '1583', '46967', '558', '2282', '8810', '5061', '31522', '6593', '316', '637', '1702', '35957', '2239', '2355', '42002', '942', '80241', '5483', '2259', '3118', '513', '79553', '2269', '6003', '687', '3476', '4958', '1266', '1393', '2139', '948', '616', '1251', '2694', '1257', '1358', '818', '2436', '832', '3989', '3060', '1249', '6970', '165', '837', '1255', '2193', '2469', '842', '1887', '69784', '6643', '69406', '4327', '3598', '8827', '78041', '1587', '1779', '410', '931', '2567', '1018', '30', '902', '78088', '84187', '1285', '1363', '5956', '4643', '2043', '839', '2160', '8464', '25753', '79', '2789', '2312', '1688', '628', '2268', '6936', '927', '504', '3081', '1836', '160', '1375', '1713', '1377', '2440', '2004', '891', '2116', '2771', '79008', '2890', '175', '1269', '1927', '2012', '300', '3786', '539', '3763', '799', '900', '227', '248', '289', '759', '90374', '4148', '662', '64983', '917', '1967', '1835', '1941', '585', '53435', '1958', '714', '1948', '56949', '2924', '2817', '1690', '3547', '1396', '8373', '1924', '1405', '841', '2153', '3033', '8665', '2085', '340', '26111', '671', '36401', '2261', '74946', '2255', '32582', '1873', '36527'}
MF test predictions saved to: /ceph/home/student.aau.dk/vo55zp/projects/P5/src/MMR/../datasets/mmr_data/movies/2025-12-17_14-25-25/mf_test_100000_predictions.csv
MMR results saved: /ceph/home/student.aau.dk/vo55zp/projects/P5/src/MMR/../datasets/mmr_data/movies/2025-12-17_14-25-25/mmr_test_100000_cosine_top_50.csv
MMR results saved: /ceph/home/student.aau.dk/vo55zp/projects/P5/src/MMR/../datasets/mmr_data/movies/2025-12-17_14-25-25/mmr_test_100000_jaccard_top_50.csv
Pipeline for movies test finished successfully!
Starting pipeline for books train
Train matrix: (1797, 2559), Val matrix: (1584, 2559)
Training complete. Best epoch: 1, Best train RMSE: 0.9815, Best val RMSE: 0.9872
Training complete. Best epoch: 1, Best train RMSE: 0.9817, Best val RMSE: 0.9873
Training complete. Best epoch: 1, Best train RMSE: 0.9818, Best val RMSE: 0.9873
Training complete. Best epoch: 1, Best train RMSE: 0.9638, Best val RMSE: 0.9883
Training complete. Best epoch: 1, Best train RMSE: 0.9640, Best val RMSE: 0.9881
Training complete. Best epoch: 1, Best train RMSE: 0.9643, Best val RMSE: 0.9880
Training complete. Best epoch: 1, Best train RMSE: 0.9449, Best val RMSE: 0.9988
Training complete. Best epoch: 1, Best train RMSE: 0.9452, Best val RMSE: 0.9978
Training complete. Best epoch: 1, Best train RMSE: 0.9456, Best val RMSE: 0.9969
Best (alpha, lambda) from Stage 1: {'alpha': 0.005, 'lambda_': 0.01}, RMSE=0.9872
Training complete. Best epoch: 1, Best train RMSE: 0.9815, Best val RMSE: 0.9872
Training complete. Best epoch: 1, Best train RMSE: 0.9827, Best val RMSE: 0.9889
Training complete. Best epoch: 1, Best train RMSE: 0.9837, Best val RMSE: 0.9896
Best k from Stage 2: 20, RMSE=0.9872
Best MF params: {'alpha': 0.005, 'lambda_': 0.01, 'k': 20}, RMSE=0.9872
Training complete. Best epoch: 1, Best train RMSE: 0.9815, Best val RMSE: 0.9872
Validation data: 9780 ratings
Item IDs length: 2559
Max column index: 2558
Best lambda: 0.05 with score 0.9996
Validation data: 9780 ratings
Item IDs length: 2559
Max column index: 2558
Best lambda: 0.05 with score 0.9998
Logged experiment to /ceph/home/student.aau.dk/vo55zp/projects/P5/src/MMR/../datasets/mmr_data/books/mf_train_experiment_log.csv
Logged experiment to /ceph/home/student.aau.dk/vo55zp/projects/P5/src/MMR/../datasets/mmr_data/books/2025-12-17_14-32-05/mf_train_100000_loss_history.csv
Logged experiment to /ceph/home/student.aau.dk/vo55zp/projects/P5/src/MMR/../datasets/mmr_data/books/mmr_train_experiment_log.csv
Logged experiment to /ceph/home/student.aau.dk/vo55zp/projects/P5/src/MMR/../datasets/mmr_data/books/mmr_train_experiment_log.csv
Pipeline for books train finished successfully!
Start books test pipeline 
[DEBUG] Filtered users: 1581
[DEBUG] Filtered items: 2559
[DEBUG] Sample users: [1, 2, 3, 4, 7]
[DEBUG] Sample items: ['10', '100', '1003', '1005', '1007']
[DEBUG] Predicted ratings shape: (1581, 2559)
[DEBUG] Min/max predicted rating: 2.7483791332442036/4.784876063326
predicted_ratings.shape: (1581, 2559)
R_filtered.shape: (1581, 2529)
MF predictions saved: /ceph/home/student.aau.dk/vo55zp/projects/P5/src/MMR/../datasets/mmr_data/books/2025-12-17_14-32-05/mf_test_100000_top_50.csv
[DEBUG] Top-N CSV rows: 79050
[DEBUG] Unique users in CSV: 1581
[DEBUG] Unique items in CSV: 691
[DEBUG] Sample rows:
   userId  rank  itemId  predictedRating
0       1     1      25         4.310003
1       1     2       4         4.223681
2       1     3      50         4.208968
3       1     4      24         4.177428
4       1     5     102         4.169569
[DEBUG] Number of candidate items: 691
[DEBUG] Sample candidate items: ['25', '4', '50', '24', '102']
[DEBUG] predicted_ratings_top_n shape: (1581, 691)
[DEBUG] Non-zero entries: 79050
[DEBUG] Max predicted rating: 4.784876063326
Missing items: {'972', '4658', '5508', '301', '1582', '7651', '3556', '8859', '2524', '1418', '5220', '652', '4531', '838', '3929', '2365', '7961', '4103', '777', '200', '782', '3126', '8818', '1445', '4924', '1121', '675', '2540', '1806', '2738', '784', '8275', '417', '629', '4127', '7646', '1388', '5639', '477', '803', '3609', '8516', '3688', '8055', '824', '1384', '881', '5316', '9737', '288', '3834', '6715', '6553', '6917', '6999', '9863', '3419', '1120', '5003', '8439', '5568', '268', '3974', '111', '1865', '2286', '3392', '9176', '4603', '1662', '1910', '1624', '388', '7991', '2651', '3306', '7149', '596', '4317', '9236', '9946', '9830', '2074', '2994', '1245', '7372', '45', '1113', '9579', '6457', '2338', '7003', '9577', '170', '2107', '2458', '7429', '493', '3322', '2938', '3533', '8295', '1844', '3255', '7347', '3965', '2640', '693', '204', '2279', '7893', '1506', '9860', '5733', '71', '1975', '3511', '7631', '2025', '2075', '7647', '5158', '2163', '6189', '5120', '1191', '5936', '1501', '1061', '8896', '640', '8588', '8456', '336', '6954', '4394', '7820', '7170', '9990', '9554', '3106', '1892', '6299', '7748', '4268', '8079', '8053', '4064', '2069', '1037', '9300', '9116', '4130', '6144', '1199', '7872', '701', '8633', '238', '865', '3936', '1392', '1996', '1053', '5730', '2926', '2315', '2489', '726', '790', '1280', '3769', '4068', '5013', '5491', '9083', '7208', '3141', '4258', '4733', '6775', '5540', '454', '7327', '3764', '354', '3904', '1839', '2406', '3333', '666', '6440', '7145', '78', '82', '7864', '9849', '5723', '6448', '6389', '4634', '2586', '478', '1184', '4485', '4978', '116', '911', '587', '1015', '1590', '6011', '3291', '8704', '3090', '1216', '1185', '6619', '247', '9995', '4328', '5629', '1305', '3205', '577', '9021', '1288', '778', '6391', '1031', '3108', '7683', '2852', '1949', '4112', '5095', '8099', '6399', '8199', '1858', '2320', '306', '3172', '725', '395', '4187', '9215', '4880', '2491', '7840', '23', '1657', '6857', '1518', '407', '3675', '653', '1916', '804', '6322', '2228', '7053', '879', '5239', '123', '6308', '5306', '6336', '557', '2302', '1923', '2811', '6259', '8898', '6607', '8445', '1084', '5010', '6701', '1755', '5145', '9243', '664', '6184', '903', '1458', '6588', '5150', '4182', '2049', '6728', '611', '1461', '8465', '3163', '3200', '5068', '5507', '1735', '2224', '3034', '4972', '519', '1680', '4138', '5215', '448', '5042', '5014', '1421', '2821', '3600', '4555', '1709', '625', '3212', '635', '9758', '6892', '7571', '935', '7822', '6364', '3573', '6393', '211', '5961', '604', '4567', '1063', '180', '1857', '3551', '2024', '3047', '3197', '497', '5305', '1569', '560', '588', '8012', '3065', '699', '369', '2561', '5057', '7454', '1311', '4160', '1350', '1161', '132', '8460', '609', '5326', '2695', '568', '6188', '876', '2197', '5742', '5980', '4670', '5277', '4553', '1974', '2701', '3016', '8491', '3705', '3398', '1885', '4850', '2056', '4196', '9045', '1296', '9363', '3957', '4287', '272', '6813', '1625', '4614', '5582', '6195', '221', '833', '1656', '9', '3918', '1739', '1362', '390', '2786', '9461', '145', '1564', '1953', '3937', '2674', '9156', '4052', '5932', '411', '2706', '6787', '1536', '3540', '1431', '5297', '1963', '8412', '107', '7469', '2710', '1605', '5517', '8026', '7558', '2846', '5244', '1694', '5948', '4638', '131', '284', '5030', '26', '1155', '2963', '2464', '572', '1477', '484', '4716', '3760', '2188', '2156', '1843', '3820', '3828', '2155', '553', '6539', '2621', '1719', '2718', '3407', '7306', '2985', '9628', '8611', '1137', '5051', '633', '6975', '3362', '2124', '4513', '5192', '1725', '8334', '5748', '5027', '4359', '310', '4244', '2415', '8233', '1463', '4422', '885', '1937', '3566', '4512', '1571', '6230', '2403', '450', '3048', '60', '2618', '5627', '2136', '574', '3092', '2645', '4294', '1931', '2284', '239', '5189', '1537', '6334', '860', '2544', '690', '8309', '916', '8814', '4565', '5295', '6182', '3856', '1434', '5495', '997', '5890', '1378', '5935', '4475', '798', '4473', '2600', '464', '1711', '4455', '5863', '3381', '691', '704', '1436', '1204', '1178', '2514', '8033', '4965', '1444', '2521', '273', '7785', '6998', '3428', '375', '5037', '8403', '5388', '1973', '349', '4768', '6481', '6257', '599', '1414', '901', '1083', '4574', '4660', '1262', '3884', '2433', '1566', '531', '7430', '1005', '1796', '4434', '2026', '500', '873', '3911', '4525', '9290', '2010', '8931', '6665', '142', '2131', '3482', '2296', '4758', '9469', '2379', '4753', '5028', '1714', '9395', '6808', '3656', '1119', '1498', '6121', '3340', '6157', '7309', '768', '6823', '127', '3997', '1150', '4985', '2250', '14', '1099', '9303', '9048', '1987', '401', '8750', '7622', '8154', '5525', '2285', '2304', '5317', '5290', '3111', '658', '4915', '109', '2666', '5928', '2597', '4057', '380', '3142', '6729', '4047', '3990', '2150', '6130', '8787', '4836', '1847', '1591', '1234', '2462', '1812', '386', '2825', '5253', '6382', '848', '2148', '3085', '5385', '6369', '1677', '457', '8067', '5800', '451', '5458', '6695', '5855', '2465', '5615', '2892', '2760', '4534', '58', '4598', '3377', '5707', '5818', '6407', '8696', '1853', '6104', '5162', '7418', '7119', '1314', '849', '4005', '4989', '8966', '3646', '5667', '730', '6615', '7923', '3585', '2501', '1771', '8868', '1317', '3070', '1589', '6959', '929', '4955', '2323', '6439', '6014', '4793', '1423', '3568', '4085', '86', '9081', '5347', '8142', '1447', '63', '2732', '1303', '1038', '9671', '2827', '9024', '3889', '5019', '9239', '3079', '4482', '1645', '1267', '3406', '2552', '2343', '5861', '1186', '3794', '1533', '7522', '890', '908', '1298', '5402', '9966', '2954', '2860', '521', '5160', '3792', '9103', '501', '6417', '255', '1318', '2815', '5232', '1863', '3304', '4016', '287', '4079', '6150', '4139', '1956', '5122', '5427', '4645', '3700', '1250', '1163', '538', '967', '955', '5775', '1160', '2920', '1189', '3352', '3785', '5648', '6644', '1555', '9642', '2623', '8150', '5024', '5029', '9516', '9961', '5374', '1236', '7471', '387', '1407', '1133', '9172', '1246', '1057', '3140', '8692', '6201', '3273', '3344', '1145', '6475', '2680', '1128', '269', '3455', '465', '2615', '9513', '2671', '3210', '4872', '2347', '3061', '3443', '5456', '5394', '2098', '3930', '1131', '710', '305', '2355', '3124', '3797', '8239', '1864', '8623', '2259', '9114', '2408', '479', '867', '1659', '6835', '7755', '130', '5431', '616', '854', '2213', '2229', '5073', '7117', '2192', '953', '718', '646', '7826', '3767', '1872', '3598', '4788', '2644', '410', '2650', '2673', '1018', '8891', '7311', '1900', '4828', '3072', '6320', '2809', '5545', '3871', '5950', '258', '9204', '2362', '826', '1107', '4106', '855', '83', '8591', '4579', '6536', '2280', '4938', '8697', '2351', '4444', '6726', '2939', '891', '3203', '651', '925', '8975', '4756', '6742', '8047', '7662', '2299', '357', '2045', '542', '1146', '264', '900', '7277', '2416', '4181', '6319', '2073', '6402', '1650', '2857', '7970', '9810', '1967', '1835', '2028', '2047', '4345', '9793', '3795', '6648', '8847', '2924', '1989', '3547', '4236', '1681', '3033', '2398', '5398', '977', '671', '9302', '1915', '4067', '2573', '4794', '2595', '918', '3995', '1802', '1873', '242', '1618', '2354', '4119', '1435', '2271', '53', '3531', '3151', '1748', '9405', '1277', '9691', '2952', '9663', '5691', '4298', '773', '343', '2557', '1727', '2419', '7092', '1525', '3036', '1105', '1785', '1970', '508', '3250', '1549', '6604', '6802', '4284', '2601', '547', '639', '4630', '6469', '8103', '3963', '9631', '8446', '28', '2766', '8175', '2802', '97', '913', '4118', '3439', '270', '4636', '2426', '8795', '961', '1144', '2240', '781', '6273', '1976', '1332', '4608', '2594', '9102', '6898', '963', '1570', '1368', '2991', '118', '7997', '9626', '959', '1224', '3359', '2014', '6181', '3894', '3776', '641', '1294', '2862', '8625', '5446', '8873', '853', '1248', '2794', '1746', '8512', '7830', '7292', '5238', '2770', '4392', '5860', '2371', '6944', '6524', '7316', '949', '5858', '3758', '29', '1139', '2973', '321', '951', '1960', '895', '9397', '3128', '8915', '3469', '785', '762', '178', '2298', '1856', '5797', '3131', '4810', '5155', '122', '3966', '9180', '3022', '6038', '4671', '1014', '9343', '425', '6359', '3000', '7668', '4688', '1351', '2277', '595', '4265', '4899', '108', '969', '8471', '5500', '3548', '5343', '2110', '5617', '7855', '1089', '6530', '5176', '1862', '5907', '2737', '4578', '8857', '518', '1691', '3567', '1117', '2123', '622', '4870', '1135', '1526', '1633', '8523', '2505', '2034', '737', '5853', '650', '1993', '471', '1202', '9014', '9772', '4171', '5081', '7155', '8355', '8080', '5992', '1085', '92', '360', '7080', '1685', '3156', '1957', '1999', '6276', '8928', '569', '361', '3791', '4663', '986', '1221', '6895', '3973', '6064', '5571', '1586', '207', '3375', '2875', '35', '8416', '138', '1762', '1327', '398', '3504', '9962', '4192', '612', '2013', '5041', '4680', '3374', '5782', '5237', '243', '6870', '4390', '8806', '4592', '1741', '5173', '2352', '1792', '2806', '5536', '1878', '3806', '8805', '8742', '8830', '7453', '7232', '68', '1094', '8951', '819', '8779', '1427', '6454', '492', '46', '8432', '763', '1213', '308', '1348', '2539', '2328', '2015', '3790', '136', '3853', '1048', '2536', '3811', '2039', '1123', '2604', '1678', '7246', '851', '413', '1547', '209', '3311', '4647', '767', '40', '786', '936', '345', '4471', '5443', '5704', '8156', '3638', '1364', '148', '2066', '5', '5498', '4081', '1021', '2936', '5195', '5263', '705', '552', '1124', '3338', '3007', '7592', '8329', '1279', '1955', '688', '1379', '2452', '3066', '3399', '6579', '944', '2513', '5115', '1954', '9639', '708', '6070', '3497', '573', '2782', '5743', '1373', '6533', '5187', '559', '8023', '3564', '57', '887', '6348', '7205', '1913', '6916', '1768', '4316', '3137', '2556', '4842', '4726', '3452', '1260', '2062', '6212', '8289', '1459', '4936', '1218', '6078', '1103', '1936', '2127', '5128', '2135', '4151', '3029', '8075', '366', '223', '727', '2643', '6007', '7052', '1641', '8214', '2165', '3817', '2425', '5969', '7496', '3569', '8920', '575', '9424', '4713', '6324', '2519', '197', '1217', '8870', '1258', '7934', '4289', '3510', '5751', '5463', '1222', '3948', '3979', '6148', '546', '8093', '2873', '2002', '3913', '3713', '1272', '755', '9978', '1698', '2172', '4691', '22', '4188', '4514', '9761', '356', '2989', '696', '8867', '9132', '3657', '4104', '1153', '2177', '703', '420', '2089', '6934', '4400', '8792', '402', '5665', '9707', '281', '6561', '952', '4528', '1509', '3349', '1457', '670', '2159', '282', '1580', '3412', '5947', '686', '455', '897', '1520', '9866', '6589', '1454', '74', '4348', '474', '7856', '3018', '1270', '5978', '341', '3715', '5448', '6306', '8039', '3247', '5100', '4251', '426', '1312', '3379', '8401', '3831', '6183', '2584', '8433', '3500', '4383', '2030', '741', '3782', '3903', '4004', '2808', '7476', '1573', '8737', '8790', '5181', '6587', '3699', '431', '5287', '1301', '3027', '1315', '499', '1369', '3560', '1676', '4695', '5141', '8448', '2878', '1938', '33', '934', '49', '1149', '3', '237', '7721', '4337', '383', '7025', '6278', '966', '5589', '7887', '6791', '1592', '3703', '4369', '770', '2186', '8849', '9985', '2950', '6284', '436', '4018', '626', '2965', '2387', '2278', '1426', '1411', '3098', '2616', '9070', '2242', '3485', '9287', '733', '1432', '8236', '6079', '6829', '7379', '3468', '4973', '1430', '2944', '8457', '674', '377', '2202', '1825', '5138', '2559', '1208', '4190', '2498', '6752', '3296', '4763', '2657', '2507', '6272', '1019', '6928', '3608', '2174', '4820', '461', '8651', '6889', '6326', '5865', '3692', '1897', '3364', '8083', '2807', '4260', '6820', '298', '4727', '9576', '9722', '549', '3077', '594', '9686', '894', '331', '4944', '753', '8366', '9095', '5395', '503', '176', '4622', '6902', '228', '5423', '4014', '529', '5911', '1500', '3643', '706', '2677', '4571', '1601', '6185', '731', '1138', '1733', '3552', '3818', '5763', '1261', '3219', '2344', '271', '3832', '9311', '9317', '7749', '304', '9890', '468', '397', '5934', '571', '6277', '1114', '1751', '261', '1389', '8801', '3099', '9717', '1772', '3954', '120', '3171', '6410', '4865', '864', '3978', '2747', '5903', '1675', '3417', '5700', '6180', '1171', '2658', '1703', '3869', '453', '114', '9253', '9625', '8264', '489', '6274', '4797', '1167', '4517', '315', '582', '3635', '2730', '3640', '1758', '2122', '4729', '8071', '7026', '5727', '5349', '576', '7410', '2252', '9927', '1567', '1593', '8269', '347', '8731', '44', '1763', '3620', '9921', '660', '7907', '2340', '8316', '870', '5734', '9175', '495', '8157', '1079', '590', '4548', '2029', '9748', '1972', '9171', '77', '3177', '3011', '4042', '4065', '1159', '1233', '2184', '2554', '8038', '846', '1622', '1286', '1521', '2787', '6307', '2341', '4275', '7336', '9006', '2632', '3310', '408', '266', '7810', '293', '9972', '3353', '6354', '8084', '4027', '9670', '2820', '4862', '1986', '7540', '3580', '5273', '2215', '5114', '5007', '5550', '7806', '5076', '381', '659', '4612', '3642', '439', '4848', '6844', '75', '2214', '3138', '2324', '9623', '205', '1644', '5983', '8956', '2931', '194', '6996', '919', '1073', '4240', '5809', '5084', '1561', '2755', '1206', '5889', '883', '1465', '2041', '2608', '429', '6914', '2052', '9645', '7501', '6096', '1791', '715', '6777', '3076', '4221', '3127', '6342', '1486', '1337', '4421', '5386', '5661', '2128', '3234', '2750', '4994', '6593', '5304', '6496', '637', '4363', '3258', '3672', '2239', '5229', '2977', '2914', '4877', '1193', '2233', '2746', '2798', '6566', '6009', '687', '1151', '3476', '1112', '602', '2679', '1266', '8767', '878', '9667', '2757', '3933', '3464', '9764', '8878', '1249', '9217', '7214', '165', '1255', '2193', '6235', '1887', '608', '3923', '6727', '1922', '1343', '1175', '1752', '5558', '3136', '5668', '6390', '8854', '9402', '1033', '2043', '839', '1925', '1797', '79', '9754', '4309', '6087', '3501', '2553', '4551', '6521', '7556', '9078', '6716', '628', '1381', '4009', '9404', '4526', '2235', '5355', '160', '4325', '3676', '1713', '2023', '2508', '2440', '2603', '7490', '1643', '430', '1269', '1927', '5758', '2012', '7684', '4893', '2568', '5630', '847', '898', '799', '9675', '6304', '7251', '4838', '1448', '3206', '227', '4429', '3262', '5330', '5203', '3133', '3804', '4149', '52', '5554', '3561', '7519', '526', '7295', '2478', '6512', '1420', '7794', '3998', '3899', '2241', '4584', '5905', '1649', '2883', '358', '2368', '1928', '1908', '487', '3597', '212', '700', '5792', '1158'}
MF test predictions saved to: /ceph/home/student.aau.dk/vo55zp/projects/P5/src/MMR/../datasets/mmr_data/books/2025-12-17_14-32-05/mf_test_100000_predictions.csv
MMR results saved: /ceph/home/student.aau.dk/vo55zp/projects/P5/src/MMR/../datasets/mmr_data/books/2025-12-17_14-32-05/mmr_test_100000_cosine_top_50.csv
MMR results saved: /ceph/home/student.aau.dk/vo55zp/projects/P5/src/MMR/../datasets/mmr_data/books/2025-12-17_14-32-05/mmr_test_100000_jaccard_top_50.csv
Pipeline for books test finished successfully!
