Running on ailab-l4-02
Start time: Sat Dec 20 20:21:30 CET 2025
Activating virtual environment...
Python path: /ceph/home/student.aau.dk/vo55zp/projects/P5/venv/bin/python3
Python version: Python 3.10.12
Running on ailab-l4-02
Start time: Sat Dec 20 20:21:30 CET 2025
Starting pipeline...
Start ml1M_1layers_embed64_lr0.001_batch64 test pipeline 
MMR results saved: /ceph/home/student.aau.dk/vo55zp/projects/P5/src/MMR/../datasets/mmr_data/movies_NN_MLP/2025-12-20_20-21-31_ml1M_1layers_embed64_lr0.001_batch64/mmr_test_1M_cosine_top_50.csv
MMR results saved: /ceph/home/student.aau.dk/vo55zp/projects/P5/src/MMR/../datasets/mmr_data/movies_NN_MLP/2025-12-20_20-21-31_ml1M_1layers_embed64_lr0.001_batch64/mmr_test_1M_jaccard_top_50.csv
Pipeline for ml1M_1layers_embed64_lr0.001_batch64 test finished successfully!
Start ml1M_OneLayer_embed64_lr00003_batch128 test pipeline 
MMR results saved: /ceph/home/student.aau.dk/vo55zp/projects/P5/src/MMR/../datasets/mmr_data/movies_NN_MLPwithBPR/2025-12-20_20-25-27_ml1M_OneLayer_embed64_lr00003_batch128/mmr_test_1M_cosine_top_50.csv
MMR results saved: /ceph/home/student.aau.dk/vo55zp/projects/P5/src/MMR/../datasets/mmr_data/movies_NN_MLPwithBPR/2025-12-20_20-25-27_ml1M_OneLayer_embed64_lr00003_batch128/mmr_test_1M_jaccard_top_50.csv
Pipeline for ml1M_OneLayer_embed64_lr00003_batch128 test finished successfully!
Start ml1M_NNgenres_ThreeLayers_embed64_lr0001_batch64 test pipeline 
MMR results saved: /ceph/home/student.aau.dk/vo55zp/projects/P5/src/MMR/../datasets/mmr_data/movies_NN_MLPwithBPR/2025-12-20_20-25-51_ml1M_NNgenres_ThreeLayers_embed64_lr0001_batch64/mmr_test_1M_cosine_top_50.csv
MMR results saved: /ceph/home/student.aau.dk/vo55zp/projects/P5/src/MMR/../datasets/mmr_data/movies_NN_MLPwithBPR/2025-12-20_20-25-51_ml1M_NNgenres_ThreeLayers_embed64_lr0001_batch64/mmr_test_1M_jaccard_top_50.csv
Pipeline for ml1M_NNgenres_ThreeLayers_embed64_lr0001_batch64 test finished successfully!
