Running on ailab-l4-11
Start time: Sat Dec 20 17:59:04 CET 2025
Activating virtual environment...
Python path: /ceph/home/student.aau.dk/la15yk/p5_env/bin/python3
Python version: Python 3.10.12
Running on ailab-l4-11
Start time: Sat Dec 20 17:59:04 CET 2025
PYTHONPATH=
Starting pipeline...
Start gb100k_OneLayer_embed64_lr00003_batch128 test pipeline 
Candidate items for DPP: 1667
Candidate items for DPP: 1667
Number of GT items included in candidates: 1667
DPP diagnostics:
Users with recommendations: 1582
Unique recommended items: 789
Total recommendations: 31640
Done DPP for cosine
DPP diagnostics:
Users with recommendations: 1582
Unique recommended items: 781
Total recommendations: 31640
Done DPP for jaccard
Test predictions saved to: /ceph/home/student.aau.dk/la15yk/P5/src/DPP/../datasets/dpp_data/books_NN_MLPwithBPR/2025-12-20_17-59-16/dpp_test_100K_cosine_top_50.csv
DONE with DPP :)
Test predictions saved to: /ceph/home/student.aau.dk/la15yk/P5/src/DPP/../datasets/dpp_data/books_NN_MLPwithBPR/2025-12-20_17-59-16/dpp_test_100K_jaccard_top_50.csv
DONE with DPP :)
DPP TEST pipeline completed successfully!
End time: Sat Dec 20 17:59:34 CET 2025
