Running on ailab-l4-11
Start time: Sat Dec 20 18:07:41 CET 2025
Activating virtual environment...
Python path: /ceph/home/student.aau.dk/la15yk/p5_env/bin/python3
Python version: Python 3.10.12
Running on ailab-l4-11
Start time: Sat Dec 20 18:07:41 CET 2025
PYTHONPATH=
Starting pipeline...
Start ml1M_OneLayer_embed64_lr00003_batch128 test pipeline 
Candidate items for DPP: 1873
Candidate items for DPP: 1873
Number of GT items included in candidates: 1873
DPP diagnostics:
Users with recommendations: 5961
Unique recommended items: 1275
Total recommendations: 119220
Done DPP for cosine
DPP diagnostics:
Users with recommendations: 5961
Unique recommended items: 1249
Total recommendations: 119220
Done DPP for jaccard
Test predictions saved to: /ceph/home/student.aau.dk/la15yk/P5/src/DPP/../datasets/dpp_data/movies_NN_MLPwithBPR/2025-12-20_18-07-41/dpp_test_1M_cosine_top_50.csv
DONE with DPP :)
Test predictions saved to: /ceph/home/student.aau.dk/la15yk/P5/src/DPP/../datasets/dpp_data/movies_NN_MLPwithBPR/2025-12-20_18-07-41/dpp_test_1M_jaccard_top_50.csv
DONE with DPP :)
DPP TEST pipeline completed successfully!
End time: Sat Dec 20 18:12:54 CET 2025
