Running on ailab-l4-02
Start time: Sat Dec 20 14:16:38 CET 2025
Activating virtual environment...
Python path: /ceph/home/student.aau.dk/la15yk/p5_env/bin/python3
Python version: Python 3.10.12
Running on ailab-l4-02
Start time: Sat Dec 20 14:16:38 CET 2025
PYTHONPATH=
Starting pipeline...
Start ml100k_1layers_embed64_lr0.001_batch64 test pipeline 
Candidate items for DPP: 241
Candidate items for DPP: 241
Number of GT items included in candidates: 241
DPP diagnostics:
Users with recommendations: 658
Unique recommended items: 216
Total recommendations: 13160
Done DPP for cosine
DPP diagnostics:
Users with recommendations: 658
Unique recommended items: 221
Total recommendations: 13160
Done DPP for jaccard
MF test predictions saved to: /ceph/home/student.aau.dk/la15yk/P5/src/DPP/../datasets/dpp_data/movies_NN_MLP/2025-12-20_14-16-39/dpp_test_100K_cosine_top_50.csv
DONE with DPP :)
MF test predictions saved to: /ceph/home/student.aau.dk/la15yk/P5/src/DPP/../datasets/dpp_data/movies_NN_MLP/2025-12-20_14-16-39/dpp_test_100K_jaccard_top_50.csv
DONE with DPP :)
DPP TEST pipeline completed successfully!
End time: Sat Dec 20 14:16:49 CET 2025
