/var/spool/slurm/job181646/slurm_script: line 10: cd: /ceph/home/student.aau.dk/nr38sp/ceph/home/student.aau.dk/nr38sp/P5: No such file or directory
Epoch 1/300 - Loss of 31219.53628
Epoch 2/300 - Loss of 19106.20462
Epoch 3/300 - Loss of 12163.01980
Epoch 4/300 - Loss of 8560.86881
Epoch 5/300 - Loss of 6215.63412
Epoch 6/300 - Loss of 4528.41131
Epoch 7/300 - Loss of 3334.27363
Epoch 8/300 - Loss of 2559.62137
Epoch 9/300 - Loss of 1907.92367
Epoch 10/300 - Loss of 1462.69039
Epoch 11/300 - Loss of 1123.39885
Epoch 12/300 - Loss of 852.66552
Epoch 13/300 - Loss of 673.23703
Epoch 14/300 - Loss of 535.64061
Epoch 15/300 - Loss of 412.42101
Epoch 16/300 - Loss of 330.00083
Epoch 17/300 - Loss of 256.31123
Epoch 18/300 - Loss of 215.42949
Epoch 19/300 - Loss of 174.05519
Epoch 20/300 - Loss of 153.36839
Epoch 21/300 - Loss of 124.08300
Epoch 22/300 - Loss of 102.87848
Epoch 23/300 - Loss of 90.70649
Epoch 24/300 - Loss of 79.66075
Epoch 25/300 - Loss of 71.98999
Epoch 26/300 - Loss of 57.79397
Epoch 27/300 - Loss of 56.01302
Epoch 28/300 - Loss of 49.50656
Epoch 29/300 - Loss of 46.29302
Epoch 30/300 - Loss of 45.99464
Epoch 31/300 - Loss of 38.88643
Epoch 32/300 - Loss of 35.63067
Epoch 33/300 - Loss of 34.26791
Epoch 34/300 - Loss of 33.49794
Epoch 35/300 - Loss of 32.15665
Epoch 36/300 - Loss of 32.97710
Epoch 37/300 - Loss of 32.37046
Epoch 38/300 - Loss of 32.20517
Epoch 39/300 - Loss of 31.22166
Epoch 40/300 - Loss of 30.07389
Epoch 41/300 - Loss of 30.63598
Epoch 42/300 - Loss of 29.99817
Epoch 43/300 - Loss of 31.17156
Epoch 44/300 - Loss of 28.71269
Epoch 45/300 - Loss of 29.30800
Epoch 46/300 - Loss of 28.27878
Epoch 47/300 - Loss of 28.62027
Epoch 48/300 - Loss of 27.48984
Epoch 49/300 - Loss of 36.49806
Epoch 50/300 - Loss of 27.34714
Epoch 51/300 - Loss of 27.82403
Epoch 52/300 - Loss of 27.15296
Epoch 53/300 - Loss of 27.69555
Epoch 54/300 - Loss of 30.89237
Epoch 55/300 - Loss of 28.28058
Epoch 56/300 - Loss of 30.79006
Epoch 57/300 - Loss of 28.17298
Epoch 58/300 - Loss of 31.20758
Epoch 59/300 - Loss of 28.37889
Epoch 60/300 - Loss of 29.16310
Epoch 61/300 - Loss of 28.41214
Epoch 62/300 - Loss of 27.67398
Epoch 63/300 - Loss of 26.33008
Epoch 64/300 - Loss of 26.37572
Epoch 65/300 - Loss of 26.98674
Epoch 66/300 - Loss of 26.63382
Epoch 67/300 - Loss of 26.54542
Epoch 68/300 - Loss of 28.04758
Epoch 69/300 - Loss of 26.61417
Epoch 70/300 - Loss of 25.92117
Epoch 71/300 - Loss of 26.37055
Epoch 72/300 - Loss of 26.99544
Epoch 73/300 - Loss of 28.15816
Epoch 74/300 - Loss of 27.62059
Epoch 75/300 - Loss of 26.54145
Epoch 76/300 - Loss of 26.45877
Epoch 77/300 - Loss of 26.60556
Epoch 78/300 - Loss of 25.82694
Epoch 79/300 - Loss of 26.24826
Epoch 80/300 - Loss of 28.11174
Epoch 81/300 - Loss of 25.88721
Epoch 82/300 - Loss of 27.03091
Epoch 83/300 - Loss of 30.15186
Epoch 84/300 - Loss of 27.18111
Epoch 85/300 - Loss of 26.64656
Epoch 86/300 - Loss of 27.07895
Epoch 87/300 - Loss of 27.03027
Epoch 88/300 - Loss of 32.47704
Epoch 89/300 - Loss of 26.44594
Epoch 90/300 - Loss of 26.58642
Epoch 91/300 - Loss of 26.10161
Epoch 92/300 - Loss of 26.00004
Epoch 93/300 - Loss of 26.12247
Epoch 94/300 - Loss of 25.68083
Epoch 95/300 - Loss of 25.87951
Epoch 96/300 - Loss of 25.95554
Epoch 97/300 - Loss of 26.37967
Epoch 98/300 - Loss of 25.74478
Epoch 99/300 - Loss of 25.89867
Epoch 100/300 - Loss of 25.55274
Epoch 101/300 - Loss of 25.34633
Epoch 102/300 - Loss of 25.49401
Epoch 103/300 - Loss of 25.64016
Epoch 104/300 - Loss of 26.78890
Epoch 105/300 - Loss of 26.45344
Epoch 106/300 - Loss of 25.70640
Epoch 107/300 - Loss of 25.08679
Epoch 108/300 - Loss of 25.85424
Epoch 109/300 - Loss of 25.93932
Epoch 110/300 - Loss of 25.86238
Epoch 111/300 - Loss of 25.84628
Epoch 112/300 - Loss of 25.26513
Epoch 113/300 - Loss of 25.48472
Epoch 114/300 - Loss of 25.41863
Epoch 115/300 - Loss of 25.37812
Epoch 116/300 - Loss of 26.22046
Epoch 117/300 - Loss of 25.81767
Epoch 118/300 - Loss of 25.24616
Epoch 119/300 - Loss of 25.12083
Epoch 120/300 - Loss of 25.73205
Epoch 121/300 - Loss of 25.15719
Epoch 122/300 - Loss of 25.40744
Epoch 123/300 - Loss of 25.18617
Epoch 124/300 - Loss of 25.35836
Epoch 125/300 - Loss of 25.63103
Epoch 126/300 - Loss of 25.44623
Epoch 127/300 - Loss of 25.38639
Epoch 128/300 - Loss of 25.62621
Epoch 129/300 - Loss of 25.08998
Epoch 130/300 - Loss of 34.54947
Epoch 131/300 - Loss of 27.28596
Epoch 132/300 - Loss of 25.13201
Epoch 133/300 - Loss of 24.85178
Epoch 134/300 - Loss of 25.83078
Epoch 135/300 - Loss of 25.48191
Epoch 136/300 - Loss of 27.49302
Epoch 137/300 - Loss of 29.60561
Epoch 138/300 - Loss of 25.42206
Epoch 139/300 - Loss of 24.79763
Epoch 140/300 - Loss of 34.65606
Epoch 141/300 - Loss of 25.48461
Epoch 142/300 - Loss of 25.54379
Epoch 143/300 - Loss of 26.00626
Epoch 144/300 - Loss of 25.91346
Epoch 145/300 - Loss of 25.57887
Epoch 146/300 - Loss of 25.21490
Epoch 147/300 - Loss of 25.21868
Epoch 148/300 - Loss of 25.87983
Epoch 149/300 - Loss of 25.33070
Epoch 150/300 - Loss of 26.25075
Epoch 151/300 - Loss of 25.13412
Epoch 152/300 - Loss of 24.96732
Epoch 153/300 - Loss of 24.80996
Epoch 154/300 - Loss of 25.28695
Epoch 155/300 - Loss of 29.64523
Epoch 156/300 - Loss of 25.32239
Epoch 157/300 - Loss of 24.96836
Epoch 158/300 - Loss of 25.31562
Epoch 159/300 - Loss of 25.45094
Epoch 160/300 - Loss of 24.90869
Epoch 161/300 - Loss of 26.36749
Epoch 162/300 - Loss of 25.59731
Epoch 163/300 - Loss of 25.38325
Epoch 164/300 - Loss of 24.69335
Epoch 165/300 - Loss of 25.27625
Epoch 166/300 - Loss of 25.44159
Epoch 167/300 - Loss of 24.95770
Epoch 168/300 - Loss of 25.12418
Epoch 169/300 - Loss of 24.57281
Epoch 170/300 - Loss of 27.09540
Epoch 171/300 - Loss of 24.81460
Epoch 172/300 - Loss of 25.41679
Epoch 173/300 - Loss of 26.59415
Epoch 174/300 - Loss of 25.46379
Epoch 175/300 - Loss of 25.09620
Epoch 176/300 - Loss of 25.07120
Epoch 177/300 - Loss of 25.11004
Epoch 178/300 - Loss of 25.44015
Epoch 179/300 - Loss of 26.76403
Epoch 180/300 - Loss of 25.43132
Epoch 181/300 - Loss of 25.06050
Epoch 182/300 - Loss of 24.98045
Epoch 183/300 - Loss of 25.35314
Epoch 184/300 - Loss of 24.97297
Epoch 185/300 - Loss of 24.59072
Epoch 186/300 - Loss of 33.26368
Epoch 187/300 - Loss of 24.85230
Epoch 188/300 - Loss of 25.55866
Epoch 189/300 - Loss of 24.80281
Epoch 190/300 - Loss of 24.66972
Epoch 191/300 - Loss of 25.13922
Epoch 192/300 - Loss of 25.02802
Epoch 193/300 - Loss of 25.21977
Epoch 194/300 - Loss of 26.28540
Epoch 195/300 - Loss of 25.01526
Epoch 196/300 - Loss of 26.25941
Epoch 197/300 - Loss of 30.20406
Epoch 198/300 - Loss of 24.77277
Epoch 199/300 - Loss of 25.72094
Epoch 200/300 - Loss of 24.83811
Epoch 201/300 - Loss of 24.95167
Epoch 202/300 - Loss of 24.84719
Epoch 203/300 - Loss of 24.82666
Epoch 204/300 - Loss of 25.49399
Epoch 205/300 - Loss of 24.74907
Epoch 206/300 - Loss of 26.63921
Epoch 207/300 - Loss of 24.73568
Epoch 208/300 - Loss of 25.13202
Epoch 209/300 - Loss of 24.82146
Epoch 210/300 - Loss of 25.24888
Epoch 211/300 - Loss of 24.50531
Epoch 212/300 - Loss of 26.47559
Epoch 213/300 - Loss of 27.46487
Epoch 214/300 - Loss of 25.05130
Epoch 215/300 - Loss of 24.66124
Epoch 216/300 - Loss of 24.82878
Epoch 217/300 - Loss of 24.69272
Epoch 218/300 - Loss of 24.95173
Epoch 219/300 - Loss of 28.09270
Epoch 220/300 - Loss of 25.17947
Epoch 221/300 - Loss of 25.37084
Epoch 222/300 - Loss of 25.00787
Epoch 223/300 - Loss of 24.80790
Epoch 224/300 - Loss of 24.70228
Epoch 225/300 - Loss of 24.78388
Epoch 226/300 - Loss of 27.02649
Epoch 227/300 - Loss of 25.07914
Epoch 228/300 - Loss of 24.72652
Epoch 229/300 - Loss of 26.25412
Epoch 230/300 - Loss of 25.05515
Epoch 231/300 - Loss of 25.18564
Epoch 232/300 - Loss of 25.02248
Epoch 233/300 - Loss of 24.69958
Epoch 234/300 - Loss of 24.89964
Epoch 235/300 - Loss of 24.96000
Epoch 236/300 - Loss of 24.81376
Epoch 237/300 - Loss of 24.72439
Epoch 238/300 - Loss of 25.35099
Epoch 239/300 - Loss of 26.06024
Epoch 240/300 - Loss of 25.08514
Epoch 241/300 - Loss of 24.53925
Epoch 242/300 - Loss of 24.70092
Epoch 243/300 - Loss of 25.16847
Epoch 244/300 - Loss of 24.84075
Epoch 245/300 - Loss of 24.59369
Epoch 246/300 - Loss of 24.84306
Epoch 247/300 - Loss of 24.84260
Epoch 248/300 - Loss of 25.25745
Epoch 249/300 - Loss of 24.74939
Epoch 250/300 - Loss of 26.80622
Epoch 251/300 - Loss of 24.63477
Epoch 252/300 - Loss of 25.04578
Epoch 253/300 - Loss of 25.32338
Epoch 254/300 - Loss of 25.65023
Epoch 255/300 - Loss of 24.50989
Epoch 256/300 - Loss of 24.86662
Epoch 257/300 - Loss of 25.77404
Epoch 258/300 - Loss of 25.50618
Epoch 259/300 - Loss of 25.03382
Epoch 260/300 - Loss of 24.92485
Epoch 261/300 - Loss of 25.16063
Epoch 262/300 - Loss of 24.94841
Epoch 263/300 - Loss of 24.55362
Epoch 264/300 - Loss of 25.25039
Epoch 265/300 - Loss of 30.59448
Epoch 266/300 - Loss of 24.54209
Epoch 267/300 - Loss of 26.54849
Epoch 268/300 - Loss of 24.92060
Epoch 269/300 - Loss of 25.00401
Epoch 270/300 - Loss of 25.72300
Epoch 271/300 - Loss of 25.59756
Epoch 272/300 - Loss of 26.37079
Epoch 273/300 - Loss of 24.54912
Epoch 274/300 - Loss of 24.64060
Epoch 275/300 - Loss of 24.34920
Epoch 276/300 - Loss of 24.53502
Epoch 277/300 - Loss of 25.20828
Epoch 278/300 - Loss of 24.45179
Epoch 279/300 - Loss of 25.10579
Epoch 280/300 - Loss of 25.94655
Epoch 281/300 - Loss of 25.16748
Epoch 282/300 - Loss of 24.79483
Epoch 283/300 - Loss of 24.87060
Epoch 284/300 - Loss of 25.91845
Epoch 285/300 - Loss of 24.87429
Epoch 286/300 - Loss of 25.48726
Epoch 287/300 - Loss of 24.26233
Epoch 288/300 - Loss of 24.88503
Epoch 289/300 - Loss of 24.34996
Epoch 290/300 - Loss of 25.70179
Epoch 291/300 - Loss of 24.61441
Epoch 292/300 - Loss of 25.00324
Epoch 293/300 - Loss of 24.49066
Epoch 294/300 - Loss of 25.05211
Epoch 295/300 - Loss of 25.25710
Epoch 296/300 - Loss of 24.87127
Epoch 297/300 - Loss of 25.26649
Epoch 298/300 - Loss of 24.84226
Epoch 299/300 - Loss of 25.02140
Epoch 300/300 - Loss of 24.63287
   userId  movieId    rating
0       1       31 -1.612163
1       1     1029 -0.984247
2       1     1061 -1.460909
3       1     1129 -0.526154
4       1     1172  4.168393

Total training time :  -647.46 seconds
Max GPU allocated : 84.66 MB
