/var/spool/slurm/job181631/slurm_script: line 10: cd: /ceph/home/student.aau.dk/nr38sp/ceph/home/student.aau.dk/nr38sp/P5: No such file or directory
Epoch 1/100 - Loss of 31304.30252
Epoch 2/100 - Loss of 19211.33004
Epoch 3/100 - Loss of 12114.21055
Epoch 4/100 - Loss of 8405.03130
Epoch 5/100 - Loss of 6086.81030
Epoch 6/100 - Loss of 4441.45083
Epoch 7/100 - Loss of 3287.19877
Epoch 8/100 - Loss of 2449.58191
Epoch 9/100 - Loss of 1816.03709
Epoch 10/100 - Loss of 1431.51960
Epoch 11/100 - Loss of 1106.33961
Epoch 12/100 - Loss of 843.15535
Epoch 13/100 - Loss of 675.37673
Epoch 14/100 - Loss of 522.76481
Epoch 15/100 - Loss of 407.58544
Epoch 16/100 - Loss of 333.11246
Epoch 17/100 - Loss of 269.34794
Epoch 18/100 - Loss of 225.76667
Epoch 19/100 - Loss of 179.70894
Epoch 20/100 - Loss of 157.58097
Epoch 21/100 - Loss of 123.55505
Epoch 22/100 - Loss of 104.38796
Epoch 23/100 - Loss of 87.99373
Epoch 24/100 - Loss of 79.24295
Epoch 25/100 - Loss of 68.54937
Epoch 26/100 - Loss of 65.95823
Epoch 27/100 - Loss of 53.64914
Epoch 28/100 - Loss of 48.44132
Epoch 29/100 - Loss of 57.76987
Epoch 30/100 - Loss of 43.41408
Epoch 31/100 - Loss of 37.57372
Epoch 32/100 - Loss of 38.19656
Epoch 33/100 - Loss of 38.19468
Epoch 34/100 - Loss of 37.50949
Epoch 35/100 - Loss of 32.86179
Epoch 36/100 - Loss of 32.48125
Epoch 37/100 - Loss of 39.15280
Epoch 38/100 - Loss of 34.09304
Epoch 39/100 - Loss of 32.08285
Epoch 40/100 - Loss of 30.58797
Epoch 41/100 - Loss of 36.41111
Epoch 42/100 - Loss of 29.85168
Epoch 43/100 - Loss of 29.27547
Epoch 44/100 - Loss of 30.12672
Epoch 45/100 - Loss of 29.09240
Epoch 46/100 - Loss of 31.71891
Epoch 47/100 - Loss of 28.12717
Epoch 48/100 - Loss of 28.46744
Epoch 49/100 - Loss of 28.07640
Epoch 50/100 - Loss of 28.47064
Epoch 51/100 - Loss of 27.62360
Epoch 52/100 - Loss of 30.71192
Epoch 53/100 - Loss of 28.84847
Epoch 54/100 - Loss of 29.26412
Epoch 55/100 - Loss of 27.78084
Epoch 56/100 - Loss of 28.00223
Epoch 57/100 - Loss of 27.25856
Epoch 58/100 - Loss of 33.93854
Epoch 59/100 - Loss of 31.19450
Epoch 60/100 - Loss of 27.51428
Epoch 61/100 - Loss of 26.93230
Epoch 62/100 - Loss of 33.71967
Epoch 63/100 - Loss of 28.38827
Epoch 64/100 - Loss of 27.11649
Epoch 65/100 - Loss of 26.01531
Epoch 66/100 - Loss of 26.44850
Epoch 67/100 - Loss of 32.32739
Epoch 68/100 - Loss of 26.05461
Epoch 69/100 - Loss of 32.24472
Epoch 70/100 - Loss of 26.22145
Epoch 71/100 - Loss of 26.16874
Epoch 72/100 - Loss of 27.13179
Epoch 73/100 - Loss of 29.99552
Epoch 74/100 - Loss of 25.80087
Epoch 75/100 - Loss of 28.40350
Epoch 76/100 - Loss of 27.78287
Epoch 77/100 - Loss of 26.80774
Epoch 78/100 - Loss of 27.65193
Epoch 79/100 - Loss of 25.75049
Epoch 80/100 - Loss of 25.93346
Epoch 81/100 - Loss of 27.44112
Epoch 82/100 - Loss of 32.34068
Epoch 83/100 - Loss of 25.83172
Epoch 84/100 - Loss of 27.27739
Epoch 85/100 - Loss of 25.64474
Epoch 86/100 - Loss of 26.35507
Epoch 87/100 - Loss of 26.17938
Epoch 88/100 - Loss of 26.46764
Epoch 89/100 - Loss of 26.83436
Epoch 90/100 - Loss of 25.15756
Epoch 91/100 - Loss of 25.84620
Epoch 92/100 - Loss of 25.94351
Epoch 93/100 - Loss of 26.15896
Epoch 94/100 - Loss of 25.05767
Epoch 95/100 - Loss of 25.59977
Epoch 96/100 - Loss of 28.13886
Epoch 97/100 - Loss of 29.33216
Epoch 98/100 - Loss of 25.80613
Epoch 99/100 - Loss of 25.99473
Epoch 100/100 - Loss of 25.73901
   userId  movieId    rating
0       1       31 -1.250391
1       1     1029 -0.274967
2       1     1061 -1.577396
3       1     1129 -1.473672
4       1     1172  4.422119

Total training time :  -227.29 seconds
Max GPU allocated : 84.66 MB
