/var/spool/slurm/job181639/slurm_script: line 10: cd: /ceph/home/student.aau.dk/nr38sp/ceph/home/student.aau.dk/nr38sp/P5: No such file or directory
Epoch 1/200 - Loss of 31315.14999
Epoch 2/200 - Loss of 19223.38380
Epoch 3/200 - Loss of 12102.24535
Epoch 4/200 - Loss of 8436.82618
Epoch 5/200 - Loss of 6086.92942
Epoch 6/200 - Loss of 4471.73662
Epoch 7/200 - Loss of 3365.87114
Epoch 8/200 - Loss of 2514.18399
Epoch 9/200 - Loss of 1879.82564
Epoch 10/200 - Loss of 1467.92511
Epoch 11/200 - Loss of 1099.88258
Epoch 12/200 - Loss of 882.19498
Epoch 13/200 - Loss of 671.21629
Epoch 14/200 - Loss of 517.21350
Epoch 15/200 - Loss of 408.73854
Epoch 16/200 - Loss of 336.66305
Epoch 17/200 - Loss of 272.13646
Epoch 18/200 - Loss of 225.17604
Epoch 19/200 - Loss of 179.13162
Epoch 20/200 - Loss of 150.20462
Epoch 21/200 - Loss of 132.53448
Epoch 22/200 - Loss of 103.26152
Epoch 23/200 - Loss of 91.75521
Epoch 24/200 - Loss of 78.53788
Epoch 25/200 - Loss of 65.45306
Epoch 26/200 - Loss of 59.82520
Epoch 27/200 - Loss of 51.91557
Epoch 28/200 - Loss of 48.54319
Epoch 29/200 - Loss of 44.84161
Epoch 30/200 - Loss of 41.30683
Epoch 31/200 - Loss of 38.83406
Epoch 32/200 - Loss of 37.90967
Epoch 33/200 - Loss of 35.56184
Epoch 34/200 - Loss of 35.11439
Epoch 35/200 - Loss of 34.75593
Epoch 36/200 - Loss of 32.09425
Epoch 37/200 - Loss of 31.86547
Epoch 38/200 - Loss of 30.92974
Epoch 39/200 - Loss of 30.08487
Epoch 40/200 - Loss of 29.91690
Epoch 41/200 - Loss of 31.35125
Epoch 42/200 - Loss of 31.47752
Epoch 43/200 - Loss of 32.05570
Epoch 44/200 - Loss of 28.89415
Epoch 45/200 - Loss of 29.54357
Epoch 46/200 - Loss of 28.09683
Epoch 47/200 - Loss of 28.18526
Epoch 48/200 - Loss of 31.24686
Epoch 49/200 - Loss of 32.34542
Epoch 50/200 - Loss of 27.05611
Epoch 51/200 - Loss of 28.14706
Epoch 52/200 - Loss of 27.93776
Epoch 53/200 - Loss of 27.54102
Epoch 54/200 - Loss of 29.23395
Epoch 55/200 - Loss of 30.40577
Epoch 56/200 - Loss of 28.05388
Epoch 57/200 - Loss of 30.27487
Epoch 58/200 - Loss of 27.73674
Epoch 59/200 - Loss of 31.83133
Epoch 60/200 - Loss of 26.51267
Epoch 61/200 - Loss of 26.63567
Epoch 62/200 - Loss of 28.25728
Epoch 63/200 - Loss of 27.75329
Epoch 64/200 - Loss of 28.80532
Epoch 65/200 - Loss of 26.51387
Epoch 66/200 - Loss of 27.70306
Epoch 67/200 - Loss of 26.65844
Epoch 68/200 - Loss of 26.83113
Epoch 69/200 - Loss of 26.70375
Epoch 70/200 - Loss of 30.05015
Epoch 71/200 - Loss of 27.88140
Epoch 72/200 - Loss of 26.36817
Epoch 73/200 - Loss of 27.77515
Epoch 74/200 - Loss of 27.29549
Epoch 75/200 - Loss of 26.21164
Epoch 76/200 - Loss of 30.45721
Epoch 77/200 - Loss of 26.38144
Epoch 78/200 - Loss of 26.81300
Epoch 79/200 - Loss of 29.02962
Epoch 80/200 - Loss of 26.67087
Epoch 81/200 - Loss of 25.86079
Epoch 82/200 - Loss of 26.59944
Epoch 83/200 - Loss of 26.45282
Epoch 84/200 - Loss of 25.76350
Epoch 85/200 - Loss of 25.99273
Epoch 86/200 - Loss of 30.15581
Epoch 87/200 - Loss of 26.55067
Epoch 88/200 - Loss of 27.12431
Epoch 89/200 - Loss of 25.81815
Epoch 90/200 - Loss of 25.95739
Epoch 91/200 - Loss of 26.01576
Epoch 92/200 - Loss of 26.01215
Epoch 93/200 - Loss of 30.94295
Epoch 94/200 - Loss of 26.32260
Epoch 95/200 - Loss of 26.33496
Epoch 96/200 - Loss of 27.35583
Epoch 97/200 - Loss of 28.28085
Epoch 98/200 - Loss of 25.32444
Epoch 99/200 - Loss of 27.04824
Epoch 100/200 - Loss of 25.09589
Epoch 101/200 - Loss of 31.29009
Epoch 102/200 - Loss of 26.15395
Epoch 103/200 - Loss of 26.55411
Epoch 104/200 - Loss of 25.83918
Epoch 105/200 - Loss of 25.64632
Epoch 106/200 - Loss of 28.96338
Epoch 107/200 - Loss of 25.70578
Epoch 108/200 - Loss of 25.36825
Epoch 109/200 - Loss of 26.84827
Epoch 110/200 - Loss of 26.07940
Epoch 111/200 - Loss of 25.54983
Epoch 112/200 - Loss of 25.72300
Epoch 113/200 - Loss of 25.69798
Epoch 114/200 - Loss of 26.31049
Epoch 115/200 - Loss of 27.39520
Epoch 116/200 - Loss of 26.17083
Epoch 117/200 - Loss of 25.68842
Epoch 118/200 - Loss of 24.87462
Epoch 119/200 - Loss of 26.14102
Epoch 120/200 - Loss of 25.36878
Epoch 121/200 - Loss of 25.80639
Epoch 122/200 - Loss of 26.54570
Epoch 123/200 - Loss of 25.06401
Epoch 124/200 - Loss of 25.66823
Epoch 125/200 - Loss of 26.26521
Epoch 126/200 - Loss of 25.28165
Epoch 127/200 - Loss of 26.38981
Epoch 128/200 - Loss of 30.13873
Epoch 129/200 - Loss of 25.20994
Epoch 130/200 - Loss of 24.69444
Epoch 131/200 - Loss of 25.45976
Epoch 132/200 - Loss of 29.52497
Epoch 133/200 - Loss of 25.71913
Epoch 134/200 - Loss of 25.10697
Epoch 135/200 - Loss of 24.87345
Epoch 136/200 - Loss of 24.87206
Epoch 137/200 - Loss of 29.04167
Epoch 138/200 - Loss of 25.39374
Epoch 139/200 - Loss of 28.86796
Epoch 140/200 - Loss of 25.24028
Epoch 141/200 - Loss of 25.24226
Epoch 142/200 - Loss of 26.61654
Epoch 143/200 - Loss of 25.18374
Epoch 144/200 - Loss of 25.34259
Epoch 145/200 - Loss of 25.19802
Epoch 146/200 - Loss of 24.92957
Epoch 147/200 - Loss of 25.94676
Epoch 148/200 - Loss of 26.69805
Epoch 149/200 - Loss of 26.00331
Epoch 150/200 - Loss of 25.56171
Epoch 151/200 - Loss of 25.22339
Epoch 152/200 - Loss of 25.73120
Epoch 153/200 - Loss of 27.63933
Epoch 154/200 - Loss of 25.19679
Epoch 155/200 - Loss of 24.81509
Epoch 156/200 - Loss of 26.89393
Epoch 157/200 - Loss of 25.65516
Epoch 158/200 - Loss of 25.14240
Epoch 159/200 - Loss of 25.07239
Epoch 160/200 - Loss of 25.34776
Epoch 161/200 - Loss of 24.79113
Epoch 162/200 - Loss of 26.60969
Epoch 163/200 - Loss of 26.82215
Epoch 164/200 - Loss of 24.61520
Epoch 165/200 - Loss of 25.09243
Epoch 166/200 - Loss of 24.65802
Epoch 167/200 - Loss of 26.09995
Epoch 168/200 - Loss of 26.68267
Epoch 169/200 - Loss of 25.00274
Epoch 170/200 - Loss of 25.02937
Epoch 171/200 - Loss of 25.06277
Epoch 172/200 - Loss of 24.44650
Epoch 173/200 - Loss of 28.18576
Epoch 174/200 - Loss of 25.57943
Epoch 175/200 - Loss of 25.45415
Epoch 176/200 - Loss of 24.95048
Epoch 177/200 - Loss of 25.17313
Epoch 178/200 - Loss of 25.73489
Epoch 179/200 - Loss of 27.28120
Epoch 180/200 - Loss of 25.15656
Epoch 181/200 - Loss of 24.63061
Epoch 182/200 - Loss of 24.91972
Epoch 183/200 - Loss of 30.60592
Epoch 184/200 - Loss of 24.78092
Epoch 185/200 - Loss of 25.04781
Epoch 186/200 - Loss of 24.67782
Epoch 187/200 - Loss of 25.15170
Epoch 188/200 - Loss of 24.85209
Epoch 189/200 - Loss of 28.68580
Epoch 190/200 - Loss of 27.54574
Epoch 191/200 - Loss of 25.77542
Epoch 192/200 - Loss of 25.09454
Epoch 193/200 - Loss of 26.09640
Epoch 194/200 - Loss of 24.83483
Epoch 195/200 - Loss of 24.80049
Epoch 196/200 - Loss of 25.29282
Epoch 197/200 - Loss of 25.36974
Epoch 198/200 - Loss of 25.57479
Epoch 199/200 - Loss of 27.32697
Epoch 200/200 - Loss of 24.50392
   userId  movieId    rating
0       1       31 -2.110580
1       1     1029 -1.162907
2       1     1061 -0.841157
3       1     1129 -1.405036
4       1     1172  5.062136

Total training time :  -410.63 seconds
Max GPU allocated : 84.66 MB
