Index(['userId', 'movieId', 'rating', 'genres', 'genres_list'], dtype='object')
Epoch 1/3000 : Sum of batch train losses for one epoch 16161.0087 |Avg training loss per batch for one epoch 1.2925 |Avg validation loss per batch for one epoch: 0.8493
[EarlyStop] val_loss=0.849296, best_loss=0.849296, no_improve_count=0
Epoch 2/3000 : Sum of batch train losses for one epoch 10852.2454 |Avg training loss per batch for one epoch 0.8679 |Avg validation loss per batch for one epoch: 0.8315
[EarlyStop] val_loss=0.831534, best_loss=0.831534, no_improve_count=0
Epoch 3/3000 : Sum of batch train losses for one epoch 10754.6686 |Avg training loss per batch for one epoch 0.8601 |Avg validation loss per batch for one epoch: 0.8298
[EarlyStop] val_loss=0.829805, best_loss=0.829805, no_improve_count=0
Epoch 4/3000 : Sum of batch train losses for one epoch 10676.3597 |Avg training loss per batch for one epoch 0.8538 |Avg validation loss per batch for one epoch: 0.8378
[EarlyStop] val_loss=0.837762, best_loss=0.829805, no_improve_count=1
Epoch 5/3000 : Sum of batch train losses for one epoch 10615.3475 |Avg training loss per batch for one epoch 0.8490 |Avg validation loss per batch for one epoch: 0.8182
[EarlyStop] val_loss=0.818170, best_loss=0.818170, no_improve_count=0
Epoch 6/3000 : Sum of batch train losses for one epoch 10557.7010 |Avg training loss per batch for one epoch 0.8443 |Avg validation loss per batch for one epoch: 0.8150
[EarlyStop] val_loss=0.815024, best_loss=0.815024, no_improve_count=0
Epoch 7/3000 : Sum of batch train losses for one epoch 10505.3528 |Avg training loss per batch for one epoch 0.8402 |Avg validation loss per batch for one epoch: 0.8125
[EarlyStop] val_loss=0.812479, best_loss=0.812479, no_improve_count=0
Epoch 8/3000 : Sum of batch train losses for one epoch 10450.7225 |Avg training loss per batch for one epoch 0.8358 |Avg validation loss per batch for one epoch: 0.8090
[EarlyStop] val_loss=0.809007, best_loss=0.809007, no_improve_count=0
Epoch 9/3000 : Sum of batch train losses for one epoch 10421.5985 |Avg training loss per batch for one epoch 0.8335 |Avg validation loss per batch for one epoch: 0.8083
[EarlyStop] val_loss=0.808278, best_loss=0.808278, no_improve_count=0
Epoch 10/3000 : Sum of batch train losses for one epoch 10381.9424 |Avg training loss per batch for one epoch 0.8303 |Avg validation loss per batch for one epoch: 0.8062
[EarlyStop] val_loss=0.806181, best_loss=0.806181, no_improve_count=0
Epoch 11/3000 : Sum of batch train losses for one epoch 10345.1307 |Avg training loss per batch for one epoch 0.8273 |Avg validation loss per batch for one epoch: 0.8062
[EarlyStop] val_loss=0.806192, best_loss=0.806181, no_improve_count=1
Epoch 12/3000 : Sum of batch train losses for one epoch 10332.4756 |Avg training loss per batch for one epoch 0.8263 |Avg validation loss per batch for one epoch: 0.7975
[EarlyStop] val_loss=0.797530, best_loss=0.797530, no_improve_count=0
Epoch 13/3000 : Sum of batch train losses for one epoch 10292.2347 |Avg training loss per batch for one epoch 0.8231 |Avg validation loss per batch for one epoch: 0.7960
[EarlyStop] val_loss=0.795956, best_loss=0.795956, no_improve_count=0
Epoch 14/3000 : Sum of batch train losses for one epoch 10280.9315 |Avg training loss per batch for one epoch 0.8222 |Avg validation loss per batch for one epoch: 0.8011
[EarlyStop] val_loss=0.801123, best_loss=0.795956, no_improve_count=1
Epoch 15/3000 : Sum of batch train losses for one epoch 10265.3362 |Avg training loss per batch for one epoch 0.8210 |Avg validation loss per batch for one epoch: 0.7970
[EarlyStop] val_loss=0.797015, best_loss=0.795956, no_improve_count=2
Epoch 16/3000 : Sum of batch train losses for one epoch 10264.0790 |Avg training loss per batch for one epoch 0.8209 |Avg validation loss per batch for one epoch: 0.7979
[EarlyStop] val_loss=0.797915, best_loss=0.795956, no_improve_count=3
Epoch 17/3000 : Sum of batch train losses for one epoch 10240.7614 |Avg training loss per batch for one epoch 0.8190 |Avg validation loss per batch for one epoch: 0.7915
[EarlyStop] val_loss=0.791457, best_loss=0.791457, no_improve_count=0
Epoch 18/3000 : Sum of batch train losses for one epoch 10226.8471 |Avg training loss per batch for one epoch 0.8179 |Avg validation loss per batch for one epoch: 0.7969
[EarlyStop] val_loss=0.796898, best_loss=0.791457, no_improve_count=1
Epoch 19/3000 : Sum of batch train losses for one epoch 10206.4251 |Avg training loss per batch for one epoch 0.8163 |Avg validation loss per batch for one epoch: 0.7924
[EarlyStop] val_loss=0.792388, best_loss=0.791457, no_improve_count=2
Epoch 20/3000 : Sum of batch train losses for one epoch 10210.8498 |Avg training loss per batch for one epoch 0.8166 |Avg validation loss per batch for one epoch: 0.7927
[EarlyStop] val_loss=0.792739, best_loss=0.791457, no_improve_count=3
Epoch 21/3000 : Sum of batch train losses for one epoch 10197.2950 |Avg training loss per batch for one epoch 0.8155 |Avg validation loss per batch for one epoch: 0.7928
[EarlyStop] val_loss=0.792824, best_loss=0.791457, no_improve_count=4
Epoch 22/3000 : Sum of batch train losses for one epoch 10184.0200 |Avg training loss per batch for one epoch 0.8145 |Avg validation loss per batch for one epoch: 0.7902
[EarlyStop] val_loss=0.790155, best_loss=0.790155, no_improve_count=0
Epoch 23/3000 : Sum of batch train losses for one epoch 10184.4353 |Avg training loss per batch for one epoch 0.8145 |Avg validation loss per batch for one epoch: 0.7936
[EarlyStop] val_loss=0.793578, best_loss=0.790155, no_improve_count=1
Epoch 24/3000 : Sum of batch train losses for one epoch 10172.8958 |Avg training loss per batch for one epoch 0.8136 |Avg validation loss per batch for one epoch: 0.7939
[EarlyStop] val_loss=0.793864, best_loss=0.790155, no_improve_count=2
Epoch 25/3000 : Sum of batch train losses for one epoch 10156.6150 |Avg training loss per batch for one epoch 0.8123 |Avg validation loss per batch for one epoch: 0.7887
[EarlyStop] val_loss=0.788684, best_loss=0.788684, no_improve_count=0
Epoch 26/3000 : Sum of batch train losses for one epoch 10160.9731 |Avg training loss per batch for one epoch 0.8126 |Avg validation loss per batch for one epoch: 0.7922
[EarlyStop] val_loss=0.792239, best_loss=0.788684, no_improve_count=1
Epoch 27/3000 : Sum of batch train losses for one epoch 10152.9811 |Avg training loss per batch for one epoch 0.8120 |Avg validation loss per batch for one epoch: 0.7889
[EarlyStop] val_loss=0.788939, best_loss=0.788684, no_improve_count=2
Epoch 28/3000 : Sum of batch train losses for one epoch 10144.5571 |Avg training loss per batch for one epoch 0.8113 |Avg validation loss per batch for one epoch: 0.7900
[EarlyStop] val_loss=0.790045, best_loss=0.788684, no_improve_count=3
Epoch 29/3000 : Sum of batch train losses for one epoch 10129.3418 |Avg training loss per batch for one epoch 0.8101 |Avg validation loss per batch for one epoch: 0.7877
[EarlyStop] val_loss=0.787718, best_loss=0.787718, no_improve_count=0
Epoch 30/3000 : Sum of batch train losses for one epoch 10128.8203 |Avg training loss per batch for one epoch 0.8100 |Avg validation loss per batch for one epoch: 0.7895
[EarlyStop] val_loss=0.789537, best_loss=0.787718, no_improve_count=1
Epoch 31/3000 : Sum of batch train losses for one epoch 10130.2580 |Avg training loss per batch for one epoch 0.8102 |Avg validation loss per batch for one epoch: 0.7854
[EarlyStop] val_loss=0.785398, best_loss=0.785398, no_improve_count=0
Epoch 32/3000 : Sum of batch train losses for one epoch 10124.4162 |Avg training loss per batch for one epoch 0.8097 |Avg validation loss per batch for one epoch: 0.7848
[EarlyStop] val_loss=0.784836, best_loss=0.784836, no_improve_count=0
Epoch 33/3000 : Sum of batch train losses for one epoch 10124.3663 |Avg training loss per batch for one epoch 0.8097 |Avg validation loss per batch for one epoch: 0.7860
[EarlyStop] val_loss=0.786003, best_loss=0.784836, no_improve_count=1
Epoch 34/3000 : Sum of batch train losses for one epoch 10120.7987 |Avg training loss per batch for one epoch 0.8094 |Avg validation loss per batch for one epoch: 0.7910
[EarlyStop] val_loss=0.791045, best_loss=0.784836, no_improve_count=2
Epoch 35/3000 : Sum of batch train losses for one epoch 10121.6236 |Avg training loss per batch for one epoch 0.8095 |Avg validation loss per batch for one epoch: 0.7849
[EarlyStop] val_loss=0.784911, best_loss=0.784836, no_improve_count=3
Epoch 36/3000 : Sum of batch train losses for one epoch 10118.2742 |Avg training loss per batch for one epoch 0.8092 |Avg validation loss per batch for one epoch: 0.7848
[EarlyStop] val_loss=0.784828, best_loss=0.784828, no_improve_count=0
Epoch 37/3000 : Sum of batch train losses for one epoch 10104.0589 |Avg training loss per batch for one epoch 0.8081 |Avg validation loss per batch for one epoch: 0.7906
[EarlyStop] val_loss=0.790632, best_loss=0.784828, no_improve_count=1
Epoch 38/3000 : Sum of batch train losses for one epoch 10099.5825 |Avg training loss per batch for one epoch 0.8077 |Avg validation loss per batch for one epoch: 0.7879
[EarlyStop] val_loss=0.787901, best_loss=0.784828, no_improve_count=2
Epoch 39/3000 : Sum of batch train losses for one epoch 10106.0391 |Avg training loss per batch for one epoch 0.8082 |Avg validation loss per batch for one epoch: 0.7865
[EarlyStop] val_loss=0.786477, best_loss=0.784828, no_improve_count=3
Epoch 40/3000 : Sum of batch train losses for one epoch 10101.2840 |Avg training loss per batch for one epoch 0.8078 |Avg validation loss per batch for one epoch: 0.7876
[EarlyStop] val_loss=0.787565, best_loss=0.784828, no_improve_count=4
Epoch 41/3000 : Sum of batch train losses for one epoch 10092.6208 |Avg training loss per batch for one epoch 0.8072 |Avg validation loss per batch for one epoch: 0.7839
[EarlyStop] val_loss=0.783883, best_loss=0.783883, no_improve_count=0
Epoch 42/3000 : Sum of batch train losses for one epoch 10091.1725 |Avg training loss per batch for one epoch 0.8070 |Avg validation loss per batch for one epoch: 0.7831
[EarlyStop] val_loss=0.783115, best_loss=0.783115, no_improve_count=0
Epoch 43/3000 : Sum of batch train losses for one epoch 10090.1157 |Avg training loss per batch for one epoch 0.8070 |Avg validation loss per batch for one epoch: 0.7846
[EarlyStop] val_loss=0.784641, best_loss=0.783115, no_improve_count=1
Epoch 44/3000 : Sum of batch train losses for one epoch 10085.0595 |Avg training loss per batch for one epoch 0.8065 |Avg validation loss per batch for one epoch: 0.7846
[EarlyStop] val_loss=0.784636, best_loss=0.783115, no_improve_count=2
Epoch 45/3000 : Sum of batch train losses for one epoch 10086.4275 |Avg training loss per batch for one epoch 0.8067 |Avg validation loss per batch for one epoch: 0.7852
[EarlyStop] val_loss=0.785230, best_loss=0.783115, no_improve_count=3
Epoch 46/3000 : Sum of batch train losses for one epoch 10091.3851 |Avg training loss per batch for one epoch 0.8071 |Avg validation loss per batch for one epoch: 0.7897
[EarlyStop] val_loss=0.789707, best_loss=0.783115, no_improve_count=4
Epoch 47/3000 : Sum of batch train losses for one epoch 10076.3387 |Avg training loss per batch for one epoch 0.8058 |Avg validation loss per batch for one epoch: 0.7859
[EarlyStop] val_loss=0.785861, best_loss=0.783115, no_improve_count=5
Early stopping initialized after 5 epochs without improvement.
Index(['userId', 'movieId', 'rating', 'genres', 'genres_list'], dtype='object')
Epoch 1/3000 : Sum of batch train losses for one epoch 16397.6606 |Avg training loss per batch for one epoch 1.3114 |Avg validation loss per batch for one epoch: 0.8529
[EarlyStop] val_loss=0.852884, best_loss=0.852884, no_improve_count=0
Epoch 2/3000 : Sum of batch train losses for one epoch 10881.9360 |Avg training loss per batch for one epoch 0.8703 |Avg validation loss per batch for one epoch: 0.8312
[EarlyStop] val_loss=0.831155, best_loss=0.831155, no_improve_count=0
Epoch 3/3000 : Sum of batch train losses for one epoch 10756.7987 |Avg training loss per batch for one epoch 0.8603 |Avg validation loss per batch for one epoch: 0.8265
[EarlyStop] val_loss=0.826468, best_loss=0.826468, no_improve_count=0
Epoch 4/3000 : Sum of batch train losses for one epoch 10696.0244 |Avg training loss per batch for one epoch 0.8554 |Avg validation loss per batch for one epoch: 0.8266
[EarlyStop] val_loss=0.826596, best_loss=0.826468, no_improve_count=1
Epoch 5/3000 : Sum of batch train losses for one epoch 10652.3931 |Avg training loss per batch for one epoch 0.8519 |Avg validation loss per batch for one epoch: 0.8246
[EarlyStop] val_loss=0.824585, best_loss=0.824585, no_improve_count=0
Epoch 6/3000 : Sum of batch train losses for one epoch 10596.8720 |Avg training loss per batch for one epoch 0.8475 |Avg validation loss per batch for one epoch: 0.8239
[EarlyStop] val_loss=0.823859, best_loss=0.823859, no_improve_count=0
Epoch 7/3000 : Sum of batch train losses for one epoch 10541.5696 |Avg training loss per batch for one epoch 0.8431 |Avg validation loss per batch for one epoch: 0.8132
[EarlyStop] val_loss=0.813219, best_loss=0.813219, no_improve_count=0
Epoch 8/3000 : Sum of batch train losses for one epoch 10498.5025 |Avg training loss per batch for one epoch 0.8396 |Avg validation loss per batch for one epoch: 0.8107
[EarlyStop] val_loss=0.810737, best_loss=0.810737, no_improve_count=0
Epoch 9/3000 : Sum of batch train losses for one epoch 10457.4267 |Avg training loss per batch for one epoch 0.8363 |Avg validation loss per batch for one epoch: 0.8055
[EarlyStop] val_loss=0.805486, best_loss=0.805486, no_improve_count=0
Epoch 10/3000 : Sum of batch train losses for one epoch 10431.1777 |Avg training loss per batch for one epoch 0.8342 |Avg validation loss per batch for one epoch: 0.8084
[EarlyStop] val_loss=0.808378, best_loss=0.805486, no_improve_count=1
Epoch 11/3000 : Sum of batch train losses for one epoch 10407.1121 |Avg training loss per batch for one epoch 0.8323 |Avg validation loss per batch for one epoch: 0.8017
[EarlyStop] val_loss=0.801696, best_loss=0.801696, no_improve_count=0
Epoch 12/3000 : Sum of batch train losses for one epoch 10384.4282 |Avg training loss per batch for one epoch 0.8305 |Avg validation loss per batch for one epoch: 0.8027
[EarlyStop] val_loss=0.802750, best_loss=0.801696, no_improve_count=1
Epoch 13/3000 : Sum of batch train losses for one epoch 10365.8217 |Avg training loss per batch for one epoch 0.8290 |Avg validation loss per batch for one epoch: 0.7982
[EarlyStop] val_loss=0.798158, best_loss=0.798158, no_improve_count=0
Epoch 14/3000 : Sum of batch train losses for one epoch 10338.1492 |Avg training loss per batch for one epoch 0.8268 |Avg validation loss per batch for one epoch: 0.7982
[EarlyStop] val_loss=0.798247, best_loss=0.798158, no_improve_count=1
Epoch 15/3000 : Sum of batch train losses for one epoch 10307.6303 |Avg training loss per batch for one epoch 0.8243 |Avg validation loss per batch for one epoch: 0.7953
[EarlyStop] val_loss=0.795301, best_loss=0.795301, no_improve_count=0
Epoch 16/3000 : Sum of batch train losses for one epoch 10296.0294 |Avg training loss per batch for one epoch 0.8234 |Avg validation loss per batch for one epoch: 0.8024
[EarlyStop] val_loss=0.802387, best_loss=0.795301, no_improve_count=1
Epoch 17/3000 : Sum of batch train losses for one epoch 10273.2280 |Avg training loss per batch for one epoch 0.8216 |Avg validation loss per batch for one epoch: 0.7965
[EarlyStop] val_loss=0.796468, best_loss=0.795301, no_improve_count=2
Epoch 18/3000 : Sum of batch train losses for one epoch 10261.6640 |Avg training loss per batch for one epoch 0.8207 |Avg validation loss per batch for one epoch: 0.7944
[EarlyStop] val_loss=0.794446, best_loss=0.794446, no_improve_count=0
Epoch 19/3000 : Sum of batch train losses for one epoch 10250.0154 |Avg training loss per batch for one epoch 0.8197 |Avg validation loss per batch for one epoch: 0.7913
[EarlyStop] val_loss=0.791256, best_loss=0.791256, no_improve_count=0
Epoch 20/3000 : Sum of batch train losses for one epoch 10235.7929 |Avg training loss per batch for one epoch 0.8186 |Avg validation loss per batch for one epoch: 0.7903
[EarlyStop] val_loss=0.790317, best_loss=0.790317, no_improve_count=0
Epoch 21/3000 : Sum of batch train losses for one epoch 10232.8913 |Avg training loss per batch for one epoch 0.8184 |Avg validation loss per batch for one epoch: 0.7902
[EarlyStop] val_loss=0.790232, best_loss=0.790232, no_improve_count=0
Epoch 22/3000 : Sum of batch train losses for one epoch 10219.5745 |Avg training loss per batch for one epoch 0.8173 |Avg validation loss per batch for one epoch: 0.7912
[EarlyStop] val_loss=0.791244, best_loss=0.790232, no_improve_count=1
Epoch 23/3000 : Sum of batch train losses for one epoch 10226.6994 |Avg training loss per batch for one epoch 0.8179 |Avg validation loss per batch for one epoch: 0.7923
[EarlyStop] val_loss=0.792321, best_loss=0.790232, no_improve_count=2
Epoch 24/3000 : Sum of batch train losses for one epoch 10207.2478 |Avg training loss per batch for one epoch 0.8163 |Avg validation loss per batch for one epoch: 0.7892
[EarlyStop] val_loss=0.789217, best_loss=0.789217, no_improve_count=0
Epoch 25/3000 : Sum of batch train losses for one epoch 10199.1082 |Avg training loss per batch for one epoch 0.8157 |Avg validation loss per batch for one epoch: 0.7917
[EarlyStop] val_loss=0.791693, best_loss=0.789217, no_improve_count=1
Epoch 26/3000 : Sum of batch train losses for one epoch 10194.5717 |Avg training loss per batch for one epoch 0.8153 |Avg validation loss per batch for one epoch: 0.7911
[EarlyStop] val_loss=0.791089, best_loss=0.789217, no_improve_count=2
Epoch 27/3000 : Sum of batch train losses for one epoch 10183.6629 |Avg training loss per batch for one epoch 0.8144 |Avg validation loss per batch for one epoch: 0.7872
[EarlyStop] val_loss=0.787175, best_loss=0.787175, no_improve_count=0
Epoch 28/3000 : Sum of batch train losses for one epoch 10181.6514 |Avg training loss per batch for one epoch 0.8143 |Avg validation loss per batch for one epoch: 0.7869
[EarlyStop] val_loss=0.786948, best_loss=0.786948, no_improve_count=0
Epoch 29/3000 : Sum of batch train losses for one epoch 10170.0337 |Avg training loss per batch for one epoch 0.8133 |Avg validation loss per batch for one epoch: 0.7890
[EarlyStop] val_loss=0.789000, best_loss=0.786948, no_improve_count=1
Epoch 30/3000 : Sum of batch train losses for one epoch 10164.3856 |Avg training loss per batch for one epoch 0.8129 |Avg validation loss per batch for one epoch: 0.7900
[EarlyStop] val_loss=0.790012, best_loss=0.786948, no_improve_count=2
Epoch 31/3000 : Sum of batch train losses for one epoch 10163.2387 |Avg training loss per batch for one epoch 0.8128 |Avg validation loss per batch for one epoch: 0.7888
[EarlyStop] val_loss=0.788822, best_loss=0.786948, no_improve_count=3
Epoch 32/3000 : Sum of batch train losses for one epoch 10165.5608 |Avg training loss per batch for one epoch 0.8130 |Avg validation loss per batch for one epoch: 0.7901
[EarlyStop] val_loss=0.790061, best_loss=0.786948, no_improve_count=4
Epoch 33/3000 : Sum of batch train losses for one epoch 10143.9900 |Avg training loss per batch for one epoch 0.8113 |Avg validation loss per batch for one epoch: 0.7881
[EarlyStop] val_loss=0.788061, best_loss=0.786948, no_improve_count=5
Early stopping initialized after 5 epochs without improvement.
Index(['userId', 'movieId', 'rating', 'genres', 'genres_list'], dtype='object')
Epoch 1/3000 : Sum of batch train losses for one epoch 23004.9161 |Avg training loss per batch for one epoch 1.8398 |Avg validation loss per batch for one epoch: 1.0058
[EarlyStop] val_loss=1.005842, best_loss=1.005842, no_improve_count=0
Epoch 2/3000 : Sum of batch train losses for one epoch 12177.7282 |Avg training loss per batch for one epoch 0.9739 |Avg validation loss per batch for one epoch: 0.8558
[EarlyStop] val_loss=0.855755, best_loss=0.855755, no_improve_count=0
Epoch 3/3000 : Sum of batch train losses for one epoch 10887.8262 |Avg training loss per batch for one epoch 0.8707 |Avg validation loss per batch for one epoch: 0.8365
[EarlyStop] val_loss=0.836492, best_loss=0.836492, no_improve_count=0
Epoch 4/3000 : Sum of batch train losses for one epoch 10710.4098 |Avg training loss per batch for one epoch 0.8566 |Avg validation loss per batch for one epoch: 0.8283
[EarlyStop] val_loss=0.828273, best_loss=0.828273, no_improve_count=0
Epoch 5/3000 : Sum of batch train losses for one epoch 10642.0030 |Avg training loss per batch for one epoch 0.8511 |Avg validation loss per batch for one epoch: 0.8252
[EarlyStop] val_loss=0.825161, best_loss=0.825161, no_improve_count=0
Epoch 6/3000 : Sum of batch train losses for one epoch 10596.2591 |Avg training loss per batch for one epoch 0.8474 |Avg validation loss per batch for one epoch: 0.8249
[EarlyStop] val_loss=0.824928, best_loss=0.824928, no_improve_count=0
Epoch 7/3000 : Sum of batch train losses for one epoch 10564.7210 |Avg training loss per batch for one epoch 0.8449 |Avg validation loss per batch for one epoch: 0.8206
[EarlyStop] val_loss=0.820628, best_loss=0.820628, no_improve_count=0
Epoch 8/3000 : Sum of batch train losses for one epoch 10536.2540 |Avg training loss per batch for one epoch 0.8426 |Avg validation loss per batch for one epoch: 0.8202
[EarlyStop] val_loss=0.820168, best_loss=0.820168, no_improve_count=0
Epoch 9/3000 : Sum of batch train losses for one epoch 10520.2018 |Avg training loss per batch for one epoch 0.8413 |Avg validation loss per batch for one epoch: 0.8170
[EarlyStop] val_loss=0.816999, best_loss=0.816999, no_improve_count=0
Epoch 10/3000 : Sum of batch train losses for one epoch 10502.6859 |Avg training loss per batch for one epoch 0.8399 |Avg validation loss per batch for one epoch: 0.8160
[EarlyStop] val_loss=0.816007, best_loss=0.816007, no_improve_count=0
Epoch 11/3000 : Sum of batch train losses for one epoch 10490.6941 |Avg training loss per batch for one epoch 0.8390 |Avg validation loss per batch for one epoch: 0.8159
[EarlyStop] val_loss=0.815911, best_loss=0.815911, no_improve_count=0
Epoch 12/3000 : Sum of batch train losses for one epoch 10478.7880 |Avg training loss per batch for one epoch 0.8380 |Avg validation loss per batch for one epoch: 0.8142
[EarlyStop] val_loss=0.814153, best_loss=0.814153, no_improve_count=0
Epoch 13/3000 : Sum of batch train losses for one epoch 10470.1713 |Avg training loss per batch for one epoch 0.8373 |Avg validation loss per batch for one epoch: 0.8150
[EarlyStop] val_loss=0.814983, best_loss=0.814153, no_improve_count=1
Epoch 14/3000 : Sum of batch train losses for one epoch 10448.7785 |Avg training loss per batch for one epoch 0.8356 |Avg validation loss per batch for one epoch: 0.8118
[EarlyStop] val_loss=0.811819, best_loss=0.811819, no_improve_count=0
Epoch 15/3000 : Sum of batch train losses for one epoch 10433.6918 |Avg training loss per batch for one epoch 0.8344 |Avg validation loss per batch for one epoch: 0.8103
[EarlyStop] val_loss=0.810316, best_loss=0.810316, no_improve_count=0
Epoch 16/3000 : Sum of batch train losses for one epoch 10396.2511 |Avg training loss per batch for one epoch 0.8314 |Avg validation loss per batch for one epoch: 0.8065
[EarlyStop] val_loss=0.806529, best_loss=0.806529, no_improve_count=0
Epoch 17/3000 : Sum of batch train losses for one epoch 10363.9860 |Avg training loss per batch for one epoch 0.8289 |Avg validation loss per batch for one epoch: 0.8051
[EarlyStop] val_loss=0.805109, best_loss=0.805109, no_improve_count=0
Epoch 18/3000 : Sum of batch train losses for one epoch 10351.5571 |Avg training loss per batch for one epoch 0.8279 |Avg validation loss per batch for one epoch: 0.8039
[EarlyStop] val_loss=0.803940, best_loss=0.803940, no_improve_count=0
Epoch 19/3000 : Sum of batch train losses for one epoch 10334.8614 |Avg training loss per batch for one epoch 0.8265 |Avg validation loss per batch for one epoch: 0.8041
[EarlyStop] val_loss=0.804063, best_loss=0.803940, no_improve_count=1
Epoch 20/3000 : Sum of batch train losses for one epoch 10327.2121 |Avg training loss per batch for one epoch 0.8259 |Avg validation loss per batch for one epoch: 0.8026
[EarlyStop] val_loss=0.802583, best_loss=0.802583, no_improve_count=0
Epoch 21/3000 : Sum of batch train losses for one epoch 10310.6241 |Avg training loss per batch for one epoch 0.8246 |Avg validation loss per batch for one epoch: 0.8062
[EarlyStop] val_loss=0.806161, best_loss=0.802583, no_improve_count=1
Epoch 22/3000 : Sum of batch train losses for one epoch 10307.7136 |Avg training loss per batch for one epoch 0.8244 |Avg validation loss per batch for one epoch: 0.8020
[EarlyStop] val_loss=0.802021, best_loss=0.802021, no_improve_count=0
Epoch 23/3000 : Sum of batch train losses for one epoch 10294.4240 |Avg training loss per batch for one epoch 0.8233 |Avg validation loss per batch for one epoch: 0.8005
[EarlyStop] val_loss=0.800514, best_loss=0.800514, no_improve_count=0
Epoch 24/3000 : Sum of batch train losses for one epoch 10288.9670 |Avg training loss per batch for one epoch 0.8229 |Avg validation loss per batch for one epoch: 0.8003
[EarlyStop] val_loss=0.800289, best_loss=0.800289, no_improve_count=0
Epoch 25/3000 : Sum of batch train losses for one epoch 10293.0305 |Avg training loss per batch for one epoch 0.8232 |Avg validation loss per batch for one epoch: 0.8024
[EarlyStop] val_loss=0.802396, best_loss=0.800289, no_improve_count=1
Epoch 26/3000 : Sum of batch train losses for one epoch 10274.5108 |Avg training loss per batch for one epoch 0.8217 |Avg validation loss per batch for one epoch: 0.7999
[EarlyStop] val_loss=0.799947, best_loss=0.799947, no_improve_count=0
Epoch 27/3000 : Sum of batch train losses for one epoch 10268.6983 |Avg training loss per batch for one epoch 0.8212 |Avg validation loss per batch for one epoch: 0.7988
[EarlyStop] val_loss=0.798800, best_loss=0.798800, no_improve_count=0
Epoch 28/3000 : Sum of batch train losses for one epoch 10263.0886 |Avg training loss per batch for one epoch 0.8208 |Avg validation loss per batch for one epoch: 0.8009
[EarlyStop] val_loss=0.800898, best_loss=0.798800, no_improve_count=1
Epoch 29/3000 : Sum of batch train losses for one epoch 10242.7689 |Avg training loss per batch for one epoch 0.8192 |Avg validation loss per batch for one epoch: 0.7985
[EarlyStop] val_loss=0.798502, best_loss=0.798502, no_improve_count=0
Epoch 30/3000 : Sum of batch train losses for one epoch 10239.6585 |Avg training loss per batch for one epoch 0.8189 |Avg validation loss per batch for one epoch: 0.7969
[EarlyStop] val_loss=0.796902, best_loss=0.796902, no_improve_count=0
Epoch 31/3000 : Sum of batch train losses for one epoch 10217.9353 |Avg training loss per batch for one epoch 0.8172 |Avg validation loss per batch for one epoch: 0.7980
[EarlyStop] val_loss=0.797994, best_loss=0.796902, no_improve_count=1
Epoch 32/3000 : Sum of batch train losses for one epoch 10210.3479 |Avg training loss per batch for one epoch 0.8166 |Avg validation loss per batch for one epoch: 0.7952
[EarlyStop] val_loss=0.795214, best_loss=0.795214, no_improve_count=0
Epoch 33/3000 : Sum of batch train losses for one epoch 10200.5470 |Avg training loss per batch for one epoch 0.8158 |Avg validation loss per batch for one epoch: 0.7946
[EarlyStop] val_loss=0.794612, best_loss=0.794612, no_improve_count=0
Epoch 34/3000 : Sum of batch train losses for one epoch 10180.4296 |Avg training loss per batch for one epoch 0.8142 |Avg validation loss per batch for one epoch: 0.7919
[EarlyStop] val_loss=0.791949, best_loss=0.791949, no_improve_count=0
Epoch 35/3000 : Sum of batch train losses for one epoch 10165.3280 |Avg training loss per batch for one epoch 0.8130 |Avg validation loss per batch for one epoch: 0.7930
[EarlyStop] val_loss=0.792978, best_loss=0.791949, no_improve_count=1
Epoch 36/3000 : Sum of batch train losses for one epoch 10165.0877 |Avg training loss per batch for one epoch 0.8129 |Avg validation loss per batch for one epoch: 0.7917
[EarlyStop] val_loss=0.791743, best_loss=0.791743, no_improve_count=0
Epoch 37/3000 : Sum of batch train losses for one epoch 10139.9601 |Avg training loss per batch for one epoch 0.8109 |Avg validation loss per batch for one epoch: 0.7928
[EarlyStop] val_loss=0.792756, best_loss=0.791743, no_improve_count=1
Epoch 38/3000 : Sum of batch train losses for one epoch 10140.7815 |Avg training loss per batch for one epoch 0.8110 |Avg validation loss per batch for one epoch: 0.7904
[EarlyStop] val_loss=0.790411, best_loss=0.790411, no_improve_count=0
Epoch 39/3000 : Sum of batch train losses for one epoch 10126.7935 |Avg training loss per batch for one epoch 0.8099 |Avg validation loss per batch for one epoch: 0.7915
[EarlyStop] val_loss=0.791533, best_loss=0.790411, no_improve_count=1
Epoch 40/3000 : Sum of batch train losses for one epoch 10114.7801 |Avg training loss per batch for one epoch 0.8089 |Avg validation loss per batch for one epoch: 0.7876
[EarlyStop] val_loss=0.787625, best_loss=0.787625, no_improve_count=0
Epoch 41/3000 : Sum of batch train losses for one epoch 10107.8504 |Avg training loss per batch for one epoch 0.8084 |Avg validation loss per batch for one epoch: 0.7910
[EarlyStop] val_loss=0.790961, best_loss=0.787625, no_improve_count=1
Epoch 42/3000 : Sum of batch train losses for one epoch 10083.7541 |Avg training loss per batch for one epoch 0.8064 |Avg validation loss per batch for one epoch: 0.7892
[EarlyStop] val_loss=0.789157, best_loss=0.787625, no_improve_count=2
Epoch 43/3000 : Sum of batch train losses for one epoch 10083.9842 |Avg training loss per batch for one epoch 0.8065 |Avg validation loss per batch for one epoch: 0.7866
[EarlyStop] val_loss=0.786602, best_loss=0.786602, no_improve_count=0
Epoch 44/3000 : Sum of batch train losses for one epoch 10067.4893 |Avg training loss per batch for one epoch 0.8051 |Avg validation loss per batch for one epoch: 0.7873
[EarlyStop] val_loss=0.787284, best_loss=0.786602, no_improve_count=1
Epoch 45/3000 : Sum of batch train losses for one epoch 10062.5461 |Avg training loss per batch for one epoch 0.8047 |Avg validation loss per batch for one epoch: 0.7846
[EarlyStop] val_loss=0.784551, best_loss=0.784551, no_improve_count=0
Epoch 46/3000 : Sum of batch train losses for one epoch 10057.7168 |Avg training loss per batch for one epoch 0.8044 |Avg validation loss per batch for one epoch: 0.7845
[EarlyStop] val_loss=0.784480, best_loss=0.784480, no_improve_count=0
Epoch 47/3000 : Sum of batch train losses for one epoch 10053.0006 |Avg training loss per batch for one epoch 0.8040 |Avg validation loss per batch for one epoch: 0.7848
[EarlyStop] val_loss=0.784822, best_loss=0.784480, no_improve_count=1
Epoch 48/3000 : Sum of batch train losses for one epoch 10055.1680 |Avg training loss per batch for one epoch 0.8042 |Avg validation loss per batch for one epoch: 0.7863
[EarlyStop] val_loss=0.786269, best_loss=0.784480, no_improve_count=2
Epoch 49/3000 : Sum of batch train losses for one epoch 10042.0777 |Avg training loss per batch for one epoch 0.8031 |Avg validation loss per batch for one epoch: 0.7861
[EarlyStop] val_loss=0.786101, best_loss=0.784480, no_improve_count=3
Epoch 50/3000 : Sum of batch train losses for one epoch 10034.2498 |Avg training loss per batch for one epoch 0.8025 |Avg validation loss per batch for one epoch: 0.7857
[EarlyStop] val_loss=0.785706, best_loss=0.784480, no_improve_count=4
Epoch 51/3000 : Sum of batch train losses for one epoch 10029.7979 |Avg training loss per batch for one epoch 0.8021 |Avg validation loss per batch for one epoch: 0.7838
[EarlyStop] val_loss=0.783783, best_loss=0.783783, no_improve_count=0
Epoch 52/3000 : Sum of batch train losses for one epoch 10016.1346 |Avg training loss per batch for one epoch 0.8010 |Avg validation loss per batch for one epoch: 0.7857
[EarlyStop] val_loss=0.785665, best_loss=0.783783, no_improve_count=1
Epoch 53/3000 : Sum of batch train losses for one epoch 10017.7940 |Avg training loss per batch for one epoch 0.8012 |Avg validation loss per batch for one epoch: 0.7845
[EarlyStop] val_loss=0.784494, best_loss=0.783783, no_improve_count=2
Epoch 54/3000 : Sum of batch train losses for one epoch 10016.5976 |Avg training loss per batch for one epoch 0.8011 |Avg validation loss per batch for one epoch: 0.7835
[EarlyStop] val_loss=0.783514, best_loss=0.783514, no_improve_count=0
Epoch 55/3000 : Sum of batch train losses for one epoch 10004.8721 |Avg training loss per batch for one epoch 0.8001 |Avg validation loss per batch for one epoch: 0.7840
[EarlyStop] val_loss=0.783988, best_loss=0.783514, no_improve_count=1
Epoch 56/3000 : Sum of batch train losses for one epoch 9993.9953 |Avg training loss per batch for one epoch 0.7993 |Avg validation loss per batch for one epoch: 0.7820
[EarlyStop] val_loss=0.781981, best_loss=0.781981, no_improve_count=0
Epoch 57/3000 : Sum of batch train losses for one epoch 9990.4941 |Avg training loss per batch for one epoch 0.7990 |Avg validation loss per batch for one epoch: 0.7837
[EarlyStop] val_loss=0.783708, best_loss=0.781981, no_improve_count=1
Epoch 58/3000 : Sum of batch train losses for one epoch 9989.9226 |Avg training loss per batch for one epoch 0.7989 |Avg validation loss per batch for one epoch: 0.7829
[EarlyStop] val_loss=0.782924, best_loss=0.781981, no_improve_count=2
Epoch 59/3000 : Sum of batch train losses for one epoch 9998.1051 |Avg training loss per batch for one epoch 0.7996 |Avg validation loss per batch for one epoch: 0.7818
[EarlyStop] val_loss=0.781818, best_loss=0.781818, no_improve_count=0
Epoch 60/3000 : Sum of batch train losses for one epoch 9977.1221 |Avg training loss per batch for one epoch 0.7979 |Avg validation loss per batch for one epoch: 0.7815
[EarlyStop] val_loss=0.781514, best_loss=0.781514, no_improve_count=0
Epoch 61/3000 : Sum of batch train losses for one epoch 9973.0109 |Avg training loss per batch for one epoch 0.7976 |Avg validation loss per batch for one epoch: 0.7831
[EarlyStop] val_loss=0.783128, best_loss=0.781514, no_improve_count=1
Epoch 62/3000 : Sum of batch train losses for one epoch 9971.8453 |Avg training loss per batch for one epoch 0.7975 |Avg validation loss per batch for one epoch: 0.7812
[EarlyStop] val_loss=0.781226, best_loss=0.781226, no_improve_count=0
Epoch 63/3000 : Sum of batch train losses for one epoch 9971.7629 |Avg training loss per batch for one epoch 0.7975 |Avg validation loss per batch for one epoch: 0.7820
[EarlyStop] val_loss=0.782018, best_loss=0.781226, no_improve_count=1
Epoch 64/3000 : Sum of batch train losses for one epoch 9974.7194 |Avg training loss per batch for one epoch 0.7977 |Avg validation loss per batch for one epoch: 0.7831
[EarlyStop] val_loss=0.783134, best_loss=0.781226, no_improve_count=2
Epoch 65/3000 : Sum of batch train losses for one epoch 9965.9208 |Avg training loss per batch for one epoch 0.7970 |Avg validation loss per batch for one epoch: 0.7817
[EarlyStop] val_loss=0.781727, best_loss=0.781226, no_improve_count=3
Epoch 66/3000 : Sum of batch train losses for one epoch 9956.4290 |Avg training loss per batch for one epoch 0.7963 |Avg validation loss per batch for one epoch: 0.7812
[EarlyStop] val_loss=0.781168, best_loss=0.781168, no_improve_count=0
Epoch 67/3000 : Sum of batch train losses for one epoch 9953.4532 |Avg training loss per batch for one epoch 0.7960 |Avg validation loss per batch for one epoch: 0.7824
[EarlyStop] val_loss=0.782450, best_loss=0.781168, no_improve_count=1
Epoch 68/3000 : Sum of batch train losses for one epoch 9966.9336 |Avg training loss per batch for one epoch 0.7971 |Avg validation loss per batch for one epoch: 0.7825
[EarlyStop] val_loss=0.782500, best_loss=0.781168, no_improve_count=2
Epoch 69/3000 : Sum of batch train losses for one epoch 9950.1914 |Avg training loss per batch for one epoch 0.7958 |Avg validation loss per batch for one epoch: 0.7808
[EarlyStop] val_loss=0.780783, best_loss=0.780783, no_improve_count=0
Epoch 70/3000 : Sum of batch train losses for one epoch 9947.8186 |Avg training loss per batch for one epoch 0.7956 |Avg validation loss per batch for one epoch: 0.7815
[EarlyStop] val_loss=0.781517, best_loss=0.780783, no_improve_count=1
Epoch 71/3000 : Sum of batch train losses for one epoch 9950.7558 |Avg training loss per batch for one epoch 0.7958 |Avg validation loss per batch for one epoch: 0.7814
[EarlyStop] val_loss=0.781382, best_loss=0.780783, no_improve_count=2
Epoch 72/3000 : Sum of batch train losses for one epoch 9942.9928 |Avg training loss per batch for one epoch 0.7952 |Avg validation loss per batch for one epoch: 0.7794
[EarlyStop] val_loss=0.779389, best_loss=0.779389, no_improve_count=0
Epoch 73/3000 : Sum of batch train losses for one epoch 9929.4516 |Avg training loss per batch for one epoch 0.7941 |Avg validation loss per batch for one epoch: 0.7805
[EarlyStop] val_loss=0.780541, best_loss=0.779389, no_improve_count=1
Epoch 74/3000 : Sum of batch train losses for one epoch 9936.9996 |Avg training loss per batch for one epoch 0.7947 |Avg validation loss per batch for one epoch: 0.7794
[EarlyStop] val_loss=0.779449, best_loss=0.779389, no_improve_count=2
Epoch 75/3000 : Sum of batch train losses for one epoch 9934.2968 |Avg training loss per batch for one epoch 0.7945 |Avg validation loss per batch for one epoch: 0.7808
[EarlyStop] val_loss=0.780830, best_loss=0.779389, no_improve_count=3
Epoch 76/3000 : Sum of batch train losses for one epoch 9927.9077 |Avg training loss per batch for one epoch 0.7940 |Avg validation loss per batch for one epoch: 0.7787
[EarlyStop] val_loss=0.778712, best_loss=0.778712, no_improve_count=0
Epoch 77/3000 : Sum of batch train losses for one epoch 9925.8162 |Avg training loss per batch for one epoch 0.7938 |Avg validation loss per batch for one epoch: 0.7798
[EarlyStop] val_loss=0.779801, best_loss=0.778712, no_improve_count=1
Epoch 78/3000 : Sum of batch train losses for one epoch 9914.9143 |Avg training loss per batch for one epoch 0.7929 |Avg validation loss per batch for one epoch: 0.7786
[EarlyStop] val_loss=0.778613, best_loss=0.778613, no_improve_count=0
Epoch 79/3000 : Sum of batch train losses for one epoch 9926.0823 |Avg training loss per batch for one epoch 0.7938 |Avg validation loss per batch for one epoch: 0.7788
[EarlyStop] val_loss=0.778806, best_loss=0.778613, no_improve_count=1
Epoch 80/3000 : Sum of batch train losses for one epoch 9915.7455 |Avg training loss per batch for one epoch 0.7930 |Avg validation loss per batch for one epoch: 0.7796
[EarlyStop] val_loss=0.779628, best_loss=0.778613, no_improve_count=2
Epoch 81/3000 : Sum of batch train losses for one epoch 9921.3768 |Avg training loss per batch for one epoch 0.7935 |Avg validation loss per batch for one epoch: 0.7793
[EarlyStop] val_loss=0.779342, best_loss=0.778613, no_improve_count=3
Epoch 82/3000 : Sum of batch train losses for one epoch 9906.3614 |Avg training loss per batch for one epoch 0.7923 |Avg validation loss per batch for one epoch: 0.7785
[EarlyStop] val_loss=0.778487, best_loss=0.778487, no_improve_count=0
Epoch 83/3000 : Sum of batch train losses for one epoch 9903.1848 |Avg training loss per batch for one epoch 0.7920 |Avg validation loss per batch for one epoch: 0.7797
[EarlyStop] val_loss=0.779658, best_loss=0.778487, no_improve_count=1
Epoch 84/3000 : Sum of batch train losses for one epoch 9905.6208 |Avg training loss per batch for one epoch 0.7922 |Avg validation loss per batch for one epoch: 0.7797
[EarlyStop] val_loss=0.779735, best_loss=0.778487, no_improve_count=2
Epoch 85/3000 : Sum of batch train losses for one epoch 9889.7996 |Avg training loss per batch for one epoch 0.7909 |Avg validation loss per batch for one epoch: 0.7782
[EarlyStop] val_loss=0.778213, best_loss=0.778213, no_improve_count=0
Epoch 86/3000 : Sum of batch train losses for one epoch 9901.9968 |Avg training loss per batch for one epoch 0.7919 |Avg validation loss per batch for one epoch: 0.7803
[EarlyStop] val_loss=0.780316, best_loss=0.778213, no_improve_count=1
Epoch 87/3000 : Sum of batch train losses for one epoch 9880.2699 |Avg training loss per batch for one epoch 0.7902 |Avg validation loss per batch for one epoch: 0.7770
[EarlyStop] val_loss=0.776999, best_loss=0.776999, no_improve_count=0
Epoch 88/3000 : Sum of batch train losses for one epoch 9890.5527 |Avg training loss per batch for one epoch 0.7910 |Avg validation loss per batch for one epoch: 0.7800
[EarlyStop] val_loss=0.779993, best_loss=0.776999, no_improve_count=1
Epoch 89/3000 : Sum of batch train losses for one epoch 9889.5627 |Avg training loss per batch for one epoch 0.7909 |Avg validation loss per batch for one epoch: 0.7801
[EarlyStop] val_loss=0.780058, best_loss=0.776999, no_improve_count=2
Epoch 90/3000 : Sum of batch train losses for one epoch 9873.5421 |Avg training loss per batch for one epoch 0.7896 |Avg validation loss per batch for one epoch: 0.7800
[EarlyStop] val_loss=0.779991, best_loss=0.776999, no_improve_count=3
Epoch 91/3000 : Sum of batch train losses for one epoch 9866.1867 |Avg training loss per batch for one epoch 0.7890 |Avg validation loss per batch for one epoch: 0.7787
[EarlyStop] val_loss=0.778739, best_loss=0.776999, no_improve_count=4
Epoch 92/3000 : Sum of batch train losses for one epoch 9879.8654 |Avg training loss per batch for one epoch 0.7901 |Avg validation loss per batch for one epoch: 0.7773
[EarlyStop] val_loss=0.777326, best_loss=0.776999, no_improve_count=5
Early stopping initialized after 5 epochs without improvement.
Index(['userId', 'movieId', 'rating', 'genres', 'genres_list'], dtype='object')
Epoch 1/3000 : Sum of batch train losses for one epoch 25307.2749 |Avg training loss per batch for one epoch 2.0239 |Avg validation loss per batch for one epoch: 1.1005
[EarlyStop] val_loss=1.100504, best_loss=1.100504, no_improve_count=0
Epoch 2/3000 : Sum of batch train losses for one epoch 13325.2971 |Avg training loss per batch for one epoch 1.0657 |Avg validation loss per batch for one epoch: 0.9017
[EarlyStop] val_loss=0.901747, best_loss=0.901747, no_improve_count=0
Epoch 3/3000 : Sum of batch train losses for one epoch 11158.0302 |Avg training loss per batch for one epoch 0.8924 |Avg validation loss per batch for one epoch: 0.8482
[EarlyStop] val_loss=0.848216, best_loss=0.848216, no_improve_count=0
Epoch 4/3000 : Sum of batch train losses for one epoch 10718.1932 |Avg training loss per batch for one epoch 0.8572 |Avg validation loss per batch for one epoch: 0.8325
[EarlyStop] val_loss=0.832541, best_loss=0.832541, no_improve_count=0
Epoch 5/3000 : Sum of batch train losses for one epoch 10616.7601 |Avg training loss per batch for one epoch 0.8491 |Avg validation loss per batch for one epoch: 0.8268
[EarlyStop] val_loss=0.826769, best_loss=0.826769, no_improve_count=0
Epoch 6/3000 : Sum of batch train losses for one epoch 10553.3248 |Avg training loss per batch for one epoch 0.8440 |Avg validation loss per batch for one epoch: 0.8246
[EarlyStop] val_loss=0.824645, best_loss=0.824645, no_improve_count=0
Epoch 7/3000 : Sum of batch train losses for one epoch 10501.7742 |Avg training loss per batch for one epoch 0.8399 |Avg validation loss per batch for one epoch: 0.8187
[EarlyStop] val_loss=0.818695, best_loss=0.818695, no_improve_count=0
Epoch 8/3000 : Sum of batch train losses for one epoch 10453.5867 |Avg training loss per batch for one epoch 0.8360 |Avg validation loss per batch for one epoch: 0.8196
[EarlyStop] val_loss=0.819649, best_loss=0.818695, no_improve_count=1
Epoch 9/3000 : Sum of batch train losses for one epoch 10417.4076 |Avg training loss per batch for one epoch 0.8331 |Avg validation loss per batch for one epoch: 0.8143
[EarlyStop] val_loss=0.814257, best_loss=0.814257, no_improve_count=0
Epoch 10/3000 : Sum of batch train losses for one epoch 10401.9127 |Avg training loss per batch for one epoch 0.8319 |Avg validation loss per batch for one epoch: 0.8140
[EarlyStop] val_loss=0.814005, best_loss=0.814005, no_improve_count=0
Epoch 11/3000 : Sum of batch train losses for one epoch 10379.4038 |Avg training loss per batch for one epoch 0.8301 |Avg validation loss per batch for one epoch: 0.8138
[EarlyStop] val_loss=0.813790, best_loss=0.813790, no_improve_count=0
Epoch 12/3000 : Sum of batch train losses for one epoch 10362.4186 |Avg training loss per batch for one epoch 0.8287 |Avg validation loss per batch for one epoch: 0.8122
[EarlyStop] val_loss=0.812153, best_loss=0.812153, no_improve_count=0
Epoch 13/3000 : Sum of batch train losses for one epoch 10361.5260 |Avg training loss per batch for one epoch 0.8287 |Avg validation loss per batch for one epoch: 0.8099
[EarlyStop] val_loss=0.809927, best_loss=0.809927, no_improve_count=0
Epoch 14/3000 : Sum of batch train losses for one epoch 10337.0723 |Avg training loss per batch for one epoch 0.8267 |Avg validation loss per batch for one epoch: 0.8102
[EarlyStop] val_loss=0.810155, best_loss=0.809927, no_improve_count=1
Epoch 15/3000 : Sum of batch train losses for one epoch 10332.3985 |Avg training loss per batch for one epoch 0.8263 |Avg validation loss per batch for one epoch: 0.8093
[EarlyStop] val_loss=0.809267, best_loss=0.809267, no_improve_count=0
Epoch 16/3000 : Sum of batch train losses for one epoch 10320.7124 |Avg training loss per batch for one epoch 0.8254 |Avg validation loss per batch for one epoch: 0.8080
[EarlyStop] val_loss=0.807975, best_loss=0.807975, no_improve_count=0
Epoch 17/3000 : Sum of batch train losses for one epoch 10310.7080 |Avg training loss per batch for one epoch 0.8246 |Avg validation loss per batch for one epoch: 0.8068
[EarlyStop] val_loss=0.806786, best_loss=0.806786, no_improve_count=0
Epoch 18/3000 : Sum of batch train losses for one epoch 10294.0050 |Avg training loss per batch for one epoch 0.8233 |Avg validation loss per batch for one epoch: 0.8077
[EarlyStop] val_loss=0.807744, best_loss=0.806786, no_improve_count=1
Epoch 19/3000 : Sum of batch train losses for one epoch 10300.7567 |Avg training loss per batch for one epoch 0.8238 |Avg validation loss per batch for one epoch: 0.8049
[EarlyStop] val_loss=0.804851, best_loss=0.804851, no_improve_count=0
Epoch 20/3000 : Sum of batch train losses for one epoch 10276.2078 |Avg training loss per batch for one epoch 0.8218 |Avg validation loss per batch for one epoch: 0.8031
[EarlyStop] val_loss=0.803076, best_loss=0.803076, no_improve_count=0
Epoch 21/3000 : Sum of batch train losses for one epoch 10270.5992 |Avg training loss per batch for one epoch 0.8214 |Avg validation loss per batch for one epoch: 0.8035
[EarlyStop] val_loss=0.803469, best_loss=0.803076, no_improve_count=1
Epoch 22/3000 : Sum of batch train losses for one epoch 10257.6532 |Avg training loss per batch for one epoch 0.8203 |Avg validation loss per batch for one epoch: 0.8012
[EarlyStop] val_loss=0.801170, best_loss=0.801170, no_improve_count=0
Epoch 23/3000 : Sum of batch train losses for one epoch 10251.5459 |Avg training loss per batch for one epoch 0.8199 |Avg validation loss per batch for one epoch: 0.8035
[EarlyStop] val_loss=0.803491, best_loss=0.801170, no_improve_count=1
Epoch 24/3000 : Sum of batch train losses for one epoch 10241.8157 |Avg training loss per batch for one epoch 0.8191 |Avg validation loss per batch for one epoch: 0.8016
[EarlyStop] val_loss=0.801642, best_loss=0.801170, no_improve_count=2
Epoch 25/3000 : Sum of batch train losses for one epoch 10230.4816 |Avg training loss per batch for one epoch 0.8182 |Avg validation loss per batch for one epoch: 0.8018
[EarlyStop] val_loss=0.801826, best_loss=0.801170, no_improve_count=3
Epoch 26/3000 : Sum of batch train losses for one epoch 10225.3469 |Avg training loss per batch for one epoch 0.8178 |Avg validation loss per batch for one epoch: 0.8004
[EarlyStop] val_loss=0.800362, best_loss=0.800362, no_improve_count=0
Epoch 27/3000 : Sum of batch train losses for one epoch 10228.0156 |Avg training loss per batch for one epoch 0.8180 |Avg validation loss per batch for one epoch: 0.7988
[EarlyStop] val_loss=0.798774, best_loss=0.798774, no_improve_count=0
Epoch 28/3000 : Sum of batch train losses for one epoch 10213.6605 |Avg training loss per batch for one epoch 0.8168 |Avg validation loss per batch for one epoch: 0.7987
[EarlyStop] val_loss=0.798714, best_loss=0.798714, no_improve_count=0
Epoch 29/3000 : Sum of batch train losses for one epoch 10196.9603 |Avg training loss per batch for one epoch 0.8155 |Avg validation loss per batch for one epoch: 0.7998
[EarlyStop] val_loss=0.799766, best_loss=0.798714, no_improve_count=1
Epoch 30/3000 : Sum of batch train losses for one epoch 10202.1189 |Avg training loss per batch for one epoch 0.8159 |Avg validation loss per batch for one epoch: 0.7990
[EarlyStop] val_loss=0.799032, best_loss=0.798714, no_improve_count=2
Epoch 31/3000 : Sum of batch train losses for one epoch 10189.0175 |Avg training loss per batch for one epoch 0.8149 |Avg validation loss per batch for one epoch: 0.7973
[EarlyStop] val_loss=0.797271, best_loss=0.797271, no_improve_count=0
Epoch 32/3000 : Sum of batch train losses for one epoch 10186.7799 |Avg training loss per batch for one epoch 0.8147 |Avg validation loss per batch for one epoch: 0.7983
[EarlyStop] val_loss=0.798276, best_loss=0.797271, no_improve_count=1
