Index(['userId', 'movieId', 'rating', 'genres', 'genres_list'], dtype='object')
Epoch 1/3000 : Sum of batch train losses for one epoch 15056.6982 |Avg training loss per batch for one epoch 2.4083 |Avg validation loss per batch for one epoch: 1.1850
[EarlyStop] val_loss=1.185038, best_loss=1.185038, no_improve_count=0
Epoch 2/3000 : Sum of batch train losses for one epoch 8331.6332 |Avg training loss per batch for one epoch 1.3326 |Avg validation loss per batch for one epoch: 1.0348
[EarlyStop] val_loss=1.034751, best_loss=1.034751, no_improve_count=0
Epoch 3/3000 : Sum of batch train losses for one epoch 6395.2979 |Avg training loss per batch for one epoch 1.0229 |Avg validation loss per batch for one epoch: 0.8979
[EarlyStop] val_loss=0.897900, best_loss=0.897900, no_improve_count=0
Epoch 4/3000 : Sum of batch train losses for one epoch 5609.9229 |Avg training loss per batch for one epoch 0.8973 |Avg validation loss per batch for one epoch: 0.8519
[EarlyStop] val_loss=0.851902, best_loss=0.851902, no_improve_count=0
Epoch 5/3000 : Sum of batch train losses for one epoch 5384.8587 |Avg training loss per batch for one epoch 0.8613 |Avg validation loss per batch for one epoch: 0.8352
[EarlyStop] val_loss=0.835214, best_loss=0.835214, no_improve_count=0
Epoch 6/3000 : Sum of batch train losses for one epoch 5306.7514 |Avg training loss per batch for one epoch 0.8488 |Avg validation loss per batch for one epoch: 0.8308
[EarlyStop] val_loss=0.830788, best_loss=0.830788, no_improve_count=0
Epoch 7/3000 : Sum of batch train losses for one epoch 5277.0021 |Avg training loss per batch for one epoch 0.8441 |Avg validation loss per batch for one epoch: 0.8278
[EarlyStop] val_loss=0.827755, best_loss=0.827755, no_improve_count=0
Epoch 8/3000 : Sum of batch train losses for one epoch 5259.8848 |Avg training loss per batch for one epoch 0.8413 |Avg validation loss per batch for one epoch: 0.8231
[EarlyStop] val_loss=0.823075, best_loss=0.823075, no_improve_count=0
Epoch 9/3000 : Sum of batch train losses for one epoch 5243.1061 |Avg training loss per batch for one epoch 0.8386 |Avg validation loss per batch for one epoch: 0.8209
[EarlyStop] val_loss=0.820860, best_loss=0.820860, no_improve_count=0
Epoch 10/3000 : Sum of batch train losses for one epoch 5226.1082 |Avg training loss per batch for one epoch 0.8359 |Avg validation loss per batch for one epoch: 0.8196
[EarlyStop] val_loss=0.819562, best_loss=0.819562, no_improve_count=0
Epoch 11/3000 : Sum of batch train losses for one epoch 5209.9472 |Avg training loss per batch for one epoch 0.8333 |Avg validation loss per batch for one epoch: 0.8150
[EarlyStop] val_loss=0.814996, best_loss=0.814996, no_improve_count=0
Epoch 12/3000 : Sum of batch train losses for one epoch 5191.1400 |Avg training loss per batch for one epoch 0.8303 |Avg validation loss per batch for one epoch: 0.8139
[EarlyStop] val_loss=0.813871, best_loss=0.813871, no_improve_count=0
Epoch 13/3000 : Sum of batch train losses for one epoch 5174.8835 |Avg training loss per batch for one epoch 0.8277 |Avg validation loss per batch for one epoch: 0.8127
[EarlyStop] val_loss=0.812706, best_loss=0.812706, no_improve_count=0
Epoch 14/3000 : Sum of batch train losses for one epoch 5165.3520 |Avg training loss per batch for one epoch 0.8262 |Avg validation loss per batch for one epoch: 0.8113
[EarlyStop] val_loss=0.811315, best_loss=0.811315, no_improve_count=0
Epoch 15/3000 : Sum of batch train losses for one epoch 5155.2774 |Avg training loss per batch for one epoch 0.8246 |Avg validation loss per batch for one epoch: 0.8123
[EarlyStop] val_loss=0.812286, best_loss=0.811315, no_improve_count=1
Epoch 16/3000 : Sum of batch train losses for one epoch 5146.4310 |Avg training loss per batch for one epoch 0.8232 |Avg validation loss per batch for one epoch: 0.8097
[EarlyStop] val_loss=0.809684, best_loss=0.809684, no_improve_count=0
Epoch 17/3000 : Sum of batch train losses for one epoch 5139.2769 |Avg training loss per batch for one epoch 0.8220 |Avg validation loss per batch for one epoch: 0.8086
[EarlyStop] val_loss=0.808582, best_loss=0.808582, no_improve_count=0
Epoch 18/3000 : Sum of batch train losses for one epoch 5139.2553 |Avg training loss per batch for one epoch 0.8220 |Avg validation loss per batch for one epoch: 0.8088
[EarlyStop] val_loss=0.808838, best_loss=0.808582, no_improve_count=1
Epoch 19/3000 : Sum of batch train losses for one epoch 5130.8714 |Avg training loss per batch for one epoch 0.8207 |Avg validation loss per batch for one epoch: 0.8071
[EarlyStop] val_loss=0.807148, best_loss=0.807148, no_improve_count=0
Epoch 20/3000 : Sum of batch train losses for one epoch 5126.3077 |Avg training loss per batch for one epoch 0.8199 |Avg validation loss per batch for one epoch: 0.8066
[EarlyStop] val_loss=0.806582, best_loss=0.806582, no_improve_count=0
Epoch 21/3000 : Sum of batch train losses for one epoch 5125.7002 |Avg training loss per batch for one epoch 0.8198 |Avg validation loss per batch for one epoch: 0.8070
[EarlyStop] val_loss=0.807047, best_loss=0.806582, no_improve_count=1
Epoch 22/3000 : Sum of batch train losses for one epoch 5120.0947 |Avg training loss per batch for one epoch 0.8190 |Avg validation loss per batch for one epoch: 0.8071
[EarlyStop] val_loss=0.807074, best_loss=0.806582, no_improve_count=2
Epoch 23/3000 : Sum of batch train losses for one epoch 5117.5782 |Avg training loss per batch for one epoch 0.8186 |Avg validation loss per batch for one epoch: 0.8045
[EarlyStop] val_loss=0.804469, best_loss=0.804469, no_improve_count=0
Epoch 24/3000 : Sum of batch train losses for one epoch 5110.4014 |Avg training loss per batch for one epoch 0.8174 |Avg validation loss per batch for one epoch: 0.8036
[EarlyStop] val_loss=0.803594, best_loss=0.803594, no_improve_count=0
Epoch 25/3000 : Sum of batch train losses for one epoch 5104.7294 |Avg training loss per batch for one epoch 0.8165 |Avg validation loss per batch for one epoch: 0.8028
[EarlyStop] val_loss=0.802838, best_loss=0.802838, no_improve_count=0
Epoch 26/3000 : Sum of batch train losses for one epoch 5105.6260 |Avg training loss per batch for one epoch 0.8166 |Avg validation loss per batch for one epoch: 0.8030
[EarlyStop] val_loss=0.802999, best_loss=0.802838, no_improve_count=1
Epoch 27/3000 : Sum of batch train losses for one epoch 5101.4711 |Avg training loss per batch for one epoch 0.8160 |Avg validation loss per batch for one epoch: 0.8017
[EarlyStop] val_loss=0.801712, best_loss=0.801712, no_improve_count=0
Epoch 28/3000 : Sum of batch train losses for one epoch 5095.8885 |Avg training loss per batch for one epoch 0.8151 |Avg validation loss per batch for one epoch: 0.8003
[EarlyStop] val_loss=0.800334, best_loss=0.800334, no_improve_count=0
Epoch 29/3000 : Sum of batch train losses for one epoch 5092.5357 |Avg training loss per batch for one epoch 0.8145 |Avg validation loss per batch for one epoch: 0.8009
[EarlyStop] val_loss=0.800924, best_loss=0.800334, no_improve_count=1
Epoch 30/3000 : Sum of batch train losses for one epoch 5084.1934 |Avg training loss per batch for one epoch 0.8132 |Avg validation loss per batch for one epoch: 0.8011
[EarlyStop] val_loss=0.801066, best_loss=0.800334, no_improve_count=2
Epoch 31/3000 : Sum of batch train losses for one epoch 5078.6953 |Avg training loss per batch for one epoch 0.8123 |Avg validation loss per batch for one epoch: 0.7989
[EarlyStop] val_loss=0.798862, best_loss=0.798862, no_improve_count=0
Epoch 32/3000 : Sum of batch train losses for one epoch 5083.1864 |Avg training loss per batch for one epoch 0.8130 |Avg validation loss per batch for one epoch: 0.7995
[EarlyStop] val_loss=0.799464, best_loss=0.798862, no_improve_count=1
Epoch 33/3000 : Sum of batch train losses for one epoch 5070.9664 |Avg training loss per batch for one epoch 0.8111 |Avg validation loss per batch for one epoch: 0.7973
[EarlyStop] val_loss=0.797326, best_loss=0.797326, no_improve_count=0
Epoch 34/3000 : Sum of batch train losses for one epoch 5067.9477 |Avg training loss per batch for one epoch 0.8106 |Avg validation loss per batch for one epoch: 0.7970
[EarlyStop] val_loss=0.797049, best_loss=0.797049, no_improve_count=0
Epoch 35/3000 : Sum of batch train losses for one epoch 5063.6106 |Avg training loss per batch for one epoch 0.8099 |Avg validation loss per batch for one epoch: 0.7949
[EarlyStop] val_loss=0.794872, best_loss=0.794872, no_improve_count=0
Epoch 36/3000 : Sum of batch train losses for one epoch 5054.6000 |Avg training loss per batch for one epoch 0.8085 |Avg validation loss per batch for one epoch: 0.7958
[EarlyStop] val_loss=0.795777, best_loss=0.794872, no_improve_count=1
Epoch 37/3000 : Sum of batch train losses for one epoch 5045.9670 |Avg training loss per batch for one epoch 0.8071 |Avg validation loss per batch for one epoch: 0.7945
[EarlyStop] val_loss=0.794469, best_loss=0.794469, no_improve_count=0
Epoch 38/3000 : Sum of batch train losses for one epoch 5042.0591 |Avg training loss per batch for one epoch 0.8065 |Avg validation loss per batch for one epoch: 0.7939
[EarlyStop] val_loss=0.793918, best_loss=0.793918, no_improve_count=0
Epoch 39/3000 : Sum of batch train losses for one epoch 5039.4609 |Avg training loss per batch for one epoch 0.8061 |Avg validation loss per batch for one epoch: 0.7919
[EarlyStop] val_loss=0.791900, best_loss=0.791900, no_improve_count=0
Epoch 40/3000 : Sum of batch train losses for one epoch 5034.5973 |Avg training loss per batch for one epoch 0.8053 |Avg validation loss per batch for one epoch: 0.7928
[EarlyStop] val_loss=0.792777, best_loss=0.791900, no_improve_count=1
Epoch 41/3000 : Sum of batch train losses for one epoch 5029.3461 |Avg training loss per batch for one epoch 0.8044 |Avg validation loss per batch for one epoch: 0.7917
[EarlyStop] val_loss=0.791709, best_loss=0.791709, no_improve_count=0
Epoch 42/3000 : Sum of batch train losses for one epoch 5020.7271 |Avg training loss per batch for one epoch 0.8031 |Avg validation loss per batch for one epoch: 0.7902
[EarlyStop] val_loss=0.790248, best_loss=0.790248, no_improve_count=0
Epoch 43/3000 : Sum of batch train losses for one epoch 5015.2173 |Avg training loss per batch for one epoch 0.8022 |Avg validation loss per batch for one epoch: 0.7902
[EarlyStop] val_loss=0.790234, best_loss=0.790234, no_improve_count=0
Epoch 44/3000 : Sum of batch train losses for one epoch 5006.7745 |Avg training loss per batch for one epoch 0.8008 |Avg validation loss per batch for one epoch: 0.7905
[EarlyStop] val_loss=0.790507, best_loss=0.790234, no_improve_count=1
Epoch 45/3000 : Sum of batch train losses for one epoch 5011.6842 |Avg training loss per batch for one epoch 0.8016 |Avg validation loss per batch for one epoch: 0.7892
[EarlyStop] val_loss=0.789153, best_loss=0.789153, no_improve_count=0
Epoch 46/3000 : Sum of batch train losses for one epoch 5000.6842 |Avg training loss per batch for one epoch 0.7999 |Avg validation loss per batch for one epoch: 0.7887
[EarlyStop] val_loss=0.788666, best_loss=0.788666, no_improve_count=0
Epoch 47/3000 : Sum of batch train losses for one epoch 5002.5087 |Avg training loss per batch for one epoch 0.8001 |Avg validation loss per batch for one epoch: 0.7868
[EarlyStop] val_loss=0.786768, best_loss=0.786768, no_improve_count=0
Epoch 48/3000 : Sum of batch train losses for one epoch 4991.6148 |Avg training loss per batch for one epoch 0.7984 |Avg validation loss per batch for one epoch: 0.7880
[EarlyStop] val_loss=0.787974, best_loss=0.786768, no_improve_count=1
Epoch 49/3000 : Sum of batch train losses for one epoch 4987.5587 |Avg training loss per batch for one epoch 0.7978 |Avg validation loss per batch for one epoch: 0.7870
[EarlyStop] val_loss=0.786956, best_loss=0.786768, no_improve_count=2
Epoch 50/3000 : Sum of batch train losses for one epoch 4992.7464 |Avg training loss per batch for one epoch 0.7986 |Avg validation loss per batch for one epoch: 0.7868
[EarlyStop] val_loss=0.786766, best_loss=0.786766, no_improve_count=0
Epoch 51/3000 : Sum of batch train losses for one epoch 4982.4578 |Avg training loss per batch for one epoch 0.7969 |Avg validation loss per batch for one epoch: 0.7880
[EarlyStop] val_loss=0.787964, best_loss=0.786766, no_improve_count=1
Epoch 52/3000 : Sum of batch train losses for one epoch 4986.6999 |Avg training loss per batch for one epoch 0.7976 |Avg validation loss per batch for one epoch: 0.7874
[EarlyStop] val_loss=0.787439, best_loss=0.786766, no_improve_count=2
Epoch 53/3000 : Sum of batch train losses for one epoch 4982.5750 |Avg training loss per batch for one epoch 0.7970 |Avg validation loss per batch for one epoch: 0.7867
[EarlyStop] val_loss=0.786694, best_loss=0.786694, no_improve_count=0
Epoch 54/3000 : Sum of batch train losses for one epoch 4973.6855 |Avg training loss per batch for one epoch 0.7955 |Avg validation loss per batch for one epoch: 0.7863
[EarlyStop] val_loss=0.786295, best_loss=0.786295, no_improve_count=0
Epoch 55/3000 : Sum of batch train losses for one epoch 4977.3203 |Avg training loss per batch for one epoch 0.7961 |Avg validation loss per batch for one epoch: 0.7865
[EarlyStop] val_loss=0.786532, best_loss=0.786295, no_improve_count=1
Epoch 56/3000 : Sum of batch train losses for one epoch 4970.2286 |Avg training loss per batch for one epoch 0.7950 |Avg validation loss per batch for one epoch: 0.7854
[EarlyStop] val_loss=0.785358, best_loss=0.785358, no_improve_count=0
Epoch 57/3000 : Sum of batch train losses for one epoch 4968.3661 |Avg training loss per batch for one epoch 0.7947 |Avg validation loss per batch for one epoch: 0.7854
[EarlyStop] val_loss=0.785423, best_loss=0.785358, no_improve_count=1
Epoch 58/3000 : Sum of batch train losses for one epoch 4963.0601 |Avg training loss per batch for one epoch 0.7938 |Avg validation loss per batch for one epoch: 0.7849
[EarlyStop] val_loss=0.784874, best_loss=0.784874, no_improve_count=0
Epoch 59/3000 : Sum of batch train losses for one epoch 4966.5215 |Avg training loss per batch for one epoch 0.7944 |Avg validation loss per batch for one epoch: 0.7864
[EarlyStop] val_loss=0.786378, best_loss=0.784874, no_improve_count=1
Epoch 60/3000 : Sum of batch train losses for one epoch 4966.9502 |Avg training loss per batch for one epoch 0.7945 |Avg validation loss per batch for one epoch: 0.7847
[EarlyStop] val_loss=0.784737, best_loss=0.784737, no_improve_count=0
Epoch 61/3000 : Sum of batch train losses for one epoch 4955.8484 |Avg training loss per batch for one epoch 0.7927 |Avg validation loss per batch for one epoch: 0.7859
[EarlyStop] val_loss=0.785857, best_loss=0.784737, no_improve_count=1
Epoch 62/3000 : Sum of batch train losses for one epoch 4961.0961 |Avg training loss per batch for one epoch 0.7935 |Avg validation loss per batch for one epoch: 0.7840
[EarlyStop] val_loss=0.784037, best_loss=0.784037, no_improve_count=0
Epoch 63/3000 : Sum of batch train losses for one epoch 4951.9407 |Avg training loss per batch for one epoch 0.7921 |Avg validation loss per batch for one epoch: 0.7828
[EarlyStop] val_loss=0.782754, best_loss=0.782754, no_improve_count=0
Epoch 64/3000 : Sum of batch train losses for one epoch 4952.2695 |Avg training loss per batch for one epoch 0.7921 |Avg validation loss per batch for one epoch: 0.7848
[EarlyStop] val_loss=0.784812, best_loss=0.782754, no_improve_count=1
Epoch 65/3000 : Sum of batch train losses for one epoch 4946.9261 |Avg training loss per batch for one epoch 0.7913 |Avg validation loss per batch for one epoch: 0.7836
[EarlyStop] val_loss=0.783604, best_loss=0.782754, no_improve_count=2
Epoch 66/3000 : Sum of batch train losses for one epoch 4948.2933 |Avg training loss per batch for one epoch 0.7915 |Avg validation loss per batch for one epoch: 0.7829
[EarlyStop] val_loss=0.782933, best_loss=0.782754, no_improve_count=3
Epoch 67/3000 : Sum of batch train losses for one epoch 4945.1685 |Avg training loss per batch for one epoch 0.7910 |Avg validation loss per batch for one epoch: 0.7827
[EarlyStop] val_loss=0.782678, best_loss=0.782678, no_improve_count=0
Epoch 68/3000 : Sum of batch train losses for one epoch 4943.9235 |Avg training loss per batch for one epoch 0.7908 |Avg validation loss per batch for one epoch: 0.7831
[EarlyStop] val_loss=0.783146, best_loss=0.782678, no_improve_count=1
Epoch 69/3000 : Sum of batch train losses for one epoch 4943.5021 |Avg training loss per batch for one epoch 0.7907 |Avg validation loss per batch for one epoch: 0.7828
[EarlyStop] val_loss=0.782791, best_loss=0.782678, no_improve_count=2
Epoch 70/3000 : Sum of batch train losses for one epoch 4943.8884 |Avg training loss per batch for one epoch 0.7908 |Avg validation loss per batch for one epoch: 0.7840
[EarlyStop] val_loss=0.783964, best_loss=0.782678, no_improve_count=3
Epoch 71/3000 : Sum of batch train losses for one epoch 4939.4097 |Avg training loss per batch for one epoch 0.7901 |Avg validation loss per batch for one epoch: 0.7831
[EarlyStop] val_loss=0.783113, best_loss=0.782678, no_improve_count=4
Epoch 72/3000 : Sum of batch train losses for one epoch 4939.5237 |Avg training loss per batch for one epoch 0.7901 |Avg validation loss per batch for one epoch: 0.7831
[EarlyStop] val_loss=0.783055, best_loss=0.782678, no_improve_count=5
Early stopping initialized after 5 epochs without improvement.
Index(['userId', 'movieId', 'rating', 'genres', 'genres_list'], dtype='object')
Epoch 1/3000 : Sum of batch train losses for one epoch 15268.5587 |Avg training loss per batch for one epoch 1.2211 |Avg validation loss per batch for one epoch: 0.8705
[EarlyStop] val_loss=0.870499, best_loss=0.870499, no_improve_count=0
Epoch 2/3000 : Sum of batch train losses for one epoch 11272.7345 |Avg training loss per batch for one epoch 0.9015 |Avg validation loss per batch for one epoch: 0.8604
[EarlyStop] val_loss=0.860448, best_loss=0.860448, no_improve_count=0
Epoch 3/3000 : Sum of batch train losses for one epoch 11069.8808 |Avg training loss per batch for one epoch 0.8853 |Avg validation loss per batch for one epoch: 0.8546
[EarlyStop] val_loss=0.854600, best_loss=0.854600, no_improve_count=0
Epoch 4/3000 : Sum of batch train losses for one epoch 10951.1169 |Avg training loss per batch for one epoch 0.8758 |Avg validation loss per batch for one epoch: 0.8367
[EarlyStop] val_loss=0.836652, best_loss=0.836652, no_improve_count=0
Epoch 5/3000 : Sum of batch train losses for one epoch 10842.4639 |Avg training loss per batch for one epoch 0.8671 |Avg validation loss per batch for one epoch: 0.8257
[EarlyStop] val_loss=0.825703, best_loss=0.825703, no_improve_count=0
Epoch 6/3000 : Sum of batch train losses for one epoch 10722.8593 |Avg training loss per batch for one epoch 0.8576 |Avg validation loss per batch for one epoch: 0.8127
[EarlyStop] val_loss=0.812743, best_loss=0.812743, no_improve_count=0
Epoch 7/3000 : Sum of batch train losses for one epoch 10599.9369 |Avg training loss per batch for one epoch 0.8477 |Avg validation loss per batch for one epoch: 0.8117
[EarlyStop] val_loss=0.811687, best_loss=0.811687, no_improve_count=0
Epoch 8/3000 : Sum of batch train losses for one epoch 10517.1348 |Avg training loss per batch for one epoch 0.8411 |Avg validation loss per batch for one epoch: 0.8028
[EarlyStop] val_loss=0.802803, best_loss=0.802803, no_improve_count=0
Epoch 9/3000 : Sum of batch train losses for one epoch 10448.6941 |Avg training loss per batch for one epoch 0.8356 |Avg validation loss per batch for one epoch: 0.8018
[EarlyStop] val_loss=0.801835, best_loss=0.801835, no_improve_count=0
Epoch 10/3000 : Sum of batch train losses for one epoch 10391.3084 |Avg training loss per batch for one epoch 0.8310 |Avg validation loss per batch for one epoch: 0.8019
[EarlyStop] val_loss=0.801872, best_loss=0.801835, no_improve_count=1
Epoch 11/3000 : Sum of batch train losses for one epoch 10345.3724 |Avg training loss per batch for one epoch 0.8274 |Avg validation loss per batch for one epoch: 0.7918
[EarlyStop] val_loss=0.791813, best_loss=0.791813, no_improve_count=0
Epoch 12/3000 : Sum of batch train losses for one epoch 10297.5842 |Avg training loss per batch for one epoch 0.8235 |Avg validation loss per batch for one epoch: 0.7920
[EarlyStop] val_loss=0.791952, best_loss=0.791813, no_improve_count=1
Epoch 13/3000 : Sum of batch train losses for one epoch 10272.3784 |Avg training loss per batch for one epoch 0.8215 |Avg validation loss per batch for one epoch: 0.8087
[EarlyStop] val_loss=0.808661, best_loss=0.791813, no_improve_count=2
Epoch 14/3000 : Sum of batch train losses for one epoch 10203.3191 |Avg training loss per batch for one epoch 0.8160 |Avg validation loss per batch for one epoch: 0.7905
[EarlyStop] val_loss=0.790468, best_loss=0.790468, no_improve_count=0
Epoch 15/3000 : Sum of batch train losses for one epoch 10171.8280 |Avg training loss per batch for one epoch 0.8135 |Avg validation loss per batch for one epoch: 0.7874
[EarlyStop] val_loss=0.787352, best_loss=0.787352, no_improve_count=0
Epoch 16/3000 : Sum of batch train losses for one epoch 10106.6791 |Avg training loss per batch for one epoch 0.8083 |Avg validation loss per batch for one epoch: 0.7842
[EarlyStop] val_loss=0.784207, best_loss=0.784207, no_improve_count=0
Epoch 17/3000 : Sum of batch train losses for one epoch 10062.4455 |Avg training loss per batch for one epoch 0.8047 |Avg validation loss per batch for one epoch: 0.7743
[EarlyStop] val_loss=0.774257, best_loss=0.774257, no_improve_count=0
Epoch 18/3000 : Sum of batch train losses for one epoch 10025.7272 |Avg training loss per batch for one epoch 0.8018 |Avg validation loss per batch for one epoch: 0.7744
[EarlyStop] val_loss=0.774365, best_loss=0.774257, no_improve_count=1
Epoch 19/3000 : Sum of batch train losses for one epoch 9999.4582 |Avg training loss per batch for one epoch 0.7997 |Avg validation loss per batch for one epoch: 0.7741
[EarlyStop] val_loss=0.774077, best_loss=0.774077, no_improve_count=0
Epoch 20/3000 : Sum of batch train losses for one epoch 9960.1952 |Avg training loss per batch for one epoch 0.7966 |Avg validation loss per batch for one epoch: 0.7731
[EarlyStop] val_loss=0.773132, best_loss=0.773132, no_improve_count=0
Epoch 21/3000 : Sum of batch train losses for one epoch 9944.2035 |Avg training loss per batch for one epoch 0.7953 |Avg validation loss per batch for one epoch: 0.7863
[EarlyStop] val_loss=0.786335, best_loss=0.773132, no_improve_count=1
Epoch 22/3000 : Sum of batch train losses for one epoch 9920.5401 |Avg training loss per batch for one epoch 0.7934 |Avg validation loss per batch for one epoch: 0.7761
[EarlyStop] val_loss=0.776094, best_loss=0.773132, no_improve_count=2
Epoch 23/3000 : Sum of batch train losses for one epoch 9902.8222 |Avg training loss per batch for one epoch 0.7920 |Avg validation loss per batch for one epoch: 0.7720
[EarlyStop] val_loss=0.771958, best_loss=0.771958, no_improve_count=0
Epoch 24/3000 : Sum of batch train losses for one epoch 9885.8078 |Avg training loss per batch for one epoch 0.7906 |Avg validation loss per batch for one epoch: 0.7704
[EarlyStop] val_loss=0.770402, best_loss=0.770402, no_improve_count=0
Epoch 25/3000 : Sum of batch train losses for one epoch 9863.2191 |Avg training loss per batch for one epoch 0.7888 |Avg validation loss per batch for one epoch: 0.7745
[EarlyStop] val_loss=0.774516, best_loss=0.770402, no_improve_count=1
Epoch 26/3000 : Sum of batch train losses for one epoch 9855.6063 |Avg training loss per batch for one epoch 0.7882 |Avg validation loss per batch for one epoch: 0.7669
[EarlyStop] val_loss=0.766944, best_loss=0.766944, no_improve_count=0
Epoch 27/3000 : Sum of batch train losses for one epoch 9828.3953 |Avg training loss per batch for one epoch 0.7860 |Avg validation loss per batch for one epoch: 0.7749
[EarlyStop] val_loss=0.774882, best_loss=0.766944, no_improve_count=1
Epoch 28/3000 : Sum of batch train losses for one epoch 9820.5426 |Avg training loss per batch for one epoch 0.7854 |Avg validation loss per batch for one epoch: 0.7647
[EarlyStop] val_loss=0.764731, best_loss=0.764731, no_improve_count=0
Epoch 29/3000 : Sum of batch train losses for one epoch 9799.7285 |Avg training loss per batch for one epoch 0.7837 |Avg validation loss per batch for one epoch: 0.7672
[EarlyStop] val_loss=0.767212, best_loss=0.764731, no_improve_count=1
Epoch 30/3000 : Sum of batch train losses for one epoch 9795.2056 |Avg training loss per batch for one epoch 0.7834 |Avg validation loss per batch for one epoch: 0.7682
[EarlyStop] val_loss=0.768172, best_loss=0.764731, no_improve_count=2
Epoch 31/3000 : Sum of batch train losses for one epoch 9771.2379 |Avg training loss per batch for one epoch 0.7814 |Avg validation loss per batch for one epoch: 0.7724
[EarlyStop] val_loss=0.772375, best_loss=0.764731, no_improve_count=3
Epoch 32/3000 : Sum of batch train losses for one epoch 9774.4289 |Avg training loss per batch for one epoch 0.7817 |Avg validation loss per batch for one epoch: 0.7708
[EarlyStop] val_loss=0.770777, best_loss=0.764731, no_improve_count=4
Epoch 33/3000 : Sum of batch train losses for one epoch 9769.8732 |Avg training loss per batch for one epoch 0.7813 |Avg validation loss per batch for one epoch: 0.7669
[EarlyStop] val_loss=0.766925, best_loss=0.764731, no_improve_count=5
Early stopping initialized after 5 epochs without improvement.
Index(['userId', 'movieId', 'rating', 'genres', 'genres_list'], dtype='object')
Epoch 1/3000 : Sum of batch train losses for one epoch 15806.4791 |Avg training loss per batch for one epoch 1.2641 |Avg validation loss per batch for one epoch: 0.8824
[EarlyStop] val_loss=0.882363, best_loss=0.882363, no_improve_count=0
Epoch 2/3000 : Sum of batch train losses for one epoch 11348.4890 |Avg training loss per batch for one epoch 0.9076 |Avg validation loss per batch for one epoch: 0.8614
[EarlyStop] val_loss=0.861376, best_loss=0.861376, no_improve_count=0
Epoch 3/3000 : Sum of batch train losses for one epoch 11169.0576 |Avg training loss per batch for one epoch 0.8932 |Avg validation loss per batch for one epoch: 0.8565
[EarlyStop] val_loss=0.856531, best_loss=0.856531, no_improve_count=0
Epoch 4/3000 : Sum of batch train losses for one epoch 11055.9891 |Avg training loss per batch for one epoch 0.8842 |Avg validation loss per batch for one epoch: 0.8420
[EarlyStop] val_loss=0.841975, best_loss=0.841975, no_improve_count=0
Epoch 5/3000 : Sum of batch train losses for one epoch 10967.0723 |Avg training loss per batch for one epoch 0.8771 |Avg validation loss per batch for one epoch: 0.8368
[EarlyStop] val_loss=0.836812, best_loss=0.836812, no_improve_count=0
Epoch 6/3000 : Sum of batch train losses for one epoch 10851.1029 |Avg training loss per batch for one epoch 0.8678 |Avg validation loss per batch for one epoch: 0.8287
[EarlyStop] val_loss=0.828655, best_loss=0.828655, no_improve_count=0
Epoch 7/3000 : Sum of batch train losses for one epoch 10736.3341 |Avg training loss per batch for one epoch 0.8586 |Avg validation loss per batch for one epoch: 0.8223
[EarlyStop] val_loss=0.822282, best_loss=0.822282, no_improve_count=0
Epoch 8/3000 : Sum of batch train losses for one epoch 10624.2585 |Avg training loss per batch for one epoch 0.8497 |Avg validation loss per batch for one epoch: 0.8079
[EarlyStop] val_loss=0.807896, best_loss=0.807896, no_improve_count=0
Epoch 9/3000 : Sum of batch train losses for one epoch 10552.8904 |Avg training loss per batch for one epoch 0.8440 |Avg validation loss per batch for one epoch: 0.8044
[EarlyStop] val_loss=0.804381, best_loss=0.804381, no_improve_count=0
Epoch 10/3000 : Sum of batch train losses for one epoch 10475.4097 |Avg training loss per batch for one epoch 0.8378 |Avg validation loss per batch for one epoch: 0.7976
[EarlyStop] val_loss=0.797559, best_loss=0.797559, no_improve_count=0
Epoch 11/3000 : Sum of batch train losses for one epoch 10409.6244 |Avg training loss per batch for one epoch 0.8325 |Avg validation loss per batch for one epoch: 0.8004
[EarlyStop] val_loss=0.800397, best_loss=0.797559, no_improve_count=1
Epoch 12/3000 : Sum of batch train losses for one epoch 10366.3179 |Avg training loss per batch for one epoch 0.8290 |Avg validation loss per batch for one epoch: 0.7953
[EarlyStop] val_loss=0.795322, best_loss=0.795322, no_improve_count=0
Epoch 13/3000 : Sum of batch train losses for one epoch 10317.2521 |Avg training loss per batch for one epoch 0.8251 |Avg validation loss per batch for one epoch: 0.7923
[EarlyStop] val_loss=0.792311, best_loss=0.792311, no_improve_count=0
Epoch 14/3000 : Sum of batch train losses for one epoch 10281.5562 |Avg training loss per batch for one epoch 0.8223 |Avg validation loss per batch for one epoch: 0.7889
[EarlyStop] val_loss=0.788896, best_loss=0.788896, no_improve_count=0
Epoch 15/3000 : Sum of batch train losses for one epoch 10244.4773 |Avg training loss per batch for one epoch 0.8193 |Avg validation loss per batch for one epoch: 0.7859
[EarlyStop] val_loss=0.785894, best_loss=0.785894, no_improve_count=0
Epoch 16/3000 : Sum of batch train losses for one epoch 10209.9861 |Avg training loss per batch for one epoch 0.8165 |Avg validation loss per batch for one epoch: 0.7877
[EarlyStop] val_loss=0.787674, best_loss=0.785894, no_improve_count=1
Epoch 17/3000 : Sum of batch train losses for one epoch 10165.0773 |Avg training loss per batch for one epoch 0.8129 |Avg validation loss per batch for one epoch: 0.7777
[EarlyStop] val_loss=0.777679, best_loss=0.777679, no_improve_count=0
Epoch 18/3000 : Sum of batch train losses for one epoch 10143.5825 |Avg training loss per batch for one epoch 0.8112 |Avg validation loss per batch for one epoch: 0.7801
[EarlyStop] val_loss=0.780130, best_loss=0.777679, no_improve_count=1
Epoch 19/3000 : Sum of batch train losses for one epoch 10108.8603 |Avg training loss per batch for one epoch 0.8085 |Avg validation loss per batch for one epoch: 0.7764
[EarlyStop] val_loss=0.776352, best_loss=0.776352, no_improve_count=0
Epoch 20/3000 : Sum of batch train losses for one epoch 10077.3251 |Avg training loss per batch for one epoch 0.8059 |Avg validation loss per batch for one epoch: 0.7827
[EarlyStop] val_loss=0.782718, best_loss=0.776352, no_improve_count=1
Epoch 21/3000 : Sum of batch train losses for one epoch 10050.9203 |Avg training loss per batch for one epoch 0.8038 |Avg validation loss per batch for one epoch: 0.7785
[EarlyStop] val_loss=0.778534, best_loss=0.776352, no_improve_count=2
Epoch 22/3000 : Sum of batch train losses for one epoch 10031.8007 |Avg training loss per batch for one epoch 0.8023 |Avg validation loss per batch for one epoch: 0.7748
[EarlyStop] val_loss=0.774756, best_loss=0.774756, no_improve_count=0
Epoch 23/3000 : Sum of batch train losses for one epoch 9997.0524 |Avg training loss per batch for one epoch 0.7995 |Avg validation loss per batch for one epoch: 0.7715
[EarlyStop] val_loss=0.771489, best_loss=0.771489, no_improve_count=0
Epoch 24/3000 : Sum of batch train losses for one epoch 9985.3143 |Avg training loss per batch for one epoch 0.7986 |Avg validation loss per batch for one epoch: 0.7715
[EarlyStop] val_loss=0.771521, best_loss=0.771489, no_improve_count=1
Epoch 25/3000 : Sum of batch train losses for one epoch 9972.0321 |Avg training loss per batch for one epoch 0.7975 |Avg validation loss per batch for one epoch: 0.7818
[EarlyStop] val_loss=0.781785, best_loss=0.771489, no_improve_count=2
Epoch 26/3000 : Sum of batch train losses for one epoch 9957.5664 |Avg training loss per batch for one epoch 0.7964 |Avg validation loss per batch for one epoch: 0.7702
[EarlyStop] val_loss=0.770166, best_loss=0.770166, no_improve_count=0
Epoch 27/3000 : Sum of batch train losses for one epoch 9938.3061 |Avg training loss per batch for one epoch 0.7948 |Avg validation loss per batch for one epoch: 0.7743
[EarlyStop] val_loss=0.774252, best_loss=0.770166, no_improve_count=1
Epoch 28/3000 : Sum of batch train losses for one epoch 9933.7633 |Avg training loss per batch for one epoch 0.7944 |Avg validation loss per batch for one epoch: 0.7677
[EarlyStop] val_loss=0.767680, best_loss=0.767680, no_improve_count=0
Epoch 29/3000 : Sum of batch train losses for one epoch 9912.1937 |Avg training loss per batch for one epoch 0.7927 |Avg validation loss per batch for one epoch: 0.7725
[EarlyStop] val_loss=0.772470, best_loss=0.767680, no_improve_count=1
Epoch 30/3000 : Sum of batch train losses for one epoch 9901.9653 |Avg training loss per batch for one epoch 0.7919 |Avg validation loss per batch for one epoch: 0.7709
[EarlyStop] val_loss=0.770929, best_loss=0.767680, no_improve_count=2
Epoch 31/3000 : Sum of batch train losses for one epoch 9888.4283 |Avg training loss per batch for one epoch 0.7908 |Avg validation loss per batch for one epoch: 0.7766
[EarlyStop] val_loss=0.776564, best_loss=0.767680, no_improve_count=3
Epoch 32/3000 : Sum of batch train losses for one epoch 9886.6444 |Avg training loss per batch for one epoch 0.7907 |Avg validation loss per batch for one epoch: 0.7714
[EarlyStop] val_loss=0.771410, best_loss=0.767680, no_improve_count=4
Epoch 33/3000 : Sum of batch train losses for one epoch 9871.3395 |Avg training loss per batch for one epoch 0.7895 |Avg validation loss per batch for one epoch: 0.7733
[EarlyStop] val_loss=0.773278, best_loss=0.767680, no_improve_count=5
Early stopping initialized after 5 epochs without improvement.
Index(['userId', 'movieId', 'rating', 'genres', 'genres_list'], dtype='object')
Epoch 1/3000 : Sum of batch train losses for one epoch 21806.7509 |Avg training loss per batch for one epoch 1.7440 |Avg validation loss per batch for one epoch: 0.9995
[EarlyStop] val_loss=0.999510, best_loss=0.999510, no_improve_count=0
Epoch 2/3000 : Sum of batch train losses for one epoch 12530.4774 |Avg training loss per batch for one epoch 1.0021 |Avg validation loss per batch for one epoch: 0.8708
[EarlyStop] val_loss=0.870815, best_loss=0.870815, no_improve_count=0
Epoch 3/3000 : Sum of batch train losses for one epoch 11198.6936 |Avg training loss per batch for one epoch 0.8956 |Avg validation loss per batch for one epoch: 0.8472
[EarlyStop] val_loss=0.847182, best_loss=0.847182, no_improve_count=0
Epoch 4/3000 : Sum of batch train losses for one epoch 10934.0487 |Avg training loss per batch for one epoch 0.8744 |Avg validation loss per batch for one epoch: 0.8420
[EarlyStop] val_loss=0.842002, best_loss=0.842002, no_improve_count=0
Epoch 5/3000 : Sum of batch train losses for one epoch 10850.7489 |Avg training loss per batch for one epoch 0.8678 |Avg validation loss per batch for one epoch: 0.8344
[EarlyStop] val_loss=0.834378, best_loss=0.834378, no_improve_count=0
Epoch 6/3000 : Sum of batch train losses for one epoch 10794.2034 |Avg training loss per batch for one epoch 0.8633 |Avg validation loss per batch for one epoch: 0.8333
[EarlyStop] val_loss=0.833286, best_loss=0.833286, no_improve_count=0
Epoch 7/3000 : Sum of batch train losses for one epoch 10745.2750 |Avg training loss per batch for one epoch 0.8593 |Avg validation loss per batch for one epoch: 0.8284
[EarlyStop] val_loss=0.828352, best_loss=0.828352, no_improve_count=0
Epoch 8/3000 : Sum of batch train losses for one epoch 10658.7421 |Avg training loss per batch for one epoch 0.8524 |Avg validation loss per batch for one epoch: 0.8250
[EarlyStop] val_loss=0.825022, best_loss=0.825022, no_improve_count=0
Epoch 9/3000 : Sum of batch train losses for one epoch 10615.8129 |Avg training loss per batch for one epoch 0.8490 |Avg validation loss per batch for one epoch: 0.8199
[EarlyStop] val_loss=0.819945, best_loss=0.819945, no_improve_count=0
Epoch 10/3000 : Sum of batch train losses for one epoch 10582.1175 |Avg training loss per batch for one epoch 0.8463 |Avg validation loss per batch for one epoch: 0.8226
[EarlyStop] val_loss=0.822634, best_loss=0.819945, no_improve_count=1
Epoch 11/3000 : Sum of batch train losses for one epoch 10534.5104 |Avg training loss per batch for one epoch 0.8425 |Avg validation loss per batch for one epoch: 0.8170
[EarlyStop] val_loss=0.817033, best_loss=0.817033, no_improve_count=0
Epoch 12/3000 : Sum of batch train losses for one epoch 10508.0167 |Avg training loss per batch for one epoch 0.8404 |Avg validation loss per batch for one epoch: 0.8161
[EarlyStop] val_loss=0.816057, best_loss=0.816057, no_improve_count=0
Epoch 13/3000 : Sum of batch train losses for one epoch 10468.2011 |Avg training loss per batch for one epoch 0.8372 |Avg validation loss per batch for one epoch: 0.8108
[EarlyStop] val_loss=0.810783, best_loss=0.810783, no_improve_count=0
Epoch 14/3000 : Sum of batch train losses for one epoch 10409.7246 |Avg training loss per batch for one epoch 0.8325 |Avg validation loss per batch for one epoch: 0.8086
[EarlyStop] val_loss=0.808554, best_loss=0.808554, no_improve_count=0
Epoch 15/3000 : Sum of batch train losses for one epoch 10364.1010 |Avg training loss per batch for one epoch 0.8289 |Avg validation loss per batch for one epoch: 0.8039
[EarlyStop] val_loss=0.803945, best_loss=0.803945, no_improve_count=0
Epoch 16/3000 : Sum of batch train losses for one epoch 10303.4006 |Avg training loss per batch for one epoch 0.8240 |Avg validation loss per batch for one epoch: 0.7980
[EarlyStop] val_loss=0.798000, best_loss=0.798000, no_improve_count=0
Epoch 17/3000 : Sum of batch train losses for one epoch 10242.4982 |Avg training loss per batch for one epoch 0.8191 |Avg validation loss per batch for one epoch: 0.7947
[EarlyStop] val_loss=0.794709, best_loss=0.794709, no_improve_count=0
Epoch 18/3000 : Sum of batch train losses for one epoch 10194.8285 |Avg training loss per batch for one epoch 0.8153 |Avg validation loss per batch for one epoch: 0.7931
[EarlyStop] val_loss=0.793110, best_loss=0.793110, no_improve_count=0
Epoch 19/3000 : Sum of batch train losses for one epoch 10135.0942 |Avg training loss per batch for one epoch 0.8105 |Avg validation loss per batch for one epoch: 0.7899
[EarlyStop] val_loss=0.789936, best_loss=0.789936, no_improve_count=0
Epoch 20/3000 : Sum of batch train losses for one epoch 10105.6341 |Avg training loss per batch for one epoch 0.8082 |Avg validation loss per batch for one epoch: 0.7880
[EarlyStop] val_loss=0.787999, best_loss=0.787999, no_improve_count=0
Epoch 21/3000 : Sum of batch train losses for one epoch 10057.9370 |Avg training loss per batch for one epoch 0.8044 |Avg validation loss per batch for one epoch: 0.7845
[EarlyStop] val_loss=0.784493, best_loss=0.784493, no_improve_count=0
Epoch 22/3000 : Sum of batch train losses for one epoch 10026.3165 |Avg training loss per batch for one epoch 0.8018 |Avg validation loss per batch for one epoch: 0.7829
[EarlyStop] val_loss=0.782899, best_loss=0.782899, no_improve_count=0
Epoch 23/3000 : Sum of batch train losses for one epoch 9985.9456 |Avg training loss per batch for one epoch 0.7986 |Avg validation loss per batch for one epoch: 0.7823
[EarlyStop] val_loss=0.782337, best_loss=0.782337, no_improve_count=0
Epoch 24/3000 : Sum of batch train losses for one epoch 9931.9317 |Avg training loss per batch for one epoch 0.7943 |Avg validation loss per batch for one epoch: 0.7814
[EarlyStop] val_loss=0.781429, best_loss=0.781429, no_improve_count=0
Epoch 25/3000 : Sum of batch train losses for one epoch 9909.5898 |Avg training loss per batch for one epoch 0.7925 |Avg validation loss per batch for one epoch: 0.7792
[EarlyStop] val_loss=0.779240, best_loss=0.779240, no_improve_count=0
Epoch 26/3000 : Sum of batch train losses for one epoch 9885.2145 |Avg training loss per batch for one epoch 0.7906 |Avg validation loss per batch for one epoch: 0.7769
[EarlyStop] val_loss=0.776854, best_loss=0.776854, no_improve_count=0
Epoch 27/3000 : Sum of batch train losses for one epoch 9830.4112 |Avg training loss per batch for one epoch 0.7862 |Avg validation loss per batch for one epoch: 0.7755
[EarlyStop] val_loss=0.775516, best_loss=0.775516, no_improve_count=0
Epoch 28/3000 : Sum of batch train losses for one epoch 9813.6847 |Avg training loss per batch for one epoch 0.7848 |Avg validation loss per batch for one epoch: 0.7724
[EarlyStop] val_loss=0.772432, best_loss=0.772432, no_improve_count=0
Epoch 29/3000 : Sum of batch train losses for one epoch 9772.9173 |Avg training loss per batch for one epoch 0.7816 |Avg validation loss per batch for one epoch: 0.7729
[EarlyStop] val_loss=0.772928, best_loss=0.772432, no_improve_count=1
Epoch 30/3000 : Sum of batch train losses for one epoch 9752.8968 |Avg training loss per batch for one epoch 0.7800 |Avg validation loss per batch for one epoch: 0.7733
[EarlyStop] val_loss=0.773252, best_loss=0.772432, no_improve_count=2
Epoch 31/3000 : Sum of batch train losses for one epoch 9726.6993 |Avg training loss per batch for one epoch 0.7779 |Avg validation loss per batch for one epoch: 0.7726
[EarlyStop] val_loss=0.772608, best_loss=0.772432, no_improve_count=3
Epoch 32/3000 : Sum of batch train losses for one epoch 9713.9910 |Avg training loss per batch for one epoch 0.7769 |Avg validation loss per batch for one epoch: 0.7701
[EarlyStop] val_loss=0.770132, best_loss=0.770132, no_improve_count=0
Epoch 33/3000 : Sum of batch train losses for one epoch 9662.5080 |Avg training loss per batch for one epoch 0.7728 |Avg validation loss per batch for one epoch: 0.7714
[EarlyStop] val_loss=0.771408, best_loss=0.770132, no_improve_count=1
Epoch 34/3000 : Sum of batch train losses for one epoch 9649.7471 |Avg training loss per batch for one epoch 0.7717 |Avg validation loss per batch for one epoch: 0.7699
[EarlyStop] val_loss=0.769927, best_loss=0.769927, no_improve_count=0
Epoch 35/3000 : Sum of batch train losses for one epoch 9635.5045 |Avg training loss per batch for one epoch 0.7706 |Avg validation loss per batch for one epoch: 0.7693
[EarlyStop] val_loss=0.769314, best_loss=0.769314, no_improve_count=0
Epoch 36/3000 : Sum of batch train losses for one epoch 9609.3558 |Avg training loss per batch for one epoch 0.7685 |Avg validation loss per batch for one epoch: 0.7678
[EarlyStop] val_loss=0.767761, best_loss=0.767761, no_improve_count=0
Epoch 37/3000 : Sum of batch train losses for one epoch 9579.7616 |Avg training loss per batch for one epoch 0.7661 |Avg validation loss per batch for one epoch: 0.7690
[EarlyStop] val_loss=0.768986, best_loss=0.767761, no_improve_count=1
Epoch 38/3000 : Sum of batch train losses for one epoch 9563.6529 |Avg training loss per batch for one epoch 0.7648 |Avg validation loss per batch for one epoch: 0.7672
[EarlyStop] val_loss=0.767210, best_loss=0.767210, no_improve_count=0
Epoch 39/3000 : Sum of batch train losses for one epoch 9533.5408 |Avg training loss per batch for one epoch 0.7624 |Avg validation loss per batch for one epoch: 0.7678
[EarlyStop] val_loss=0.767820, best_loss=0.767210, no_improve_count=1
Epoch 40/3000 : Sum of batch train losses for one epoch 9522.9821 |Avg training loss per batch for one epoch 0.7616 |Avg validation loss per batch for one epoch: 0.7675
[EarlyStop] val_loss=0.767468, best_loss=0.767210, no_improve_count=2
Epoch 41/3000 : Sum of batch train losses for one epoch 9499.2750 |Avg training loss per batch for one epoch 0.7597 |Avg validation loss per batch for one epoch: 0.7671
[EarlyStop] val_loss=0.767055, best_loss=0.767055, no_improve_count=0
Epoch 42/3000 : Sum of batch train losses for one epoch 9486.1620 |Avg training loss per batch for one epoch 0.7587 |Avg validation loss per batch for one epoch: 0.7660
[EarlyStop] val_loss=0.765960, best_loss=0.765960, no_improve_count=0
Epoch 43/3000 : Sum of batch train losses for one epoch 9468.1338 |Avg training loss per batch for one epoch 0.7572 |Avg validation loss per batch for one epoch: 0.7673
[EarlyStop] val_loss=0.767339, best_loss=0.765960, no_improve_count=1
Epoch 44/3000 : Sum of batch train losses for one epoch 9444.1269 |Avg training loss per batch for one epoch 0.7553 |Avg validation loss per batch for one epoch: 0.7682
[EarlyStop] val_loss=0.768240, best_loss=0.765960, no_improve_count=2
Epoch 45/3000 : Sum of batch train losses for one epoch 9449.2398 |Avg training loss per batch for one epoch 0.7557 |Avg validation loss per batch for one epoch: 0.7699
[EarlyStop] val_loss=0.769907, best_loss=0.765960, no_improve_count=3
Epoch 46/3000 : Sum of batch train losses for one epoch 9431.4819 |Avg training loss per batch for one epoch 0.7543 |Avg validation loss per batch for one epoch: 0.7660
[EarlyStop] val_loss=0.765972, best_loss=0.765960, no_improve_count=4
Epoch 47/3000 : Sum of batch train losses for one epoch 9415.0754 |Avg training loss per batch for one epoch 0.7530 |Avg validation loss per batch for one epoch: 0.7667
[EarlyStop] val_loss=0.766705, best_loss=0.765960, no_improve_count=5
Early stopping initialized after 5 epochs without improvement.
Index(['userId', 'movieId', 'rating', 'genres', 'genres_list'], dtype='object')
Epoch 1/3000 : Sum of batch train losses for one epoch 21223.8664 |Avg training loss per batch for one epoch 1.6974 |Avg validation loss per batch for one epoch: 1.0491
[EarlyStop] val_loss=1.049054, best_loss=1.049054, no_improve_count=0
Epoch 2/3000 : Sum of batch train losses for one epoch 13061.6979 |Avg training loss per batch for one epoch 1.0446 |Avg validation loss per batch for one epoch: 0.9043
[EarlyStop] val_loss=0.904264, best_loss=0.904264, no_improve_count=0
Epoch 3/3000 : Sum of batch train losses for one epoch 11477.3544 |Avg training loss per batch for one epoch 0.9179 |Avg validation loss per batch for one epoch: 0.8593
[EarlyStop] val_loss=0.859253, best_loss=0.859253, no_improve_count=0
Epoch 4/3000 : Sum of batch train losses for one epoch 11059.4543 |Avg training loss per batch for one epoch 0.8845 |Avg validation loss per batch for one epoch: 0.8451
[EarlyStop] val_loss=0.845058, best_loss=0.845058, no_improve_count=0
Epoch 5/3000 : Sum of batch train losses for one epoch 10937.7229 |Avg training loss per batch for one epoch 0.8747 |Avg validation loss per batch for one epoch: 0.8442
[EarlyStop] val_loss=0.844167, best_loss=0.844167, no_improve_count=0
Epoch 6/3000 : Sum of batch train losses for one epoch 10885.2872 |Avg training loss per batch for one epoch 0.8705 |Avg validation loss per batch for one epoch: 0.8405
[EarlyStop] val_loss=0.840499, best_loss=0.840499, no_improve_count=0
Epoch 7/3000 : Sum of batch train losses for one epoch 10833.7262 |Avg training loss per batch for one epoch 0.8664 |Avg validation loss per batch for one epoch: 0.8388
[EarlyStop] val_loss=0.838835, best_loss=0.838835, no_improve_count=0
Epoch 8/3000 : Sum of batch train losses for one epoch 10815.0039 |Avg training loss per batch for one epoch 0.8649 |Avg validation loss per batch for one epoch: 0.8367
[EarlyStop] val_loss=0.836689, best_loss=0.836689, no_improve_count=0
Epoch 9/3000 : Sum of batch train losses for one epoch 10764.2827 |Avg training loss per batch for one epoch 0.8609 |Avg validation loss per batch for one epoch: 0.8322
[EarlyStop] val_loss=0.832155, best_loss=0.832155, no_improve_count=0
Epoch 10/3000 : Sum of batch train losses for one epoch 10718.7478 |Avg training loss per batch for one epoch 0.8572 |Avg validation loss per batch for one epoch: 0.8287
[EarlyStop] val_loss=0.828718, best_loss=0.828718, no_improve_count=0
Epoch 11/3000 : Sum of batch train losses for one epoch 10678.3296 |Avg training loss per batch for one epoch 0.8540 |Avg validation loss per batch for one epoch: 0.8286
[EarlyStop] val_loss=0.828581, best_loss=0.828581, no_improve_count=0
Epoch 12/3000 : Sum of batch train losses for one epoch 10626.6638 |Avg training loss per batch for one epoch 0.8499 |Avg validation loss per batch for one epoch: 0.8246
[EarlyStop] val_loss=0.824566, best_loss=0.824566, no_improve_count=0
Epoch 13/3000 : Sum of batch train losses for one epoch 10597.7259 |Avg training loss per batch for one epoch 0.8475 |Avg validation loss per batch for one epoch: 0.8226
[EarlyStop] val_loss=0.822630, best_loss=0.822630, no_improve_count=0
Epoch 14/3000 : Sum of batch train losses for one epoch 10560.6021 |Avg training loss per batch for one epoch 0.8446 |Avg validation loss per batch for one epoch: 0.8180
[EarlyStop] val_loss=0.818018, best_loss=0.818018, no_improve_count=0
Epoch 15/3000 : Sum of batch train losses for one epoch 10546.6340 |Avg training loss per batch for one epoch 0.8435 |Avg validation loss per batch for one epoch: 0.8228
[EarlyStop] val_loss=0.822797, best_loss=0.818018, no_improve_count=1
Epoch 16/3000 : Sum of batch train losses for one epoch 10524.5717 |Avg training loss per batch for one epoch 0.8417 |Avg validation loss per batch for one epoch: 0.8160
[EarlyStop] val_loss=0.815979, best_loss=0.815979, no_improve_count=0
Epoch 17/3000 : Sum of batch train losses for one epoch 10480.4021 |Avg training loss per batch for one epoch 0.8382 |Avg validation loss per batch for one epoch: 0.8173
[EarlyStop] val_loss=0.817328, best_loss=0.815979, no_improve_count=1
Epoch 18/3000 : Sum of batch train losses for one epoch 10451.1493 |Avg training loss per batch for one epoch 0.8358 |Avg validation loss per batch for one epoch: 0.8120
[EarlyStop] val_loss=0.811995, best_loss=0.811995, no_improve_count=0
Epoch 19/3000 : Sum of batch train losses for one epoch 10389.2003 |Avg training loss per batch for one epoch 0.8309 |Avg validation loss per batch for one epoch: 0.8062
[EarlyStop] val_loss=0.806236, best_loss=0.806236, no_improve_count=0
Epoch 20/3000 : Sum of batch train losses for one epoch 10360.2334 |Avg training loss per batch for one epoch 0.8286 |Avg validation loss per batch for one epoch: 0.8065
[EarlyStop] val_loss=0.806507, best_loss=0.806236, no_improve_count=1
Epoch 21/3000 : Sum of batch train losses for one epoch 10309.4759 |Avg training loss per batch for one epoch 0.8245 |Avg validation loss per batch for one epoch: 0.7999
[EarlyStop] val_loss=0.799909, best_loss=0.799909, no_improve_count=0
Epoch 22/3000 : Sum of batch train losses for one epoch 10255.3891 |Avg training loss per batch for one epoch 0.8202 |Avg validation loss per batch for one epoch: 0.7991
[EarlyStop] val_loss=0.799100, best_loss=0.799100, no_improve_count=0
Epoch 23/3000 : Sum of batch train losses for one epoch 10212.3288 |Avg training loss per batch for one epoch 0.8167 |Avg validation loss per batch for one epoch: 0.7940
[EarlyStop] val_loss=0.794041, best_loss=0.794041, no_improve_count=0
Epoch 24/3000 : Sum of batch train losses for one epoch 10165.7127 |Avg training loss per batch for one epoch 0.8130 |Avg validation loss per batch for one epoch: 0.7950
[EarlyStop] val_loss=0.794952, best_loss=0.794041, no_improve_count=1
Epoch 25/3000 : Sum of batch train losses for one epoch 10124.1254 |Avg training loss per batch for one epoch 0.8097 |Avg validation loss per batch for one epoch: 0.7904
[EarlyStop] val_loss=0.790380, best_loss=0.790380, no_improve_count=0
Epoch 26/3000 : Sum of batch train losses for one epoch 10081.8789 |Avg training loss per batch for one epoch 0.8063 |Avg validation loss per batch for one epoch: 0.7876
[EarlyStop] val_loss=0.787649, best_loss=0.787649, no_improve_count=0
Epoch 27/3000 : Sum of batch train losses for one epoch 10063.6365 |Avg training loss per batch for one epoch 0.8048 |Avg validation loss per batch for one epoch: 0.7921
[EarlyStop] val_loss=0.792078, best_loss=0.787649, no_improve_count=1
Epoch 28/3000 : Sum of batch train losses for one epoch 10030.8597 |Avg training loss per batch for one epoch 0.8022 |Avg validation loss per batch for one epoch: 0.7857
[EarlyStop] val_loss=0.785716, best_loss=0.785716, no_improve_count=0
Epoch 29/3000 : Sum of batch train losses for one epoch 10017.6699 |Avg training loss per batch for one epoch 0.8012 |Avg validation loss per batch for one epoch: 0.7910
[EarlyStop] val_loss=0.791044, best_loss=0.785716, no_improve_count=1
Epoch 30/3000 : Sum of batch train losses for one epoch 9985.4162 |Avg training loss per batch for one epoch 0.7986 |Avg validation loss per batch for one epoch: 0.7823
[EarlyStop] val_loss=0.782324, best_loss=0.782324, no_improve_count=0
Epoch 31/3000 : Sum of batch train losses for one epoch 9963.8519 |Avg training loss per batch for one epoch 0.7969 |Avg validation loss per batch for one epoch: 0.7814
[EarlyStop] val_loss=0.781354, best_loss=0.781354, no_improve_count=0
Epoch 32/3000 : Sum of batch train losses for one epoch 9946.0823 |Avg training loss per batch for one epoch 0.7954 |Avg validation loss per batch for one epoch: 0.7831
[EarlyStop] val_loss=0.783140, best_loss=0.781354, no_improve_count=1
Epoch 33/3000 : Sum of batch train losses for one epoch 9906.0683 |Avg training loss per batch for one epoch 0.7922 |Avg validation loss per batch for one epoch: 0.7782
[EarlyStop] val_loss=0.778181, best_loss=0.778181, no_improve_count=0
Epoch 34/3000 : Sum of batch train losses for one epoch 9881.4548 |Avg training loss per batch for one epoch 0.7903 |Avg validation loss per batch for one epoch: 0.7815
[EarlyStop] val_loss=0.781539, best_loss=0.778181, no_improve_count=1
Epoch 35/3000 : Sum of batch train losses for one epoch 9854.3134 |Avg training loss per batch for one epoch 0.7881 |Avg validation loss per batch for one epoch: 0.7821
[EarlyStop] val_loss=0.782077, best_loss=0.778181, no_improve_count=2
Epoch 36/3000 : Sum of batch train losses for one epoch 9833.1569 |Avg training loss per batch for one epoch 0.7864 |Avg validation loss per batch for one epoch: 0.7755
[EarlyStop] val_loss=0.775456, best_loss=0.775456, no_improve_count=0
Epoch 37/3000 : Sum of batch train losses for one epoch 9806.3546 |Avg training loss per batch for one epoch 0.7843 |Avg validation loss per batch for one epoch: 0.7771
[EarlyStop] val_loss=0.777096, best_loss=0.775456, no_improve_count=1
Epoch 38/3000 : Sum of batch train losses for one epoch 9782.1734 |Avg training loss per batch for one epoch 0.7823 |Avg validation loss per batch for one epoch: 0.7778
[EarlyStop] val_loss=0.777837, best_loss=0.775456, no_improve_count=2
Epoch 39/3000 : Sum of batch train losses for one epoch 9760.4703 |Avg training loss per batch for one epoch 0.7806 |Avg validation loss per batch for one epoch: 0.7750
[EarlyStop] val_loss=0.774987, best_loss=0.774987, no_improve_count=0
Epoch 40/3000 : Sum of batch train losses for one epoch 9736.0545 |Avg training loss per batch for one epoch 0.7786 |Avg validation loss per batch for one epoch: 0.7763
[EarlyStop] val_loss=0.776306, best_loss=0.774987, no_improve_count=1
Epoch 41/3000 : Sum of batch train losses for one epoch 9731.2948 |Avg training loss per batch for one epoch 0.7783 |Avg validation loss per batch for one epoch: 0.7730
[EarlyStop] val_loss=0.773018, best_loss=0.773018, no_improve_count=0
Epoch 42/3000 : Sum of batch train losses for one epoch 9708.3349 |Avg training loss per batch for one epoch 0.7764 |Avg validation loss per batch for one epoch: 0.7756
[EarlyStop] val_loss=0.775628, best_loss=0.773018, no_improve_count=1
Epoch 43/3000 : Sum of batch train losses for one epoch 9680.6601 |Avg training loss per batch for one epoch 0.7742 |Avg validation loss per batch for one epoch: 0.7751
[EarlyStop] val_loss=0.775127, best_loss=0.773018, no_improve_count=2
Epoch 44/3000 : Sum of batch train losses for one epoch 9666.7960 |Avg training loss per batch for one epoch 0.7731 |Avg validation loss per batch for one epoch: 0.7710
[EarlyStop] val_loss=0.770963, best_loss=0.770963, no_improve_count=0
Epoch 45/3000 : Sum of batch train losses for one epoch 9644.0417 |Avg training loss per batch for one epoch 0.7713 |Avg validation loss per batch for one epoch: 0.7713
[EarlyStop] val_loss=0.771267, best_loss=0.770963, no_improve_count=1
Epoch 46/3000 : Sum of batch train losses for one epoch 9635.7982 |Avg training loss per batch for one epoch 0.7706 |Avg validation loss per batch for one epoch: 0.7717
[EarlyStop] val_loss=0.771736, best_loss=0.770963, no_improve_count=2
Epoch 47/3000 : Sum of batch train losses for one epoch 9614.9635 |Avg training loss per batch for one epoch 0.7690 |Avg validation loss per batch for one epoch: 0.7712
[EarlyStop] val_loss=0.771161, best_loss=0.770963, no_improve_count=3
Epoch 48/3000 : Sum of batch train losses for one epoch 9595.1502 |Avg training loss per batch for one epoch 0.7674 |Avg validation loss per batch for one epoch: 0.7720
[EarlyStop] val_loss=0.772040, best_loss=0.770963, no_improve_count=4
Epoch 49/3000 : Sum of batch train losses for one epoch 9573.8088 |Avg training loss per batch for one epoch 0.7657 |Avg validation loss per batch for one epoch: 0.7735
[EarlyStop] val_loss=0.773516, best_loss=0.770963, no_improve_count=5
Early stopping initialized after 5 epochs without improvement.
Index(['userId', 'movieId', 'rating', 'genres', 'genres_list'], dtype='object')
Epoch 1/3000 : Sum of batch train losses for one epoch 9451.5706 |Avg training loss per batch for one epoch 1.5118 |Avg validation loss per batch for one epoch: 0.8961
[EarlyStop] val_loss=0.896051, best_loss=0.896051, no_improve_count=0
Epoch 2/3000 : Sum of batch train losses for one epoch 5755.3314 |Avg training loss per batch for one epoch 0.9206 |Avg validation loss per batch for one epoch: 0.8561
[EarlyStop] val_loss=0.856130, best_loss=0.856130, no_improve_count=0
Epoch 3/3000 : Sum of batch train losses for one epoch 5571.9321 |Avg training loss per batch for one epoch 0.8912 |Avg validation loss per batch for one epoch: 0.8547
[EarlyStop] val_loss=0.854730, best_loss=0.854730, no_improve_count=0
Epoch 4/3000 : Sum of batch train losses for one epoch 5479.4921 |Avg training loss per batch for one epoch 0.8764 |Avg validation loss per batch for one epoch: 0.8348
[EarlyStop] val_loss=0.834786, best_loss=0.834786, no_improve_count=0
Epoch 5/3000 : Sum of batch train losses for one epoch 5414.9984 |Avg training loss per batch for one epoch 0.8661 |Avg validation loss per batch for one epoch: 0.8286
[EarlyStop] val_loss=0.828587, best_loss=0.828587, no_improve_count=0
Epoch 6/3000 : Sum of batch train losses for one epoch 5364.9591 |Avg training loss per batch for one epoch 0.8581 |Avg validation loss per batch for one epoch: 0.8184
[EarlyStop] val_loss=0.818361, best_loss=0.818361, no_improve_count=0
Epoch 7/3000 : Sum of batch train losses for one epoch 5305.7812 |Avg training loss per batch for one epoch 0.8487 |Avg validation loss per batch for one epoch: 0.8125
[EarlyStop] val_loss=0.812460, best_loss=0.812460, no_improve_count=0
Epoch 8/3000 : Sum of batch train losses for one epoch 5252.5019 |Avg training loss per batch for one epoch 0.8401 |Avg validation loss per batch for one epoch: 0.8045
[EarlyStop] val_loss=0.804521, best_loss=0.804521, no_improve_count=0
Epoch 9/3000 : Sum of batch train losses for one epoch 5205.3079 |Avg training loss per batch for one epoch 0.8326 |Avg validation loss per batch for one epoch: 0.7997
[EarlyStop] val_loss=0.799675, best_loss=0.799675, no_improve_count=0
Epoch 10/3000 : Sum of batch train losses for one epoch 5170.5708 |Avg training loss per batch for one epoch 0.8270 |Avg validation loss per batch for one epoch: 0.7918
[EarlyStop] val_loss=0.791795, best_loss=0.791795, no_improve_count=0
Epoch 11/3000 : Sum of batch train losses for one epoch 5145.5229 |Avg training loss per batch for one epoch 0.8230 |Avg validation loss per batch for one epoch: 0.7969
[EarlyStop] val_loss=0.796891, best_loss=0.791795, no_improve_count=1
Epoch 12/3000 : Sum of batch train losses for one epoch 5115.6052 |Avg training loss per batch for one epoch 0.8182 |Avg validation loss per batch for one epoch: 0.7948
[EarlyStop] val_loss=0.794753, best_loss=0.791795, no_improve_count=2
Epoch 13/3000 : Sum of batch train losses for one epoch 5089.1420 |Avg training loss per batch for one epoch 0.8140 |Avg validation loss per batch for one epoch: 0.7853
[EarlyStop] val_loss=0.785273, best_loss=0.785273, no_improve_count=0
Epoch 14/3000 : Sum of batch train losses for one epoch 5073.5909 |Avg training loss per batch for one epoch 0.8115 |Avg validation loss per batch for one epoch: 0.7871
[EarlyStop] val_loss=0.787088, best_loss=0.785273, no_improve_count=1
Epoch 15/3000 : Sum of batch train losses for one epoch 5050.0568 |Avg training loss per batch for one epoch 0.8078 |Avg validation loss per batch for one epoch: 0.7840
[EarlyStop] val_loss=0.784008, best_loss=0.784008, no_improve_count=0
Epoch 16/3000 : Sum of batch train losses for one epoch 5029.2553 |Avg training loss per batch for one epoch 0.8044 |Avg validation loss per batch for one epoch: 0.7823
[EarlyStop] val_loss=0.782271, best_loss=0.782271, no_improve_count=0
Epoch 17/3000 : Sum of batch train losses for one epoch 5011.3052 |Avg training loss per batch for one epoch 0.8016 |Avg validation loss per batch for one epoch: 0.7813
[EarlyStop] val_loss=0.781334, best_loss=0.781334, no_improve_count=0
Epoch 18/3000 : Sum of batch train losses for one epoch 4991.0918 |Avg training loss per batch for one epoch 0.7983 |Avg validation loss per batch for one epoch: 0.7743
[EarlyStop] val_loss=0.774310, best_loss=0.774310, no_improve_count=0
Epoch 19/3000 : Sum of batch train losses for one epoch 4978.4494 |Avg training loss per batch for one epoch 0.7963 |Avg validation loss per batch for one epoch: 0.7769
[EarlyStop] val_loss=0.776924, best_loss=0.774310, no_improve_count=1
Epoch 20/3000 : Sum of batch train losses for one epoch 4954.5082 |Avg training loss per batch for one epoch 0.7925 |Avg validation loss per batch for one epoch: 0.7730
[EarlyStop] val_loss=0.772976, best_loss=0.772976, no_improve_count=0
Epoch 21/3000 : Sum of batch train losses for one epoch 4949.4440 |Avg training loss per batch for one epoch 0.7917 |Avg validation loss per batch for one epoch: 0.7793
[EarlyStop] val_loss=0.779312, best_loss=0.772976, no_improve_count=1
Epoch 22/3000 : Sum of batch train losses for one epoch 4935.3883 |Avg training loss per batch for one epoch 0.7894 |Avg validation loss per batch for one epoch: 0.7756
[EarlyStop] val_loss=0.775640, best_loss=0.772976, no_improve_count=2
Epoch 23/3000 : Sum of batch train losses for one epoch 4923.3519 |Avg training loss per batch for one epoch 0.7875 |Avg validation loss per batch for one epoch: 0.7738
[EarlyStop] val_loss=0.773761, best_loss=0.772976, no_improve_count=3
Epoch 24/3000 : Sum of batch train losses for one epoch 4902.2503 |Avg training loss per batch for one epoch 0.7841 |Avg validation loss per batch for one epoch: 0.7737
[EarlyStop] val_loss=0.773699, best_loss=0.772976, no_improve_count=4
Epoch 25/3000 : Sum of batch train losses for one epoch 4888.9739 |Avg training loss per batch for one epoch 0.7820 |Avg validation loss per batch for one epoch: 0.7711
[EarlyStop] val_loss=0.771087, best_loss=0.771087, no_improve_count=0
Epoch 26/3000 : Sum of batch train losses for one epoch 4881.4122 |Avg training loss per batch for one epoch 0.7808 |Avg validation loss per batch for one epoch: 0.7706
[EarlyStop] val_loss=0.770566, best_loss=0.770566, no_improve_count=0
Epoch 27/3000 : Sum of batch train losses for one epoch 4871.8945 |Avg training loss per batch for one epoch 0.7793 |Avg validation loss per batch for one epoch: 0.7673
[EarlyStop] val_loss=0.767338, best_loss=0.767338, no_improve_count=0
Epoch 28/3000 : Sum of batch train losses for one epoch 4859.3261 |Avg training loss per batch for one epoch 0.7772 |Avg validation loss per batch for one epoch: 0.7691
[EarlyStop] val_loss=0.769052, best_loss=0.767338, no_improve_count=1
Epoch 29/3000 : Sum of batch train losses for one epoch 4854.1612 |Avg training loss per batch for one epoch 0.7764 |Avg validation loss per batch for one epoch: 0.7713
[EarlyStop] val_loss=0.771327, best_loss=0.767338, no_improve_count=2
Epoch 30/3000 : Sum of batch train losses for one epoch 4844.5579 |Avg training loss per batch for one epoch 0.7749 |Avg validation loss per batch for one epoch: 0.7659
[EarlyStop] val_loss=0.765901, best_loss=0.765901, no_improve_count=0
Epoch 31/3000 : Sum of batch train losses for one epoch 4834.4567 |Avg training loss per batch for one epoch 0.7733 |Avg validation loss per batch for one epoch: 0.7674
[EarlyStop] val_loss=0.767439, best_loss=0.765901, no_improve_count=1
Epoch 32/3000 : Sum of batch train losses for one epoch 4831.9026 |Avg training loss per batch for one epoch 0.7729 |Avg validation loss per batch for one epoch: 0.7654
[EarlyStop] val_loss=0.765361, best_loss=0.765361, no_improve_count=0
Epoch 33/3000 : Sum of batch train losses for one epoch 4825.5881 |Avg training loss per batch for one epoch 0.7718 |Avg validation loss per batch for one epoch: 0.7644
[EarlyStop] val_loss=0.764385, best_loss=0.764385, no_improve_count=0
Epoch 34/3000 : Sum of batch train losses for one epoch 4812.8663 |Avg training loss per batch for one epoch 0.7698 |Avg validation loss per batch for one epoch: 0.7674
[EarlyStop] val_loss=0.767399, best_loss=0.764385, no_improve_count=1
Epoch 35/3000 : Sum of batch train losses for one epoch 4805.0387 |Avg training loss per batch for one epoch 0.7686 |Avg validation loss per batch for one epoch: 0.7679
[EarlyStop] val_loss=0.767865, best_loss=0.764385, no_improve_count=2
Epoch 36/3000 : Sum of batch train losses for one epoch 4803.1575 |Avg training loss per batch for one epoch 0.7683 |Avg validation loss per batch for one epoch: 0.7685
[EarlyStop] val_loss=0.768497, best_loss=0.764385, no_improve_count=3
Epoch 37/3000 : Sum of batch train losses for one epoch 4795.4497 |Avg training loss per batch for one epoch 0.7670 |Avg validation loss per batch for one epoch: 0.7622
[EarlyStop] val_loss=0.762197, best_loss=0.762197, no_improve_count=0
Epoch 38/3000 : Sum of batch train losses for one epoch 4788.0558 |Avg training loss per batch for one epoch 0.7658 |Avg validation loss per batch for one epoch: 0.7649
[EarlyStop] val_loss=0.764938, best_loss=0.762197, no_improve_count=1
Epoch 39/3000 : Sum of batch train losses for one epoch 4781.5130 |Avg training loss per batch for one epoch 0.7648 |Avg validation loss per batch for one epoch: 0.7648
[EarlyStop] val_loss=0.764800, best_loss=0.762197, no_improve_count=2
Epoch 40/3000 : Sum of batch train losses for one epoch 4771.7816 |Avg training loss per batch for one epoch 0.7632 |Avg validation loss per batch for one epoch: 0.7659
[EarlyStop] val_loss=0.765918, best_loss=0.762197, no_improve_count=3
Epoch 41/3000 : Sum of batch train losses for one epoch 4767.5305 |Avg training loss per batch for one epoch 0.7626 |Avg validation loss per batch for one epoch: 0.7629
[EarlyStop] val_loss=0.762871, best_loss=0.762197, no_improve_count=4
Epoch 42/3000 : Sum of batch train losses for one epoch 4761.9826 |Avg training loss per batch for one epoch 0.7617 |Avg validation loss per batch for one epoch: 0.7627
[EarlyStop] val_loss=0.762713, best_loss=0.762197, no_improve_count=5
Early stopping initialized after 5 epochs without improvement.
Index(['userId', 'movieId', 'rating', 'genres', 'genres_list'], dtype='object')
Epoch 1/3000 : Sum of batch train losses for one epoch 9652.6459 |Avg training loss per batch for one epoch 1.5439 |Avg validation loss per batch for one epoch: 0.9173
[EarlyStop] val_loss=0.917270, best_loss=0.917270, no_improve_count=0
Epoch 2/3000 : Sum of batch train losses for one epoch 5783.3338 |Avg training loss per batch for one epoch 0.9250 |Avg validation loss per batch for one epoch: 0.8525
[EarlyStop] val_loss=0.852521, best_loss=0.852521, no_improve_count=0
Epoch 3/3000 : Sum of batch train losses for one epoch 5561.9469 |Avg training loss per batch for one epoch 0.8896 |Avg validation loss per batch for one epoch: 0.8537
[EarlyStop] val_loss=0.853688, best_loss=0.852521, no_improve_count=1
Epoch 4/3000 : Sum of batch train losses for one epoch 5509.8909 |Avg training loss per batch for one epoch 0.8813 |Avg validation loss per batch for one epoch: 0.8442
[EarlyStop] val_loss=0.844236, best_loss=0.844236, no_improve_count=0
Epoch 5/3000 : Sum of batch train losses for one epoch 5451.8362 |Avg training loss per batch for one epoch 0.8720 |Avg validation loss per batch for one epoch: 0.8410
[EarlyStop] val_loss=0.840963, best_loss=0.840963, no_improve_count=0
Epoch 6/3000 : Sum of batch train losses for one epoch 5419.8023 |Avg training loss per batch for one epoch 0.8669 |Avg validation loss per batch for one epoch: 0.8281
[EarlyStop] val_loss=0.828066, best_loss=0.828066, no_improve_count=0
Epoch 7/3000 : Sum of batch train losses for one epoch 5388.6990 |Avg training loss per batch for one epoch 0.8619 |Avg validation loss per batch for one epoch: 0.8319
[EarlyStop] val_loss=0.831889, best_loss=0.828066, no_improve_count=1
Epoch 8/3000 : Sum of batch train losses for one epoch 5364.1011 |Avg training loss per batch for one epoch 0.8580 |Avg validation loss per batch for one epoch: 0.8212
[EarlyStop] val_loss=0.821174, best_loss=0.821174, no_improve_count=0
Epoch 9/3000 : Sum of batch train losses for one epoch 5317.8527 |Avg training loss per batch for one epoch 0.8506 |Avg validation loss per batch for one epoch: 0.8180
[EarlyStop] val_loss=0.818035, best_loss=0.818035, no_improve_count=0
Epoch 10/3000 : Sum of batch train losses for one epoch 5250.8175 |Avg training loss per batch for one epoch 0.8399 |Avg validation loss per batch for one epoch: 0.8086
[EarlyStop] val_loss=0.808558, best_loss=0.808558, no_improve_count=0
Epoch 11/3000 : Sum of batch train losses for one epoch 5212.2743 |Avg training loss per batch for one epoch 0.8337 |Avg validation loss per batch for one epoch: 0.8018
[EarlyStop] val_loss=0.801751, best_loss=0.801751, no_improve_count=0
Epoch 12/3000 : Sum of batch train losses for one epoch 5182.4163 |Avg training loss per batch for one epoch 0.8289 |Avg validation loss per batch for one epoch: 0.7988
[EarlyStop] val_loss=0.798791, best_loss=0.798791, no_improve_count=0
Epoch 13/3000 : Sum of batch train losses for one epoch 5148.5643 |Avg training loss per batch for one epoch 0.8235 |Avg validation loss per batch for one epoch: 0.7928
[EarlyStop] val_loss=0.792830, best_loss=0.792830, no_improve_count=0
Epoch 14/3000 : Sum of batch train losses for one epoch 5126.9250 |Avg training loss per batch for one epoch 0.8200 |Avg validation loss per batch for one epoch: 0.7933
[EarlyStop] val_loss=0.793308, best_loss=0.792830, no_improve_count=1
Epoch 15/3000 : Sum of batch train losses for one epoch 5101.5042 |Avg training loss per batch for one epoch 0.8160 |Avg validation loss per batch for one epoch: 0.7912
[EarlyStop] val_loss=0.791173, best_loss=0.791173, no_improve_count=0
Epoch 16/3000 : Sum of batch train losses for one epoch 5072.4937 |Avg training loss per batch for one epoch 0.8113 |Avg validation loss per batch for one epoch: 0.7880
[EarlyStop] val_loss=0.788035, best_loss=0.788035, no_improve_count=0
Epoch 17/3000 : Sum of batch train losses for one epoch 5056.3576 |Avg training loss per batch for one epoch 0.8088 |Avg validation loss per batch for one epoch: 0.7886
[EarlyStop] val_loss=0.788631, best_loss=0.788035, no_improve_count=1
Epoch 18/3000 : Sum of batch train losses for one epoch 5039.6039 |Avg training loss per batch for one epoch 0.8061 |Avg validation loss per batch for one epoch: 0.7827
[EarlyStop] val_loss=0.782657, best_loss=0.782657, no_improve_count=0
Epoch 19/3000 : Sum of batch train losses for one epoch 5018.6854 |Avg training loss per batch for one epoch 0.8027 |Avg validation loss per batch for one epoch: 0.7807
[EarlyStop] val_loss=0.780695, best_loss=0.780695, no_improve_count=0
Epoch 20/3000 : Sum of batch train losses for one epoch 5000.2221 |Avg training loss per batch for one epoch 0.7998 |Avg validation loss per batch for one epoch: 0.7794
[EarlyStop] val_loss=0.779423, best_loss=0.779423, no_improve_count=0
Epoch 21/3000 : Sum of batch train losses for one epoch 4987.5321 |Avg training loss per batch for one epoch 0.7977 |Avg validation loss per batch for one epoch: 0.7750
[EarlyStop] val_loss=0.775034, best_loss=0.775034, no_improve_count=0
Epoch 22/3000 : Sum of batch train losses for one epoch 4969.5361 |Avg training loss per batch for one epoch 0.7949 |Avg validation loss per batch for one epoch: 0.7814
[EarlyStop] val_loss=0.781414, best_loss=0.775034, no_improve_count=1
Epoch 23/3000 : Sum of batch train losses for one epoch 4959.2962 |Avg training loss per batch for one epoch 0.7932 |Avg validation loss per batch for one epoch: 0.7778
[EarlyStop] val_loss=0.777760, best_loss=0.775034, no_improve_count=2
Epoch 24/3000 : Sum of batch train losses for one epoch 4946.5176 |Avg training loss per batch for one epoch 0.7912 |Avg validation loss per batch for one epoch: 0.7774
[EarlyStop] val_loss=0.777440, best_loss=0.775034, no_improve_count=3
Epoch 25/3000 : Sum of batch train losses for one epoch 4933.0346 |Avg training loss per batch for one epoch 0.7890 |Avg validation loss per batch for one epoch: 0.7763
[EarlyStop] val_loss=0.776299, best_loss=0.775034, no_improve_count=4
Epoch 26/3000 : Sum of batch train losses for one epoch 4919.0957 |Avg training loss per batch for one epoch 0.7868 |Avg validation loss per batch for one epoch: 0.7724
[EarlyStop] val_loss=0.772369, best_loss=0.772369, no_improve_count=0
Epoch 27/3000 : Sum of batch train losses for one epoch 4906.4349 |Avg training loss per batch for one epoch 0.7848 |Avg validation loss per batch for one epoch: 0.7793
[EarlyStop] val_loss=0.779285, best_loss=0.772369, no_improve_count=1
Epoch 28/3000 : Sum of batch train losses for one epoch 4897.0388 |Avg training loss per batch for one epoch 0.7833 |Avg validation loss per batch for one epoch: 0.7777
[EarlyStop] val_loss=0.777708, best_loss=0.772369, no_improve_count=2
Epoch 29/3000 : Sum of batch train losses for one epoch 4884.2556 |Avg training loss per batch for one epoch 0.7812 |Avg validation loss per batch for one epoch: 0.7768
[EarlyStop] val_loss=0.776781, best_loss=0.772369, no_improve_count=3
Epoch 30/3000 : Sum of batch train losses for one epoch 4882.7903 |Avg training loss per batch for one epoch 0.7810 |Avg validation loss per batch for one epoch: 0.7785
[EarlyStop] val_loss=0.778463, best_loss=0.772369, no_improve_count=4
Epoch 31/3000 : Sum of batch train losses for one epoch 4867.3403 |Avg training loss per batch for one epoch 0.7785 |Avg validation loss per batch for one epoch: 0.7743
[EarlyStop] val_loss=0.774251, best_loss=0.772369, no_improve_count=5
Early stopping initialized after 5 epochs without improvement.
Index(['userId', 'movieId', 'rating', 'genres', 'genres_list'], dtype='object')
Epoch 1/3000 : Sum of batch train losses for one epoch 12882.8511 |Avg training loss per batch for one epoch 2.0606 |Avg validation loss per batch for one epoch: 1.0886
[EarlyStop] val_loss=1.088573, best_loss=1.088573, no_improve_count=0
Epoch 2/3000 : Sum of batch train losses for one epoch 7733.4609 |Avg training loss per batch for one epoch 1.2370 |Avg validation loss per batch for one epoch: 0.9392
[EarlyStop] val_loss=0.939211, best_loss=0.939211, no_improve_count=0
Epoch 3/3000 : Sum of batch train losses for one epoch 6164.5799 |Avg training loss per batch for one epoch 0.9860 |Avg validation loss per batch for one epoch: 0.8725
[EarlyStop] val_loss=0.872487, best_loss=0.872487, no_improve_count=0
Epoch 4/3000 : Sum of batch train losses for one epoch 5657.6592 |Avg training loss per batch for one epoch 0.9049 |Avg validation loss per batch for one epoch: 0.8528
[EarlyStop] val_loss=0.852805, best_loss=0.852805, no_improve_count=0
Epoch 5/3000 : Sum of batch train losses for one epoch 5523.8725 |Avg training loss per batch for one epoch 0.8835 |Avg validation loss per batch for one epoch: 0.8433
[EarlyStop] val_loss=0.843321, best_loss=0.843321, no_improve_count=0
Epoch 6/3000 : Sum of batch train losses for one epoch 5478.1277 |Avg training loss per batch for one epoch 0.8762 |Avg validation loss per batch for one epoch: 0.8415
[EarlyStop] val_loss=0.841458, best_loss=0.841458, no_improve_count=0
Epoch 7/3000 : Sum of batch train losses for one epoch 5432.9294 |Avg training loss per batch for one epoch 0.8690 |Avg validation loss per batch for one epoch: 0.8366
[EarlyStop] val_loss=0.836600, best_loss=0.836600, no_improve_count=0
Epoch 8/3000 : Sum of batch train losses for one epoch 5398.9665 |Avg training loss per batch for one epoch 0.8636 |Avg validation loss per batch for one epoch: 0.8343
[EarlyStop] val_loss=0.834284, best_loss=0.834284, no_improve_count=0
Epoch 9/3000 : Sum of batch train losses for one epoch 5381.0911 |Avg training loss per batch for one epoch 0.8607 |Avg validation loss per batch for one epoch: 0.8305
[EarlyStop] val_loss=0.830525, best_loss=0.830525, no_improve_count=0
Epoch 10/3000 : Sum of batch train losses for one epoch 5355.3682 |Avg training loss per batch for one epoch 0.8566 |Avg validation loss per batch for one epoch: 0.8295
[EarlyStop] val_loss=0.829453, best_loss=0.829453, no_improve_count=0
Epoch 11/3000 : Sum of batch train losses for one epoch 5338.1478 |Avg training loss per batch for one epoch 0.8538 |Avg validation loss per batch for one epoch: 0.8240
[EarlyStop] val_loss=0.824037, best_loss=0.824037, no_improve_count=0
Epoch 12/3000 : Sum of batch train losses for one epoch 5325.5895 |Avg training loss per batch for one epoch 0.8518 |Avg validation loss per batch for one epoch: 0.8244
[EarlyStop] val_loss=0.824381, best_loss=0.824037, no_improve_count=1
Epoch 13/3000 : Sum of batch train losses for one epoch 5309.3996 |Avg training loss per batch for one epoch 0.8492 |Avg validation loss per batch for one epoch: 0.8227
[EarlyStop] val_loss=0.822748, best_loss=0.822748, no_improve_count=0
Epoch 14/3000 : Sum of batch train losses for one epoch 5307.2719 |Avg training loss per batch for one epoch 0.8489 |Avg validation loss per batch for one epoch: 0.8200
[EarlyStop] val_loss=0.819982, best_loss=0.819982, no_improve_count=0
Epoch 15/3000 : Sum of batch train losses for one epoch 5285.4914 |Avg training loss per batch for one epoch 0.8454 |Avg validation loss per batch for one epoch: 0.8182
[EarlyStop] val_loss=0.818215, best_loss=0.818215, no_improve_count=0
Epoch 16/3000 : Sum of batch train losses for one epoch 5279.7592 |Avg training loss per batch for one epoch 0.8445 |Avg validation loss per batch for one epoch: 0.8184
[EarlyStop] val_loss=0.818424, best_loss=0.818215, no_improve_count=1
Epoch 17/3000 : Sum of batch train losses for one epoch 5265.5697 |Avg training loss per batch for one epoch 0.8422 |Avg validation loss per batch for one epoch: 0.8164
[EarlyStop] val_loss=0.816375, best_loss=0.816375, no_improve_count=0
Epoch 18/3000 : Sum of batch train losses for one epoch 5250.2207 |Avg training loss per batch for one epoch 0.8398 |Avg validation loss per batch for one epoch: 0.8120
[EarlyStop] val_loss=0.812035, best_loss=0.812035, no_improve_count=0
Epoch 19/3000 : Sum of batch train losses for one epoch 5223.5181 |Avg training loss per batch for one epoch 0.8355 |Avg validation loss per batch for one epoch: 0.8091
[EarlyStop] val_loss=0.809142, best_loss=0.809142, no_improve_count=0
Epoch 20/3000 : Sum of batch train losses for one epoch 5206.9481 |Avg training loss per batch for one epoch 0.8328 |Avg validation loss per batch for one epoch: 0.8058
[EarlyStop] val_loss=0.805793, best_loss=0.805793, no_improve_count=0
Epoch 21/3000 : Sum of batch train losses for one epoch 5186.1143 |Avg training loss per batch for one epoch 0.8295 |Avg validation loss per batch for one epoch: 0.8027
[EarlyStop] val_loss=0.802680, best_loss=0.802680, no_improve_count=0
Epoch 22/3000 : Sum of batch train losses for one epoch 5164.9646 |Avg training loss per batch for one epoch 0.8261 |Avg validation loss per batch for one epoch: 0.7994
[EarlyStop] val_loss=0.799439, best_loss=0.799439, no_improve_count=0
Epoch 23/3000 : Sum of batch train losses for one epoch 5130.7520 |Avg training loss per batch for one epoch 0.8207 |Avg validation loss per batch for one epoch: 0.7956
[EarlyStop] val_loss=0.795594, best_loss=0.795594, no_improve_count=0
Epoch 24/3000 : Sum of batch train losses for one epoch 5117.0324 |Avg training loss per batch for one epoch 0.8185 |Avg validation loss per batch for one epoch: 0.7945
[EarlyStop] val_loss=0.794473, best_loss=0.794473, no_improve_count=0
Epoch 25/3000 : Sum of batch train losses for one epoch 5093.6455 |Avg training loss per batch for one epoch 0.8147 |Avg validation loss per batch for one epoch: 0.7952
[EarlyStop] val_loss=0.795235, best_loss=0.794473, no_improve_count=1
Epoch 26/3000 : Sum of batch train losses for one epoch 5080.2776 |Avg training loss per batch for one epoch 0.8126 |Avg validation loss per batch for one epoch: 0.7907
[EarlyStop] val_loss=0.790746, best_loss=0.790746, no_improve_count=0
Epoch 27/3000 : Sum of batch train losses for one epoch 5061.8873 |Avg training loss per batch for one epoch 0.8096 |Avg validation loss per batch for one epoch: 0.7899
[EarlyStop] val_loss=0.789910, best_loss=0.789910, no_improve_count=0
Epoch 28/3000 : Sum of batch train losses for one epoch 5055.2826 |Avg training loss per batch for one epoch 0.8086 |Avg validation loss per batch for one epoch: 0.7874
[EarlyStop] val_loss=0.787422, best_loss=0.787422, no_improve_count=0
Epoch 29/3000 : Sum of batch train losses for one epoch 5035.0251 |Avg training loss per batch for one epoch 0.8053 |Avg validation loss per batch for one epoch: 0.7899
[EarlyStop] val_loss=0.789856, best_loss=0.787422, no_improve_count=1
Epoch 30/3000 : Sum of batch train losses for one epoch 5018.7714 |Avg training loss per batch for one epoch 0.8027 |Avg validation loss per batch for one epoch: 0.7858
[EarlyStop] val_loss=0.785751, best_loss=0.785751, no_improve_count=0
Epoch 31/3000 : Sum of batch train losses for one epoch 5010.2745 |Avg training loss per batch for one epoch 0.8014 |Avg validation loss per batch for one epoch: 0.7840
[EarlyStop] val_loss=0.784022, best_loss=0.784022, no_improve_count=0
Epoch 32/3000 : Sum of batch train losses for one epoch 4996.8263 |Avg training loss per batch for one epoch 0.7992 |Avg validation loss per batch for one epoch: 0.7829
[EarlyStop] val_loss=0.782857, best_loss=0.782857, no_improve_count=0
Epoch 33/3000 : Sum of batch train losses for one epoch 4983.6909 |Avg training loss per batch for one epoch 0.7971 |Avg validation loss per batch for one epoch: 0.7845
[EarlyStop] val_loss=0.784468, best_loss=0.782857, no_improve_count=1
Epoch 34/3000 : Sum of batch train losses for one epoch 4975.4408 |Avg training loss per batch for one epoch 0.7958 |Avg validation loss per batch for one epoch: 0.7829
[EarlyStop] val_loss=0.782948, best_loss=0.782857, no_improve_count=2
Epoch 35/3000 : Sum of batch train losses for one epoch 4963.0328 |Avg training loss per batch for one epoch 0.7938 |Avg validation loss per batch for one epoch: 0.7822
[EarlyStop] val_loss=0.782226, best_loss=0.782226, no_improve_count=0
Epoch 36/3000 : Sum of batch train losses for one epoch 4947.2025 |Avg training loss per batch for one epoch 0.7913 |Avg validation loss per batch for one epoch: 0.7852
[EarlyStop] val_loss=0.785202, best_loss=0.782226, no_improve_count=1
Epoch 37/3000 : Sum of batch train losses for one epoch 4936.4250 |Avg training loss per batch for one epoch 0.7896 |Avg validation loss per batch for one epoch: 0.7804
[EarlyStop] val_loss=0.780449, best_loss=0.780449, no_improve_count=0
Epoch 38/3000 : Sum of batch train losses for one epoch 4918.6420 |Avg training loss per batch for one epoch 0.7867 |Avg validation loss per batch for one epoch: 0.7815
[EarlyStop] val_loss=0.781548, best_loss=0.780449, no_improve_count=1
Epoch 39/3000 : Sum of batch train losses for one epoch 4912.7538 |Avg training loss per batch for one epoch 0.7858 |Avg validation loss per batch for one epoch: 0.7807
[EarlyStop] val_loss=0.780653, best_loss=0.780449, no_improve_count=2
Epoch 40/3000 : Sum of batch train losses for one epoch 4903.4122 |Avg training loss per batch for one epoch 0.7843 |Avg validation loss per batch for one epoch: 0.7779
[EarlyStop] val_loss=0.777904, best_loss=0.777904, no_improve_count=0
Epoch 41/3000 : Sum of batch train losses for one epoch 4890.5143 |Avg training loss per batch for one epoch 0.7822 |Avg validation loss per batch for one epoch: 0.7782
[EarlyStop] val_loss=0.778223, best_loss=0.777904, no_improve_count=1
Epoch 42/3000 : Sum of batch train losses for one epoch 4878.4379 |Avg training loss per batch for one epoch 0.7803 |Avg validation loss per batch for one epoch: 0.7762
[EarlyStop] val_loss=0.776160, best_loss=0.776160, no_improve_count=0
Epoch 43/3000 : Sum of batch train losses for one epoch 4869.8960 |Avg training loss per batch for one epoch 0.7789 |Avg validation loss per batch for one epoch: 0.7768
[EarlyStop] val_loss=0.776780, best_loss=0.776160, no_improve_count=1
Epoch 44/3000 : Sum of batch train losses for one epoch 4854.4243 |Avg training loss per batch for one epoch 0.7765 |Avg validation loss per batch for one epoch: 0.7747
[EarlyStop] val_loss=0.774704, best_loss=0.774704, no_improve_count=0
Epoch 45/3000 : Sum of batch train losses for one epoch 4845.9915 |Avg training loss per batch for one epoch 0.7751 |Avg validation loss per batch for one epoch: 0.7767
[EarlyStop] val_loss=0.776749, best_loss=0.774704, no_improve_count=1
Epoch 46/3000 : Sum of batch train losses for one epoch 4838.6298 |Avg training loss per batch for one epoch 0.7739 |Avg validation loss per batch for one epoch: 0.7761
[EarlyStop] val_loss=0.776074, best_loss=0.774704, no_improve_count=2
Epoch 47/3000 : Sum of batch train losses for one epoch 4823.3024 |Avg training loss per batch for one epoch 0.7715 |Avg validation loss per batch for one epoch: 0.7750
[EarlyStop] val_loss=0.775038, best_loss=0.774704, no_improve_count=3
Epoch 48/3000 : Sum of batch train losses for one epoch 4814.1254 |Avg training loss per batch for one epoch 0.7700 |Avg validation loss per batch for one epoch: 0.7755
[EarlyStop] val_loss=0.775481, best_loss=0.774704, no_improve_count=4
Epoch 49/3000 : Sum of batch train losses for one epoch 4806.8352 |Avg training loss per batch for one epoch 0.7688 |Avg validation loss per batch for one epoch: 0.7750
[EarlyStop] val_loss=0.775019, best_loss=0.774704, no_improve_count=5
Early stopping initialized after 5 epochs without improvement.
